1.000000000000000021e-03 9.990278650160525631e-01
5.000000000000000104e-03 9.980143683970437163e-01
1.000000000000000021e-02 9.913844395459837644e-01
2.000000000000000042e-02 9.424604770655148345e-01
2.999999999999999889e-02 8.467843227907265735e-01
5.000000000000000278e-02 6.186323112842586625e-01
7.000000000000000666e-02 4.368383555995419831e-01
1.000000000000000056e-01 2.682865149714979136e-01
1.499999999999999944e-01 1.368251107382899567e-01
2.000000000000000111e-01 8.016117725075633249e-02
2.999999999999999889e-01 3.532613510250570688e-02
4.000000000000000222e-01 1.875231595108739491e-02
5.000000000000000000e-01 1.103347727443193538e-02
5.999999999999999778e-01 6.921457041686451817e-03
6.999999999999999556e-01 4.535457697196099147e-03
8.000000000000000444e-01 3.071906364081833374e-03
1.000000000000000000e+00 1.510645820273714968e-03
1.250000000000000000e+00 6.821760536206422643e-04
1.500000000000000000e+00 3.296292865541117223e-04
1.750000000000000000e+00 1.647553714412275383e-04
2.000000000000000000e+00 8.454275147207201968e-05
2.500000000000000000e+00 2.205565486357308203e-05
3.000000000000000000e+00 5.884619348917041748e-06
3.500000000000000000e+00 5.652210022244474885e-07
4.000000000000000000e+00 1.152689055317068778e-09
5.000000000000000000e+00 0.000000000000000000e+00
6.000000000000000000e+00 0.000000000000000000e+00
7.500000000000000000e+00 0.000000000000000000e+00
1.000000000000000000e+01 0.000000000000000000e+00
