6.250000000000000000e+00 5.000000000000000000e+00 5.593234379439828569e-02
6.250000000000000000e+00 1.500000000000000000e+01 3.019729341800178081e-03
6.750000000000000000e+00 5.000000000000000000e+00 1.592223952703166745e-01
6.750000000000000000e+00 1.500000000000000000e+01 5.653126022226345748e-02
6.750000000000000000e+00 2.500000000000000000e+01 2.967911203838856111e-04
7.250000000000000000e+00 5.000000000000000000e+00 3.339602355974762293e-01
7.250000000000000000e+00 1.500000000000000000e+01 1.958950366335807936e-01
7.250000000000000000e+00 2.500000000000000000e+01 1.918958771710605263e-02
7.250000000000000000e+00 3.500000000000000000e+01 6.471360254636848502e-04
7.250000000000000000e+00 4.500000000000000000e+01 7.220303159165652387e-07
7.750000000000000000e+00 5.000000000000000000e+00 8.421278990343707138e-02
7.750000000000000000e+00 1.500000000000000000e+01 5.268542053948814530e-02
7.750000000000000000e+00 2.500000000000000000e+01 1.921693176270367065e-02
7.750000000000000000e+00 3.500000000000000000e+01 2.433298481363539711e-03
7.750000000000000000e+00 4.500000000000000000e+01 2.382304085915303753e-04
7.750000000000000000e+00 5.500000000000000000e+01 2.804622457958733052e-05
8.250000000000000000e+00 1.500000000000000000e+01 1.199614847467404127e-02
8.250000000000000000e+00 2.500000000000000000e+01 2.979655118845187921e-03
8.250000000000000000e+00 3.500000000000000000e+01 1.114130003543657623e-03
8.250000000000000000e+00 4.500000000000000000e+01 2.013820409923886869e-04
8.250000000000000000e+00 5.500000000000000000e+01 9.557827282494306940e-05
8.250000000000000000e+00 6.500000000000000000e+01 6.695525656244221530e-05
8.250000000000000000e+00 7.500000000000000000e+01 2.583437188085663830e-05
8.250000000000000000e+00 8.500000000000000000e+01 9.829736380774163051e-06
8.250000000000000000e+00 9.500000000000000000e+01 5.316510271547363420e-07
