5.250000000000000000e+00 5.000000000000000000e+00 1.066334815942691049e-02
5.250000000000000000e+00 1.500000000000000000e+01 4.198103767794049423e-02
5.250000000000000000e+00 2.500000000000000000e+01 1.230126467656797841e-04
5.750000000000000000e+00 5.000000000000000000e+00 5.099775177917884039e-02
5.750000000000000000e+00 1.500000000000000000e+01 7.241246662849423754e-02
5.750000000000000000e+00 2.500000000000000000e+01 4.926218251856130138e-03
5.750000000000000000e+00 3.500000000000000000e+01 4.634250986669582865e-04
5.750000000000000000e+00 4.500000000000000000e+01 8.169502066409786031e-07
6.250000000000000000e+00 5.000000000000000000e+00 1.469030271233737750e-01
6.250000000000000000e+00 1.500000000000000000e+01 1.278150976143770101e-01
6.250000000000000000e+00 2.500000000000000000e+01 3.588647624352786503e-02
6.250000000000000000e+00 3.500000000000000000e+01 1.308708709192059165e-02
6.250000000000000000e+00 4.500000000000000000e+01 5.974902496830272053e-03
6.250000000000000000e+00 5.500000000000000000e+01 2.302010581953453042e-03
6.250000000000000000e+00 6.500000000000000000e+01 1.033100048330644945e-03
6.250000000000000000e+00 7.500000000000000000e+01 3.621406506227333680e-04
6.250000000000000000e+00 8.500000000000000000e+01 1.487065600375005821e-04
6.250000000000000000e+00 9.500000000000000000e+01 3.236189947739233954e-05
6.250000000000000000e+00 1.050000000000000000e+02 3.173989582002259646e-08
6.750000000000000000e+00 5.000000000000000000e+00 8.027879966809040035e-02
6.750000000000000000e+00 1.500000000000000000e+01 8.181918221702626226e-02
6.750000000000000000e+00 2.500000000000000000e+01 4.280058207154736893e-02
6.750000000000000000e+00 3.500000000000000000e+01 2.093505200684576267e-02
6.750000000000000000e+00 4.500000000000000000e+01 1.006285585550600187e-02
6.750000000000000000e+00 5.500000000000000000e+01 5.989929124841740851e-03
6.750000000000000000e+00 6.500000000000000000e+01 3.964519175446637803e-03
6.750000000000000000e+00 7.500000000000000000e+01 1.978043775385587410e-03
6.750000000000000000e+00 8.500000000000000000e+01 9.454547862011220861e-04
6.750000000000000000e+00 9.500000000000000000e+01 6.258896353114043118e-04
6.750000000000000000e+00 1.050000000000000000e+02 3.857966204892300825e-04
6.750000000000000000e+00 1.150000000000000000e+02 2.107258889545827010e-04
6.750000000000000000e+00 1.250000000000000000e+02 9.099935906172851134e-05
6.750000000000000000e+00 1.350000000000000000e+02 2.748864466092567014e-05
6.750000000000000000e+00 1.450000000000000000e+02 3.642223810854519676e-06
7.250000000000000000e+00 5.000000000000000000e+00 6.668846868619854318e-02
7.250000000000000000e+00 1.500000000000000000e+01 5.731096105526277407e-02
7.250000000000000000e+00 2.500000000000000000e+01 3.493691254528662193e-02
7.250000000000000000e+00 3.500000000000000000e+01 1.926970715439983023e-02
7.250000000000000000e+00 4.500000000000000000e+01 1.028726729471847283e-02
7.250000000000000000e+00 5.500000000000000000e+01 7.151108643283899877e-03
7.250000000000000000e+00 6.500000000000000000e+01 3.743992315539909545e-03
7.250000000000000000e+00 7.500000000000000000e+01 2.453618611132829096e-03
7.250000000000000000e+00 8.500000000000000000e+01 1.624114792724046848e-03
7.250000000000000000e+00 9.500000000000000000e+01 1.170944732028426959e-03
7.250000000000000000e+00 1.050000000000000000e+02 8.803579350934009461e-04
7.250000000000000000e+00 1.150000000000000000e+02 5.617835844230038584e-04
7.250000000000000000e+00 1.250000000000000000e+02 3.596295109935105619e-04
7.250000000000000000e+00 1.350000000000000000e+02 2.334269382484414890e-04
7.250000000000000000e+00 1.450000000000000000e+02 1.170529768588635241e-04
7.250000000000000000e+00 1.550000000000000000e+02 5.168851661293373057e-05
7.250000000000000000e+00 1.650000000000000000e+02 5.620174974470285454e-06
7.750000000000000000e+00 5.000000000000000000e+00 7.200071938063544105e-03
7.750000000000000000e+00 1.500000000000000000e+01 5.472635361994769229e-03
7.750000000000000000e+00 2.500000000000000000e+01 3.833932616697434403e-03
7.750000000000000000e+00 3.500000000000000000e+01 2.540445978286130172e-03
7.750000000000000000e+00 4.500000000000000000e+01 1.419890671021986931e-03
7.750000000000000000e+00 5.500000000000000000e+01 1.017570908343911999e-03
7.750000000000000000e+00 6.500000000000000000e+01 9.222019436717052198e-04
7.750000000000000000e+00 7.500000000000000000e+01 8.952063366987238679e-04
7.750000000000000000e+00 8.500000000000000000e+01 7.271419398730404483e-04
7.750000000000000000e+00 9.500000000000000000e+01 5.797390568107109888e-04
7.750000000000000000e+00 1.050000000000000000e+02 4.058962080150314605e-04
7.750000000000000000e+00 1.150000000000000000e+02 2.520339005815206302e-04
7.750000000000000000e+00 1.250000000000000000e+02 2.080720812562172591e-04
7.750000000000000000e+00 1.350000000000000000e+02 1.154869811235237044e-04
7.750000000000000000e+00 1.450000000000000000e+02 8.841070072717164294e-05
7.750000000000000000e+00 1.550000000000000000e+02 5.882268214259180912e-05
7.750000000000000000e+00 1.650000000000000000e+02 3.859700420798388600e-05
7.750000000000000000e+00 1.750000000000000000e+02 3.823308222342085119e-06
8.250000000000000000e+00 1.500000000000000000e+01 5.594623615112294173e-04
8.250000000000000000e+00 2.500000000000000000e+01 4.457845695052175747e-04
8.250000000000000000e+00 3.500000000000000000e+01 3.333849756988265206e-04
8.250000000000000000e+00 4.500000000000000000e+01 1.656982071481384708e-04
8.250000000000000000e+00 5.500000000000000000e+01 1.152904047314883571e-04
8.250000000000000000e+00 6.500000000000000000e+01 1.345785376547038237e-04
8.250000000000000000e+00 7.500000000000000000e+01 1.099346446859980348e-04
8.250000000000000000e+00 8.500000000000000000e+01 8.933281153487232040e-05
8.250000000000000000e+00 9.500000000000000000e+01 6.620219423718396844e-05
8.250000000000000000e+00 1.050000000000000000e+02 3.243693807590960706e-05
8.250000000000000000e+00 1.150000000000000000e+02 3.214897509464080549e-05
8.250000000000000000e+00 1.250000000000000000e+02 1.951367465953934963e-05
8.250000000000000000e+00 1.350000000000000000e+02 1.624855556624302193e-05
8.250000000000000000e+00 1.450000000000000000e+02 1.103744710884655668e-05
8.250000000000000000e+00 1.550000000000000000e+02 5.873453157201861483e-06
8.250000000000000000e+00 1.650000000000000000e+02 3.625751282295153041e-06
8.250000000000000000e+00 1.750000000000000000e+02 8.311167666078140231e-07
