5.250000000000000000e+00 5.000000000000000000e+00 1.714649205234286891e-02
5.250000000000000000e+00 1.500000000000000000e+01 9.260281598249785195e-02
5.250000000000000000e+00 2.500000000000000000e+01 5.877466462507303750e-03
5.250000000000000000e+00 3.500000000000000000e+01 6.933203917197733540e-04
5.250000000000000000e+00 4.500000000000000000e+01 2.115264046095556450e-05
5.750000000000000000e+00 5.000000000000000000e+00 3.656286658182342914e-02
5.750000000000000000e+00 1.500000000000000000e+01 9.734201616898766063e-02
5.750000000000000000e+00 2.500000000000000000e+01 2.300577110556612306e-02
5.750000000000000000e+00 3.500000000000000000e+01 7.279611192580139403e-03
5.750000000000000000e+00 4.500000000000000000e+01 3.009615111256673352e-03
5.750000000000000000e+00 5.500000000000000000e+01 1.000185493938376101e-03
5.750000000000000000e+00 6.500000000000000000e+01 3.533341423605448092e-04
5.750000000000000000e+00 7.500000000000000000e+01 1.232966482552376908e-04
5.750000000000000000e+00 8.500000000000000000e+01 4.920570929909374417e-06
6.250000000000000000e+00 5.000000000000000000e+00 7.521767584344521418e-02
6.250000000000000000e+00 1.500000000000000000e+01 1.169857079718861492e-01
6.250000000000000000e+00 2.500000000000000000e+01 6.108524553004752999e-02
6.250000000000000000e+00 3.500000000000000000e+01 3.163305426244137492e-02
6.250000000000000000e+00 4.500000000000000000e+01 2.143644920399990703e-02
6.250000000000000000e+00 5.500000000000000000e+01 1.211691793035956158e-02
6.250000000000000000e+00 6.500000000000000000e+01 8.438964548549390127e-03
6.250000000000000000e+00 7.500000000000000000e+01 4.261054797471559505e-03
6.250000000000000000e+00 8.500000000000000000e+01 2.842398990104806622e-03
6.250000000000000000e+00 9.500000000000000000e+01 1.682021266103916370e-03
6.250000000000000000e+00 1.050000000000000000e+02 1.219503167071831450e-03
6.250000000000000000e+00 1.150000000000000000e+02 7.495528956294632891e-04
6.250000000000000000e+00 1.250000000000000000e+02 2.236605347986333125e-04
6.750000000000000000e+00 5.000000000000000000e+00 3.164032385024284633e-02
6.750000000000000000e+00 1.500000000000000000e+01 4.635871410945842375e-02
6.750000000000000000e+00 2.500000000000000000e+01 3.904873573238638179e-02
6.750000000000000000e+00 3.500000000000000000e+01 2.756634162546965985e-02
6.750000000000000000e+00 4.500000000000000000e+01 1.724620620427534320e-02
6.750000000000000000e+00 5.500000000000000000e+01 1.274763105897072646e-02
6.750000000000000000e+00 6.500000000000000000e+01 1.037563085230661965e-02
6.750000000000000000e+00 7.500000000000000000e+01 6.505039526532176153e-03
6.750000000000000000e+00 8.500000000000000000e+01 3.976335281793561688e-03
6.750000000000000000e+00 9.500000000000000000e+01 3.310756927456753092e-03
6.750000000000000000e+00 1.050000000000000000e+02 2.696425898220666372e-03
6.750000000000000000e+00 1.150000000000000000e+02 2.072795675695020441e-03
6.750000000000000000e+00 1.250000000000000000e+02 1.625675752390400236e-03
6.750000000000000000e+00 1.350000000000000000e+02 8.637467203285768228e-04
6.750000000000000000e+00 1.450000000000000000e+02 2.670882263989550454e-04
7.250000000000000000e+00 5.000000000000000000e+00 2.556818878758541913e-02
7.250000000000000000e+00 1.500000000000000000e+01 2.696835745382215183e-02
7.250000000000000000e+00 2.500000000000000000e+01 2.407654433296044574e-02
7.250000000000000000e+00 3.500000000000000000e+01 1.883146284090702477e-02
7.250000000000000000e+00 4.500000000000000000e+01 1.307924702144658106e-02
7.250000000000000000e+00 5.500000000000000000e+01 1.130718388362060393e-02
7.250000000000000000e+00 6.500000000000000000e+01 6.988927399579887220e-03
7.250000000000000000e+00 7.500000000000000000e+01 5.318053933518264963e-03
7.250000000000000000e+00 8.500000000000000000e+01 4.032363328639265720e-03
7.250000000000000000e+00 9.500000000000000000e+01 3.441302495557533193e-03
7.250000000000000000e+00 1.050000000000000000e+02 3.057709259449886523e-03
7.250000000000000000e+00 1.150000000000000000e+02 2.429900181832146591e-03
7.250000000000000000e+00 1.250000000000000000e+02 1.899821914465840830e-03
7.250000000000000000e+00 1.350000000000000000e+02 1.537597392212327425e-03
7.250000000000000000e+00 1.450000000000000000e+02 9.960239053129313520e-04
7.250000000000000000e+00 1.550000000000000000e+02 4.961976987667333656e-04
7.250000000000000000e+00 1.650000000000000000e+02 5.841596729247601873e-05
7.750000000000000000e+00 5.000000000000000000e+00 2.580150437792244969e-03
7.750000000000000000e+00 1.500000000000000000e+01 2.223231235190675087e-03
7.750000000000000000e+00 2.500000000000000000e+01 1.896560711186120454e-03
7.750000000000000000e+00 3.500000000000000000e+01 1.738650051823955288e-03
7.750000000000000000e+00 4.500000000000000000e+01 1.346158470063600317e-03
7.750000000000000000e+00 5.500000000000000000e+01 1.134139455887211816e-03
7.750000000000000000e+00 6.500000000000000000e+01 1.191832746650031390e-03
7.750000000000000000e+00 7.500000000000000000e+01 1.322355712921351178e-03
7.750000000000000000e+00 8.500000000000000000e+01 1.267466622758808576e-03
7.750000000000000000e+00 9.500000000000000000e+01 1.115852513056754926e-03
7.750000000000000000e+00 1.050000000000000000e+02 8.945052049112288016e-04
7.750000000000000000e+00 1.150000000000000000e+02 6.191482116327019520e-04
7.750000000000000000e+00 1.250000000000000000e+02 6.018544661310567959e-04
7.750000000000000000e+00 1.350000000000000000e+02 3.698467307951897260e-04
7.750000000000000000e+00 1.450000000000000000e+02 3.415213298937643362e-04
7.750000000000000000e+00 1.550000000000000000e+02 2.596941779677147677e-04
7.750000000000000000e+00 1.650000000000000000e+02 1.953620640909766435e-04
7.750000000000000000e+00 1.750000000000000000e+02 1.936669268780064673e-05
8.250000000000000000e+00 1.500000000000000000e+01 1.990737892037063971e-04
8.250000000000000000e+00 2.500000000000000000e+01 2.168004069035005970e-04
8.250000000000000000e+00 3.500000000000000000e+01 1.998746290360291613e-04
8.250000000000000000e+00 4.500000000000000000e+01 1.313388384708699056e-04
8.250000000000000000e+00 5.500000000000000000e+01 1.044480553047375828e-04
8.250000000000000000e+00 6.500000000000000000e+01 1.373161086053762770e-04
8.250000000000000000e+00 7.500000000000000000e+01 1.287824074078383965e-04
8.250000000000000000e+00 8.500000000000000000e+01 1.163720849753618333e-04
8.250000000000000000e+00 9.500000000000000000e+01 9.538758523355761931e-05
8.250000000000000000e+00 1.050000000000000000e+02 5.240072140527062369e-05
8.250000000000000000e+00 1.150000000000000000e+02 5.776996557904092670e-05
8.250000000000000000e+00 1.250000000000000000e+02 3.953381688673895288e-05
8.250000000000000000e+00 1.350000000000000000e+02 3.704574681082981302e-05
8.250000000000000000e+00 1.450000000000000000e+02 2.745308422076194905e-05
8.250000000000000000e+00 1.550000000000000000e+02 1.795576435704361487e-05
8.250000000000000000e+00 1.650000000000000000e+02 1.230605994450766769e-05
8.250000000000000000e+00 1.750000000000000000e+02 4.627374181690810627e-06
