5.250000000000000000e+00 5.000000000000000000e+00 4.485831460726361769e-02
5.250000000000000000e+00 1.500000000000000000e+01 2.514411589221464127e-01
5.250000000000000000e+00 2.500000000000000000e+01 1.143800807077918584e-02
5.250000000000000000e+00 3.500000000000000000e+01 3.456100508711681648e-04
5.750000000000000000e+00 5.000000000000000000e+00 6.227828527028220901e-02
5.750000000000000000e+00 1.500000000000000000e+01 1.308917109855811667e-01
5.750000000000000000e+00 2.500000000000000000e+01 1.960773171814999410e-02
5.750000000000000000e+00 3.500000000000000000e+01 3.182815859858191456e-03
5.750000000000000000e+00 4.500000000000000000e+01 3.069027093241209346e-04
5.750000000000000000e+00 5.500000000000000000e+01 1.838973858162909080e-07
6.250000000000000000e+00 5.000000000000000000e+00 1.006581816158996084e-01
6.250000000000000000e+00 1.500000000000000000e+01 1.039956420828547917e-01
6.250000000000000000e+00 2.500000000000000000e+01 3.382930823669921122e-02
6.250000000000000000e+00 3.500000000000000000e+01 1.073381885734248607e-02
6.250000000000000000e+00 4.500000000000000000e+01 3.948155613357974721e-03
6.250000000000000000e+00 5.500000000000000000e+01 8.251067707145964564e-04
6.250000000000000000e+00 6.500000000000000000e+01 1.148643623052481163e-04
6.250000000000000000e+00 7.500000000000000000e+01 2.197188557286499792e-06
6.750000000000000000e+00 5.000000000000000000e+00 4.019770802185713976e-02
6.750000000000000000e+00 1.500000000000000000e+01 4.019658287044504397e-02
6.750000000000000000e+00 2.500000000000000000e+01 2.076951530520436406e-02
6.750000000000000000e+00 3.500000000000000000e+01 8.819624662803964357e-03
6.750000000000000000e+00 4.500000000000000000e+01 3.320353519990581689e-03
6.750000000000000000e+00 5.500000000000000000e+01 1.368942163642933568e-03
6.750000000000000000e+00 6.500000000000000000e+01 5.177821030610388125e-04
6.750000000000000000e+00 7.500000000000000000e+01 9.799047558643636416e-05
6.750000000000000000e+00 8.500000000000000000e+01 9.325050565941175594e-06
6.750000000000000000e+00 9.500000000000000000e+01 9.558489901429529516e-10
7.250000000000000000e+00 5.000000000000000000e+00 3.269471585106450279e-02
7.250000000000000000e+00 1.500000000000000000e+01 2.808050312470965204e-02
7.250000000000000000e+00 2.500000000000000000e+01 1.702694897672365690e-02
7.250000000000000000e+00 3.500000000000000000e+01 8.961564113532155887e-03
7.250000000000000000e+00 4.500000000000000000e+01 4.032980241902602361e-03
7.250000000000000000e+00 5.500000000000000000e+01 2.146594745300205165e-03
7.250000000000000000e+00 6.500000000000000000e+01 7.930988374313858481e-04
7.250000000000000000e+00 7.500000000000000000e+01 3.303161123508846042e-04
7.250000000000000000e+00 8.500000000000000000e+01 1.200356854554229162e-04
7.250000000000000000e+00 9.500000000000000000e+01 3.668573948895583370e-05
7.250000000000000000e+00 1.050000000000000000e+02 7.640196679563124920e-06
7.250000000000000000e+00 1.150000000000000000e+02 4.097133327254052074e-07
7.750000000000000000e+00 5.000000000000000000e+00 3.472719347461123221e-03
7.750000000000000000e+00 1.500000000000000000e+01 2.690042362031052833e-03
7.750000000000000000e+00 2.500000000000000000e+01 1.879128071520923607e-03
7.750000000000000000e+00 3.500000000000000000e+01 1.279260524593897781e-03
7.750000000000000000e+00 4.500000000000000000e+01 6.579632060351447986e-04
7.750000000000000000e+00 5.500000000000000000e+01 3.913097418035878521e-04
7.750000000000000000e+00 6.500000000000000000e+01 2.896021167341555143e-04
7.750000000000000000e+00 7.500000000000000000e+01 2.125085551339363839e-04
7.750000000000000000e+00 8.500000000000000000e+01 1.222645213373399909e-04
7.750000000000000000e+00 9.500000000000000000e+01 6.058501045706258755e-05
7.750000000000000000e+00 1.050000000000000000e+02 2.129290605751008847e-05
7.750000000000000000e+00 1.150000000000000000e+02 5.486171568823773714e-06
7.750000000000000000e+00 1.250000000000000000e+02 6.779723695349708087e-07
7.750000000000000000e+00 1.350000000000000000e+02 1.925997427670276095e-09
8.250000000000000000e+00 1.500000000000000000e+01 2.638516296999290326e-04
8.250000000000000000e+00 2.500000000000000000e+01 2.262770605245172171e-04
8.250000000000000000e+00 3.500000000000000000e+01 1.744558174038246491e-04
8.250000000000000000e+00 4.500000000000000000e+01 8.681068545400550361e-05
8.250000000000000000e+00 5.500000000000000000e+01 5.408816055165105631e-05
8.250000000000000000e+00 6.500000000000000000e+01 5.038791304400374926e-05
8.250000000000000000e+00 7.500000000000000000e+01 3.384932501864920879e-05
8.250000000000000000e+00 8.500000000000000000e+01 2.133898042062068020e-05
8.250000000000000000e+00 9.500000000000000000e+01 1.149544660509460220e-05
8.250000000000000000e+00 1.050000000000000000e+02 3.985450837762691827e-06
8.250000000000000000e+00 1.150000000000000000e+02 2.396061253515367213e-06
8.250000000000000000e+00 1.250000000000000000e+02 6.744978519277483029e-07
8.250000000000000000e+00 1.350000000000000000e+02 2.063269751340451151e-07
8.250000000000000000e+00 1.450000000000000000e+02 2.492490705475311628e-08
