5.250000000000000000e+00 5.000000000000000000e+00 7.950309672384430273e-03
5.250000000000000000e+00 1.500000000000000000e+01 2.353749491206860375e-02
5.750000000000000000e+00 5.000000000000000000e+00 1.077188238822538169e-01
5.750000000000000000e+00 1.500000000000000000e+01 5.609982262070319081e-02
6.250000000000000000e+00 5.000000000000000000e+00 3.127613486783024088e-01
6.250000000000000000e+00 1.500000000000000000e+01 2.513883987008486837e-02
6.750000000000000000e+00 5.000000000000000000e+00 1.553531793600380906e-01
6.750000000000000000e+00 1.500000000000000000e+01 4.554027062447750518e-02
6.750000000000000000e+00 2.500000000000000000e+01 7.601968751794756674e-05
7.250000000000000000e+00 5.000000000000000000e+00 1.468366816519379170e-01
7.250000000000000000e+00 1.500000000000000000e+01 8.014887774130401155e-02
7.250000000000000000e+00 2.500000000000000000e+01 3.796210101168995873e-03
7.250000000000000000e+00 3.500000000000000000e+01 2.156194480749259348e-05
7.750000000000000000e+00 5.000000000000000000e+00 1.871895629417654611e-02
7.750000000000000000e+00 1.500000000000000000e+01 1.186573868772314300e-02
7.750000000000000000e+00 2.500000000000000000e+01 3.040814701970759922e-03
7.750000000000000000e+00 3.500000000000000000e+01 1.334452080621634121e-04
8.250000000000000000e+00 1.500000000000000000e+01 1.136208108194735602e-03
8.250000000000000000e+00 2.500000000000000000e+01 1.173578642799902219e-04
8.250000000000000000e+00 3.500000000000000000e+01 8.038388543625574098e-06
