5.250000000000000000e+00 5.000000000000000000e+00 1.628239160311990147e-02
5.250000000000000000e+00 1.500000000000000000e+01 6.012833313441827421e-02
5.250000000000000000e+00 2.500000000000000000e+01 2.008800370666463436e-04
5.750000000000000000e+00 5.000000000000000000e+00 5.723774643032290832e-02
5.750000000000000000e+00 1.500000000000000000e+01 8.307147760198931030e-02
5.750000000000000000e+00 2.500000000000000000e+01 5.770540321585898753e-03
5.750000000000000000e+00 3.500000000000000000e+01 3.399805482266260231e-04
6.250000000000000000e+00 5.000000000000000000e+00 1.551636400870465282e-01
6.250000000000000000e+00 1.500000000000000000e+01 1.311292835116909250e-01
6.250000000000000000e+00 2.500000000000000000e+01 3.543936188701119622e-02
6.250000000000000000e+00 3.500000000000000000e+01 1.165762136578262810e-02
6.250000000000000000e+00 4.500000000000000000e+01 4.393801751975209662e-03
6.250000000000000000e+00 5.500000000000000000e+01 1.240959237605043525e-03
6.250000000000000000e+00 6.500000000000000000e+01 3.339560210127508915e-04
6.250000000000000000e+00 7.500000000000000000e+01 5.627999982300273821e-05
6.250000000000000000e+00 8.500000000000000000e+01 1.260394511769412890e-06
6.750000000000000000e+00 5.000000000000000000e+00 8.292135596414415555e-02
6.750000000000000000e+00 1.500000000000000000e+01 8.281341873803033105e-02
6.750000000000000000e+00 2.500000000000000000e+01 4.081769486426092136e-02
6.750000000000000000e+00 3.500000000000000000e+01 1.789117891970486846e-02
6.750000000000000000e+00 4.500000000000000000e+01 7.625208897236840887e-03
6.750000000000000000e+00 5.500000000000000000e+01 3.881624736669109579e-03
6.750000000000000000e+00 6.500000000000000000e+01 2.104088927904486372e-03
6.750000000000000000e+00 7.500000000000000000e+01 7.499090632062843827e-04
6.750000000000000000e+00 8.500000000000000000e+01 2.361894928232550898e-04
6.750000000000000000e+00 9.500000000000000000e+01 8.011168258484862139e-05
6.750000000000000000e+00 1.050000000000000000e+02 7.907944801243523152e-06
6.750000000000000000e+00 1.150000000000000000e+02 1.850026060359696693e-09
7.250000000000000000e+00 5.000000000000000000e+00 6.647975940438627385e-02
7.250000000000000000e+00 1.500000000000000000e+01 5.495358356785165488e-02
7.250000000000000000e+00 2.500000000000000000e+01 3.003931492833551015e-02
7.250000000000000000e+00 3.500000000000000000e+01 1.400117850412455761e-02
7.250000000000000000e+00 4.500000000000000000e+01 6.321793584033753681e-03
7.250000000000000000e+00 5.500000000000000000e+01 3.672449911872442945e-03
7.250000000000000000e+00 6.500000000000000000e+01 1.558985562103597537e-03
7.250000000000000000e+00 7.500000000000000000e+01 7.962796254614173562e-04
7.250000000000000000e+00 8.500000000000000000e+01 3.604230994388861768e-04
7.250000000000000000e+00 9.500000000000000000e+01 1.575123005338921033e-04
7.250000000000000000e+00 1.050000000000000000e+02 6.079797844179515609e-05
7.250000000000000000e+00 1.150000000000000000e+02 1.149019131945466195e-05
7.250000000000000000e+00 1.250000000000000000e+02 6.028938906278786801e-07
7.750000000000000000e+00 5.000000000000000000e+00 6.952016525336098506e-03
7.750000000000000000e+00 1.500000000000000000e+01 5.066887822818427062e-03
7.750000000000000000e+00 2.500000000000000000e+01 3.226509017518066659e-03
7.750000000000000000e+00 3.500000000000000000e+01 1.719128712628133692e-03
7.750000000000000000e+00 4.500000000000000000e+01 7.021555310931312669e-04
7.750000000000000000e+00 5.500000000000000000e+01 3.963310660314503108e-04
7.750000000000000000e+00 6.500000000000000000e+01 2.891818322698718434e-04
7.750000000000000000e+00 7.500000000000000000e+01 2.213790507694809681e-04
7.750000000000000000e+00 8.500000000000000000e+01 1.401883450346977464e-04
7.750000000000000000e+00 9.500000000000000000e+01 7.683234048117381222e-05
7.750000000000000000e+00 1.050000000000000000e+02 3.214252487943821703e-05
7.750000000000000000e+00 1.150000000000000000e+02 1.099522836205599095e-05
7.750000000000000000e+00 1.250000000000000000e+02 3.138896338831701843e-06
7.750000000000000000e+00 1.350000000000000000e+02 1.332983245114844096e-07
8.250000000000000000e+00 1.500000000000000000e+01 4.964880974850891275e-04
8.250000000000000000e+00 2.500000000000000000e+01 2.996244252635506819e-04
8.250000000000000000e+00 3.500000000000000000e+01 1.771739688895957029e-04
8.250000000000000000e+00 4.500000000000000000e+01 7.231501643021106130e-05
8.250000000000000000e+00 5.500000000000000000e+01 4.055710669307710758e-05
8.250000000000000000e+00 6.500000000000000000e+01 3.526878342870818625e-05
8.250000000000000000e+00 7.500000000000000000e+01 2.301350768941293811e-05
8.250000000000000000e+00 8.500000000000000000e+01 1.456668184118157453e-05
8.250000000000000000e+00 9.500000000000000000e+01 8.236406347781878196e-06
8.250000000000000000e+00 1.050000000000000000e+02 2.878813965236976543e-06
8.250000000000000000e+00 1.150000000000000000e+02 1.756908446966033455e-06
8.250000000000000000e+00 1.250000000000000000e+02 5.150087373298400047e-07
8.250000000000000000e+00 1.350000000000000000e+02 1.928499040061832401e-07
8.250000000000000000e+00 1.450000000000000000e+02 1.566661828366168374e-08
