5.750000000000000000e+00 5.000000000000000000e+00 2.249955804705349978e-04
6.250000000000000000e+00 5.000000000000000000e+00 8.622496082703934306e-02
6.250000000000000000e+00 1.500000000000000000e+01 5.503233354563549264e-03
6.750000000000000000e+00 5.000000000000000000e+00 1.999793036377282840e-01
6.750000000000000000e+00 1.500000000000000000e+01 7.078236745103097527e-02
6.750000000000000000e+00 2.500000000000000000e+01 4.244901218193556248e-04
7.250000000000000000e+00 5.000000000000000000e+00 3.131046045015293267e-01
7.250000000000000000e+00 1.500000000000000000e+01 1.814204493064707768e-01
7.250000000000000000e+00 2.500000000000000000e+01 1.599734756777008646e-02
7.250000000000000000e+00 3.500000000000000000e+01 3.683224974070754094e-04
7.750000000000000000e+00 5.000000000000000000e+00 6.259510403909811227e-02
7.750000000000000000e+00 1.500000000000000000e+01 3.912339969611040164e-02
7.750000000000000000e+00 2.500000000000000000e+01 1.341079709395438975e-02
7.750000000000000000e+00 3.500000000000000000e+01 1.355992459115456681e-03
7.750000000000000000e+00 4.500000000000000000e+01 5.045180311574051844e-05
7.750000000000000000e+00 5.500000000000000000e+01 2.487761817734692990e-07
8.250000000000000000e+00 1.500000000000000000e+01 7.366765033707908805e-03
8.250000000000000000e+00 2.500000000000000000e+01 1.502328646336599949e-03
8.250000000000000000e+00 3.500000000000000000e+01 4.674713474717491382e-04
8.250000000000000000e+00 4.500000000000000000e+01 6.771779379029322374e-05
8.250000000000000000e+00 5.500000000000000000e+01 2.442500292205903581e-05
8.250000000000000000e+00 6.500000000000000000e+01 5.223462366311820895e-06
