5.250000000000000000e+00 5.000000000000000000e+00 2.715101293561806087e-02
5.250000000000000000e+00 1.500000000000000000e+01 9.938072529170755010e-02
5.250000000000000000e+00 2.500000000000000000e+01 2.014074899790199003e-05
5.750000000000000000e+00 5.000000000000000000e+00 8.897333553984589083e-02
5.750000000000000000e+00 1.500000000000000000e+01 8.875127791763505469e-02
5.750000000000000000e+00 2.500000000000000000e+01 1.330510014616290626e-03
6.250000000000000000e+00 5.000000000000000000e+00 2.010930069205991155e-01
6.250000000000000000e+00 1.500000000000000000e+01 9.164134499205937867e-02
6.250000000000000000e+00 2.500000000000000000e+01 1.221551763820966953e-02
6.250000000000000000e+00 3.500000000000000000e+01 1.638194963044811801e-03
6.250000000000000000e+00 4.500000000000000000e+01 1.185342227167492725e-04
6.750000000000000000e+00 5.000000000000000000e+00 9.943339267006928717e-02
6.750000000000000000e+00 1.500000000000000000e+01 6.544740878029937925e-02
6.750000000000000000e+00 2.500000000000000000e+01 1.851565391128556434e-02
6.750000000000000000e+00 3.500000000000000000e+01 4.676159841543055772e-03
6.750000000000000000e+00 4.500000000000000000e+01 8.562127798356062138e-04
6.750000000000000000e+00 5.500000000000000000e+01 1.118499077557156944e-04
6.750000000000000000e+00 6.500000000000000000e+01 3.930997443842567255e-07
7.250000000000000000e+00 5.000000000000000000e+00 8.420092343636174925e-02
7.250000000000000000e+00 1.500000000000000000e+01 5.935527761619989462e-02
7.250000000000000000e+00 2.500000000000000000e+01 2.142584014269197784e-02
7.250000000000000000e+00 3.500000000000000000e+01 7.281797951964816447e-03
7.250000000000000000e+00 4.500000000000000000e+01 2.104332406667730297e-03
7.250000000000000000e+00 5.500000000000000000e+01 5.913470083102034250e-04
7.250000000000000000e+00 6.500000000000000000e+01 9.092444400119003396e-05
7.250000000000000000e+00 7.500000000000000000e+01 8.560562931559147768e-06
7.250000000000000000e+00 8.500000000000000000e+01 2.985305184318783697e-08
7.750000000000000000e+00 5.000000000000000000e+00 9.479904365840886166e-03
7.750000000000000000e+00 1.500000000000000000e+01 6.617091420720218505e-03
7.750000000000000000e+00 2.500000000000000000e+01 3.506150487128894926e-03
7.750000000000000000e+00 3.500000000000000000e+01 1.571119604999069016e-03
7.750000000000000000e+00 4.500000000000000000e+01 5.131995262044624804e-04
7.750000000000000000e+00 5.500000000000000000e+01 2.229618298239140195e-04
7.750000000000000000e+00 6.500000000000000000e+01 1.127597026015128134e-04
7.750000000000000000e+00 7.500000000000000000e+01 4.607387172166550499e-05
7.750000000000000000e+00 8.500000000000000000e+01 8.353492559216730689e-06
7.750000000000000000e+00 9.500000000000000000e+01 6.082548937796500189e-07
8.250000000000000000e+00 1.500000000000000000e+01 6.959141763949851581e-04
8.250000000000000000e+00 2.500000000000000000e+01 4.004338095380751447e-04
8.250000000000000000e+00 3.500000000000000000e+01 2.371211802212139512e-04
8.250000000000000000e+00 4.500000000000000000e+01 8.293134005074499109e-05
8.250000000000000000e+00 5.500000000000000000e+01 4.132036571043061154e-05
8.250000000000000000e+00 6.500000000000000000e+01 2.933122683625540077e-05
8.250000000000000000e+00 7.500000000000000000e+01 1.383189223894312257e-05
8.250000000000000000e+00 8.500000000000000000e+01 5.490119018007467781e-06
8.250000000000000000e+00 9.500000000000000000e+01 1.568603056010420807e-06
8.250000000000000000e+00 1.050000000000000000e+02 1.291326772315348831e-07
