5.250000000000000000e+00 5.000000000000000000e+00 3.878303333209373333e-03
5.250000000000000000e+00 1.500000000000000000e+01 1.161564599611020036e-02
5.750000000000000000e+00 5.000000000000000000e+00 4.092223665946830707e-02
5.750000000000000000e+00 1.500000000000000000e+01 4.068170201598233365e-02
5.750000000000000000e+00 2.500000000000000000e+01 6.835169912360336900e-04
6.250000000000000000e+00 5.000000000000000000e+00 1.727536466498121315e-01
6.250000000000000000e+00 1.500000000000000000e+01 1.069786586550413032e-01
6.250000000000000000e+00 2.500000000000000000e+01 2.033040146124814526e-02
6.250000000000000000e+00 3.500000000000000000e+01 5.736596753026740846e-03
6.250000000000000000e+00 4.500000000000000000e+01 1.899287617402664738e-03
6.250000000000000000e+00 5.500000000000000000e+01 5.187345569190012287e-04
6.250000000000000000e+00 6.500000000000000000e+01 1.615493599627898080e-04
6.250000000000000000e+00 7.500000000000000000e+01 5.966452249340691335e-06
6.750000000000000000e+00 5.000000000000000000e+00 1.169993321496318045e-01
6.750000000000000000e+00 1.500000000000000000e+01 9.704694508657592256e-02
6.750000000000000000e+00 2.500000000000000000e+01 3.763252614667570578e-02
6.750000000000000000e+00 3.500000000000000000e+01 1.516274215284481482e-02
6.750000000000000000e+00 4.500000000000000000e+01 6.320410780415720159e-03
6.750000000000000000e+00 5.500000000000000000e+01 3.235235104512397368e-03
6.750000000000000000e+00 6.500000000000000000e+01 1.800304120885082510e-03
6.750000000000000000e+00 7.500000000000000000e+01 7.678028105940107968e-04
6.750000000000000000e+00 8.500000000000000000e+01 3.215537372160777647e-04
6.750000000000000000e+00 9.500000000000000000e+01 1.872419577096193645e-04
6.750000000000000000e+00 1.050000000000000000e+02 6.721498875108993854e-05
6.750000000000000000e+00 1.150000000000000000e+02 2.357370189506967007e-05
6.750000000000000000e+00 1.250000000000000000e+02 6.616768111781442693e-07
7.250000000000000000e+00 5.000000000000000000e+00 1.060914304225010207e-01
7.250000000000000000e+00 1.500000000000000000e+01 8.306932154845363125e-02
7.250000000000000000e+00 2.500000000000000000e+01 4.066865285324730572e-02
7.250000000000000000e+00 3.500000000000000000e+01 1.895388086167097696e-02
7.250000000000000000e+00 4.500000000000000000e+01 9.052023970813094164e-03
7.250000000000000000e+00 5.500000000000000000e+01 5.792899076753034275e-03
7.250000000000000000e+00 6.500000000000000000e+01 2.865608315585238021e-03
7.250000000000000000e+00 7.500000000000000000e+01 1.787827229000806678e-03
7.250000000000000000e+00 8.500000000000000000e+01 1.187410327968606337e-03
7.250000000000000000e+00 9.500000000000000000e+01 8.416690924229643231e-04
7.250000000000000000e+00 1.050000000000000000e+02 6.644227519364999520e-04
7.250000000000000000e+00 1.150000000000000000e+02 3.953464097189360034e-04
7.250000000000000000e+00 1.250000000000000000e+02 2.513667032399987235e-04
7.250000000000000000e+00 1.350000000000000000e+02 1.503685270195705701e-04
7.250000000000000000e+00 1.450000000000000000e+02 6.613125349356902536e-05
7.250000000000000000e+00 1.550000000000000000e+02 3.114545094795934045e-05
7.250000000000000000e+00 1.650000000000000000e+02 4.425108048142786637e-06
7.750000000000000000e+00 5.000000000000000000e+00 1.257395298436302794e-02
7.750000000000000000e+00 1.500000000000000000e+01 9.128500121086357416e-03
7.750000000000000000e+00 2.500000000000000000e+01 5.848365579327396285e-03
7.750000000000000000e+00 3.500000000000000000e+01 3.340341413026194119e-03
7.750000000000000000e+00 4.500000000000000000e+01 1.717454132281882699e-03
7.750000000000000000e+00 5.500000000000000000e+01 1.195536869115481704e-03
7.750000000000000000e+00 6.500000000000000000e+01 1.091660842172341786e-03
7.750000000000000000e+00 7.500000000000000000e+01 1.072949105226861204e-03
7.750000000000000000e+00 8.500000000000000000e+01 8.465632002662649893e-04
7.750000000000000000e+00 9.500000000000000000e+01 6.908872482300828111e-04
7.750000000000000000e+00 1.050000000000000000e+02 4.738292971881770551e-04
7.750000000000000000e+00 1.150000000000000000e+02 2.950508719391670164e-04
7.750000000000000000e+00 1.250000000000000000e+02 2.374836477643922856e-04
7.750000000000000000e+00 1.350000000000000000e+02 1.363199508334067003e-04
7.750000000000000000e+00 1.450000000000000000e+02 1.054096982742287286e-04
7.750000000000000000e+00 1.550000000000000000e+02 7.324861203833524226e-05
7.750000000000000000e+00 1.650000000000000000e+02 5.282168339582238206e-05
7.750000000000000000e+00 1.750000000000000000e+02 5.146442736298839567e-06
8.250000000000000000e+00 1.500000000000000000e+01 1.042342130277015659e-03
8.250000000000000000e+00 2.500000000000000000e+01 7.464616415615122702e-04
8.250000000000000000e+00 3.500000000000000000e+01 5.301960657768253152e-04
8.250000000000000000e+00 4.500000000000000000e+01 2.448459612621327634e-04
8.250000000000000000e+00 5.500000000000000000e+01 1.678827127636000162e-04
8.250000000000000000e+00 6.500000000000000000e+01 1.987654657796925919e-04
8.250000000000000000e+00 7.500000000000000000e+01 1.613207948852194752e-04
8.250000000000000000e+00 8.500000000000000000e+01 1.321309574382256496e-04
8.250000000000000000e+00 9.500000000000000000e+01 9.836132483837736350e-05
8.250000000000000000e+00 1.050000000000000000e+02 4.906709574541696212e-05
8.250000000000000000e+00 1.150000000000000000e+02 4.880607438223007763e-05
8.250000000000000000e+00 1.250000000000000000e+02 2.946348764728978927e-05
8.250000000000000000e+00 1.350000000000000000e+02 2.497015469919195663e-05
8.250000000000000000e+00 1.450000000000000000e+02 1.759719600327779785e-05
8.250000000000000000e+00 1.550000000000000000e+02 9.307965617768129045e-06
8.250000000000000000e+00 1.650000000000000000e+02 6.039821829675460977e-06
8.250000000000000000e+00 1.750000000000000000e+02 1.198631218879548641e-06
