5.750000000000000000e+00 5.000000000000000000e+00 7.106609456714962567e-03
5.750000000000000000e+00 1.500000000000000000e+01 4.472324555199049673e-03
6.250000000000000000e+00 5.000000000000000000e+00 1.723758389005453362e-01
6.250000000000000000e+00 1.500000000000000000e+01 2.035093737323291629e-02
6.750000000000000000e+00 5.000000000000000000e+00 2.311942764477552259e-01
6.750000000000000000e+00 1.500000000000000000e+01 8.969521547706775511e-02
6.750000000000000000e+00 2.500000000000000000e+01 2.166004432841776330e-03
7.250000000000000000e+00 5.000000000000000000e+00 2.455415992570762207e-01
7.250000000000000000e+00 1.500000000000000000e+01 1.434125356573577870e-01
7.250000000000000000e+00 2.500000000000000000e+01 1.529398302615341508e-02
7.250000000000000000e+00 3.500000000000000000e+01 6.478628292913679153e-04
7.250000000000000000e+00 4.500000000000000000e+01 1.158780560670114258e-06
7.750000000000000000e+00 5.000000000000000000e+00 3.448027573439377269e-02
7.750000000000000000e+00 1.500000000000000000e+01 2.174677867810518792e-02
7.750000000000000000e+00 2.500000000000000000e+01 7.411040806232777403e-03
7.750000000000000000e+00 3.500000000000000000e+01 8.285084220397655923e-04
7.750000000000000000e+00 4.500000000000000000e+01 2.370016987048486270e-05
7.750000000000000000e+00 5.500000000000000000e+01 1.118866021003531418e-07
8.250000000000000000e+00 1.500000000000000000e+01 2.646336348182622492e-03
8.250000000000000000e+00 2.500000000000000000e+01 4.705319874321544325e-04
8.250000000000000000e+00 3.500000000000000000e+01 1.193287369363475774e-04
8.250000000000000000e+00 4.500000000000000000e+01 1.307988087945496988e-05
8.250000000000000000e+00 5.500000000000000000e+01 1.934027509046009749e-06
8.250000000000000000e+00 6.500000000000000000e+01 2.712801983744532762e-08
