5.250000000000000000e+00 5.000000000000000000e+00 3.429354117172656730e-02
5.250000000000000000e+00 1.500000000000000000e+01 1.492090390283890844e-01
5.250000000000000000e+00 2.500000000000000000e+01 1.059838681580030709e-03
5.750000000000000000e+00 5.000000000000000000e+00 7.787953251228287022e-02
5.750000000000000000e+00 1.500000000000000000e+01 1.084902619973975024e-01
5.750000000000000000e+00 2.500000000000000000e+01 7.025158809920464126e-03
5.750000000000000000e+00 3.500000000000000000e+01 3.086173903927235361e-04
6.250000000000000000e+00 5.000000000000000000e+00 1.525046412325029577e-01
6.250000000000000000e+00 1.500000000000000000e+01 1.082306239342565868e-01
6.250000000000000000e+00 2.500000000000000000e+01 2.523444057588127704e-02
6.250000000000000000e+00 3.500000000000000000e+01 6.229251380112416255e-03
6.250000000000000000e+00 4.500000000000000000e+01 1.427440047480831638e-03
6.250000000000000000e+00 5.500000000000000000e+01 1.555813862910940151e-04
6.250000000000000000e+00 6.500000000000000000e+01 1.141310873126251463e-06
6.750000000000000000e+00 5.000000000000000000e+00 6.963386187894111956e-02
6.750000000000000000e+00 1.500000000000000000e+01 5.914811572805015599e-02
6.750000000000000000e+00 2.500000000000000000e+01 2.485521924170726316e-02
6.750000000000000000e+00 3.500000000000000000e+01 8.989189220851047379e-03
6.750000000000000000e+00 4.500000000000000000e+01 2.860400990136184336e-03
6.750000000000000000e+00 5.500000000000000000e+01 8.960488074232830563e-04
6.750000000000000000e+00 6.500000000000000000e+01 2.219271955239418364e-04
6.750000000000000000e+00 7.500000000000000000e+01 1.776277843880536944e-05
7.250000000000000000e+00 5.000000000000000000e+00 5.756300900938737114e-02
7.250000000000000000e+00 1.500000000000000000e+01 4.550587020528296806e-02
7.250000000000000000e+00 2.500000000000000000e+01 2.291327338420326432e-02
7.250000000000000000e+00 3.500000000000000000e+01 1.032241542317185491e-02
7.250000000000000000e+00 4.500000000000000000e+01 4.030599563285147853e-03
7.250000000000000000e+00 5.500000000000000000e+01 1.826117320057802458e-03
7.250000000000000000e+00 6.500000000000000000e+01 5.378712327432508744e-04
7.250000000000000000e+00 7.500000000000000000e+01 1.624871568210176293e-04
7.250000000000000000e+00 8.500000000000000000e+01 3.812225096782230103e-05
7.250000000000000000e+00 9.500000000000000000e+01 4.986151609341145819e-06
7.250000000000000000e+00 1.050000000000000000e+02 1.686337079448766436e-09
7.750000000000000000e+00 5.000000000000000000e+00 6.257919653185986010e-03
7.750000000000000000e+00 1.500000000000000000e+01 4.621474609763280214e-03
7.750000000000000000e+00 2.500000000000000000e+01 2.902028804533189274e-03
7.750000000000000000e+00 3.500000000000000000e+01 1.689403689919337934e-03
7.750000000000000000e+00 4.500000000000000000e+01 7.295957493214835343e-04
7.750000000000000000e+00 5.500000000000000000e+01 3.878758606025704174e-04
7.750000000000000000e+00 6.500000000000000000e+01 2.549407933627859980e-04
7.750000000000000000e+00 7.500000000000000000e+01 1.616331360043127133e-04
7.750000000000000000e+00 8.500000000000000000e+01 6.985522500426246967e-05
7.750000000000000000e+00 9.500000000000000000e+01 2.521586278288305571e-05
7.750000000000000000e+00 1.050000000000000000e+02 4.612615735383655640e-06
7.750000000000000000e+00 1.150000000000000000e+02 2.490017745166251370e-07
8.250000000000000000e+00 1.500000000000000000e+01 4.703567885904805755e-04
8.250000000000000000e+00 2.500000000000000000e+01 3.453881116768435749e-04
8.250000000000000000e+00 3.500000000000000000e+01 2.392464859799459348e-04
8.250000000000000000e+00 4.500000000000000000e+01 1.022576461989733256e-04
8.250000000000000000e+00 5.500000000000000000e+01 5.807608840494761238e-05
8.250000000000000000e+00 6.500000000000000000e+01 4.878322213141408968e-05
8.250000000000000000e+00 7.500000000000000000e+01 2.885563798364033716e-05
8.250000000000000000e+00 8.500000000000000000e+01 1.598965089730922849e-05
8.250000000000000000e+00 9.500000000000000000e+01 7.248486140664889786e-06
8.250000000000000000e+00 1.050000000000000000e+02 1.832263294916587966e-06
8.250000000000000000e+00 1.150000000000000000e+02 7.062923657294990357e-07
8.250000000000000000e+00 1.250000000000000000e+02 6.196649763185615502e-08
8.250000000000000000e+00 1.350000000000000000e+02 3.673821420764018915e-09
