5.250000000000000000e+00 5.000000000000000000e+00 7.928934709402517961e-03
5.250000000000000000e+00 1.500000000000000000e+01 7.878953531081835104e-02
5.250000000000000000e+00 2.500000000000000000e+01 3.280922288680158949e-02
5.250000000000000000e+00 3.500000000000000000e+01 1.539762172833643132e-02
5.250000000000000000e+00 4.500000000000000000e+01 8.697570912908795387e-03
5.250000000000000000e+00 5.500000000000000000e+01 5.079695991460889473e-03
5.250000000000000000e+00 6.500000000000000000e+01 2.609155545148990774e-03
5.250000000000000000e+00 7.500000000000000000e+01 1.247527349764258799e-03
5.750000000000000000e+00 5.000000000000000000e+00 8.320858074277369398e-03
5.750000000000000000e+00 1.500000000000000000e+01 6.029752788364291932e-02
5.750000000000000000e+00 2.500000000000000000e+01 4.663640653711205453e-02
5.750000000000000000e+00 3.500000000000000000e+01 3.310560530565941073e-02
5.750000000000000000e+00 4.500000000000000000e+01 2.789598018204183030e-02
5.750000000000000000e+00 5.500000000000000000e+01 2.082639697151972627e-02
5.750000000000000000e+00 6.500000000000000000e+01 1.709156704830015056e-02
5.750000000000000000e+00 7.500000000000000000e+01 1.274419438151741350e-02
5.750000000000000000e+00 8.500000000000000000e+01 8.738758530029620136e-03
5.750000000000000000e+00 9.500000000000000000e+01 2.679523575019135666e-03
6.250000000000000000e+00 5.000000000000000000e+00 1.410925821192186846e-02
6.250000000000000000e+00 1.500000000000000000e+01 4.120297223163785216e-02
6.250000000000000000e+00 2.500000000000000000e+01 4.576827721608368177e-02
6.250000000000000000e+00 3.500000000000000000e+01 3.835264043957302416e-02
6.250000000000000000e+00 4.500000000000000000e+01 4.270313951883550341e-02
6.250000000000000000e+00 5.500000000000000000e+01 3.585385437216756510e-02
6.250000000000000000e+00 6.500000000000000000e+01 3.789785918926718428e-02
6.250000000000000000e+00 7.500000000000000000e+01 2.681433683752058178e-02
6.250000000000000000e+00 8.500000000000000000e+01 2.421511805214947646e-02
6.250000000000000000e+00 9.500000000000000000e+01 2.109198015094962755e-02
6.250000000000000000e+00 1.050000000000000000e+02 1.781564510421425676e-02
6.250000000000000000e+00 1.150000000000000000e+02 1.198888522633204633e-02
6.250000000000000000e+00 1.250000000000000000e+02 3.966253672476792447e-03
6.750000000000000000e+00 5.000000000000000000e+00 4.885285987016889722e-03
6.750000000000000000e+00 1.500000000000000000e+01 9.450209857341133196e-03
6.750000000000000000e+00 2.500000000000000000e+01 1.214257603747849468e-02
6.750000000000000000e+00 3.500000000000000000e+01 1.344311589024697016e-02
6.750000000000000000e+00 4.500000000000000000e+01 1.216588854694731874e-02
6.750000000000000000e+00 5.500000000000000000e+01 1.229028573130031866e-02
6.750000000000000000e+00 6.500000000000000000e+01 1.330377254403909346e-02
6.750000000000000000e+00 7.500000000000000000e+01 1.102653485241136301e-02
6.750000000000000000e+00 8.500000000000000000e+01 8.695136509572364350e-03
6.750000000000000000e+00 9.500000000000000000e+01 9.200860538752414150e-03
6.750000000000000000e+00 1.050000000000000000e+02 9.678833410104066559e-03
6.750000000000000000e+00 1.150000000000000000e+02 9.734769776170130659e-03
6.750000000000000000e+00 1.250000000000000000e+02 1.000452119049511507e-02
6.750000000000000000e+00 1.350000000000000000e+02 6.253072093529495924e-03
6.750000000000000000e+00 1.450000000000000000e+02 2.042112530700403768e-03
7.250000000000000000e+00 5.000000000000000000e+00 3.939404466698051381e-03
7.250000000000000000e+00 1.500000000000000000e+01 4.898090824170925860e-03
7.250000000000000000e+00 2.500000000000000000e+01 5.855730617969789886e-03
7.250000000000000000e+00 3.500000000000000000e+01 6.493242762261612969e-03
7.250000000000000000e+00 4.500000000000000000e+01 6.234749973924372073e-03
7.250000000000000000e+00 5.500000000000000000e+01 7.425372178398290460e-03
7.250000000000000000e+00 6.500000000000000000e+01 5.910091456319602893e-03
7.250000000000000000e+00 7.500000000000000000e+01 5.674833290628238276e-03
7.250000000000000000e+00 8.500000000000000000e+01 5.281561085847371467e-03
7.250000000000000000e+00 9.500000000000000000e+01 5.678199346297698076e-03
7.250000000000000000e+00 1.050000000000000000e+02 6.227175496119709275e-03
7.250000000000000000e+00 1.150000000000000000e+02 6.263105999713770682e-03
7.250000000000000000e+00 1.250000000000000000e+02 6.154848619930156778e-03
7.250000000000000000e+00 1.350000000000000000e+02 6.309114564366346406e-03
7.250000000000000000e+00 1.450000000000000000e+02 5.085627058246197478e-03
7.250000000000000000e+00 1.550000000000000000e+02 2.863712260495082564e-03
7.250000000000000000e+00 1.650000000000000000e+02 3.579302739085897761e-04
7.750000000000000000e+00 5.000000000000000000e+00 3.837962360764814390e-04
7.750000000000000000e+00 1.500000000000000000e+01 3.621793606051696020e-04
7.750000000000000000e+00 2.500000000000000000e+01 3.556938282688693683e-04
7.750000000000000000e+00 3.500000000000000000e+01 4.131204369169013150e-04
7.750000000000000000e+00 4.500000000000000000e+01 4.419943746627476820e-04
7.750000000000000000e+00 5.500000000000000000e+01 4.534390474791956849e-04
7.750000000000000000e+00 6.500000000000000000e+01 5.865055590528354609e-04
7.750000000000000000e+00 7.500000000000000000e+01 7.897551002863467760e-04
7.750000000000000000e+00 8.500000000000000000e+01 9.797993242400384120e-04
7.750000000000000000e+00 9.500000000000000000e+01 1.019691296723819647e-03
7.750000000000000000e+00 1.050000000000000000e+02 1.012483440893730815e-03
7.750000000000000000e+00 1.150000000000000000e+02 8.317162331805594191e-04
7.750000000000000000e+00 1.250000000000000000e+02 1.029755908785815301e-03
7.750000000000000000e+00 1.350000000000000000e+02 7.273360449993718268e-04
7.750000000000000000e+00 1.450000000000000000e+02 8.404735340761854048e-04
7.750000000000000000e+00 1.550000000000000000e+02 7.362630552836618930e-04
7.750000000000000000e+00 1.650000000000000000e+02 6.586482993682634280e-04
7.750000000000000000e+00 1.750000000000000000e+02 6.274744097443569232e-05
8.250000000000000000e+00 1.500000000000000000e+01 2.949486903248849383e-05
8.250000000000000000e+00 2.500000000000000000e+01 3.755896223190545766e-05
8.250000000000000000e+00 3.500000000000000000e+01 3.984385991555140847e-05
8.250000000000000000e+00 4.500000000000000000e+01 3.405775271033475169e-05
8.250000000000000000e+00 5.500000000000000000e+01 3.175196773156799761e-05
8.250000000000000000e+00 6.500000000000000000e+01 4.854125417152962984e-05
8.250000000000000000e+00 7.500000000000000000e+01 5.468481807291665291e-05
8.250000000000000000e+00 8.500000000000000000e+01 5.769984090458699506e-05
8.250000000000000000e+00 9.500000000000000000e+01 5.544520744520748458e-05
8.250000000000000000e+00 1.050000000000000000e+02 3.586065701297366088e-05
8.250000000000000000e+00 1.150000000000000000e+02 4.731637828741100448e-05
8.250000000000000000e+00 1.250000000000000000e+02 3.874200343826864773e-05
8.250000000000000000e+00 1.350000000000000000e+02 4.480301370920575867e-05
8.250000000000000000e+00 1.450000000000000000e+02 3.784046552552864496e-05
8.250000000000000000e+00 1.550000000000000000e+02 3.294416389094441009e-05
8.250000000000000000e+00 1.650000000000000000e+02 2.633697461408220796e-05
8.250000000000000000e+00 1.750000000000000000e+02 1.561037113854268362e-05
