5.250000000000000000e+00 5.000000000000000000e+00 2.961516252980495902e-03
5.250000000000000000e+00 1.500000000000000000e+01 8.595876991438289663e-03
5.750000000000000000e+00 5.000000000000000000e+00 3.115093589135407848e-02
5.750000000000000000e+00 1.500000000000000000e+01 4.020919881975024840e-02
5.750000000000000000e+00 2.500000000000000000e+01 2.508536648129169270e-03
5.750000000000000000e+00 3.500000000000000000e+01 2.397165562979989650e-04
5.750000000000000000e+00 4.500000000000000000e+01 7.226897930191587110e-06
6.250000000000000000e+00 5.000000000000000000e+00 1.284351302690175112e-01
6.250000000000000000e+00 1.500000000000000000e+01 1.124998000074390186e-01
6.250000000000000000e+00 2.500000000000000000e+01 3.504368438575741762e-02
6.250000000000000000e+00 3.500000000000000000e+01 1.412647081025022316e-02
6.250000000000000000e+00 4.500000000000000000e+01 7.368318694478396234e-03
6.250000000000000000e+00 5.500000000000000000e+01 3.228031673346378784e-03
6.250000000000000000e+00 6.500000000000000000e+01 1.869847004904006023e-03
6.250000000000000000e+00 7.500000000000000000e+01 7.300838898631291157e-04
6.250000000000000000e+00 8.500000000000000000e+01 3.945280757010096980e-04
6.250000000000000000e+00 9.500000000000000000e+01 2.152046188317877421e-04
6.250000000000000000e+00 1.050000000000000000e+02 1.517647524567806191e-04
6.250000000000000000e+00 1.150000000000000000e+02 7.236782205974142562e-05
6.250000000000000000e+00 1.250000000000000000e+02 1.409250047340039976e-05
6.750000000000000000e+00 5.000000000000000000e+00 7.818812014275264288e-02
6.750000000000000000e+00 1.500000000000000000e+01 8.263122238030536082e-02
6.750000000000000000e+00 2.500000000000000000e+01 4.648310521470589568e-02
6.750000000000000000e+00 3.500000000000000000e+01 2.488294274937020989e-02
6.750000000000000000e+00 4.500000000000000000e+01 1.308766965659197319e-02
6.750000000000000000e+00 5.500000000000000000e+01 8.581112376061480682e-03
6.750000000000000000e+00 6.500000000000000000e+01 6.322010669896574279e-03
6.750000000000000000e+00 7.500000000000000000e+01 3.611361524948416332e-03
6.750000000000000000e+00 8.500000000000000000e+01 2.018324442425583308e-03
6.750000000000000000e+00 9.500000000000000000e+01 1.671745334522515896e-03
6.750000000000000000e+00 1.050000000000000000e+02 1.277065670036975960e-03
6.750000000000000000e+00 1.150000000000000000e+02 9.865116558441463807e-04
6.750000000000000000e+00 1.250000000000000000e+02 6.973539752973090082e-04
6.750000000000000000e+00 1.350000000000000000e+02 3.802012643902296404e-04
6.750000000000000000e+00 1.450000000000000000e+02 1.325595797345916068e-04
7.250000000000000000e+00 5.000000000000000000e+00 7.223694006478247054e-02
7.250000000000000000e+00 1.500000000000000000e+01 6.621275999251528821e-02
7.250000000000000000e+00 2.500000000000000000e+01 4.629567199288750490e-02
7.250000000000000000e+00 3.500000000000000000e+01 2.988497277515995282e-02
7.250000000000000000e+00 4.500000000000000000e+01 1.807011315228089499e-02
7.250000000000000000e+00 5.500000000000000000e+01 1.417205811030992739e-02
7.250000000000000000e+00 6.500000000000000000e+01 8.368852313510307533e-03
7.250000000000000000e+00 7.500000000000000000e+01 6.224665585115799447e-03
7.250000000000000000e+00 8.500000000000000000e+01 4.932748190584916592e-03
7.250000000000000000e+00 9.500000000000000000e+01 4.293327695948988103e-03
7.250000000000000000e+00 1.050000000000000000e+02 3.961299639617671918e-03
7.250000000000000000e+00 1.150000000000000000e+02 3.093497694074792172e-03
7.250000000000000000e+00 1.250000000000000000e+02 2.428545760239909489e-03
7.250000000000000000e+00 1.350000000000000000e+02 1.995305044327284200e-03
7.250000000000000000e+00 1.450000000000000000e+02 1.292064442551733644e-03
7.250000000000000000e+00 1.550000000000000000e+02 7.163449619770708614e-04
7.250000000000000000e+00 1.650000000000000000e+02 1.072489669793030132e-04
7.750000000000000000e+00 5.000000000000000000e+00 8.234065491436149201e-03
7.750000000000000000e+00 1.500000000000000000e+01 6.733486887806452818e-03
7.750000000000000000e+00 2.500000000000000000e+01 5.334913184348870525e-03
7.750000000000000000e+00 3.500000000000000000e+01 4.384955625190676415e-03
7.750000000000000000e+00 4.500000000000000000e+01 3.146806589534168700e-03
7.750000000000000000e+00 5.500000000000000000e+01 2.586298869307511721e-03
7.750000000000000000e+00 6.500000000000000000e+01 2.730054865543235596e-03
7.750000000000000000e+00 7.500000000000000000e+01 3.052951771272249988e-03
7.750000000000000000e+00 8.500000000000000000e+01 2.864885960199357266e-03
7.750000000000000000e+00 9.500000000000000000e+01 2.602612769317512280e-03
7.750000000000000000e+00 1.050000000000000000e+02 2.081299832609290537e-03
7.750000000000000000e+00 1.150000000000000000e+02 1.470710344228698353e-03
7.750000000000000000e+00 1.250000000000000000e+02 1.438454846569939835e-03
7.750000000000000000e+00 1.350000000000000000e+02 9.463242332398753452e-04
7.750000000000000000e+00 1.450000000000000000e+02 8.840269826673548183e-04
7.750000000000000000e+00 1.550000000000000000e+02 6.998435414978214234e-04
7.750000000000000000e+00 1.650000000000000000e+02 5.646854129774594045e-04
7.750000000000000000e+00 1.750000000000000000e+02 6.099506222626798326e-05
8.250000000000000000e+00 1.500000000000000000e+01 6.713004588297833038e-04
8.250000000000000000e+00 2.500000000000000000e+01 7.041596726179216378e-04
8.250000000000000000e+00 3.500000000000000000e+01 6.395671348602242900e-04
8.250000000000000000e+00 4.500000000000000000e+01 4.021618100767359975e-04
8.250000000000000000e+00 5.500000000000000000e+01 3.182892900164796101e-04
8.250000000000000000e+00 6.500000000000000000e+01 4.267290092416387991e-04
8.250000000000000000e+00 7.500000000000000000e+01 4.037541003700268892e-04
8.250000000000000000e+00 8.500000000000000000e+01 3.724712173473277766e-04
8.250000000000000000e+00 9.500000000000000000e+01 3.082417125875675174e-04
8.250000000000000000e+00 1.050000000000000000e+02 1.750922524400759061e-04
8.250000000000000000e+00 1.150000000000000000e+02 1.958293254185427374e-04
8.250000000000000000e+00 1.250000000000000000e+02 1.371719907840866152e-04
8.250000000000000000e+00 1.350000000000000000e+02 1.311703793873341089e-04
8.250000000000000000e+00 1.450000000000000000e+02 1.019679432385687347e-04
8.250000000000000000e+00 1.550000000000000000e+02 6.792817075099925449e-05
8.250000000000000000e+00 1.650000000000000000e+02 4.865602285518100766e-05
8.250000000000000000e+00 1.750000000000000000e+02 1.808165699772882251e-05
