5.750000000000000000e+00 5.000000000000000000e+00 1.747392879505696960e-03
5.750000000000000000e+00 1.500000000000000000e+01 5.087053007800548636e-04
6.250000000000000000e+00 5.000000000000000000e+00 9.071616167700827238e-02
6.250000000000000000e+00 1.500000000000000000e+01 1.454844568630329384e-02
6.250000000000000000e+00 2.500000000000000000e+01 4.783614620526143325e-05
6.750000000000000000e+00 5.000000000000000000e+00 1.570166807029665379e-01
6.750000000000000000e+00 1.500000000000000000e+01 7.353898215683699058e-02
6.750000000000000000e+00 2.500000000000000000e+01 5.128710691737395529e-03
6.750000000000000000e+00 3.500000000000000000e+01 2.240696516848909457e-04
7.250000000000000000e+00 5.000000000000000000e+00 2.824323636381841363e-01
7.250000000000000000e+00 1.500000000000000000e+01 1.802499843384997580e-01
7.250000000000000000e+00 2.500000000000000000e+01 3.882615110299290906e-02
7.250000000000000000e+00 3.500000000000000000e+01 7.459096662563250053e-03
7.250000000000000000e+00 4.500000000000000000e+01 1.333123427999650555e-03
7.250000000000000000e+00 5.500000000000000000e+01 3.631125049986347764e-04
7.250000000000000000e+00 6.500000000000000000e+01 8.009718202660822566e-05
7.250000000000000000e+00 7.500000000000000000e+01 3.849357220509804753e-05
7.250000000000000000e+00 8.500000000000000000e+01 6.226895047936029825e-06
7.750000000000000000e+00 5.000000000000000000e+00 6.026282500725477914e-02
7.750000000000000000e+00 1.500000000000000000e+01 3.944855723412517279e-02
7.750000000000000000e+00 2.500000000000000000e+01 1.912543039220001781e-02
7.750000000000000000e+00 3.500000000000000000e+01 6.041134414701413054e-03
7.750000000000000000e+00 4.500000000000000000e+01 1.998946315669794700e-03
7.750000000000000000e+00 5.500000000000000000e+01 1.079151053653147228e-03
7.750000000000000000e+00 6.500000000000000000e+01 8.339246970656822959e-04
7.750000000000000000e+00 7.500000000000000000e+01 6.815261591973174448e-04
7.750000000000000000e+00 8.500000000000000000e+01 3.671494262235293891e-04
7.750000000000000000e+00 9.500000000000000000e+01 2.567276700101319537e-04
7.750000000000000000e+00 1.050000000000000000e+02 1.026232507094037411e-04
7.750000000000000000e+00 1.150000000000000000e+02 4.747367603454338614e-05
7.750000000000000000e+00 1.250000000000000000e+02 1.759755611030799823e-05
7.750000000000000000e+00 1.350000000000000000e+02 7.401246600539182236e-06
8.250000000000000000e+00 1.500000000000000000e+01 7.339748588806254727e-03
8.250000000000000000e+00 2.500000000000000000e+01 3.570352453161511948e-03
8.250000000000000000e+00 3.500000000000000000e+01 2.043834401243446470e-03
8.250000000000000000e+00 4.500000000000000000e+01 6.787853290708964005e-04
8.250000000000000000e+00 5.500000000000000000e+01 4.194807750384485284e-04
8.250000000000000000e+00 6.500000000000000000e+01 4.559359509922669002e-04
8.250000000000000000e+00 7.500000000000000000e+01 3.305733769734871697e-04
8.250000000000000000e+00 8.500000000000000000e+01 2.487568855083904513e-04
8.250000000000000000e+00 9.500000000000000000e+01 1.652975194245160533e-04
8.250000000000000000e+00 1.050000000000000000e+02 7.331112134557417651e-05
8.250000000000000000e+00 1.150000000000000000e+02 6.426541895095435458e-05
8.250000000000000000e+00 1.250000000000000000e+02 2.937870680051868542e-05
8.250000000000000000e+00 1.350000000000000000e+02 2.265943430886055391e-05
8.250000000000000000e+00 1.450000000000000000e+02 1.443112511816617648e-05
8.250000000000000000e+00 1.550000000000000000e+02 4.469261979588960608e-06
8.250000000000000000e+00 1.650000000000000000e+02 2.419413423833448828e-06
8.250000000000000000e+00 1.750000000000000000e+02 1.979207509849595926e-07
