5.250000000000000000e+00 5.000000000000000000e+00 2.263269809635329657e-02
5.250000000000000000e+00 1.500000000000000000e+01 1.287849274336598238e-01
5.250000000000000000e+00 2.500000000000000000e+01 1.085261810732960491e-02
5.250000000000000000e+00 3.500000000000000000e+01 1.158641857563170400e-03
5.250000000000000000e+00 4.500000000000000000e+01 5.818028448949012722e-05
5.750000000000000000e+00 5.000000000000000000e+00 3.878199345175328827e-02
5.750000000000000000e+00 1.500000000000000000e+01 1.096076694574606158e-01
5.750000000000000000e+00 2.500000000000000000e+01 2.742691705218478632e-02
5.750000000000000000e+00 3.500000000000000000e+01 8.600702773795041930e-03
5.750000000000000000e+00 4.500000000000000000e+01 3.183254726174180194e-03
5.750000000000000000e+00 5.500000000000000000e+01 8.771851463547788259e-04
5.750000000000000000e+00 6.500000000000000000e+01 1.834196080260917013e-04
5.750000000000000000e+00 7.500000000000000000e+01 2.296597712128345991e-05
6.250000000000000000e+00 5.000000000000000000e+00 7.692007681777307537e-02
6.250000000000000000e+00 1.500000000000000000e+01 1.203291683568850773e-01
6.250000000000000000e+00 2.500000000000000000e+01 6.236048142678952966e-02
6.250000000000000000e+00 3.500000000000000000e+01 3.063233818866534924e-02
6.250000000000000000e+00 4.500000000000000000e+01 1.935907236913119930e-02
6.250000000000000000e+00 5.500000000000000000e+01 9.779207236194360775e-03
6.250000000000000000e+00 6.500000000000000000e+01 5.925664071424294188e-03
6.250000000000000000e+00 7.500000000000000000e+01 2.487784692105798282e-03
6.250000000000000000e+00 8.500000000000000000e+01 1.334871245582612033e-03
6.250000000000000000e+00 9.500000000000000000e+01 5.927659742768455952e-04
6.250000000000000000e+00 1.050000000000000000e+02 3.247182739698510276e-04
6.250000000000000000e+00 1.150000000000000000e+02 1.255632132403996528e-04
6.250000000000000000e+00 1.250000000000000000e+02 2.989080069426361820e-05
6.750000000000000000e+00 5.000000000000000000e+00 3.177921950506849835e-02
6.750000000000000000e+00 1.500000000000000000e+01 4.653941107171674640e-02
6.750000000000000000e+00 2.500000000000000000e+01 3.842076402282489783e-02
6.750000000000000000e+00 3.500000000000000000e+01 2.559554025566001048e-02
6.750000000000000000e+00 4.500000000000000000e+01 1.492812048695345284e-02
6.750000000000000000e+00 5.500000000000000000e+01 1.007436718506552961e-02
6.750000000000000000e+00 6.500000000000000000e+01 7.419454497093372347e-03
6.750000000000000000e+00 7.500000000000000000e+01 4.108152483514926345e-03
6.750000000000000000e+00 8.500000000000000000e+01 2.207227898928497151e-03
6.750000000000000000e+00 9.500000000000000000e+01 1.573203612565937442e-03
6.750000000000000000e+00 1.050000000000000000e+02 1.066976384889398210e-03
6.750000000000000000e+00 1.150000000000000000e+02 6.582210614412744437e-04
6.750000000000000000e+00 1.250000000000000000e+02 3.922022271938226980e-04
6.750000000000000000e+00 1.350000000000000000e+02 1.507991437554867260e-04
6.750000000000000000e+00 1.450000000000000000e+02 3.419036601643340561e-05
7.250000000000000000e+00 5.000000000000000000e+00 2.534635268559584653e-02
7.250000000000000000e+00 1.500000000000000000e+01 2.616956152423081591e-02
7.250000000000000000e+00 2.500000000000000000e+01 2.220093926568577486e-02
7.250000000000000000e+00 3.500000000000000000e+01 1.587051743979328577e-02
7.250000000000000000e+00 4.500000000000000000e+01 9.936223198186931380e-03
7.250000000000000000e+00 5.500000000000000000e+01 7.686435843293410071e-03
7.250000000000000000e+00 6.500000000000000000e+01 4.198145488081983165e-03
7.250000000000000000e+00 7.500000000000000000e+01 2.810952659341181721e-03
7.250000000000000000e+00 8.500000000000000000e+01 1.817390788385695160e-03
7.250000000000000000e+00 9.500000000000000000e+01 1.335192712035016471e-03
7.250000000000000000e+00 1.050000000000000000e+02 9.871737316429433223e-04
7.250000000000000000e+00 1.150000000000000000e+02 6.554878978396001463e-04
7.250000000000000000e+00 1.250000000000000000e+02 4.130657336712687607e-04
7.250000000000000000e+00 1.350000000000000000e+02 2.546951945009558009e-04
7.250000000000000000e+00 1.450000000000000000e+02 1.172455795720239925e-04
7.250000000000000000e+00 1.550000000000000000e+02 3.876566456037922585e-05
7.250000000000000000e+00 1.650000000000000000e+02 3.029599993192915616e-06
7.750000000000000000e+00 5.000000000000000000e+00 2.532152302577722180e-03
7.750000000000000000e+00 1.500000000000000000e+01 2.118190579613910950e-03
7.750000000000000000e+00 2.500000000000000000e+01 1.712763177352831382e-03
7.750000000000000000e+00 3.500000000000000000e+01 1.404286891902802948e-03
7.750000000000000000e+00 4.500000000000000000e+01 9.056893956773485197e-04
7.750000000000000000e+00 5.500000000000000000e+01 6.556884213076911820e-04
7.750000000000000000e+00 6.500000000000000000e+01 5.988612056628978561e-04
7.750000000000000000e+00 7.500000000000000000e+01 5.730025748386720786e-04
7.750000000000000000e+00 8.500000000000000000e+01 4.785906993057527739e-04
7.750000000000000000e+00 9.500000000000000000e+01 3.528322663933953249e-04
7.750000000000000000e+00 1.050000000000000000e+02 2.409751086736478150e-04
7.750000000000000000e+00 1.150000000000000000e+02 1.397169252689316654e-04
7.750000000000000000e+00 1.250000000000000000e+02 1.120003146592525096e-04
7.750000000000000000e+00 1.350000000000000000e+02 5.407347152683435811e-05
7.750000000000000000e+00 1.450000000000000000e+02 3.905869264418709359e-05
7.750000000000000000e+00 1.550000000000000000e+02 2.230151859645176414e-05
7.750000000000000000e+00 1.650000000000000000e+02 1.187534915885474461e-05
7.750000000000000000e+00 1.750000000000000000e+02 9.127051623035120729e-07
8.250000000000000000e+00 1.500000000000000000e+01 1.905424694243547813e-04
8.250000000000000000e+00 2.500000000000000000e+01 1.826168282372876467e-04
8.250000000000000000e+00 3.500000000000000000e+01 1.474521179103072881e-04
8.250000000000000000e+00 4.500000000000000000e+01 8.407031966680507049e-05
8.250000000000000000e+00 5.500000000000000000e+01 5.808361475434759247e-05
8.250000000000000000e+00 6.500000000000000000e+01 6.299976943040362534e-05
8.250000000000000000e+00 7.500000000000000000e+01 5.081883897442639013e-05
8.250000000000000000e+00 8.500000000000000000e+01 3.916222741008966961e-05
8.250000000000000000e+00 9.500000000000000000e+01 2.748479368116871975e-05
8.250000000000000000e+00 1.050000000000000000e+02 1.276395439707183492e-05
8.250000000000000000e+00 1.150000000000000000e+02 1.185631762564551807e-05
8.250000000000000000e+00 1.250000000000000000e+02 6.664750906810674605e-06
8.250000000000000000e+00 1.350000000000000000e+02 5.154424868877508496e-06
8.250000000000000000e+00 1.450000000000000000e+02 3.030753415847904919e-06
8.250000000000000000e+00 1.550000000000000000e+02 1.547900042088278598e-06
8.250000000000000000e+00 1.650000000000000000e+02 7.879735964555892198e-07
8.250000000000000000e+00 1.750000000000000000e+02 1.894972375482025877e-07
