5.250000000000000000e+00 5.000000000000000000e+00 4.629791955080143906e-02
5.250000000000000000e+00 1.500000000000000000e+01 2.791848684519682156e-01
5.250000000000000000e+00 2.500000000000000000e+01 1.717188504663301127e-02
5.250000000000000000e+00 3.500000000000000000e+01 6.105520155740972333e-04
5.750000000000000000e+00 5.000000000000000000e+00 5.959794126076255888e-02
5.750000000000000000e+00 1.500000000000000000e+01 1.345073731995085342e-01
5.750000000000000000e+00 2.500000000000000000e+01 2.174609462127889692e-02
5.750000000000000000e+00 3.500000000000000000e+01 3.777145055171970273e-03
5.750000000000000000e+00 4.500000000000000000e+01 3.655347268173463667e-04
5.750000000000000000e+00 5.500000000000000000e+01 2.275321444568541503e-07
6.250000000000000000e+00 5.000000000000000000e+00 9.589346188316491548e-02
6.250000000000000000e+00 1.500000000000000000e+01 1.002956474770314022e-01
6.250000000000000000e+00 2.500000000000000000e+01 3.172511760444039070e-02
6.250000000000000000e+00 3.500000000000000000e+01 9.670789264043288050e-03
6.250000000000000000e+00 4.500000000000000000e+01 3.416317598746383515e-03
6.250000000000000000e+00 5.500000000000000000e+01 6.016391959920111988e-04
6.250000000000000000e+00 6.500000000000000000e+01 5.194502246981384276e-05
6.750000000000000000e+00 5.000000000000000000e+00 3.821720368499979814e-02
6.750000000000000000e+00 1.500000000000000000e+01 3.689876239177788952e-02
6.750000000000000000e+00 2.500000000000000000e+01 1.758253313772213666e-02
6.750000000000000000e+00 3.500000000000000000e+01 6.872900314841920259e-03
6.750000000000000000e+00 4.500000000000000000e+01 2.410221789704726243e-03
6.750000000000000000e+00 5.500000000000000000e+01 8.995814093347410077e-04
6.750000000000000000e+00 6.500000000000000000e+01 2.728885257727293296e-04
6.750000000000000000e+00 7.500000000000000000e+01 3.075233119626848952e-05
6.750000000000000000e+00 8.500000000000000000e+01 2.992453424504300194e-07
7.250000000000000000e+00 5.000000000000000000e+00 3.090306309423389644e-02
7.250000000000000000e+00 1.500000000000000000e+01 2.562681351431166793e-02
7.250000000000000000e+00 2.500000000000000000e+01 1.417456291129591366e-02
7.250000000000000000e+00 3.500000000000000000e+01 6.631237671441531610e-03
7.250000000000000000e+00 4.500000000000000000e+01 2.698292546797472023e-03
7.250000000000000000e+00 5.500000000000000000e+01 1.297868465176325392e-03
7.250000000000000000e+00 6.500000000000000000e+01 4.203027599886883028e-04
7.250000000000000000e+00 7.500000000000000000e+01 1.387534100871190253e-04
7.250000000000000000e+00 8.500000000000000000e+01 3.332588552468874294e-05
7.250000000000000000e+00 9.500000000000000000e+01 5.136063928556211235e-06
7.250000000000000000e+00 1.050000000000000000e+02 9.599879391246181047e-08
7.750000000000000000e+00 5.000000000000000000e+00 3.290794091868649938e-03
7.750000000000000000e+00 1.500000000000000000e+01 2.466815170413574117e-03
7.750000000000000000e+00 2.500000000000000000e+01 1.620725378353019431e-03
7.750000000000000000e+00 3.500000000000000000e+01 9.641111589806739208e-04
7.750000000000000000e+00 4.500000000000000000e+01 4.171769129765174710e-04
7.750000000000000000e+00 5.500000000000000000e+01 2.201616381519988497e-04
7.750000000000000000e+00 6.500000000000000000e+01 1.464079728476194752e-04
7.750000000000000000e+00 7.500000000000000000e+01 9.518965868326349029e-05
7.750000000000000000e+00 8.500000000000000000e+01 4.563341918728821509e-05
7.750000000000000000e+00 9.500000000000000000e+01 1.600512400575977926e-05
7.750000000000000000e+00 1.050000000000000000e+02 2.917826789641443143e-06
7.750000000000000000e+00 1.150000000000000000e+02 1.654601401738860758e-07
8.250000000000000000e+00 1.500000000000000000e+01 2.445080314531976285e-04
8.250000000000000000e+00 2.500000000000000000e+01 1.803704691642043763e-04
8.250000000000000000e+00 3.500000000000000000e+01 1.230146209857132210e-04
8.250000000000000000e+00 4.500000000000000000e+01 5.409618863203315538e-05
8.250000000000000000e+00 5.500000000000000000e+01 3.023486330533768765e-05
8.250000000000000000e+00 6.500000000000000000e+01 2.459271706943859452e-05
8.250000000000000000e+00 7.500000000000000000e+01 1.473502459791711616e-05
8.250000000000000000e+00 8.500000000000000000e+01 8.172954502836484692e-06
8.250000000000000000e+00 9.500000000000000000e+01 3.743438419999642183e-06
8.250000000000000000e+00 1.050000000000000000e+02 9.963237890009464508e-07
8.250000000000000000e+00 1.150000000000000000e+02 3.505594060639450050e-07
8.250000000000000000e+00 1.250000000000000000e+02 2.527053197039151481e-08
8.250000000000000000e+00 1.350000000000000000e+02 1.066922772687735637e-09
