5.250000000000000000e+00 5.000000000000000000e+00 1.753627338051780629e-02
5.250000000000000000e+00 1.500000000000000000e+01 1.942498378275827053e-01
5.250000000000000000e+00 2.500000000000000000e+01 7.354434239270812856e-02
5.250000000000000000e+00 3.500000000000000000e+01 2.532171766573407257e-02
5.250000000000000000e+00 4.500000000000000000e+01 9.319426095530198781e-03
5.250000000000000000e+00 5.500000000000000000e+01 3.185718314344992887e-03
5.250000000000000000e+00 6.500000000000000000e+01 7.842065150200147735e-04
5.250000000000000000e+00 7.500000000000000000e+01 1.660832963525986860e-04
5.750000000000000000e+00 5.000000000000000000e+00 1.679387122262184298e-02
5.750000000000000000e+00 1.500000000000000000e+01 9.749871750399680126e-02
5.750000000000000000e+00 2.500000000000000000e+01 5.601587102279922264e-02
5.750000000000000000e+00 3.500000000000000000e+01 2.937540177438113104e-02
5.750000000000000000e+00 4.500000000000000000e+01 1.777706634242964129e-02
5.750000000000000000e+00 5.500000000000000000e+01 9.039999414587752968e-03
5.750000000000000000e+00 6.500000000000000000e+01 4.640649428331742633e-03
5.750000000000000000e+00 7.500000000000000000e+01 2.167448233647612747e-03
5.750000000000000000e+00 8.500000000000000000e+01 8.193601352191940117e-04
5.750000000000000000e+00 9.500000000000000000e+01 1.578279740407715747e-04
6.250000000000000000e+00 5.000000000000000000e+00 2.844083042465028049e-02
6.250000000000000000e+00 1.500000000000000000e+01 6.937698229726904642e-02
6.250000000000000000e+00 2.500000000000000000e+01 5.836545611378261139e-02
6.250000000000000000e+00 3.500000000000000000e+01 3.743444512837830473e-02
6.250000000000000000e+00 4.500000000000000000e+01 3.056782165086286210e-02
6.250000000000000000e+00 5.500000000000000000e+01 1.837939878268617794e-02
6.250000000000000000e+00 6.500000000000000000e+01 1.317997390336716687e-02
6.250000000000000000e+00 7.500000000000000000e+01 6.364570977064013847e-03
6.250000000000000000e+00 8.500000000000000000e+01 3.954668410473237590e-03
6.250000000000000000e+00 9.500000000000000000e+01 2.118864991105172142e-03
6.250000000000000000e+00 1.050000000000000000e+02 1.203204059617963379e-03
6.250000000000000000e+00 1.150000000000000000e+02 5.512515097613989975e-04
6.250000000000000000e+00 1.250000000000000000e+02 1.258917370639247506e-04
6.750000000000000000e+00 5.000000000000000000e+00 1.019950523020252998e-02
6.750000000000000000e+00 1.500000000000000000e+01 1.818039838421056306e-02
6.750000000000000000e+00 2.500000000000000000e+01 1.980279589850010569e-02
6.750000000000000000e+00 3.500000000000000000e+01 1.707997881254463834e-02
6.750000000000000000e+00 4.500000000000000000e+01 1.190736821862463379e-02
6.750000000000000000e+00 5.500000000000000000e+01 9.097260830345073324e-03
6.750000000000000000e+00 6.500000000000000000e+01 7.327688417314546371e-03
6.750000000000000000e+00 7.500000000000000000e+01 4.328436115549974712e-03
6.750000000000000000e+00 8.500000000000000000e+01 2.422693664429321526e-03
6.750000000000000000e+00 9.500000000000000000e+01 1.772319264244987067e-03
6.750000000000000000e+00 1.050000000000000000e+02 1.243452305538726406e-03
6.750000000000000000e+00 1.150000000000000000e+02 7.817013167086876929e-04
6.750000000000000000e+00 1.250000000000000000e+02 4.956818220899992513e-04
6.750000000000000000e+00 1.350000000000000000e+02 1.995762475890683080e-04
6.750000000000000000e+00 1.450000000000000000e+02 4.315639322038912972e-05
7.250000000000000000e+00 5.000000000000000000e+00 8.192587185507863717e-03
7.250000000000000000e+00 1.500000000000000000e+01 9.586603882932108467e-03
7.250000000000000000e+00 2.500000000000000000e+01 1.004536095628121017e-02
7.250000000000000000e+00 3.500000000000000000e+01 9.014912332608919499e-03
7.250000000000000000e+00 4.500000000000000000e+01 6.710102473865639343e-03
7.250000000000000000e+00 5.500000000000000000e+01 5.915728458208961531e-03
7.250000000000000000e+00 6.500000000000000000e+01 3.496886434554188905e-03
7.250000000000000000e+00 7.500000000000000000e+01 2.463522408354412892e-03
7.250000000000000000e+00 8.500000000000000000e+01 1.634759405534843505e-03
7.250000000000000000e+00 9.500000000000000000e+01 1.217668433798999852e-03
7.250000000000000000e+00 1.050000000000000000e+02 8.993292503923283263e-04
7.250000000000000000e+00 1.150000000000000000e+02 5.881235059194262187e-04
7.250000000000000000e+00 1.250000000000000000e+02 3.646102708241321299e-04
7.250000000000000000e+00 1.350000000000000000e+02 2.226738929915945975e-04
7.250000000000000000e+00 1.450000000000000000e+02 1.022138934163374982e-04
7.250000000000000000e+00 1.550000000000000000e+02 3.421960342860105826e-05
7.250000000000000000e+00 1.650000000000000000e+02 2.422883487542785963e-06
7.750000000000000000e+00 5.000000000000000000e+00 8.033456231961441174e-04
7.750000000000000000e+00 1.500000000000000000e+01 7.295477214490106530e-04
7.750000000000000000e+00 2.500000000000000000e+01 6.634251784019527549e-04
7.750000000000000000e+00 3.500000000000000000e+01 6.612627396022496959e-04
7.750000000000000000e+00 4.500000000000000000e+01 5.321331017620099064e-04
7.750000000000000000e+00 5.500000000000000000e+01 4.270475189938872603e-04
7.750000000000000000e+00 6.500000000000000000e+01 4.211171710457314930e-04
7.750000000000000000e+00 7.500000000000000000e+01 4.244576260474360518e-04
7.750000000000000000e+00 8.500000000000000000e+01 3.679257543980777646e-04
7.750000000000000000e+00 9.500000000000000000e+01 2.706103134497638246e-04
7.750000000000000000e+00 1.050000000000000000e+02 1.827714701410307091e-04
7.750000000000000000e+00 1.150000000000000000e+02 1.027456851412417616e-04
7.750000000000000000e+00 1.250000000000000000e+02 7.951033444351494493e-05
7.750000000000000000e+00 1.350000000000000000e+02 3.558112597276951876e-05
7.750000000000000000e+00 1.450000000000000000e+02 2.434918870551607405e-05
7.750000000000000000e+00 1.550000000000000000e+02 1.265648595285624670e-05
7.750000000000000000e+00 1.650000000000000000e+02 6.354796929209280557e-06
7.750000000000000000e+00 1.750000000000000000e+02 3.979377803627886803e-07
8.250000000000000000e+00 1.500000000000000000e+01 6.147463772179789657e-05
8.250000000000000000e+00 2.500000000000000000e+01 7.171567606672984800e-05
8.250000000000000000e+00 3.500000000000000000e+01 6.735243750429649164e-05
8.250000000000000000e+00 4.500000000000000000e+01 4.555810861618410091e-05
8.250000000000000000e+00 5.500000000000000000e+01 3.431515313599020910e-05
8.250000000000000000e+00 6.500000000000000000e+01 3.969184122647839263e-05
8.250000000000000000e+00 7.500000000000000000e+01 3.349436584696625522e-05
8.250000000000000000e+00 8.500000000000000000e+01 2.619198361452615672e-05
8.250000000000000000e+00 9.500000000000000000e+01 1.839758203319486436e-05
8.250000000000000000e+00 1.050000000000000000e+02 8.411530052699013111e-06
8.250000000000000000e+00 1.150000000000000000e+02 7.562302423059318142e-06
8.250000000000000000e+00 1.250000000000000000e+02 4.004464233709810760e-06
8.250000000000000000e+00 1.350000000000000000e+02 2.931833120101514256e-06
8.250000000000000000e+00 1.450000000000000000e+02 1.580306548956338491e-06
8.250000000000000000e+00 1.550000000000000000e+02 7.458077620356434779e-07
8.250000000000000000e+00 1.650000000000000000e+02 3.420678192278571251e-07
8.250000000000000000e+00 1.750000000000000000e+02 7.340971276486936940e-08
