5.250000000000000000e+00 5.000000000000000000e+00 1.415316100077298155e-02
5.250000000000000000e+00 1.500000000000000000e+01 4.697574871849211076e-02
5.250000000000000000e+00 2.500000000000000000e+01 1.776656724495341059e-05
5.750000000000000000e+00 5.000000000000000000e+00 6.464929372958863607e-02
5.750000000000000000e+00 1.500000000000000000e+01 7.539360616657010683e-02
5.750000000000000000e+00 2.500000000000000000e+01 2.064723588657488285e-03
6.250000000000000000e+00 5.000000000000000000e+00 1.963982736677920560e-01
6.250000000000000000e+00 1.500000000000000000e+01 1.165785043396418141e-01
6.250000000000000000e+00 2.500000000000000000e+01 1.967711845779396285e-02
6.250000000000000000e+00 3.500000000000000000e+01 3.698699973799408468e-03
6.250000000000000000e+00 4.500000000000000000e+01 5.308843761348757632e-04
6.250000000000000000e+00 5.500000000000000000e+01 1.826528215746569853e-05
6.750000000000000000e+00 5.000000000000000000e+00 1.157117673546805697e-01
6.750000000000000000e+00 1.500000000000000000e+01 8.564635489096207588e-02
6.750000000000000000e+00 2.500000000000000000e+01 2.605369196434072221e-02
6.750000000000000000e+00 3.500000000000000000e+01 7.285140601358864459e-03
6.750000000000000000e+00 4.500000000000000000e+01 1.748638200718604123e-03
6.750000000000000000e+00 5.500000000000000000e+01 3.426554668581376843e-04
6.750000000000000000e+00 6.500000000000000000e+01 2.753169675196509488e-05
7.250000000000000000e+00 5.000000000000000000e+00 9.679280729209997769e-02
7.250000000000000000e+00 1.500000000000000000e+01 6.855105989542097100e-02
7.250000000000000000e+00 2.500000000000000000e+01 2.391750566881343035e-02
7.250000000000000000e+00 3.500000000000000000e+01 6.898624283956122406e-03
7.250000000000000000e+00 4.500000000000000000e+01 1.895797525166679955e-03
7.250000000000000000e+00 5.500000000000000000e+01 5.024785373950111907e-04
7.250000000000000000e+00 6.500000000000000000e+01 6.694566433177653734e-05
7.250000000000000000e+00 7.500000000000000000e+01 1.350624360319851175e-06
7.750000000000000000e+00 5.000000000000000000e+00 1.079266154530106846e-02
7.750000000000000000e+00 1.500000000000000000e+01 7.253511484092547978e-03
7.750000000000000000e+00 2.500000000000000000e+01 3.647664035214685883e-03
7.750000000000000000e+00 3.500000000000000000e+01 1.186241037520532242e-03
7.750000000000000000e+00 4.500000000000000000e+01 2.554843889083814601e-04
7.750000000000000000e+00 5.500000000000000000e+01 8.316602876709726171e-05
7.750000000000000000e+00 6.500000000000000000e+01 2.665402020557773621e-05
7.750000000000000000e+00 7.500000000000000000e+01 4.464596295706410445e-06
7.750000000000000000e+00 8.500000000000000000e+01 1.672621659444262998e-08
8.250000000000000000e+00 1.500000000000000000e+01 7.353008887105101686e-04
8.250000000000000000e+00 2.500000000000000000e+01 2.662604147428845013e-04
8.250000000000000000e+00 3.500000000000000000e+01 1.068433870760508383e-04
8.250000000000000000e+00 4.500000000000000000e+01 2.771006578495801756e-05
8.250000000000000000e+00 5.500000000000000000e+01 1.029587956151485780e-05
8.250000000000000000e+00 6.500000000000000000e+01 4.454814154562640357e-06
8.250000000000000000e+00 7.500000000000000000e+01 8.305192149137478653e-07
8.250000000000000000e+00 8.500000000000000000e+01 4.463237115765827030e-08
