5.250000000000000000e+00 5.000000000000000000e+00 2.192433757400248998e-02
5.250000000000000000e+00 1.500000000000000000e+01 1.894208470488499829e-01
5.250000000000000000e+00 2.500000000000000000e+01 4.744864802525704944e-02
5.250000000000000000e+00 3.500000000000000000e+01 1.206914762476424957e-02
5.250000000000000000e+00 4.500000000000000000e+01 3.041183802171585054e-03
5.250000000000000000e+00 5.500000000000000000e+01 5.873890298611771262e-04
5.250000000000000000e+00 6.500000000000000000e+01 6.023093531471526978e-05
5.750000000000000000e+00 5.000000000000000000e+00 2.551836843464266175e-02
5.750000000000000000e+00 1.500000000000000000e+01 1.138193234766871759e-01
5.750000000000000000e+00 2.500000000000000000e+01 4.939478605943464773e-02
5.750000000000000000e+00 3.500000000000000000e+01 2.137571631391831442e-02
5.750000000000000000e+00 4.500000000000000000e+01 1.090572723131397713e-02
5.750000000000000000e+00 5.500000000000000000e+01 4.583173197643232791e-03
5.750000000000000000e+00 6.500000000000000000e+01 1.753778043740036223e-03
5.750000000000000000e+00 7.500000000000000000e+01 5.672868269713037892e-04
5.750000000000000000e+00 8.500000000000000000e+01 1.221236064836082034e-04
5.750000000000000000e+00 9.500000000000000000e+01 1.093332563934655626e-05
6.250000000000000000e+00 5.000000000000000000e+00 4.490519799927712719e-02
6.250000000000000000e+00 1.500000000000000000e+01 9.255889484319160254e-02
6.250000000000000000e+00 2.500000000000000000e+01 6.396425744534854629e-02
6.250000000000000000e+00 3.500000000000000000e+01 3.576514368290650836e-02
6.250000000000000000e+00 4.500000000000000000e+01 2.543103522882909917e-02
6.250000000000000000e+00 5.500000000000000000e+01 1.350807043755257453e-02
6.250000000000000000e+00 6.500000000000000000e+01 8.484545415653670791e-03
6.250000000000000000e+00 7.500000000000000000e+01 3.612049716959308751e-03
6.250000000000000000e+00 8.500000000000000000e+01 1.946955567873526411e-03
6.250000000000000000e+00 9.500000000000000000e+01 8.413314068735336295e-04
6.250000000000000000e+00 1.050000000000000000e+02 4.006760943016726283e-04
6.250000000000000000e+00 1.150000000000000000e+02 1.434853069742764284e-04
6.250000000000000000e+00 1.250000000000000000e+02 2.470003411242466072e-05
6.750000000000000000e+00 5.000000000000000000e+00 1.684404839439536741e-02
6.750000000000000000e+00 1.500000000000000000e+01 2.751773511459158772e-02
6.750000000000000000e+00 2.500000000000000000e+01 2.626340811432777492e-02
6.750000000000000000e+00 3.500000000000000000e+01 1.957587438722313555e-02
6.750000000000000000e+00 4.500000000000000000e+01 1.208138392241122835e-02
6.750000000000000000e+00 5.500000000000000000e+01 8.277162947265463352e-03
6.750000000000000000e+00 6.500000000000000000e+01 6.016403977213545355e-03
6.750000000000000000e+00 7.500000000000000000e+01 3.197406534809656489e-03
6.750000000000000000e+00 8.500000000000000000e+01 1.619828858398803884e-03
6.750000000000000000e+00 9.500000000000000000e+01 1.068166457243098369e-03
6.750000000000000000e+00 1.050000000000000000e+02 6.626182825094638655e-04
6.750000000000000000e+00 1.150000000000000000e+02 3.531523963326406662e-04
6.750000000000000000e+00 1.250000000000000000e+02 1.742605754047150610e-04
6.750000000000000000e+00 1.350000000000000000e+02 5.031606432201238114e-05
6.750000000000000000e+00 1.450000000000000000e+02 8.395101295829127973e-06
7.250000000000000000e+00 5.000000000000000000e+00 1.348888066084421612e-02
7.250000000000000000e+00 1.500000000000000000e+01 1.488542582615925459e-02
7.250000000000000000e+00 2.500000000000000000e+01 1.406009724267959227e-02
7.250000000000000000e+00 3.500000000000000000e+01 1.108189168367166438e-02
7.250000000000000000e+00 4.500000000000000000e+01 7.298992880942913909e-03
7.250000000000000000e+00 5.500000000000000000e+01 5.718198495470768437e-03
7.250000000000000000e+00 6.500000000000000000e+01 3.056415412304905755e-03
7.250000000000000000e+00 7.500000000000000000e+01 1.959522248951084573e-03
7.250000000000000000e+00 8.500000000000000000e+01 1.183372233862074480e-03
7.250000000000000000e+00 9.500000000000000000e+01 7.994346345289645448e-04
7.250000000000000000e+00 1.050000000000000000e+02 5.317184528944194841e-04
7.250000000000000000e+00 1.150000000000000000e+02 3.074154698721458137e-04
7.250000000000000000e+00 1.250000000000000000e+02 1.626610265779271217e-04
7.250000000000000000e+00 1.350000000000000000e+02 7.659142838170218041e-05
7.250000000000000000e+00 1.450000000000000000e+02 2.307964001262821548e-05
7.250000000000000000e+00 1.550000000000000000e+02 5.280666906977508337e-06
7.250000000000000000e+00 1.650000000000000000e+02 1.940270653325785583e-07
7.750000000000000000e+00 5.000000000000000000e+00 1.334426693883654629e-03
7.750000000000000000e+00 1.500000000000000000e+01 1.165466339787934536e-03
7.750000000000000000e+00 2.500000000000000000e+01 9.979678442235361251e-04
7.750000000000000000e+00 3.500000000000000000e+01 8.939559830470019709e-04
7.750000000000000000e+00 4.500000000000000000e+01 6.163118250933508763e-04
7.750000000000000000e+00 5.500000000000000000e+01 4.458721121210726152e-04
7.750000000000000000e+00 6.500000000000000000e+01 3.990526132034802895e-04
7.750000000000000000e+00 7.500000000000000000e+01 3.666280189074883414e-04
7.750000000000000000e+00 8.500000000000000000e+01 2.868263930202640194e-04
7.750000000000000000e+00 9.500000000000000000e+01 1.928175440780490466e-04
7.750000000000000000e+00 1.050000000000000000e+02 1.179987838759217236e-04
7.750000000000000000e+00 1.150000000000000000e+02 6.012970162266823509e-05
7.750000000000000000e+00 1.250000000000000000e+02 4.090686744961825064e-05
7.750000000000000000e+00 1.350000000000000000e+02 1.573023312007152224e-05
7.750000000000000000e+00 1.450000000000000000e+02 8.346647575632885386e-06
7.750000000000000000e+00 1.550000000000000000e+02 2.924610230838839143e-06
7.750000000000000000e+00 1.650000000000000000e+02 9.567680181855191883e-07
7.750000000000000000e+00 1.750000000000000000e+02 3.742919405180083539e-08
8.250000000000000000e+00 1.500000000000000000e+01 1.015057510235344029e-04
8.250000000000000000e+00 2.500000000000000000e+01 1.079066856780573895e-04
8.250000000000000000e+00 3.500000000000000000e+01 9.238666963362440851e-05
8.250000000000000000e+00 4.500000000000000000e+01 5.501211101911207682e-05
8.250000000000000000e+00 5.500000000000000000e+01 3.776518395391969846e-05
8.250000000000000000e+00 6.500000000000000000e+01 3.939200928056973272e-05
8.250000000000000000e+00 7.500000000000000000e+01 3.018311814087586178e-05
8.250000000000000000e+00 8.500000000000000000e+01 2.161764764054108670e-05
8.250000000000000000e+00 9.500000000000000000e+01 1.394545471649526968e-05
8.250000000000000000e+00 1.050000000000000000e+02 5.822482979731105407e-06
8.250000000000000000e+00 1.150000000000000000e+02 4.760282174045544014e-06
8.250000000000000000e+00 1.250000000000000000e+02 2.255170830531308493e-06
8.250000000000000000e+00 1.350000000000000000e+02 1.455862475898278698e-06
8.250000000000000000e+00 1.450000000000000000e+02 6.701898690634869681e-07
8.250000000000000000e+00 1.550000000000000000e+02 2.227714566058677546e-07
8.250000000000000000e+00 1.650000000000000000e+02 6.171419312945384981e-08
8.250000000000000000e+00 1.750000000000000000e+02 3.591061380910919984e-09
