5.250000000000000000e+00 5.000000000000000000e+00 7.362860291720284799e-03
5.250000000000000000e+00 1.500000000000000000e+01 3.029165249259693771e-02
5.250000000000000000e+00 2.500000000000000000e+01 1.263009277255393607e-03
5.250000000000000000e+00 3.500000000000000000e+01 1.169798500742009784e-04
5.750000000000000000e+00 5.000000000000000000e+00 2.812236939973481939e-02
5.750000000000000000e+00 1.500000000000000000e+01 6.878417282056352444e-02
5.750000000000000000e+00 2.500000000000000000e+01 1.617348683181056221e-02
5.750000000000000000e+00 3.500000000000000000e+01 5.333832499777122621e-03
5.750000000000000000e+00 4.500000000000000000e+01 2.403496817859039365e-03
5.750000000000000000e+00 5.500000000000000000e+01 8.839526645383809439e-04
5.750000000000000000e+00 6.500000000000000000e+01 3.788719060112476049e-04
5.750000000000000000e+00 7.500000000000000000e+01 1.569262936333297226e-04
5.750000000000000000e+00 8.500000000000000000e+01 4.767720818242767464e-05
5.750000000000000000e+00 9.500000000000000000e+01 5.932186349403004791e-06
6.250000000000000000e+00 5.000000000000000000e+00 7.155366030325641113e-02
6.250000000000000000e+00 1.500000000000000000e+01 1.103021952158315389e-01
6.250000000000000000e+00 2.500000000000000000e+01 6.085844803997487312e-02
6.250000000000000000e+00 3.500000000000000000e+01 3.373118544839324995e-02
6.250000000000000000e+00 4.500000000000000000e+01 2.478151987167481404e-02
6.250000000000000000e+00 5.500000000000000000e+01 1.508883409133571565e-02
6.250000000000000000e+00 6.500000000000000000e+01 1.178048692543456726e-02
6.250000000000000000e+00 7.500000000000000000e+01 6.544499917353247681e-03
6.250000000000000000e+00 8.500000000000000000e+01 4.705071406442689307e-03
6.250000000000000000e+00 9.500000000000000000e+01 3.289495102589949909e-03
6.250000000000000000e+00 1.050000000000000000e+02 2.847549563556727760e-03
6.250000000000000000e+00 1.150000000000000000e+02 2.000434655258357709e-03
6.250000000000000000e+00 1.250000000000000000e+02 6.876349462745239179e-04
6.750000000000000000e+00 5.000000000000000000e+00 3.152756651303556534e-02
6.750000000000000000e+00 1.500000000000000000e+01 4.710530807784907986e-02
6.750000000000000000e+00 2.500000000000000000e+01 4.137409757736904004e-02
6.750000000000000000e+00 3.500000000000000000e+01 3.107764673418207321e-02
6.750000000000000000e+00 4.500000000000000000e+01 2.067730254703181378e-02
6.750000000000000000e+00 5.500000000000000000e+01 1.629274911976153623e-02
6.750000000000000000e+00 6.500000000000000000e+01 1.414845531009972963e-02
6.750000000000000000e+00 7.500000000000000000e+01 9.522763670441868750e-03
6.750000000000000000e+00 8.500000000000000000e+01 6.248470018676143857e-03
6.750000000000000000e+00 9.500000000000000000e+01 5.810157517606173889e-03
6.750000000000000000e+00 1.050000000000000000e+02 5.246076919847214581e-03
6.750000000000000000e+00 1.150000000000000000e+02 4.593988115174621814e-03
6.750000000000000000e+00 1.250000000000000000e+02 3.992091800005941396e-03
6.750000000000000000e+00 1.350000000000000000e+02 2.364530332951815961e-03
6.750000000000000000e+00 1.450000000000000000e+02 7.988163476661339904e-04
7.250000000000000000e+00 5.000000000000000000e+00 2.634512668895699905e-02
7.250000000000000000e+00 1.500000000000000000e+01 2.906720019745327038e-02
7.250000000000000000e+00 2.500000000000000000e+01 2.806699855732461280e-02
7.250000000000000000e+00 3.500000000000000000e+01 2.423489613097144779e-02
7.250000000000000000e+00 4.500000000000000000e+01 1.839969068007182851e-02
7.250000000000000000e+00 5.500000000000000000e+01 1.737416878751386548e-02
7.250000000000000000e+00 6.500000000000000000e+01 1.165232843227321027e-02
7.250000000000000000e+00 7.500000000000000000e+01 9.595737664774006692e-03
7.250000000000000000e+00 8.500000000000000000e+01 8.061688638904473611e-03
7.250000000000000000e+00 9.500000000000000000e+01 7.676192506306141194e-03
7.250000000000000000e+00 1.050000000000000000e+02 7.551832457174427297e-03
7.250000000000000000e+00 1.150000000000000000e+02 6.600329892997274482e-03
7.250000000000000000e+00 1.250000000000000000e+02 5.672483066861188326e-03
7.250000000000000000e+00 1.350000000000000000e+02 5.127123180876123898e-03
7.250000000000000000e+00 1.450000000000000000e+02 3.686715994170959229e-03
7.250000000000000000e+00 1.550000000000000000e+02 2.051025799577951749e-03
7.250000000000000000e+00 1.650000000000000000e+02 2.890667158938556845e-04
7.750000000000000000e+00 5.000000000000000000e+00 2.676657190969956683e-03
7.750000000000000000e+00 1.500000000000000000e+01 2.419868778946724763e-03
7.750000000000000000e+00 2.500000000000000000e+01 2.212254880222849773e-03
7.750000000000000000e+00 3.500000000000000000e+01 2.278705702936591974e-03
7.750000000000000000e+00 4.500000000000000000e+01 2.059245354919900239e-03
7.750000000000000000e+00 5.500000000000000000e+01 1.903011492461220049e-03
7.750000000000000000e+00 6.500000000000000000e+01 2.216895442467589454e-03
7.750000000000000000e+00 7.500000000000000000e+01 2.704807388862198996e-03
7.750000000000000000e+00 8.500000000000000000e+01 2.893910763864899257e-03
7.750000000000000000e+00 9.500000000000000000e+01 2.781514597896715766e-03
7.750000000000000000e+00 1.050000000000000000e+02 2.451208235317938171e-03
7.750000000000000000e+00 1.150000000000000000e+02 1.843475571832646790e-03
7.750000000000000000e+00 1.250000000000000000e+02 1.993403717356960654e-03
7.750000000000000000e+00 1.350000000000000000e+02 1.347669649160614493e-03
7.750000000000000000e+00 1.450000000000000000e+02 1.376329798983392388e-03
7.750000000000000000e+00 1.550000000000000000e+02 1.136668845404878447e-03
7.750000000000000000e+00 1.650000000000000000e+02 9.496793044239670856e-04
7.750000000000000000e+00 1.750000000000000000e+02 9.900643627734512253e-05
8.250000000000000000e+00 1.500000000000000000e+01 2.078743901920396850e-04
8.250000000000000000e+00 2.500000000000000000e+01 2.539405753827070540e-04
8.250000000000000000e+00 3.500000000000000000e+01 2.583059865423595379e-04
8.250000000000000000e+00 4.500000000000000000e+01 1.984690580917201279e-04
8.250000000000000000e+00 5.500000000000000000e+01 1.728212593943868609e-04
8.250000000000000000e+00 6.500000000000000000e+01 2.489309367992604692e-04
8.250000000000000000e+00 7.500000000000000000e+01 2.591949609550286298e-04
8.250000000000000000e+00 8.500000000000000000e+01 2.565471414032731868e-04
8.250000000000000000e+00 9.500000000000000000e+01 2.284838427950356657e-04
8.250000000000000000e+00 1.050000000000000000e+02 1.389930392404917583e-04
8.250000000000000000e+00 1.150000000000000000e+02 1.680210614739189418e-04
8.250000000000000000e+00 1.250000000000000000e+02 1.276209943368840718e-04
8.250000000000000000e+00 1.350000000000000000e+02 1.323460985139866374e-04
8.250000000000000000e+00 1.450000000000000000e+02 1.068592014149785419e-04
8.250000000000000000e+00 1.550000000000000000e+02 8.054231067583996905e-05
8.250000000000000000e+00 1.650000000000000000e+02 6.009839821832849686e-05
8.250000000000000000e+00 1.750000000000000000e+02 2.777557097978410470e-05
