5.250000000000000000e+00 5.000000000000000000e+00 1.855373963153994152e-02
5.250000000000000000e+00 1.500000000000000000e+01 5.176199573906573037e-02
5.750000000000000000e+00 5.000000000000000000e+00 1.122987078458401733e-01
5.750000000000000000e+00 1.500000000000000000e+01 6.782127776100244088e-02
6.250000000000000000e+00 5.000000000000000000e+00 2.903996112392951967e-01
6.250000000000000000e+00 1.500000000000000000e+01 4.118927675872336575e-02
6.250000000000000000e+00 2.500000000000000000e+01 8.079916746701696218e-05
6.750000000000000000e+00 5.000000000000000000e+00 1.355864774343333579e-01
6.750000000000000000e+00 1.500000000000000000e+01 4.903337700985918590e-02
6.750000000000000000e+00 2.500000000000000000e+01 1.974389593194014747e-03
6.750000000000000000e+00 3.500000000000000000e+01 1.553617052654412213e-06
7.250000000000000000e+00 5.000000000000000000e+00 1.219817520753027490e-01
7.250000000000000000e+00 1.500000000000000000e+01 7.068380053731085355e-02
7.250000000000000000e+00 2.500000000000000000e+01 8.311202224881755751e-03
7.250000000000000000e+00 3.500000000000000000e+01 6.173607176103883872e-04
7.250000000000000000e+00 4.500000000000000000e+01 5.292977335386949664e-06
7.750000000000000000e+00 5.000000000000000000e+00 1.481170705469141494e-02
7.750000000000000000e+00 1.500000000000000000e+01 9.632877618775556594e-03
7.750000000000000000e+00 2.500000000000000000e+01 3.232496087912875831e-03
7.750000000000000000e+00 3.500000000000000000e+01 5.806198670052878678e-04
7.750000000000000000e+00 4.500000000000000000e+01 3.870619939362434492e-05
7.750000000000000000e+00 5.500000000000000000e+01 8.844607726615725040e-07
8.250000000000000000e+00 1.500000000000000000e+01 9.926346834384248280e-04
8.250000000000000000e+00 2.500000000000000000e+01 2.834683492349009170e-04
8.250000000000000000e+00 3.500000000000000000e+01 1.058631707178601358e-04
8.250000000000000000e+00 4.500000000000000000e+01 1.653110243055071682e-05
8.250000000000000000e+00 5.500000000000000000e+01 3.471189127414870761e-06
8.250000000000000000e+00 6.500000000000000000e+01 1.258866849890057669e-07
