5.250000000000000000e+00 5.000000000000000000e+00 4.520927805120631554e-02
5.250000000000000000e+00 1.500000000000000000e+01 1.993651081266349934e-01
5.250000000000000000e+00 2.500000000000000000e+01 1.484354089628505584e-03
5.750000000000000000e+00 5.000000000000000000e+00 8.644183643258944449e-02
5.750000000000000000e+00 1.500000000000000000e+01 1.207067278515106257e-01
5.750000000000000000e+00 2.500000000000000000e+01 7.248286119511160135e-03
5.750000000000000000e+00 3.500000000000000000e+01 2.477146077707809754e-04
6.250000000000000000e+00 5.000000000000000000e+00 1.499072766828620507e-01
6.250000000000000000e+00 1.500000000000000000e+01 9.812858573759505876e-02
6.250000000000000000e+00 2.500000000000000000e+01 1.969423310347526851e-02
6.250000000000000000e+00 3.500000000000000000e+01 4.036009116456374182e-03
6.250000000000000000e+00 4.500000000000000000e+01 6.673071069067280578e-04
6.250000000000000000e+00 5.500000000000000000e+01 3.259660109634183404e-05
6.750000000000000000e+00 5.000000000000000000e+00 6.269377001051540388e-02
6.750000000000000000e+00 1.500000000000000000e+01 4.727630657146122961e-02
6.750000000000000000e+00 2.500000000000000000e+01 1.643430830879573715e-02
6.750000000000000000e+00 3.500000000000000000e+01 5.048991786107806523e-03
6.750000000000000000e+00 4.500000000000000000e+01 1.309899728260765714e-03
6.750000000000000000e+00 5.500000000000000000e+01 2.848661785396759292e-04
6.750000000000000000e+00 6.500000000000000000e+01 3.447187493568344935e-05
7.250000000000000000e+00 5.000000000000000000e+00 5.197695634305531803e-02
7.250000000000000000e+00 1.500000000000000000e+01 3.892155109939628849e-02
7.250000000000000000e+00 2.500000000000000000e+01 1.691265131890137829e-02
7.250000000000000000e+00 3.500000000000000000e+01 6.725141792297809409e-03
7.250000000000000000e+00 4.500000000000000000e+01 2.334331981463206099e-03
7.250000000000000000e+00 5.500000000000000000e+01 9.074957249051025495e-04
7.250000000000000000e+00 6.500000000000000000e+01 2.088164055500827613e-04
7.250000000000000000e+00 7.500000000000000000e+01 4.506587685273635819e-05
7.250000000000000000e+00 8.500000000000000000e+01 6.194602517601996983e-06
7.250000000000000000e+00 9.500000000000000000e+01 7.230696973634264888e-08
7.750000000000000000e+00 5.000000000000000000e+00 5.742006212373841623e-03
7.750000000000000000e+00 1.500000000000000000e+01 4.139112305131292108e-03
7.750000000000000000e+00 2.500000000000000000e+01 2.431205608693449895e-03
7.750000000000000000e+00 3.500000000000000000e+01 1.277848195641753280e-03
7.750000000000000000e+00 4.500000000000000000e+01 4.991973974259236030e-04
7.750000000000000000e+00 5.500000000000000000e+01 2.481855130184848404e-04
7.750000000000000000e+00 6.500000000000000000e+01 1.529508311488214027e-04
7.750000000000000000e+00 7.500000000000000000e+01 8.723477092528205247e-05
7.750000000000000000e+00 8.500000000000000000e+01 3.046493081814145883e-05
7.750000000000000000e+00 9.500000000000000000e+01 8.199994305084018297e-06
7.750000000000000000e+00 1.050000000000000000e+02 7.818350796440232453e-07
8.250000000000000000e+00 1.500000000000000000e+01 4.272359606251313461e-04
8.250000000000000000e+00 2.500000000000000000e+01 2.879171662490789580e-04
8.250000000000000000e+00 3.500000000000000000e+01 1.899132904231071899e-04
8.250000000000000000e+00 4.500000000000000000e+01 7.708019380754069531e-05
8.250000000000000000e+00 5.500000000000000000e+01 4.214283593322355206e-05
8.250000000000000000e+00 6.500000000000000000e+01 3.369655031984586331e-05
8.250000000000000000e+00 7.500000000000000000e+01 1.921376998808932104e-05
8.250000000000000000e+00 8.500000000000000000e+01 1.011561480103668837e-05
8.250000000000000000e+00 9.500000000000000000e+01 4.128551822774766312e-06
8.250000000000000000e+00 1.050000000000000000e+02 9.099840096884566109e-07
8.250000000000000000e+00 1.150000000000000000e+02 2.403129624667229993e-07
8.250000000000000000e+00 1.250000000000000000e+02 1.263672693057169867e-08
