6.250000000000000000e+00 5.000000000000000000e+00 3.675796761075977165e-02
6.250000000000000000e+00 1.500000000000000000e+01 1.745947577413248806e-03
6.750000000000000000e+00 5.000000000000000000e+00 1.268096488534698751e-01
6.750000000000000000e+00 1.500000000000000000e+01 4.507624068208844481e-02
6.750000000000000000e+00 2.500000000000000000e+01 1.789482474645456898e-04
7.250000000000000000e+00 5.000000000000000000e+00 3.431643929627165024e-01
7.250000000000000000e+00 1.500000000000000000e+01 2.031368372698928171e-01
7.250000000000000000e+00 2.500000000000000000e+01 2.132688173811808988e-02
7.250000000000000000e+00 3.500000000000000000e+01 9.005859197239820570e-04
7.250000000000000000e+00 4.500000000000000000e+01 4.503856182437911651e-06
7.750000000000000000e+00 5.000000000000000000e+00 1.031844915633390730e-01
7.750000000000000000e+00 1.500000000000000000e+01 6.459722515899805895e-02
7.750000000000000000e+00 2.500000000000000000e+01 2.461030672959368601e-02
7.750000000000000000e+00 3.500000000000000000e+01 3.577281812305869568e-03
7.750000000000000000e+00 4.500000000000000000e+01 5.048826547529481571e-04
7.750000000000000000e+00 5.500000000000000000e+01 1.271996378567092777e-04
7.750000000000000000e+00 6.500000000000000000e+01 3.197372704925941352e-05
8.250000000000000000e+00 1.500000000000000000e+01 1.659727125710841120e-02
8.250000000000000000e+00 2.500000000000000000e+01 4.739182744609942918e-03
8.250000000000000000e+00 3.500000000000000000e+01 1.960932435493076362e-03
8.250000000000000000e+00 4.500000000000000000e+01 4.097103499557581442e-04
8.250000000000000000e+00 5.500000000000000000e+01 2.039635835023445446e-04
8.250000000000000000e+00 6.500000000000000000e+01 1.776936279190403120e-04
8.250000000000000000e+00 7.500000000000000000e+01 9.512781030268314595e-05
8.250000000000000000e+00 8.500000000000000000e+01 5.112475089823799175e-05
8.250000000000000000e+00 9.500000000000000000e+01 2.363327440996836298e-05
8.250000000000000000e+00 1.050000000000000000e+02 5.310378774896658373e-06
8.250000000000000000e+00 1.150000000000000000e+02 7.337853005547736575e-07
