5.250000000000000000e+00 5.000000000000000000e+00 1.142565819978880529e-02
5.250000000000000000e+00 1.500000000000000000e+01 4.748915718854952728e-02
5.250000000000000000e+00 2.500000000000000000e+01 2.401271329710174705e-04
5.750000000000000000e+00 5.000000000000000000e+00 5.071703638226794653e-02
5.750000000000000000e+00 1.500000000000000000e+01 7.541126597439784529e-02
5.750000000000000000e+00 2.500000000000000000e+01 6.026365789312176056e-03
5.750000000000000000e+00 3.500000000000000000e+01 6.357988467892978883e-04
5.750000000000000000e+00 4.500000000000000000e+01 3.148409819169757624e-05
6.250000000000000000e+00 5.000000000000000000e+00 1.459965581235088683e-01
6.250000000000000000e+00 1.500000000000000000e+01 1.284966286638297706e-01
6.250000000000000000e+00 2.500000000000000000e+01 3.714191030085141343e-02
6.250000000000000000e+00 3.500000000000000000e+01 1.360233864459227567e-02
6.250000000000000000e+00 4.500000000000000000e+01 6.126234488262995506e-03
6.250000000000000000e+00 5.500000000000000000e+01 2.310760250286406862e-03
6.250000000000000000e+00 6.500000000000000000e+01 9.617489007271868553e-04
6.250000000000000000e+00 7.500000000000000000e+01 3.210066933162577943e-04
6.250000000000000000e+00 8.500000000000000000e+01 1.140030353324094828e-04
6.250000000000000000e+00 9.500000000000000000e+01 1.768791517431228397e-05
6.750000000000000000e+00 5.000000000000000000e+00 8.043891497664572288e-02
6.750000000000000000e+00 1.500000000000000000e+01 8.180328783855514430e-02
6.750000000000000000e+00 2.500000000000000000e+01 4.261187102432281715e-02
6.750000000000000000e+00 3.500000000000000000e+01 2.052575441837518541e-02
6.750000000000000000e+00 4.500000000000000000e+01 9.650647568040088969e-03
6.750000000000000000e+00 5.500000000000000000e+01 5.574474067890990842e-03
6.750000000000000000e+00 6.500000000000000000e+01 3.556123777073256012e-03
6.750000000000000000e+00 7.500000000000000000e+01 1.679262436043889306e-03
6.750000000000000000e+00 8.500000000000000000e+01 7.524862735416022567e-04
6.750000000000000000e+00 9.500000000000000000e+01 4.500662299906996590e-04
6.750000000000000000e+00 1.050000000000000000e+02 2.399315626009061600e-04
6.750000000000000000e+00 1.150000000000000000e+02 9.814410926340438250e-05
6.750000000000000000e+00 1.250000000000000000e+02 2.594173895929292742e-05
6.750000000000000000e+00 1.350000000000000000e+02 2.976987715737226614e-06
7.250000000000000000e+00 5.000000000000000000e+00 6.701552721120819511e-02
7.250000000000000000e+00 1.500000000000000000e+01 5.718437449069875556e-02
7.250000000000000000e+00 2.500000000000000000e+01 3.416329310277010228e-02
7.250000000000000000e+00 3.500000000000000000e+01 1.819848527128110210e-02
7.250000000000000000e+00 4.500000000000000000e+01 9.334326446422128859e-03
7.250000000000000000e+00 5.500000000000000000e+01 6.214967635242589494e-03
7.250000000000000000e+00 6.500000000000000000e+01 3.095920163899953774e-03
7.250000000000000000e+00 7.500000000000000000e+01 1.917519671318087399e-03
7.250000000000000000e+00 8.500000000000000000e+01 1.166558232125325520e-03
7.250000000000000000e+00 9.500000000000000000e+01 7.656327258940061765e-04
7.250000000000000000e+00 1.050000000000000000e+02 5.059015599461137887e-04
7.250000000000000000e+00 1.150000000000000000e+02 2.889773371504444932e-04
7.250000000000000000e+00 1.250000000000000000e+02 1.616990151136263993e-04
7.250000000000000000e+00 1.350000000000000000e+02 8.206819646467665441e-05
7.250000000000000000e+00 1.450000000000000000e+02 2.954865579250813616e-05
7.250000000000000000e+00 1.550000000000000000e+02 8.540467786548245932e-06
7.250000000000000000e+00 1.650000000000000000e+02 7.372986005746662423e-07
7.750000000000000000e+00 5.000000000000000000e+00 7.248118772342898412e-03
7.750000000000000000e+00 1.500000000000000000e+01 5.462265486663998165e-03
7.750000000000000000e+00 2.500000000000000000e+01 3.755280735649486369e-03
7.750000000000000000e+00 3.500000000000000000e+01 2.371438349395627466e-03
7.750000000000000000e+00 4.500000000000000000e+01 1.217288817644977513e-03
7.750000000000000000e+00 5.500000000000000000e+01 8.184445355323207317e-04
7.750000000000000000e+00 6.500000000000000000e+01 6.936638237255291547e-04
7.750000000000000000e+00 7.500000000000000000e+01 6.269090021591791238e-04
7.750000000000000000e+00 8.500000000000000000e+01 4.794903505084117967e-04
7.750000000000000000e+00 9.500000000000000000e+01 3.521461605614437649e-04
7.750000000000000000e+00 1.050000000000000000e+02 2.284732244690531602e-04
7.750000000000000000e+00 1.150000000000000000e+02 1.291959228117614121e-04
7.750000000000000000e+00 1.250000000000000000e+02 9.318019340335802485e-05
7.750000000000000000e+00 1.350000000000000000e+02 4.398786302840842615e-05
7.750000000000000000e+00 1.450000000000000000e+02 2.908666652564741113e-05
7.750000000000000000e+00 1.550000000000000000e+02 1.755319208986718844e-05
7.750000000000000000e+00 1.650000000000000000e+02 9.489556090362649869e-06
7.750000000000000000e+00 1.750000000000000000e+02 9.635139393420550104e-07
8.250000000000000000e+00 1.500000000000000000e+01 5.554976533107719742e-04
8.250000000000000000e+00 2.500000000000000000e+01 4.166617491810181402e-04
8.250000000000000000e+00 3.500000000000000000e+01 2.931438588576353423e-04
8.250000000000000000e+00 4.500000000000000000e+01 1.372264994104000011e-04
8.250000000000000000e+00 5.500000000000000000e+01 8.980849984828256113e-05
8.250000000000000000e+00 6.500000000000000000e+01 9.617048449952296236e-05
8.250000000000000000e+00 7.500000000000000000e+01 7.367723784177163376e-05
8.250000000000000000e+00 8.500000000000000000e+01 5.597844751119669730e-05
8.250000000000000000e+00 9.500000000000000000e+01 3.883927420359802458e-05
8.250000000000000000e+00 1.050000000000000000e+02 1.762215972765188984e-05
8.250000000000000000e+00 1.150000000000000000e+02 1.620378840560351516e-05
8.250000000000000000e+00 1.250000000000000000e+02 9.029343955153966436e-06
8.250000000000000000e+00 1.350000000000000000e+02 6.753546526604151555e-06
8.250000000000000000e+00 1.450000000000000000e+02 4.039031062001703401e-06
8.250000000000000000e+00 1.550000000000000000e+02 1.704470727445612339e-06
8.250000000000000000e+00 1.650000000000000000e+02 8.347052942684636681e-07
8.250000000000000000e+00 1.750000000000000000e+02 1.019642114244157547e-07
