5.250000000000000000e+00 5.000000000000000000e+00 2.154316717048341406e-02
5.250000000000000000e+00 1.500000000000000000e+01 2.797720433789320227e-01
5.250000000000000000e+00 2.500000000000000000e+01 1.092912042285453939e-01
5.250000000000000000e+00 3.500000000000000000e+01 3.283948836725046616e-02
5.250000000000000000e+00 4.500000000000000000e+01 9.955681801866133468e-03
5.250000000000000000e+00 5.500000000000000000e+01 2.470361014922665879e-03
5.250000000000000000e+00 6.500000000000000000e+01 3.348608738253414877e-04
5.250000000000000000e+00 7.500000000000000000e+01 3.106103427692061622e-05
5.750000000000000000e+00 5.000000000000000000e+00 1.730889256264463161e-02
5.750000000000000000e+00 1.500000000000000000e+01 1.018140158694003927e-01
5.750000000000000000e+00 2.500000000000000000e+01 5.467687196726623428e-02
5.750000000000000000e+00 3.500000000000000000e+01 2.551087601439926481e-02
5.750000000000000000e+00 4.500000000000000000e+01 1.325698831094136547e-02
5.750000000000000000e+00 5.500000000000000000e+01 5.542336424878621139e-03
5.750000000000000000e+00 6.500000000000000000e+01 2.142754671993257667e-03
5.750000000000000000e+00 7.500000000000000000e+01 6.522060613794140394e-04
5.750000000000000000e+00 8.500000000000000000e+01 1.154211654542604319e-04
5.750000000000000000e+00 9.500000000000000000e+01 6.762040162858990099e-06
6.250000000000000000e+00 5.000000000000000000e+00 2.768972717715013215e-02
6.250000000000000000e+00 1.500000000000000000e+01 6.332255733731012581e-02
6.250000000000000000e+00 2.500000000000000000e+01 4.736603510655735400e-02
6.250000000000000000e+00 3.500000000000000000e+01 2.640915204134496735e-02
6.250000000000000000e+00 4.500000000000000000e+01 1.868888979805282888e-02
6.250000000000000000e+00 5.500000000000000000e+01 9.331975010057934686e-03
6.250000000000000000e+00 6.500000000000000000e+01 5.375297979903051297e-03
6.250000000000000000e+00 7.500000000000000000e+01 2.030079019623754616e-03
6.250000000000000000e+00 8.500000000000000000e+01 9.430455585283974628e-04
6.250000000000000000e+00 9.500000000000000000e+01 3.131633479694161224e-04
6.250000000000000000e+00 1.050000000000000000e+02 9.874928627027208090e-05
6.250000000000000000e+00 1.150000000000000000e+02 1.753470980686447443e-05
6.250000000000000000e+00 1.250000000000000000e+02 1.606622853833734261e-07
6.750000000000000000e+00 5.000000000000000000e+00 9.877330110436727609e-03
6.750000000000000000e+00 1.500000000000000000e+01 1.615769335890139199e-02
6.750000000000000000e+00 2.500000000000000000e+01 1.548396122996738462e-02
6.750000000000000000e+00 3.500000000000000000e+01 1.139965608106043027e-02
6.750000000000000000e+00 4.500000000000000000e+01 6.793415796399893646e-03
6.750000000000000000e+00 5.500000000000000000e+01 4.403736009490971486e-03
6.750000000000000000e+00 6.500000000000000000e+01 2.975764138850552250e-03
6.750000000000000000e+00 7.500000000000000000e+01 1.430513428902119560e-03
6.750000000000000000e+00 8.500000000000000000e+01 6.443567737404112686e-04
6.750000000000000000e+00 9.500000000000000000e+01 3.737854144846352125e-04
6.750000000000000000e+00 1.050000000000000000e+02 1.880352036100158626e-04
6.750000000000000000e+00 1.150000000000000000e+02 7.230903057709031352e-05
6.750000000000000000e+00 1.250000000000000000e+02 1.928837329391928682e-05
6.750000000000000000e+00 1.350000000000000000e+02 1.903843358663144885e-06
7.250000000000000000e+00 5.000000000000000000e+00 7.924491881106705479e-03
7.250000000000000000e+00 1.500000000000000000e+01 8.868787361476530504e-03
7.250000000000000000e+00 2.500000000000000000e+01 8.623729984400335669e-03
7.250000000000000000e+00 3.500000000000000000e+01 7.093001907125316523e-03
7.250000000000000000e+00 4.500000000000000000e+01 4.786347316512257200e-03
7.250000000000000000e+00 5.500000000000000000e+01 3.756484727833539136e-03
7.250000000000000000e+00 6.500000000000000000e+01 1.979640465990183465e-03
7.250000000000000000e+00 7.500000000000000000e+01 1.232367497248360814e-03
7.250000000000000000e+00 8.500000000000000000e+01 7.269807501361227149e-04
7.250000000000000000e+00 9.500000000000000000e+01 4.768724765443146810e-04
7.250000000000000000e+00 1.050000000000000000e+02 2.947954741559143327e-04
7.250000000000000000e+00 1.150000000000000000e+02 1.544793104506115981e-04
7.250000000000000000e+00 1.250000000000000000e+02 6.958863589550229572e-05
7.250000000000000000e+00 1.350000000000000000e+02 2.561709139352850317e-05
7.250000000000000000e+00 1.450000000000000000e+02 5.359965184926652614e-06
7.250000000000000000e+00 1.550000000000000000e+02 7.336454007479958411e-07
7.250000000000000000e+00 1.650000000000000000e+02 1.206000088525853017e-08
7.750000000000000000e+00 5.000000000000000000e+00 7.853597952531920882e-04
7.750000000000000000e+00 1.500000000000000000e+01 7.010649635392309821e-04
7.750000000000000000e+00 2.500000000000000000e+01 6.226829763276332677e-04
7.750000000000000000e+00 3.500000000000000000e+01 6.018073292212419495e-04
7.750000000000000000e+00 4.500000000000000000e+01 4.682822789458572304e-04
7.750000000000000000e+00 5.500000000000000000e+01 3.633592944234423881e-04
7.750000000000000000e+00 6.500000000000000000e+01 3.458760305454546273e-04
7.750000000000000000e+00 7.500000000000000000e+01 3.301768576151793439e-04
7.750000000000000000e+00 8.500000000000000000e+01 2.661578354121139911e-04
7.750000000000000000e+00 9.500000000000000000e+01 1.812977246036823361e-04
7.750000000000000000e+00 1.050000000000000000e+02 1.107154906918853714e-04
7.750000000000000000e+00 1.150000000000000000e+02 5.573041817803849908e-05
7.750000000000000000e+00 1.250000000000000000e+02 3.679796542211776470e-05
7.750000000000000000e+00 1.350000000000000000e+02 1.443923411816776425e-05
7.750000000000000000e+00 1.450000000000000000e+02 7.324397723150298392e-06
7.750000000000000000e+00 1.550000000000000000e+02 2.612773870129254341e-06
7.750000000000000000e+00 1.650000000000000000e+02 7.932282510263539195e-07
7.750000000000000000e+00 1.750000000000000000e+02 4.213828302470855731e-08
8.250000000000000000e+00 1.500000000000000000e+01 6.022162096554625418e-05
8.250000000000000000e+00 2.500000000000000000e+01 6.943896248613244215e-05
8.250000000000000000e+00 3.500000000000000000e+01 6.588248810725638586e-05
8.250000000000000000e+00 4.500000000000000000e+01 4.502333239586238671e-05
8.250000000000000000e+00 5.500000000000000000e+01 3.427203488560759967e-05
8.250000000000000000e+00 6.500000000000000000e+01 3.973567466797298277e-05
8.250000000000000000e+00 7.500000000000000000e+01 3.347337504526141087e-05
8.250000000000000000e+00 8.500000000000000000e+01 2.591601306310451644e-05
8.250000000000000000e+00 9.500000000000000000e+01 1.754698404714725597e-05
8.250000000000000000e+00 1.050000000000000000e+02 7.841546086240180327e-06
8.250000000000000000e+00 1.150000000000000000e+02 6.637286437695626440e-06
8.250000000000000000e+00 1.250000000000000000e+02 3.296616885149573807e-06
8.250000000000000000e+00 1.350000000000000000e+02 2.173364203115552738e-06
8.250000000000000000e+00 1.450000000000000000e+02 1.058573935453958959e-06
8.250000000000000000e+00 1.550000000000000000e+02 4.125391134976990620e-07
8.250000000000000000e+00 1.650000000000000000e+02 1.404756805461216578e-07
8.250000000000000000e+00 1.750000000000000000e+02 9.042157222879921277e-09
