5.250000000000000000e+00 5.000000000000000000e+00 2.075179865727845921e-02
5.250000000000000000e+00 1.500000000000000000e+01 1.569962649602341109e-01
5.250000000000000000e+00 2.500000000000000000e+01 2.943612009140469596e-02
5.250000000000000000e+00 3.500000000000000000e+01 6.611485859158726212e-03
5.250000000000000000e+00 4.500000000000000000e+01 1.575179749462698401e-03
5.250000000000000000e+00 5.500000000000000000e+01 2.849265159954275000e-04
5.250000000000000000e+00 6.500000000000000000e+01 2.053237868199409669e-05
5.750000000000000000e+00 5.000000000000000000e+00 2.565167103620101183e-02
5.750000000000000000e+00 1.500000000000000000e+01 1.053678792231231565e-01
5.750000000000000000e+00 2.500000000000000000e+01 4.112769879642039217e-02
5.750000000000000000e+00 3.500000000000000000e+01 1.736630784135785935e-02
5.750000000000000000e+00 4.500000000000000000e+01 9.101304038045713446e-03
5.750000000000000000e+00 5.500000000000000000e+01 4.086481327285150685e-03
5.750000000000000000e+00 6.500000000000000000e+01 1.784231892506962271e-03
5.750000000000000000e+00 7.500000000000000000e+01 7.100797823176092016e-04
5.750000000000000000e+00 8.500000000000000000e+01 2.151178226906516264e-04
5.750000000000000000e+00 9.500000000000000000e+01 4.695829738970030184e-05
6.250000000000000000e+00 5.000000000000000000e+00 4.602956959081944827e-02
6.250000000000000000e+00 1.500000000000000000e+01 9.441632771401921309e-02
6.250000000000000000e+00 2.500000000000000000e+01 6.516082681886786743e-02
6.250000000000000000e+00 3.500000000000000000e+01 3.798028681221440883e-02
6.250000000000000000e+00 4.500000000000000000e+01 2.854138126587895188e-02
6.250000000000000000e+00 5.500000000000000000e+01 1.674638562987879054e-02
6.250000000000000000e+00 6.500000000000000000e+01 1.204044774614959623e-02
6.250000000000000000e+00 7.500000000000000000e+01 6.016516024423321403e-03
6.250000000000000000e+00 8.500000000000000000e+01 3.881840441353445661e-03
6.250000000000000000e+00 9.500000000000000000e+01 2.210498310157545891e-03
6.250000000000000000e+00 1.050000000000000000e+02 1.464360524453307876e-03
6.250000000000000000e+00 1.150000000000000000e+02 8.093520703348426040e-04
6.250000000000000000e+00 1.250000000000000000e+02 2.294016241873193525e-04
6.750000000000000000e+00 5.000000000000000000e+00 1.732251101959194489e-02
6.750000000000000000e+00 1.500000000000000000e+01 2.929173650054249511e-02
6.750000000000000000e+00 2.500000000000000000e+01 2.950404483748624712e-02
6.750000000000000000e+00 3.500000000000000000e+01 2.378515176341889498e-02
6.750000000000000000e+00 4.500000000000000000e+01 1.605012174788810267e-02
6.750000000000000000e+00 5.500000000000000000e+01 1.223888614820838397e-02
6.750000000000000000e+00 6.500000000000000000e+01 1.006641782916373878e-02
6.750000000000000000e+00 7.500000000000000000e+01 6.224941506198840117e-03
6.750000000000000000e+00 8.500000000000000000e+01 3.707792319453012773e-03
6.750000000000000000e+00 9.500000000000000000e+01 2.938834064534408611e-03
6.750000000000000000e+00 1.050000000000000000e+02 2.261560003415805532e-03
6.750000000000000000e+00 1.150000000000000000e+02 1.626928647058267135e-03
6.750000000000000000e+00 1.250000000000000000e+02 1.195356034539864307e-03
6.750000000000000000e+00 1.350000000000000000e+02 5.700536018719469739e-04
6.750000000000000000e+00 1.450000000000000000e+02 1.524470026976444616e-04
7.250000000000000000e+00 5.000000000000000000e+00 1.387871753369743395e-02
7.250000000000000000e+00 1.500000000000000000e+01 1.571172776463802476e-02
7.250000000000000000e+00 2.500000000000000000e+01 1.560803097430844139e-02
7.250000000000000000e+00 3.500000000000000000e+01 1.329558376140081190e-02
7.250000000000000000e+00 4.500000000000000000e+01 9.647524722447583731e-03
7.250000000000000000e+00 5.500000000000000000e+01 8.515549658659851348e-03
7.250000000000000000e+00 6.500000000000000000e+01 5.172627554471859873e-03
7.250000000000000000e+00 7.500000000000000000e+01 3.813652337116439205e-03
7.250000000000000000e+00 8.500000000000000000e+01 2.705877150946663350e-03
7.250000000000000000e+00 9.500000000000000000e+01 2.187639065922044202e-03
7.250000000000000000e+00 1.050000000000000000e+02 1.786305525955190826e-03
7.250000000000000000e+00 1.150000000000000000e+02 1.323738790685486137e-03
7.250000000000000000e+00 1.250000000000000000e+02 9.469944734640472041e-04
7.250000000000000000e+00 1.350000000000000000e+02 6.902548262353105923e-04
7.250000000000000000e+00 1.450000000000000000e+02 3.971094325157885742e-04
7.250000000000000000e+00 1.550000000000000000e+02 1.690610617400743157e-04
7.250000000000000000e+00 1.650000000000000000e+02 1.659950687476145404e-05
7.750000000000000000e+00 5.000000000000000000e+00 1.366585793948049037e-03
7.750000000000000000e+00 1.500000000000000000e+01 1.214938179381703327e-03
7.750000000000000000e+00 2.500000000000000000e+01 1.074238958160516136e-03
7.750000000000000000e+00 3.500000000000000000e+01 1.027766760830221794e-03
7.750000000000000000e+00 4.500000000000000000e+01 8.029552091905604351e-04
7.750000000000000000e+00 5.500000000000000000e+01 6.509874996923941315e-04
7.750000000000000000e+00 6.500000000000000000e+01 6.587191133049148141e-04
7.750000000000000000e+00 7.500000000000000000e+01 6.928973807959587202e-04
7.750000000000000000e+00 8.500000000000000000e+01 6.412733716198772702e-04
7.750000000000000000e+00 9.500000000000000000e+01 5.142167151143505052e-04
7.750000000000000000e+00 1.050000000000000000e+02 3.847366117268977582e-04
7.750000000000000000e+00 1.150000000000000000e+02 2.427676358494507711e-04
7.750000000000000000e+00 1.250000000000000000e+02 2.166557221005703971e-04
7.750000000000000000e+00 1.350000000000000000e+02 1.154009479074338335e-04
7.750000000000000000e+00 1.450000000000000000e+02 9.545861270244107631e-05
7.750000000000000000e+00 1.550000000000000000e+02 6.266068041155319025e-05
7.750000000000000000e+00 1.650000000000000000e+02 4.105555027081057222e-05
7.750000000000000000e+00 1.750000000000000000e+02 3.432388169854107070e-06
8.250000000000000000e+00 1.500000000000000000e+01 1.041620706368806049e-04
8.250000000000000000e+00 2.500000000000000000e+01 1.161336683716239097e-04
8.250000000000000000e+00 3.500000000000000000e+01 1.060391827912163189e-04
8.250000000000000000e+00 4.500000000000000000e+01 7.039362745443121473e-05
8.250000000000000000e+00 5.500000000000000000e+01 5.370071696781973317e-05
8.250000000000000000e+00 6.500000000000000000e+01 6.463959133860478065e-05
8.250000000000000000e+00 7.500000000000000000e+01 5.738147025078198390e-05
8.250000000000000000e+00 8.500000000000000000e+01 4.806534005482660443e-05
8.250000000000000000e+00 9.500000000000000000e+01 3.653051991212885629e-05
8.250000000000000000e+00 1.050000000000000000e+02 1.843281246974381538e-05
8.250000000000000000e+00 1.150000000000000000e+02 1.861055415479192211e-05
8.250000000000000000e+00 1.250000000000000000e+02 1.144568106063890156e-05
8.250000000000000000e+00 1.350000000000000000e+02 9.736731973565130357e-06
8.250000000000000000e+00 1.450000000000000000e+02 6.274043215777136787e-06
8.250000000000000000e+00 1.550000000000000000e+02 3.727396540913667581e-06
8.250000000000000000e+00 1.650000000000000000e+02 2.190848587932869165e-06
8.250000000000000000e+00 1.750000000000000000e+02 7.786035994446304403e-07
