5.250000000000000000e+00 5.000000000000000000e+00 8.446304971109897322e-03
5.250000000000000000e+00 1.500000000000000000e+01 8.976888773044740255e-02
5.250000000000000000e+00 2.500000000000000000e+01 3.871200012758185122e-02
5.250000000000000000e+00 3.500000000000000000e+01 1.806826626502855068e-02
5.250000000000000000e+00 4.500000000000000000e+01 1.008564046587934020e-02
5.250000000000000000e+00 5.500000000000000000e+01 5.879574531912745011e-03
5.250000000000000000e+00 6.500000000000000000e+01 2.942514044336385498e-03
5.250000000000000000e+00 7.500000000000000000e+01 1.368684848273853073e-03
5.750000000000000000e+00 5.000000000000000000e+00 8.303872379855649008e-03
5.750000000000000000e+00 1.500000000000000000e+01 6.056529814562097713e-02
5.750000000000000000e+00 2.500000000000000000e+01 4.680893996856601291e-02
5.750000000000000000e+00 3.500000000000000000e+01 3.307042979053001486e-02
5.750000000000000000e+00 4.500000000000000000e+01 2.771030149793649380e-02
5.750000000000000000e+00 5.500000000000000000e+01 2.053222981726721824e-02
5.750000000000000000e+00 6.500000000000000000e+01 1.669172003166267612e-02
5.750000000000000000e+00 7.500000000000000000e+01 1.237688580562948566e-02
5.750000000000000000e+00 8.500000000000000000e+01 8.363011432273248502e-03
5.750000000000000000e+00 9.500000000000000000e+01 2.518540191338563151e-03
6.250000000000000000e+00 5.000000000000000000e+00 1.401637861835715142e-02
6.250000000000000000e+00 1.500000000000000000e+01 4.077594926585417778e-02
6.250000000000000000e+00 2.500000000000000000e+01 4.496579067859565737e-02
6.250000000000000000e+00 3.500000000000000000e+01 3.741853367521896095e-02
6.250000000000000000e+00 4.500000000000000000e+01 4.135173326821291878e-02
6.250000000000000000e+00 5.500000000000000000e+01 3.447070121861801201e-02
6.250000000000000000e+00 6.500000000000000000e+01 3.615840717526480619e-02
6.250000000000000000e+00 7.500000000000000000e+01 2.540387661443551173e-02
6.250000000000000000e+00 8.500000000000000000e+01 2.279468875734896871e-02
6.250000000000000000e+00 9.500000000000000000e+01 1.969697814820397033e-02
6.250000000000000000e+00 1.050000000000000000e+02 1.656813165449879180e-02
6.250000000000000000e+00 1.150000000000000000e+02 1.112417897447382995e-02
6.250000000000000000e+00 1.250000000000000000e+02 3.681651870047863376e-03
6.750000000000000000e+00 5.000000000000000000e+00 4.855669986153501698e-03
6.750000000000000000e+00 1.500000000000000000e+01 9.382276487867550335e-03
6.750000000000000000e+00 2.500000000000000000e+01 1.202222093507870210e-02
6.750000000000000000e+00 3.500000000000000000e+01 1.325109942786441460e-02
6.750000000000000000e+00 4.500000000000000000e+01 1.193931639443437769e-02
6.750000000000000000e+00 5.500000000000000000e+01 1.200773537026515389e-02
6.750000000000000000e+00 6.500000000000000000e+01 1.294147903835040671e-02
6.750000000000000000e+00 7.500000000000000000e+01 1.067669402327140957e-02
6.750000000000000000e+00 8.500000000000000000e+01 8.382118602541368396e-03
6.750000000000000000e+00 9.500000000000000000e+01 8.828590362157181723e-03
6.750000000000000000e+00 1.050000000000000000e+02 9.246413013396168057e-03
6.750000000000000000e+00 1.150000000000000000e+02 9.247724132801270550e-03
6.750000000000000000e+00 1.250000000000000000e+02 9.458275875184584888e-03
6.750000000000000000e+00 1.350000000000000000e+02 5.882055953044575299e-03
6.750000000000000000e+00 1.450000000000000000e+02 1.909401299069637568e-03
7.250000000000000000e+00 5.000000000000000000e+00 3.915494260092358507e-03
7.250000000000000000e+00 1.500000000000000000e+01 4.864666056395890691e-03
7.250000000000000000e+00 2.500000000000000000e+01 5.803445943002875397e-03
7.250000000000000000e+00 3.500000000000000000e+01 6.410724067532250214e-03
7.250000000000000000e+00 4.500000000000000000e+01 6.126258150479350212e-03
7.250000000000000000e+00 5.500000000000000000e+01 7.253596174400147277e-03
7.250000000000000000e+00 6.500000000000000000e+01 5.743160180009965893e-03
7.250000000000000000e+00 7.500000000000000000e+01 5.485938578743330268e-03
7.250000000000000000e+00 8.500000000000000000e+01 5.081459785021341310e-03
7.250000000000000000e+00 9.500000000000000000e+01 5.432704973585700779e-03
7.250000000000000000e+00 1.050000000000000000e+02 5.927748448805959455e-03
7.250000000000000000e+00 1.150000000000000000e+02 5.925503088372177998e-03
7.250000000000000000e+00 1.250000000000000000e+02 5.787851862471304551e-03
7.250000000000000000e+00 1.350000000000000000e+02 5.897299316784918553e-03
7.250000000000000000e+00 1.450000000000000000e+02 4.722403304344710909e-03
7.250000000000000000e+00 1.550000000000000000e+02 2.648231631356298427e-03
7.250000000000000000e+00 1.650000000000000000e+02 3.294215608915826801e-04
7.750000000000000000e+00 5.000000000000000000e+00 3.814973292731260279e-04
7.750000000000000000e+00 1.500000000000000000e+01 3.599963461644882013e-04
7.750000000000000000e+00 2.500000000000000000e+01 3.533380359641937244e-04
7.750000000000000000e+00 3.500000000000000000e+01 4.098691581838307687e-04
7.750000000000000000e+00 4.500000000000000000e+01 4.372689831423350547e-04
7.750000000000000000e+00 5.500000000000000000e+01 4.474798451781375214e-04
7.750000000000000000e+00 6.500000000000000000e+01 5.770401425702561832e-04
7.750000000000000000e+00 7.500000000000000000e+01 7.744976907799469915e-04
7.750000000000000000e+00 8.500000000000000000e+01 9.559857831705494786e-04
7.750000000000000000e+00 9.500000000000000000e+01 9.912730036014789047e-04
7.750000000000000000e+00 1.050000000000000000e+02 9.793559640267190253e-04
7.750000000000000000e+00 1.150000000000000000e+02 8.010252618338009742e-04
7.750000000000000000e+00 1.250000000000000000e+02 9.852949911901204890e-04
7.750000000000000000e+00 1.350000000000000000e+02 6.936355558220384148e-04
7.750000000000000000e+00 1.450000000000000000e+02 7.963213837826929164e-04
7.750000000000000000e+00 1.550000000000000000e+02 6.947742873789315233e-04
7.750000000000000000e+00 1.650000000000000000e+02 6.184633480981438199e-04
7.750000000000000000e+00 1.750000000000000000e+02 5.910957644801239714e-05
8.250000000000000000e+00 1.500000000000000000e+01 2.931819727620437783e-05
8.250000000000000000e+00 2.500000000000000000e+01 3.733398724339439200e-05
8.250000000000000000e+00 3.500000000000000000e+01 3.960287064210505319e-05
8.250000000000000000e+00 4.500000000000000000e+01 3.381968462163923540e-05
8.250000000000000000e+00 5.500000000000000000e+01 3.149197813314275339e-05
8.250000000000000000e+00 6.500000000000000000e+01 4.808676064105356124e-05
8.250000000000000000e+00 7.500000000000000000e+01 5.407362902786422228e-05
8.250000000000000000e+00 8.500000000000000000e+01 5.695147155232831024e-05
8.250000000000000000e+00 9.500000000000000000e+01 5.459394385860262804e-05
8.250000000000000000e+00 1.050000000000000000e+02 3.523870200989977284e-05
8.250000000000000000e+00 1.150000000000000000e+02 4.634232175187529668e-05
8.250000000000000000e+00 1.250000000000000000e+02 3.783852728624821242e-05
8.250000000000000000e+00 1.350000000000000000e+02 4.354176878342874474e-05
8.250000000000000000e+00 1.450000000000000000e+02 3.668628046338939092e-05
8.250000000000000000e+00 1.550000000000000000e+02 3.172562111408846423e-05
8.250000000000000000e+00 1.650000000000000000e+02 2.525532999850593958e-05
8.250000000000000000e+00 1.750000000000000000e+02 1.479199083557193687e-05
