5.250000000000000000e+00 5.000000000000000000e+00 1.771380469211624332e-03
5.250000000000000000e+00 1.500000000000000000e+01 5.036826162076107199e-03
5.750000000000000000e+00 5.000000000000000000e+00 2.658530511314941350e-02
5.750000000000000000e+00 1.500000000000000000e+01 3.283572789964088467e-02
5.750000000000000000e+00 2.500000000000000000e+01 1.913918763502358688e-03
5.750000000000000000e+00 3.500000000000000000e+01 1.716295491604309079e-04
5.750000000000000000e+00 4.500000000000000000e+01 1.326349798311419627e-06
6.250000000000000000e+00 5.000000000000000000e+00 1.233033313940331832e-01
6.250000000000000000e+00 1.500000000000000000e+01 1.066272744942066697e-01
6.250000000000000000e+00 2.500000000000000000e+01 3.301859535627153786e-02
6.250000000000000000e+00 3.500000000000000000e+01 1.332588497515506398e-02
6.250000000000000000e+00 4.500000000000000000e+01 6.970568693017665726e-03
6.250000000000000000e+00 5.500000000000000000e+01 3.066404644013173524e-03
6.250000000000000000e+00 6.500000000000000000e+01 1.794511786923505894e-03
6.250000000000000000e+00 7.500000000000000000e+01 7.137327016187950887e-04
6.250000000000000000e+00 8.500000000000000000e+01 3.985674455722357993e-04
6.250000000000000000e+00 9.500000000000000000e+01 2.187601067613828554e-04
6.250000000000000000e+00 1.050000000000000000e+02 1.609254497932425230e-04
6.250000000000000000e+00 1.150000000000000000e+02 8.529551529390441819e-05
6.250000000000000000e+00 1.250000000000000000e+02 1.967611369455922246e-05
6.750000000000000000e+00 5.000000000000000000e+00 7.767697939396592255e-02
6.750000000000000000e+00 1.500000000000000000e+01 8.188766587371119898e-02
6.750000000000000000e+00 2.500000000000000000e+01 4.589126709932327131e-02
6.750000000000000000e+00 3.500000000000000000e+01 2.453688419665482970e-02
6.750000000000000000e+00 4.500000000000000000e+01 1.289607339551392465e-02
6.750000000000000000e+00 5.500000000000000000e+01 8.474290028610486150e-03
6.750000000000000000e+00 6.500000000000000000e+01 6.259781937832129516e-03
6.750000000000000000e+00 7.500000000000000000e+01 3.589316458456547846e-03
6.750000000000000000e+00 8.500000000000000000e+01 2.013395743833925298e-03
6.750000000000000000e+00 9.500000000000000000e+01 1.700812782875026638e-03
6.750000000000000000e+00 1.050000000000000000e+02 1.322816406145827352e-03
6.750000000000000000e+00 1.150000000000000000e+02 1.045759940452620565e-03
6.750000000000000000e+00 1.250000000000000000e+02 7.487297257567719069e-04
6.750000000000000000e+00 1.350000000000000000e+02 4.179900082850737187e-04
6.750000000000000000e+00 1.450000000000000000e+02 1.493267524418119010e-04
7.250000000000000000e+00 5.000000000000000000e+00 7.429153536025673299e-02
7.250000000000000000e+00 1.500000000000000000e+01 6.912294791880023437e-02
7.250000000000000000e+00 2.500000000000000000e+01 4.969203882457615129e-02
7.250000000000000000e+00 3.500000000000000000e+01 3.298857635221610213e-02
7.250000000000000000e+00 4.500000000000000000e+01 2.026994150589910698e-02
7.250000000000000000e+00 5.500000000000000000e+01 1.609927397006074429e-02
7.250000000000000000e+00 6.500000000000000000e+01 9.642784310725014893e-03
7.250000000000000000e+00 7.500000000000000000e+01 7.273008627755600183e-03
7.250000000000000000e+00 8.500000000000000000e+01 5.890251887016244303e-03
7.250000000000000000e+00 9.500000000000000000e+01 5.216865221784511980e-03
7.250000000000000000e+00 1.050000000000000000e+02 4.890679548452138946e-03
7.250000000000000000e+00 1.150000000000000000e+02 3.872963076616246867e-03
7.250000000000000000e+00 1.250000000000000000e+02 3.081849721892508231e-03
7.250000000000000000e+00 1.350000000000000000e+02 2.578586104491973133e-03
7.250000000000000000e+00 1.450000000000000000e+02 1.705026188263798759e-03
7.250000000000000000e+00 1.550000000000000000e+02 9.707573600905060676e-04
7.250000000000000000e+00 1.650000000000000000e+02 1.519244353023874563e-04
7.750000000000000000e+00 5.000000000000000000e+00 8.531462965086630476e-03
7.750000000000000000e+00 1.500000000000000000e+01 7.127310649351491396e-03
7.750000000000000000e+00 2.500000000000000000e+01 5.825659022624476470e-03
7.750000000000000000e+00 3.500000000000000000e+01 5.032317652127994527e-03
7.750000000000000000e+00 4.500000000000000000e+01 3.784414340060493920e-03
7.750000000000000000e+00 5.500000000000000000e+01 3.186973511834376594e-03
7.750000000000000000e+00 6.500000000000000000e+01 3.435189986116967114e-03
7.750000000000000000e+00 7.500000000000000000e+01 3.906876988553022526e-03
7.750000000000000000e+00 8.500000000000000000e+01 3.739685704894295248e-03
7.750000000000000000e+00 9.500000000000000000e+01 3.448306027552457218e-03
7.750000000000000000e+00 1.050000000000000000e+02 2.801882004072506552e-03
7.750000000000000000e+00 1.150000000000000000e+02 2.006616201987782965e-03
7.750000000000000000e+00 1.250000000000000000e+02 1.990529012482204502e-03
7.750000000000000000e+00 1.350000000000000000e+02 1.334083269248901617e-03
7.750000000000000000e+00 1.450000000000000000e+02 1.261057192233505913e-03
7.750000000000000000e+00 1.550000000000000000e+02 1.014961661791584629e-03
7.750000000000000000e+00 1.650000000000000000e+02 8.306133838119415498e-04
7.750000000000000000e+00 1.750000000000000000e+02 9.190432177945286171e-05
8.250000000000000000e+00 1.500000000000000000e+01 6.919711048740659126e-04
8.250000000000000000e+00 2.500000000000000000e+01 7.692332363758235632e-04
8.250000000000000000e+00 3.500000000000000000e+01 7.275332494114300280e-04
8.250000000000000000e+00 4.500000000000000000e+01 4.832692723088719954e-04
8.250000000000000000e+00 5.500000000000000000e+01 3.923854820811956872e-04
8.250000000000000000e+00 6.500000000000000000e+01 5.374553605886731207e-04
8.250000000000000000e+00 7.500000000000000000e+01 5.219254422342441396e-04
8.250000000000000000e+00 8.500000000000000000e+01 4.914374956887063942e-04
8.250000000000000000e+00 9.500000000000000000e+01 4.135423931654937926e-04
8.250000000000000000e+00 1.050000000000000000e+02 2.399185231871696290e-04
8.250000000000000000e+00 1.150000000000000000e+02 2.730223095852710364e-04
8.250000000000000000e+00 1.250000000000000000e+02 1.955938250528473945e-04
8.250000000000000000e+00 1.350000000000000000e+02 1.897584794711729378e-04
8.250000000000000000e+00 1.450000000000000000e+02 1.495312347403280890e-04
8.250000000000000000e+00 1.550000000000000000e+02 1.018973919873669129e-04
8.250000000000000000e+00 1.650000000000000000e+02 7.362004102320421892e-05
8.250000000000000000e+00 1.750000000000000000e+02 2.831812166052788637e-05
