5.750000000000000000e+00 5.000000000000000000e+00 1.972983031677416274e-02
5.750000000000000000e+00 1.500000000000000000e+01 8.634926593330967057e-03
6.250000000000000000e+00 5.000000000000000000e+00 2.051792955651962069e-01
6.250000000000000000e+00 1.500000000000000000e+01 3.030778025466351194e-02
6.250000000000000000e+00 2.500000000000000000e+01 1.182806131569252975e-05
6.750000000000000000e+00 5.000000000000000000e+00 2.341900752529610663e-01
6.750000000000000000e+00 1.500000000000000000e+01 9.756498261261674354e-02
6.750000000000000000e+00 2.500000000000000000e+01 3.695735876540472489e-03
6.750000000000000000e+00 3.500000000000000000e+01 2.407147016936673260e-06
7.250000000000000000e+00 5.000000000000000000e+00 2.141667236652644579e-01
7.250000000000000000e+00 1.500000000000000000e+01 1.243039185593870916e-01
7.250000000000000000e+00 2.500000000000000000e+01 1.298940830227013690e-02
7.250000000000000000e+00 3.500000000000000000e+01 4.381707652114444351e-04
7.250000000000000000e+00 4.500000000000000000e+01 4.107107205914040361e-08
7.750000000000000000e+00 5.000000000000000000e+00 2.551188901340364912e-02
7.750000000000000000e+00 1.500000000000000000e+01 1.614724020681981842e-02
7.750000000000000000e+00 2.500000000000000000e+01 5.044232915495949938e-03
7.750000000000000000e+00 3.500000000000000000e+01 4.326234872765088372e-04
7.750000000000000000e+00 4.500000000000000000e+01 4.063043722048925358e-06
8.250000000000000000e+00 1.500000000000000000e+01 1.460063236273772408e-03
8.250000000000000000e+00 2.500000000000000000e+01 1.637356021088941596e-04
8.250000000000000000e+00 3.500000000000000000e+01 2.080184965545442879e-05
8.250000000000000000e+00 4.500000000000000000e+01 2.266016230470966618e-07
