5.250000000000000000e+00 5.000000000000000000e+00 2.065544055347242128e-02
5.250000000000000000e+00 1.500000000000000000e+01 2.440355115668785824e-01
5.250000000000000000e+00 2.500000000000000000e+01 8.347080042483571993e-02
5.250000000000000000e+00 3.500000000000000000e+01 2.319236025524561151e-02
5.250000000000000000e+00 4.500000000000000000e+01 6.376190520302515811e-03
5.250000000000000000e+00 5.500000000000000000e+01 1.441737823150431291e-03
5.250000000000000000e+00 6.500000000000000000e+01 1.836570837926492449e-04
5.250000000000000000e+00 7.500000000000000000e+01 8.614652443309883025e-06
5.750000000000000000e+00 5.000000000000000000e+00 1.740240676246089177e-02
5.750000000000000000e+00 1.500000000000000000e+01 1.004947962747824441e-01
5.750000000000000000e+00 2.500000000000000000e+01 5.427186386930198808e-02
5.750000000000000000e+00 3.500000000000000000e+01 2.549068685588701602e-02
5.750000000000000000e+00 4.500000000000000000e+01 1.325650832342636573e-02
5.750000000000000000e+00 5.500000000000000000e+01 5.524701131836124400e-03
5.750000000000000000e+00 6.500000000000000000e+01 2.112651585904009015e-03
5.750000000000000000e+00 7.500000000000000000e+01 6.689271373639137964e-04
5.750000000000000000e+00 8.500000000000000000e+01 1.403096638448983512e-04
5.750000000000000000e+00 9.500000000000000000e+01 1.487837198074944134e-05
6.250000000000000000e+00 5.000000000000000000e+00 2.829585585914119739e-02
6.250000000000000000e+00 1.500000000000000000e+01 6.779606603831776768e-02
6.250000000000000000e+00 2.500000000000000000e+01 5.487763875514920647e-02
6.250000000000000000e+00 3.500000000000000000e+01 3.320078784970720981e-02
6.250000000000000000e+00 4.500000000000000000e+01 2.492219408665680841e-02
6.250000000000000000e+00 5.500000000000000000e+01 1.338972162880101326e-02
6.250000000000000000e+00 6.500000000000000000e+01 8.283299581613381632e-03
6.250000000000000000e+00 7.500000000000000000e+01 3.392840564830748411e-03
6.250000000000000000e+00 8.500000000000000000e+01 1.736662569540588664e-03
6.250000000000000000e+00 9.500000000000000000e+01 7.032873627106920244e-04
6.250000000000000000e+00 1.050000000000000000e+02 3.119678008151100424e-04
6.250000000000000000e+00 1.150000000000000000e+02 1.013286100415943100e-04
6.250000000000000000e+00 1.250000000000000000e+02 1.580870547077625708e-05
6.750000000000000000e+00 5.000000000000000000e+00 1.011143912797421961e-02
6.750000000000000000e+00 1.500000000000000000e+01 1.775811608436188294e-02
6.750000000000000000e+00 2.500000000000000000e+01 1.907659867938529819e-02
6.750000000000000000e+00 3.500000000000000000e+01 1.612138346494575852e-02
6.750000000000000000e+00 4.500000000000000000e+01 1.081988777994917321e-02
6.750000000000000000e+00 5.500000000000000000e+01 7.840351947116803999e-03
6.750000000000000000e+00 6.500000000000000000e+01 5.881454455795931749e-03
6.750000000000000000e+00 7.500000000000000000e+01 3.156342116276220338e-03
6.750000000000000000e+00 8.500000000000000000e+01 1.579858438518787862e-03
6.750000000000000000e+00 9.500000000000000000e+01 1.031168407172871650e-03
6.750000000000000000e+00 1.050000000000000000e+02 6.094190338547899981e-04
6.750000000000000000e+00 1.150000000000000000e+02 3.154879269148446125e-04
6.750000000000000000e+00 1.250000000000000000e+02 1.448054787466737539e-04
6.750000000000000000e+00 1.350000000000000000e+02 4.204017154940831592e-05
6.750000000000000000e+00 1.450000000000000000e+02 7.533203770799954064e-06
7.250000000000000000e+00 5.000000000000000000e+00 8.140354496950578597e-03
7.250000000000000000e+00 1.500000000000000000e+01 9.563958509202056396e-03
7.250000000000000000e+00 2.500000000000000000e+01 1.017899505415855062e-02
7.250000000000000000e+00 3.500000000000000000e+01 9.428454535798786590e-03
7.250000000000000000e+00 4.500000000000000000e+01 7.200484625304255475e-03
7.250000000000000000e+00 5.500000000000000000e+01 6.390559264007671277e-03
7.250000000000000000e+00 6.500000000000000000e+01 3.762166719257540193e-03
7.250000000000000000e+00 7.500000000000000000e+01 2.597637932306988418e-03
7.250000000000000000e+00 8.500000000000000000e+01 1.700305851766086528e-03
7.250000000000000000e+00 9.500000000000000000e+01 1.231049194508322979e-03
7.250000000000000000e+00 1.050000000000000000e+02 8.572071890210072008e-04
7.250000000000000000e+00 1.150000000000000000e+02 5.139324967503883668e-04
7.250000000000000000e+00 1.250000000000000000e+02 2.830568078384970059e-04
7.250000000000000000e+00 1.350000000000000000e+02 1.478432498698207848e-04
7.250000000000000000e+00 1.450000000000000000e+02 5.549723146170537348e-05
7.250000000000000000e+00 1.550000000000000000e+02 1.628426809887062386e-05
7.250000000000000000e+00 1.650000000000000000e+02 1.369548747212682018e-06
7.750000000000000000e+00 5.000000000000000000e+00 8.006376214592796385e-04
7.750000000000000000e+00 1.500000000000000000e+01 7.359390503150545475e-04
7.750000000000000000e+00 2.500000000000000000e+01 6.871565145478655432e-04
7.750000000000000000e+00 3.500000000000000000e+01 7.252853066323770338e-04
7.750000000000000000e+00 4.500000000000000000e+01 6.479208826110893207e-04
7.750000000000000000e+00 5.500000000000000000e+01 5.615419843510437463e-04
7.750000000000000000e+00 6.500000000000000000e+01 5.927867470982622553e-04
7.750000000000000000e+00 7.500000000000000000e+01 6.296471442483663958e-04
7.750000000000000000e+00 8.500000000000000000e+01 5.658707049079959080e-04
7.750000000000000000e+00 9.500000000000000000e+01 4.302998196650520131e-04
7.750000000000000000e+00 1.050000000000000000e+02 2.925654520402713732e-04
7.750000000000000000e+00 1.150000000000000000e+02 1.642807781694571954e-04
7.750000000000000000e+00 1.250000000000000000e+02 1.228953939632583731e-04
7.750000000000000000e+00 1.350000000000000000e+02 5.569044064541919787e-05
7.750000000000000000e+00 1.450000000000000000e+02 3.534628078537298328e-05
7.750000000000000000e+00 1.550000000000000000e+02 1.797778936610639223e-05
7.750000000000000000e+00 1.650000000000000000e+02 8.748600972213774288e-06
7.750000000000000000e+00 1.750000000000000000e+02 6.587225859966670532e-07
8.250000000000000000e+00 1.500000000000000000e+01 6.157220686813380127e-05
8.250000000000000000e+00 2.500000000000000000e+01 7.543475211913228400e-05
8.250000000000000000e+00 3.500000000000000000e+01 7.638882309798397760e-05
8.250000000000000000e+00 4.500000000000000000e+01 5.798265617118293543e-05
8.250000000000000000e+00 5.500000000000000000e+01 4.829798229955659144e-05
8.250000000000000000e+00 6.500000000000000000e+01 6.294933683745863808e-05
8.250000000000000000e+00 7.500000000000000000e+01 5.878097194230835748e-05
8.250000000000000000e+00 8.500000000000000000e+01 5.040798149897742988e-05
8.250000000000000000e+00 9.500000000000000000e+01 3.788555458242139556e-05
8.250000000000000000e+00 1.050000000000000000e+02 1.872248620674180693e-05
8.250000000000000000e+00 1.150000000000000000e+02 1.765384398575865614e-05
8.250000000000000000e+00 1.250000000000000000e+02 9.847226263857026675e-06
8.250000000000000000e+00 1.350000000000000000e+02 7.286048573357187133e-06
8.250000000000000000e+00 1.450000000000000000e+02 4.055493077875669171e-06
8.250000000000000000e+00 1.550000000000000000e+02 1.886536324814977101e-06
8.250000000000000000e+00 1.650000000000000000e+02 8.630800521517827984e-07
8.250000000000000000e+00 1.750000000000000000e+02 1.902246457872180286e-07
