5.250000000000000000e+00 5.000000000000000000e+00 1.567041831758069241e-03
5.250000000000000000e+00 1.500000000000000000e+01 6.453633136087017809e-03
5.750000000000000000e+00 5.000000000000000000e+00 3.710274448386537832e-02
5.750000000000000000e+00 1.500000000000000000e+01 2.692672686986564631e-02
6.250000000000000000e+00 5.000000000000000000e+00 2.033190053550142096e-01
6.250000000000000000e+00 1.500000000000000000e+01 7.638266124800370538e-02
6.250000000000000000e+00 2.500000000000000000e+01 5.346386328388908794e-03
6.250000000000000000e+00 3.500000000000000000e+01 7.160161196932479178e-04
6.250000000000000000e+00 4.500000000000000000e+01 1.912053877873638757e-05
6.750000000000000000e+00 5.000000000000000000e+00 1.671248287001590171e-01
6.750000000000000000e+00 1.500000000000000000e+01 1.031710583491799588e-01
6.750000000000000000e+00 2.500000000000000000e+01 2.206624875730783114e-02
6.750000000000000000e+00 3.500000000000000000e+01 4.997921364901503766e-03
6.750000000000000000e+00 4.500000000000000000e+01 1.190169438097064304e-03
6.750000000000000000e+00 5.500000000000000000e+01 2.576279486019368201e-04
6.750000000000000000e+00 6.500000000000000000e+01 1.812049290768962223e-05
7.250000000000000000e+00 5.000000000000000000e+00 1.524717034665535043e-01
7.250000000000000000e+00 1.500000000000000000e+01 1.032963572912782013e-01
7.250000000000000000e+00 2.500000000000000000e+01 3.106481811385000333e-02
7.250000000000000000e+00 3.500000000000000000e+01 8.868590846784700499e-03
7.250000000000000000e+00 4.500000000000000000e+01 2.641854858541596660e-03
7.250000000000000000e+00 5.500000000000000000e+01 1.068014882267467576e-03
7.250000000000000000e+00 6.500000000000000000e+01 3.246616675986487943e-04
7.250000000000000000e+00 7.500000000000000000e+01 9.009918474788407056e-05
7.250000000000000000e+00 8.500000000000000000e+01 1.605049893419146804e-05
7.250000000000000000e+00 9.500000000000000000e+01 7.924652948194496670e-07
7.750000000000000000e+00 5.000000000000000000e+00 1.857506018709281087e-02
7.750000000000000000e+00 1.500000000000000000e+01 1.239912265098199080e-02
7.750000000000000000e+00 2.500000000000000000e+01 6.190924392319090835e-03
7.750000000000000000e+00 3.500000000000000000e+01 2.159481064123735822e-03
7.750000000000000000e+00 4.500000000000000000e+01 6.669804658548960687e-04
7.750000000000000000e+00 5.500000000000000000e+01 3.449374017179958579e-04
7.750000000000000000e+00 6.500000000000000000e+01 2.202526975683677250e-04
7.750000000000000000e+00 7.500000000000000000e+01 1.518747285718342682e-04
7.750000000000000000e+00 8.500000000000000000e+01 7.623734444058854099e-05
7.750000000000000000e+00 9.500000000000000000e+01 3.613180702960253201e-05
7.750000000000000000e+00 1.050000000000000000e+02 8.652178741991613638e-06
7.750000000000000000e+00 1.150000000000000000e+02 9.277458773646323365e-07
7.750000000000000000e+00 1.250000000000000000e+02 7.445582289415350722e-10
8.250000000000000000e+00 1.500000000000000000e+01 1.446825939532878471e-03
8.250000000000000000e+00 2.500000000000000000e+01 6.172162928646410338e-04
8.250000000000000000e+00 3.500000000000000000e+01 3.162895856869953558e-04
8.250000000000000000e+00 4.500000000000000000e+01 1.020131144692596739e-04
8.250000000000000000e+00 5.500000000000000000e+01 5.737158246508429244e-05
8.250000000000000000e+00 6.500000000000000000e+01 5.370072465446255931e-05
8.250000000000000000e+00 7.500000000000000000e+01 3.309095772433022427e-05
8.250000000000000000e+00 8.500000000000000000e+01 2.064962692015060740e-05
8.250000000000000000e+00 9.500000000000000000e+01 1.190381638749155408e-05
8.250000000000000000e+00 1.050000000000000000e+02 4.075711044936956970e-06
8.250000000000000000e+00 1.150000000000000000e+02 2.903494213120730462e-06
8.250000000000000000e+00 1.250000000000000000e+02 8.211744547659040762e-07
8.250000000000000000e+00 1.350000000000000000e+02 2.596805296327884766e-07
8.250000000000000000e+00 1.450000000000000000e+02 4.065171302393880230e-08
