5.750000000000000000e+00 5.000000000000000000e+00 4.341316443545159380e-03
5.750000000000000000e+00 1.500000000000000000e+01 1.985812594148566278e-03
6.250000000000000000e+00 5.000000000000000000e+00 1.457836576026734499e-01
6.250000000000000000e+00 1.500000000000000000e+01 1.698574752588683304e-02
6.750000000000000000e+00 5.000000000000000000e+00 2.147255614008324043e-01
6.750000000000000000e+00 1.500000000000000000e+01 8.619206324856001911e-02
6.750000000000000000e+00 2.500000000000000000e+01 2.321210466302772203e-03
7.250000000000000000e+00 5.000000000000000000e+00 2.639223622490616261e-01
7.250000000000000000e+00 1.500000000000000000e+01 1.564573765971657981e-01
7.250000000000000000e+00 2.500000000000000000e+01 1.916479061971339617e-02
7.250000000000000000e+00 3.500000000000000000e+01 1.136804663184293228e-03
7.250000000000000000e+00 4.500000000000000000e+01 1.108232545383482262e-05
7.750000000000000000e+00 5.000000000000000000e+00 4.277090697487216653e-02
7.750000000000000000e+00 1.500000000000000000e+01 2.704866350965515545e-02
7.750000000000000000e+00 2.500000000000000000e+01 9.925460815711113771e-03
7.750000000000000000e+00 3.500000000000000000e+01 1.442345746510873992e-03
7.750000000000000000e+00 4.500000000000000000e+01 1.439362572365117669e-04
7.750000000000000000e+00 5.500000000000000000e+01 1.599463058629053730e-05
7.750000000000000000e+00 6.500000000000000000e+01 1.056888262627778851e-08
8.250000000000000000e+00 1.500000000000000000e+01 4.182841741025730871e-03
8.250000000000000000e+00 2.500000000000000000e+01 9.909788624391157805e-04
8.250000000000000000e+00 3.500000000000000000e+01 3.471053817932588507e-04
8.250000000000000000e+00 4.500000000000000000e+01 6.010194643100799942e-05
8.250000000000000000e+00 5.500000000000000000e+01 2.684052047974122942e-05
8.250000000000000000e+00 6.500000000000000000e+01 1.391911969004726308e-05
8.250000000000000000e+00 7.500000000000000000e+01 2.932805247080299761e-06
8.250000000000000000e+00 8.500000000000000000e+01 1.753829108219381608e-07
