5.250000000000000000e+00 5.000000000000000000e+00 7.632916730332239136e-03
5.250000000000000000e+00 1.500000000000000000e+01 2.566195096216056237e-02
5.250000000000000000e+00 2.500000000000000000e+01 4.047089227250787061e-05
5.750000000000000000e+00 5.000000000000000000e+00 4.407929152477643026e-02
5.750000000000000000e+00 1.500000000000000000e+01 6.162918105277755132e-02
5.750000000000000000e+00 2.500000000000000000e+01 4.329276987085000500e-03
5.750000000000000000e+00 3.500000000000000000e+01 4.342907491910011656e-04
5.750000000000000000e+00 4.500000000000000000e+01 1.578173341209768884e-05
6.250000000000000000e+00 5.000000000000000000e+00 1.409547131270577902e-01
6.250000000000000000e+00 1.500000000000000000e+01 1.245532184073630394e-01
6.250000000000000000e+00 2.500000000000000000e+01 3.726964125541780415e-02
6.250000000000000000e+00 3.500000000000000000e+01 1.433606567638180326e-02
6.250000000000000000e+00 4.500000000000000000e+01 7.086034869860115097e-03
6.250000000000000000e+00 5.500000000000000000e+01 2.924407503156943589e-03
6.250000000000000000e+00 6.500000000000000000e+01 1.521554428374152388e-03
6.250000000000000000e+00 7.500000000000000000e+01 5.573211722971880720e-04
6.250000000000000000e+00 8.500000000000000000e+01 2.683302317072997780e-04
6.250000000000000000e+00 9.500000000000000000e+01 1.274118279888432229e-04
6.250000000000000000e+00 1.050000000000000000e+02 5.442514749054901813e-05
6.250000000000000000e+00 1.150000000000000000e+02 5.328501825452457947e-06
6.750000000000000000e+00 5.000000000000000000e+00 7.908293209762802534e-02
6.750000000000000000e+00 1.500000000000000000e+01 8.209999108921194055e-02
6.750000000000000000e+00 2.500000000000000000e+01 4.458850307702242471e-02
6.750000000000000000e+00 3.500000000000000000e+01 2.287380997082858608e-02
6.750000000000000000e+00 4.500000000000000000e+01 1.157407438346505675e-02
6.750000000000000000e+00 5.500000000000000000e+01 7.277053401135093365e-03
6.750000000000000000e+00 6.500000000000000000e+01 5.123668337885996585e-03
6.750000000000000000e+00 7.500000000000000000e+01 2.771807978594285730e-03
6.750000000000000000e+00 8.500000000000000000e+01 1.454162520247459208e-03
6.750000000000000000e+00 9.500000000000000000e+01 1.094402156852053659e-03
6.750000000000000000e+00 1.050000000000000000e+02 7.875873249207380675e-04
6.750000000000000000e+00 1.150000000000000000e+02 5.310351308837046045e-04
6.750000000000000000e+00 1.250000000000000000e+02 3.502893009414323033e-04
6.750000000000000000e+00 1.350000000000000000e+02 1.709327905850601683e-04
6.750000000000000000e+00 1.450000000000000000e+02 5.595849861411671935e-05
7.250000000000000000e+00 5.000000000000000000e+00 6.802539924580444652e-02
7.250000000000000000e+00 1.500000000000000000e+01 5.986385593015967205e-02
7.250000000000000000e+00 2.500000000000000000e+01 3.849622001504316576e-02
7.250000000000000000e+00 3.500000000000000000e+01 2.266774350232923438e-02
7.250000000000000000e+00 4.500000000000000000e+01 1.283442614920603589e-02
7.250000000000000000e+00 5.500000000000000000e+01 9.478415098027355781e-03
7.250000000000000000e+00 6.500000000000000000e+01 5.282471819110475149e-03
7.250000000000000000e+00 7.500000000000000000e+01 3.711188381605503087e-03
7.250000000000000000e+00 8.500000000000000000e+01 2.731924526882622759e-03
7.250000000000000000e+00 9.500000000000000000e+01 2.206736034559115493e-03
7.250000000000000000e+00 1.050000000000000000e+02 1.903294191985229183e-03
7.250000000000000000e+00 1.150000000000000000e+02 1.373597736631910256e-03
7.250000000000000000e+00 1.250000000000000000e+02 9.935166574229999971e-04
7.250000000000000000e+00 1.350000000000000000e+02 7.414139622859763912e-04
7.250000000000000000e+00 1.450000000000000000e+02 4.351337593945102562e-04
7.250000000000000000e+00 1.550000000000000000e+02 2.212119932381556423e-04
7.250000000000000000e+00 1.650000000000000000e+02 2.718445094747498175e-05
7.750000000000000000e+00 5.000000000000000000e+00 7.517263202766856847e-03
7.750000000000000000e+00 1.500000000000000000e+01 5.855909312383325224e-03
7.750000000000000000e+00 2.500000000000000000e+01 4.290638788511273900e-03
7.750000000000000000e+00 3.500000000000000000e+01 3.089328822583384780e-03
7.750000000000000000e+00 4.500000000000000000e+01 1.934883832513534111e-03
7.750000000000000000e+00 5.500000000000000000e+01 1.480048408310286707e-03
7.750000000000000000e+00 6.500000000000000000e+01 1.458142788477501768e-03
7.750000000000000000e+00 7.500000000000000000e+01 1.537428576952176544e-03
7.750000000000000000e+00 8.500000000000000000e+01 1.343647234401034720e-03
7.750000000000000000e+00 9.500000000000000000e+01 1.157980712897744386e-03
7.750000000000000000e+00 1.050000000000000000e+02 8.712812387398170951e-04
7.750000000000000000e+00 1.150000000000000000e+02 5.842179147179858657e-04
7.750000000000000000e+00 1.250000000000000000e+02 5.359474104430794229e-04
7.750000000000000000e+00 1.350000000000000000e+02 3.298540359445489628e-04
7.750000000000000000e+00 1.450000000000000000e+02 2.897683039004338786e-04
7.750000000000000000e+00 1.550000000000000000e+02 2.149328408418270549e-04
7.750000000000000000e+00 1.650000000000000000e+02 1.623091172097587925e-04
7.750000000000000000e+00 1.750000000000000000e+02 1.652356820412196166e-05
8.250000000000000000e+00 1.500000000000000000e+01 6.037937710503380904e-04
8.250000000000000000e+00 2.500000000000000000e+01 5.384021398789876241e-04
8.250000000000000000e+00 3.500000000000000000e+01 4.372996185461386679e-04
8.250000000000000000e+00 4.500000000000000000e+01 2.390747652409379808e-04
8.250000000000000000e+00 5.500000000000000000e+01 1.763839798616157373e-04
8.250000000000000000e+00 6.500000000000000000e+01 2.219392612343603602e-04
8.250000000000000000e+00 7.500000000000000000e+01 1.943059393918070219e-04
8.250000000000000000e+00 8.500000000000000000e+01 1.683539670723263452e-04
8.250000000000000000e+00 9.500000000000000000e+01 1.322900269523440793e-04
8.250000000000000000e+00 1.050000000000000000e+02 7.018533326533619185e-05
8.250000000000000000e+00 1.150000000000000000e+02 7.416511010875945036e-05
8.250000000000000000e+00 1.250000000000000000e+02 4.833116589166569493e-05
8.250000000000000000e+00 1.350000000000000000e+02 4.378888337655739086e-05
8.250000000000000000e+00 1.450000000000000000e+02 3.237984222731070307e-05
8.250000000000000000e+00 1.550000000000000000e+02 1.974869211588797577e-05
8.250000000000000000e+00 1.650000000000000000e+02 1.360261168776618169e-05
8.250000000000000000e+00 1.750000000000000000e+02 4.294487920927786039e-06
