5.250000000000000000e+00 5.000000000000000000e+00 3.047902749849129220e-02
5.250000000000000000e+00 1.500000000000000000e+01 3.009670239794815516e-01
5.250000000000000000e+00 2.500000000000000000e+01 7.279412536110375920e-02
5.250000000000000000e+00 3.500000000000000000e+01 1.524133885757326078e-02
5.250000000000000000e+00 4.500000000000000000e+01 2.679197367981787318e-03
5.250000000000000000e+00 5.500000000000000000e+01 2.448043161220414088e-04
5.250000000000000000e+00 6.500000000000000000e+01 2.805413800761479701e-07
5.750000000000000000e+00 5.000000000000000000e+00 2.757016007939542060e-02
5.750000000000000000e+00 1.500000000000000000e+01 1.206114262717705443e-01
5.750000000000000000e+00 2.500000000000000000e+01 4.628267663731949755e-02
5.750000000000000000e+00 3.500000000000000000e+01 1.699375013760292055e-02
5.750000000000000000e+00 4.500000000000000000e+01 7.018278660155025453e-03
5.750000000000000000e+00 5.500000000000000000e+01 2.136496394063660924e-03
5.750000000000000000e+00 6.500000000000000000e+01 4.216026785832043097e-04
5.750000000000000000e+00 7.500000000000000000e+01 4.459773559465349447e-05
6.250000000000000000e+00 5.000000000000000000e+00 4.358697844910770086e-02
6.250000000000000000e+00 1.500000000000000000e+01 8.061640880592937930e-02
6.250000000000000000e+00 2.500000000000000000e+01 4.698638293498659524e-02
6.250000000000000000e+00 3.500000000000000000e+01 2.186187775437224701e-02
6.250000000000000000e+00 4.500000000000000000e+01 1.297223315984404567e-02
6.250000000000000000e+00 5.500000000000000000e+01 5.423032465724533097e-03
6.250000000000000000e+00 6.500000000000000000e+01 2.496051285688782092e-03
6.250000000000000000e+00 7.500000000000000000e+01 6.876438455424659481e-04
6.250000000000000000e+00 8.500000000000000000e+01 1.959706498156226526e-04
6.250000000000000000e+00 9.500000000000000000e+01 2.711341066211754130e-05
6.250000000000000000e+00 1.050000000000000000e+02 9.293688013742535220e-07
6.750000000000000000e+00 5.000000000000000000e+00 1.605251756861173287e-02
6.750000000000000000e+00 1.500000000000000000e+01 2.280570741218150912e-02
6.750000000000000000e+00 2.500000000000000000e+01 1.808072277808676215e-02
6.750000000000000000e+00 3.500000000000000000e+01 1.099542695531596261e-02
6.750000000000000000e+00 4.500000000000000000e+01 5.594142993715480426e-03
6.750000000000000000e+00 5.500000000000000000e+01 3.139936696684429186e-03
6.750000000000000000e+00 6.500000000000000000e+01 1.840034272363134590e-03
6.750000000000000000e+00 7.500000000000000000e+01 7.502873221997912422e-04
6.750000000000000000e+00 8.500000000000000000e+01 2.770798903911846187e-04
6.750000000000000000e+00 9.500000000000000000e+01 1.174493781865693071e-04
6.750000000000000000e+00 1.050000000000000000e+02 3.099926752428854194e-05
6.750000000000000000e+00 1.150000000000000000e+02 3.420082804195854310e-06
7.250000000000000000e+00 5.000000000000000000e+00 1.285651993267071524e-02
7.250000000000000000e+00 1.500000000000000000e+01 1.322045590117311084e-02
7.250000000000000000e+00 2.500000000000000000e+01 1.112126354556527627e-02
7.250000000000000000e+00 3.500000000000000000e+01 7.790254525617794877e-03
7.250000000000000000e+00 4.500000000000000000e+01 4.519903898466923718e-03
7.250000000000000000e+00 5.500000000000000000e+01 3.067083910908586369e-03
7.250000000000000000e+00 6.500000000000000000e+01 1.423505386548524999e-03
7.250000000000000000e+00 7.500000000000000000e+01 7.840375941053185586e-04
7.250000000000000000e+00 8.500000000000000000e+01 4.083293728193738699e-04
7.250000000000000000e+00 9.500000000000000000e+01 2.306187551124704970e-04
7.250000000000000000e+00 1.050000000000000000e+02 1.143551396743427826e-04
7.250000000000000000e+00 1.150000000000000000e+02 4.039539714961908122e-05
7.250000000000000000e+00 1.250000000000000000e+02 9.239904350375422940e-06
7.250000000000000000e+00 1.350000000000000000e+02 1.189085427947564691e-06
7.250000000000000000e+00 1.450000000000000000e+02 2.930647582114776035e-10
7.750000000000000000e+00 5.000000000000000000e+00 1.297111283371889853e-03
7.750000000000000000e+00 1.500000000000000000e+01 1.101773616679269400e-03
7.750000000000000000e+00 2.500000000000000000e+01 9.058435565561072248e-04
7.750000000000000000e+00 3.500000000000000000e+01 7.726162231695364027e-04
7.750000000000000000e+00 4.500000000000000000e+01 5.083181012912514358e-04
7.750000000000000000e+00 5.500000000000000000e+01 3.512160879617616874e-04
7.750000000000000000e+00 6.500000000000000000e+01 2.999979147733095454e-04
7.750000000000000000e+00 7.500000000000000000e+01 2.567799291505468151e-04
7.750000000000000000e+00 8.500000000000000000e+01 1.827897282346420101e-04
7.750000000000000000e+00 9.500000000000000000e+01 1.113027923611653949e-04
7.750000000000000000e+00 1.050000000000000000e+02 5.936045239901409809e-05
7.750000000000000000e+00 1.150000000000000000e+02 2.564712154269478307e-05
7.750000000000000000e+00 1.250000000000000000e+02 1.296554698235501624e-05
7.750000000000000000e+00 1.350000000000000000e+02 3.361477320142026905e-06
7.750000000000000000e+00 1.450000000000000000e+02 7.417864678654085553e-07
7.750000000000000000e+00 1.550000000000000000e+02 8.255527358764240631e-08
8.250000000000000000e+00 1.500000000000000000e+01 9.899813714094740516e-05
8.250000000000000000e+00 2.500000000000000000e+01 1.029504734304119207e-04
8.250000000000000000e+00 3.500000000000000000e+01 8.953406711335784021e-05
8.250000000000000000e+00 4.500000000000000000e+01 5.377805542426099142e-05
8.250000000000000000e+00 5.500000000000000000e+01 3.724858714827131379e-05
8.250000000000000000e+00 6.500000000000000000e+01 3.870797846441910770e-05
8.250000000000000000e+00 7.500000000000000000e+01 2.940732842574713023e-05
8.250000000000000000e+00 8.500000000000000000e+01 2.065952189019215084e-05
8.250000000000000000e+00 9.500000000000000000e+01 1.264407486028662119e-05
8.250000000000000000e+00 1.050000000000000000e+02 5.096615261352152070e-06
8.250000000000000000e+00 1.150000000000000000e+02 3.834142745808186962e-06
8.250000000000000000e+00 1.250000000000000000e+02 1.647676929582380228e-06
8.250000000000000000e+00 1.350000000000000000e+02 9.014536877322176274e-07
8.250000000000000000e+00 1.450000000000000000e+02 3.296607342993402434e-07
8.250000000000000000e+00 1.550000000000000000e+02 6.250733789210559205e-08
8.250000000000000000e+00 1.650000000000000000e+02 5.638056779637255654e-09
