5.250000000000000000e+00 5.000000000000000000e+00 2.771622551620198799e-02
5.250000000000000000e+00 1.500000000000000000e+01 2.488711205793365522e-01
5.250000000000000000e+00 2.500000000000000000e+01 5.151337002441128826e-02
5.250000000000000000e+00 3.500000000000000000e+01 9.734384806754071973e-03
5.250000000000000000e+00 4.500000000000000000e+01 1.551976597273761315e-03
5.250000000000000000e+00 5.500000000000000000e+01 1.499075963131451432e-04
5.750000000000000000e+00 5.000000000000000000e+00 2.723949293523863710e-02
5.750000000000000000e+00 1.500000000000000000e+01 1.161767247220997223e-01
5.750000000000000000e+00 2.500000000000000000e+01 4.511518275715326737e-02
5.750000000000000000e+00 3.500000000000000000e+01 1.675460325499016773e-02
5.750000000000000000e+00 4.500000000000000000e+01 6.950630754278972791e-03
5.750000000000000000e+00 5.500000000000000000e+01 2.124955576894529963e-03
5.750000000000000000e+00 6.500000000000000000e+01 4.783718025704773117e-04
5.750000000000000000e+00 7.500000000000000000e+01 7.621887894069303551e-05
5.750000000000000000e+00 8.500000000000000000e+01 3.142028154181734313e-08
6.250000000000000000e+00 5.000000000000000000e+00 4.443379942116354453e-02
6.250000000000000000e+00 1.500000000000000000e+01 8.759640041889296680e-02
6.250000000000000000e+00 2.500000000000000000e+01 5.668980093277265625e-02
6.250000000000000000e+00 3.500000000000000000e+01 2.919520814014353247e-02
6.250000000000000000e+00 4.500000000000000000e+01 1.858466993403843151e-02
6.250000000000000000e+00 5.500000000000000000e+01 8.532716068629037434e-03
6.250000000000000000e+00 6.500000000000000000e+01 4.401653284710383904e-03
6.250000000000000000e+00 7.500000000000000000e+01 1.464695136115276835e-03
6.250000000000000000e+00 8.500000000000000000e+01 5.804248623274803212e-04
6.250000000000000000e+00 9.500000000000000000e+01 1.589384065738787190e-04
6.250000000000000000e+00 1.050000000000000000e+02 4.316497828511215476e-05
6.250000000000000000e+00 1.150000000000000000e+02 3.684238084268656721e-06
6.750000000000000000e+00 5.000000000000000000e+00 1.651731716848705081e-02
6.750000000000000000e+00 1.500000000000000000e+01 2.612728103538710170e-02
6.750000000000000000e+00 2.500000000000000000e+01 2.426068279735698816e-02
6.750000000000000000e+00 3.500000000000000000e+01 1.747219044199089383e-02
6.750000000000000000e+00 4.500000000000000000e+01 1.019823373977214037e-02
6.750000000000000000e+00 5.500000000000000000e+01 6.498289254887225884e-03
6.750000000000000000e+00 6.500000000000000000e+01 4.301722524603490000e-03
6.750000000000000000e+00 7.500000000000000000e+01 2.019193216712039229e-03
6.750000000000000000e+00 8.500000000000000000e+01 8.829986915356136763e-04
6.750000000000000000e+00 9.500000000000000000e+01 4.954456624384587530e-04
6.750000000000000000e+00 1.050000000000000000e+02 2.306993869046485457e-04
6.750000000000000000e+00 1.150000000000000000e+02 8.298016198309809944e-05
6.750000000000000000e+00 1.250000000000000000e+02 2.107012454183156618e-05
6.750000000000000000e+00 1.350000000000000000e+02 1.710469437910660539e-06
7.250000000000000000e+00 5.000000000000000000e+00 1.329357127945573862e-02
7.250000000000000000e+00 1.500000000000000000e+01 1.470134098773994737e-02
7.250000000000000000e+00 2.500000000000000000e+01 1.411384851044435521e-02
7.250000000000000000e+00 3.500000000000000000e+01 1.157096197797323651e-02
7.250000000000000000e+00 4.500000000000000000e+01 7.806042379409195049e-03
7.250000000000000000e+00 5.500000000000000000e+01 6.099107798966454941e-03
7.250000000000000000e+00 6.500000000000000000e+01 3.211812792055671138e-03
7.250000000000000000e+00 7.500000000000000000e+01 1.993418078725502085e-03
7.250000000000000000e+00 8.500000000000000000e+01 1.178871099359338204e-03
7.250000000000000000e+00 9.500000000000000000e+01 7.634999817407709831e-04
7.250000000000000000e+00 1.050000000000000000e+02 4.696001330937804390e-04
7.250000000000000000e+00 1.150000000000000000e+02 2.389055218572830308e-04
7.250000000000000000e+00 1.250000000000000000e+02 1.042518523175443569e-04
7.250000000000000000e+00 1.350000000000000000e+02 3.905942706736437577e-05
7.250000000000000000e+00 1.450000000000000000e+02 8.558146476060430601e-06
7.250000000000000000e+00 1.550000000000000000e+02 1.379003922944604035e-06
7.250000000000000000e+00 1.650000000000000000e+02 2.839409489433451242e-08
7.750000000000000000e+00 5.000000000000000000e+00 1.324349926439061589e-03
7.750000000000000000e+00 1.500000000000000000e+01 1.178633380882368941e-03
7.750000000000000000e+00 2.500000000000000000e+01 1.045104584313914136e-03
7.750000000000000000e+00 3.500000000000000000e+01 1.015494421714419927e-03
7.750000000000000000e+00 4.500000000000000000e+01 8.028777444343692012e-04
7.750000000000000000e+00 5.500000000000000000e+01 6.355181504983003007e-04
7.750000000000000000e+00 6.500000000000000000e+01 6.121032012761098377e-04
7.750000000000000000e+00 7.500000000000000000e+01 5.916234345742553760e-04
7.750000000000000000e+00 8.500000000000000000e+01 4.750384782760320610e-04
7.750000000000000000e+00 9.500000000000000000e+01 3.288094267757752580e-04
7.750000000000000000e+00 1.050000000000000000e+02 2.002230568227500343e-04
7.750000000000000000e+00 1.150000000000000000e+02 1.012519734784260537e-04
7.750000000000000000e+00 1.250000000000000000e+02 6.603083006400013591e-05
7.750000000000000000e+00 1.350000000000000000e+02 2.622321617583250024e-05
7.750000000000000000e+00 1.450000000000000000e+02 1.316413375898278326e-05
7.750000000000000000e+00 1.550000000000000000e+02 5.046213841021107833e-06
7.750000000000000000e+00 1.650000000000000000e+02 1.772126660536041923e-06
7.750000000000000000e+00 1.750000000000000000e+02 1.094234498232038994e-07
8.250000000000000000e+00 1.500000000000000000e+01 1.018560882135593907e-04
8.250000000000000000e+00 2.500000000000000000e+01 1.182132647728039435e-04
8.250000000000000000e+00 3.500000000000000000e+01 1.138106407869829602e-04
8.250000000000000000e+00 4.500000000000000000e+01 7.853333847264940546e-05
8.250000000000000000e+00 5.500000000000000000e+01 6.092273480927733284e-05
8.250000000000000000e+00 6.500000000000000000e+01 7.297264133466200469e-05
8.250000000000000000e+00 7.500000000000000000e+01 6.239457106505395443e-05
8.250000000000000000e+00 8.500000000000000000e+01 4.921130206773235917e-05
8.250000000000000000e+00 9.500000000000000000e+01 3.387572934555109315e-05
8.250000000000000000e+00 1.050000000000000000e+02 1.528825042090141919e-05
8.250000000000000000e+00 1.150000000000000000e+02 1.305408325821787310e-05
8.250000000000000000e+00 1.250000000000000000e+02 6.515574039471042947e-06
8.250000000000000000e+00 1.350000000000000000e+02 4.305367202147762072e-06
8.250000000000000000e+00 1.450000000000000000e+02 2.133805566666676634e-06
8.250000000000000000e+00 1.550000000000000000e+02 8.067809943991806161e-07
8.250000000000000000e+00 1.650000000000000000e+02 2.870842543977203234e-07
8.250000000000000000e+00 1.750000000000000000e+02 1.993474561743236932e-08
