5.250000000000000000e+00 5.000000000000000000e+00 8.966416929464000179e-03
5.250000000000000000e+00 1.500000000000000000e+01 1.042193066405091156e-01
5.250000000000000000e+00 2.500000000000000000e+01 4.757703063086252127e-02
5.250000000000000000e+00 3.500000000000000000e+01 2.219859795992515025e-02
5.250000000000000000e+00 4.500000000000000000e+01 1.232900507071498647e-02
5.250000000000000000e+00 5.500000000000000000e+01 7.099621327449416076e-03
5.250000000000000000e+00 6.500000000000000000e+01 3.439710514195589222e-03
5.250000000000000000e+00 7.500000000000000000e+01 1.544624785469966930e-03
5.750000000000000000e+00 5.000000000000000000e+00 8.201739690916731371e-03
5.750000000000000000e+00 1.500000000000000000e+01 6.045136837319409207e-02
5.750000000000000000e+00 2.500000000000000000e+01 4.682570535868018496e-02
5.750000000000000000e+00 3.500000000000000000e+01 3.296242666927687998e-02
5.750000000000000000e+00 4.500000000000000000e+01 2.747784044084830221e-02
5.750000000000000000e+00 5.500000000000000000e+01 2.020095215470864292e-02
5.750000000000000000e+00 6.500000000000000000e+01 1.625337849060786571e-02
5.750000000000000000e+00 7.500000000000000000e+01 1.198322040563259104e-02
5.750000000000000000e+00 8.500000000000000000e+01 7.953650637782199925e-03
5.750000000000000000e+00 9.500000000000000000e+01 2.339983388685811308e-03
6.250000000000000000e+00 5.000000000000000000e+00 1.376774343955375346e-02
6.250000000000000000e+00 1.500000000000000000e+01 3.989314467237178863e-02
6.250000000000000000e+00 2.500000000000000000e+01 4.364610074331977396e-02
6.250000000000000000e+00 3.500000000000000000e+01 3.603626083664122903e-02
6.250000000000000000e+00 4.500000000000000000e+01 3.949239519682343214e-02
6.250000000000000000e+00 5.500000000000000000e+01 3.265162886794449604e-02
6.250000000000000000e+00 6.500000000000000000e+01 3.395048256345535587e-02
6.250000000000000000e+00 7.500000000000000000e+01 2.365549926521882604e-02
6.250000000000000000e+00 8.500000000000000000e+01 2.106689764500279879e-02
6.250000000000000000e+00 9.500000000000000000e+01 1.803226040868285973e-02
6.250000000000000000e+00 1.050000000000000000e+02 1.507941610836381965e-02
6.250000000000000000e+00 1.150000000000000000e+02 1.008749865875667624e-02
6.250000000000000000e+00 1.250000000000000000e+02 3.338783089771134652e-03
6.750000000000000000e+00 5.000000000000000000e+00 4.771975778387772989e-03
6.750000000000000000e+00 1.500000000000000000e+01 9.207392594015215495e-03
6.750000000000000000e+00 2.500000000000000000e+01 1.175900592514284027e-02
6.750000000000000000e+00 3.500000000000000000e+01 1.289263972824097361e-02
6.750000000000000000e+00 4.500000000000000000e+01 1.155653948773843753e-02
6.750000000000000000e+00 5.500000000000000000e+01 1.156184548845929846e-02
6.750000000000000000e+00 6.500000000000000000e+01 1.239741972195969669e-02
6.750000000000000000e+00 7.500000000000000000e+01 1.017219449431812882e-02
6.750000000000000000e+00 8.500000000000000000e+01 7.944579168225768609e-03
6.750000000000000000e+00 9.500000000000000000e+01 8.319687275224547235e-03
6.750000000000000000e+00 1.050000000000000000e+02 8.667351933291201488e-03
6.750000000000000000e+00 1.150000000000000000e+02 8.608105280724089384e-03
6.750000000000000000e+00 1.250000000000000000e+02 8.754190850124453707e-03
6.750000000000000000e+00 1.350000000000000000e+02 5.407837935629382538e-03
6.750000000000000000e+00 1.450000000000000000e+02 1.740226386928445763e-03
7.250000000000000000e+00 5.000000000000000000e+00 3.847801145403180901e-03
7.250000000000000000e+00 1.500000000000000000e+01 4.774137960567666553e-03
7.250000000000000000e+00 2.500000000000000000e+01 5.676412457500700122e-03
7.250000000000000000e+00 3.500000000000000000e+01 6.234787515347412629e-03
7.250000000000000000e+00 4.500000000000000000e+01 5.917330960594114828e-03
7.250000000000000000e+00 5.500000000000000000e+01 6.950246169067474632e-03
7.250000000000000000e+00 6.500000000000000000e+01 5.463494930050356337e-03
7.250000000000000000e+00 7.500000000000000000e+01 5.182624172909569733e-03
7.250000000000000000e+00 8.500000000000000000e+01 4.768462258495065852e-03
7.250000000000000000e+00 9.500000000000000000e+01 5.058069473800455573e-03
7.250000000000000000e+00 1.050000000000000000e+02 5.481945914344559488e-03
7.250000000000000000e+00 1.150000000000000000e+02 5.434524431320516234e-03
7.250000000000000000e+00 1.250000000000000000e+02 5.267629155755285640e-03
7.250000000000000000e+00 1.350000000000000000e+02 5.325469663654348700e-03
7.250000000000000000e+00 1.450000000000000000e+02 4.226108359885279685e-03
7.250000000000000000e+00 1.550000000000000000e+02 2.354174795356028110e-03
7.250000000000000000e+00 1.650000000000000000e+02 2.891528535531338114e-04
7.750000000000000000e+00 5.000000000000000000e+00 3.749580957447392823e-04
7.750000000000000000e+00 1.500000000000000000e+01 3.536741433373346254e-04
7.750000000000000000e+00 2.500000000000000000e+01 3.466647367567813969e-04
7.750000000000000000e+00 3.500000000000000000e+01 4.009847102833657148e-04
7.750000000000000000e+00 4.500000000000000000e+01 4.253342647143600551e-04
7.750000000000000000e+00 5.500000000000000000e+01 4.332589887115551237e-04
7.750000000000000000e+00 6.500000000000000000e+01 5.556435923417614485e-04
7.750000000000000000e+00 7.500000000000000000e+01 7.416532916937274358e-04
7.750000000000000000e+00 8.500000000000000000e+01 9.077101730258025020e-04
7.750000000000000000e+00 9.500000000000000000e+01 9.355781003281480853e-04
7.750000000000000000e+00 1.050000000000000000e+02 9.169826929976036345e-04
7.750000000000000000e+00 1.150000000000000000e+02 7.449923645783616257e-04
7.750000000000000000e+00 1.250000000000000000e+02 9.074923135612668812e-04
7.750000000000000000e+00 1.350000000000000000e+02 6.352079705863812771e-04
7.750000000000000000e+00 1.450000000000000000e+02 7.224790215973034193e-04
7.750000000000000000e+00 1.550000000000000000e+02 6.261981916485278958e-04
7.750000000000000000e+00 1.650000000000000000e+02 5.533677316921246708e-04
7.750000000000000000e+00 1.750000000000000000e+02 5.290802711714991786e-05
8.250000000000000000e+00 1.500000000000000000e+01 2.881565499370479302e-05
8.250000000000000000e+00 2.500000000000000000e+01 3.668504699400524342e-05
8.250000000000000000e+00 3.500000000000000000e+01 3.888628646078101295e-05
8.250000000000000000e+00 4.500000000000000000e+01 3.310060488348420761e-05
8.250000000000000000e+00 5.500000000000000000e+01 3.073721843463519423e-05
8.250000000000000000e+00 6.500000000000000000e+01 4.678582209913919801e-05
8.250000000000000000e+00 7.500000000000000000e+01 5.239091169281312005e-05
8.250000000000000000e+00 8.500000000000000000e+01 5.496047888064354989e-05
8.250000000000000000e+00 9.500000000000000000e+01 5.243133514466664393e-05
8.250000000000000000e+00 1.050000000000000000e+02 3.369399919301218835e-05
8.250000000000000000e+00 1.150000000000000000e+02 4.403135765909553577e-05
8.250000000000000000e+00 1.250000000000000000e+02 3.574150455887128915e-05
8.250000000000000000e+00 1.350000000000000000e+02 4.077468579144642372e-05
8.250000000000000000e+00 1.450000000000000000e+02 3.419595025755913019e-05
8.250000000000000000e+00 1.550000000000000000e+02 2.923412645962902840e-05
8.250000000000000000e+00 1.650000000000000000e+02 2.311382683332937037e-05
8.250000000000000000e+00 1.750000000000000000e+02 1.327754810159243288e-05
