5.250000000000000000e+00 5.000000000000000000e+00 1.164186339252202716e-03
5.250000000000000000e+00 1.500000000000000000e+01 3.027340019839606846e-03
5.750000000000000000e+00 5.000000000000000000e+00 2.590279221912352922e-02
5.750000000000000000e+00 1.500000000000000000e+01 2.317366457189742185e-02
5.750000000000000000e+00 2.500000000000000000e+01 2.924230971410221569e-04
6.250000000000000000e+00 5.000000000000000000e+00 1.498086545453255758e-01
6.250000000000000000e+00 1.500000000000000000e+01 9.253698395131339238e-02
6.250000000000000000e+00 2.500000000000000000e+01 1.856913855723604095e-02
6.250000000000000000e+00 3.500000000000000000e+01 5.576631086732274437e-03
6.250000000000000000e+00 4.500000000000000000e+01 2.003557568716740362e-03
6.250000000000000000e+00 5.500000000000000000e+01 6.073643233527945126e-04
6.250000000000000000e+00 6.500000000000000000e+01 2.407748391786782840e-04
6.250000000000000000e+00 7.500000000000000000e+01 3.905920200374357983e-05
6.250000000000000000e+00 8.500000000000000000e+01 2.907529252105156099e-06
6.750000000000000000e+00 5.000000000000000000e+00 1.135241563845383050e-01
6.750000000000000000e+00 1.500000000000000000e+01 9.634153139464608773e-02
6.750000000000000000e+00 2.500000000000000000e+01 3.913605141506783930e-02
6.750000000000000000e+00 3.500000000000000000e+01 1.661475042180790562e-02
6.750000000000000000e+00 4.500000000000000000e+01 7.307858448688538990e-03
6.750000000000000000e+00 5.500000000000000000e+01 4.016624951823499247e-03
6.750000000000000000e+00 6.500000000000000000e+01 2.412271725882552537e-03
6.750000000000000000e+00 7.500000000000000000e+01 1.136675467165488987e-03
6.750000000000000000e+00 8.500000000000000000e+01 5.087829837537972228e-04
6.750000000000000000e+00 9.500000000000000000e+01 3.861623759888482984e-04
6.750000000000000000e+00 1.050000000000000000e+02 2.279550319364676122e-04
6.750000000000000000e+00 1.150000000000000000e+02 1.319673339601507987e-04
6.750000000000000000e+00 1.250000000000000000e+02 6.237231167741853917e-05
6.750000000000000000e+00 1.350000000000000000e+02 1.915119551771094213e-05
6.750000000000000000e+00 1.450000000000000000e+02 4.984848745789983173e-07
7.250000000000000000e+00 5.000000000000000000e+00 1.153805367834827844e-01
7.250000000000000000e+00 1.500000000000000000e+01 9.411252797628773259e-02
7.250000000000000000e+00 2.500000000000000000e+01 5.125259623044261387e-02
7.250000000000000000e+00 3.500000000000000000e+01 2.680266990423969820e-02
7.250000000000000000e+00 4.500000000000000000e+01 1.385377728956752562e-02
7.250000000000000000e+00 5.500000000000000000e+01 9.599286148233559385e-03
7.250000000000000000e+00 6.500000000000000000e+01 5.176066251013626551e-03
7.250000000000000000e+00 7.500000000000000000e+01 3.568917655103678779e-03
7.250000000000000000e+00 8.500000000000000000e+01 2.695090801188437021e-03
7.250000000000000000e+00 9.500000000000000000e+01 2.150061359637711524e-03
7.250000000000000000e+00 1.050000000000000000e+02 1.864733429633758186e-03
7.250000000000000000e+00 1.150000000000000000e+02 1.304574536132525929e-03
7.250000000000000000e+00 1.250000000000000000e+02 9.319384783885381954e-04
7.250000000000000000e+00 1.350000000000000000e+02 7.062121974031731336e-04
7.250000000000000000e+00 1.450000000000000000e+02 4.007202194082398663e-04
7.250000000000000000e+00 1.550000000000000000e+02 2.223004937767021258e-04
7.250000000000000000e+00 1.650000000000000000e+02 2.868132372867565684e-05
7.750000000000000000e+00 5.000000000000000000e+00 1.460208667613773284e-02
7.750000000000000000e+00 1.500000000000000000e+01 1.110671921607781290e-02
7.750000000000000000e+00 2.500000000000000000e+01 7.831664439899597985e-03
7.750000000000000000e+00 3.500000000000000000e+01 5.306356229103393295e-03
7.750000000000000000e+00 4.500000000000000000e+01 3.222268163176996141e-03
7.750000000000000000e+00 5.500000000000000000e+01 2.443518923877249002e-03
7.750000000000000000e+00 6.500000000000000000e+01 2.423457789741097993e-03
7.750000000000000000e+00 7.500000000000000000e+01 2.562196589578799068e-03
7.750000000000000000e+00 8.500000000000000000e+01 2.207505751121248330e-03
7.750000000000000000e+00 9.500000000000000000e+01 1.934693012521500680e-03
7.750000000000000000e+00 1.050000000000000000e+02 1.449061215835428058e-03
7.750000000000000000e+00 1.150000000000000000e+02 9.815282385686793093e-04
7.750000000000000000e+00 1.250000000000000000e+02 8.927067897200747625e-04
7.750000000000000000e+00 1.350000000000000000e+02 5.753627620660230766e-04
7.750000000000000000e+00 1.450000000000000000e+02 5.001243476422898579e-04
7.750000000000000000e+00 1.550000000000000000e+02 3.818049283795227453e-04
7.750000000000000000e+00 1.650000000000000000e+02 2.989009844416423548e-04
7.750000000000000000e+00 1.750000000000000000e+02 3.321364705802156564e-05
8.250000000000000000e+00 1.500000000000000000e+01 1.260067868522814780e-03
8.250000000000000000e+00 2.500000000000000000e+01 1.125090114044869933e-03
8.250000000000000000e+00 3.500000000000000000e+01 9.213999181879145269e-04
8.250000000000000000e+00 4.500000000000000000e+01 4.970504259508047584e-04
8.250000000000000000e+00 5.500000000000000000e+01 3.688607515440597753e-04
8.250000000000000000e+00 6.500000000000000000e+01 4.709230821354271393e-04
8.250000000000000000e+00 7.500000000000000000e+01 4.178840026690914958e-04
8.250000000000000000e+00 8.500000000000000000e+01 3.680490707755178378e-04
8.250000000000000000e+00 9.500000000000000000e+01 2.909298434496028507e-04
8.250000000000000000e+00 1.050000000000000000e+02 1.574891571507833492e-04
8.250000000000000000e+00 1.150000000000000000e+02 1.678074910082451993e-04
8.250000000000000000e+00 1.250000000000000000e+02 1.108986605903845255e-04
8.250000000000000000e+00 1.350000000000000000e+02 1.011217289334520337e-04
8.250000000000000000e+00 1.450000000000000000e+02 7.650019403543516943e-05
8.250000000000000000e+00 1.550000000000000000e+02 4.678460343617536830e-05
8.250000000000000000e+00 1.650000000000000000e+02 3.268781128185537578e-05
8.250000000000000000e+00 1.750000000000000000e+02 1.030671597308188369e-05
