5.250000000000000000e+00 5.000000000000000000e+00 8.782899098770086230e-05
5.250000000000000000e+00 1.500000000000000000e+01 7.078206791019402188e-04
5.750000000000000000e+00 5.000000000000000000e+00 3.091027485738536904e-02
5.750000000000000000e+00 1.500000000000000000e+01 1.467867837354877927e-02
6.250000000000000000e+00 5.000000000000000000e+00 2.257230375886689899e-01
6.250000000000000000e+00 1.500000000000000000e+01 3.457664313376457299e-02
6.250000000000000000e+00 2.500000000000000000e+01 1.454050952307929147e-05
6.750000000000000000e+00 5.000000000000000000e+00 2.153760601182558299e-01
6.750000000000000000e+00 1.500000000000000000e+01 8.594971080019103704e-02
6.750000000000000000e+00 2.500000000000000000e+01 2.567702907668522206e-03
7.250000000000000000e+00 5.000000000000000000e+00 2.085261632892668748e-01
7.250000000000000000e+00 1.500000000000000000e+01 1.193835248933674265e-01
7.250000000000000000e+00 2.500000000000000000e+01 1.075566737852067488e-02
7.250000000000000000e+00 3.500000000000000000e+01 2.348545441371639817e-04
7.750000000000000000e+00 5.000000000000000000e+00 2.669112041767042823e-02
7.750000000000000000e+00 1.500000000000000000e+01 1.687361698672951507e-02
7.750000000000000000e+00 2.500000000000000000e+01 4.896220343409953858e-03
7.750000000000000000e+00 3.500000000000000000e+01 3.275699408242080846e-04
7.750000000000000000e+00 4.500000000000000000e+01 6.022782490585906635e-07
8.250000000000000000e+00 1.500000000000000000e+01 1.572933400630971857e-03
8.250000000000000000e+00 2.500000000000000000e+01 1.353337807979965298e-04
8.250000000000000000e+00 3.500000000000000000e+01 1.009478729995825439e-05
