5.250000000000000000e+00 5.000000000000000000e+00 1.611239878506934634e-02
5.250000000000000000e+00 1.500000000000000000e+01 8.052897269759269616e-02
5.250000000000000000e+00 2.500000000000000000e+01 3.048062656790748778e-03
5.250000000000000000e+00 3.500000000000000000e+01 1.839444987843512098e-04
5.750000000000000000e+00 5.000000000000000000e+00 4.397152236030030248e-02
5.750000000000000000e+00 1.500000000000000000e+01 9.432493358504326353e-02
5.750000000000000000e+00 2.500000000000000000e+01 1.670717036505011896e-02
5.750000000000000000e+00 3.500000000000000000e+01 4.142872068812320126e-03
5.750000000000000000e+00 4.500000000000000000e+01 1.253632055128071779e-03
5.750000000000000000e+00 5.500000000000000000e+01 3.066955784340239357e-04
5.750000000000000000e+00 6.500000000000000000e+01 3.397386572218193172e-05
6.250000000000000000e+00 5.000000000000000000e+00 1.014926378261645917e-01
6.250000000000000000e+00 1.500000000000000000e+01 1.278726108885173962e-01
6.250000000000000000e+00 2.500000000000000000e+01 5.437700253653478949e-02
6.250000000000000000e+00 3.500000000000000000e+01 2.500832267892098143e-02
6.250000000000000000e+00 4.500000000000000000e+01 1.484786841462245460e-02
6.250000000000000000e+00 5.500000000000000000e+01 7.368507361160676720e-03
6.250000000000000000e+00 6.500000000000000000e+01 4.413987802680987942e-03
6.250000000000000000e+00 7.500000000000000000e+01 1.913059457429080014e-03
6.250000000000000000e+00 8.500000000000000000e+01 1.070635113800505163e-03
6.250000000000000000e+00 9.500000000000000000e+01 5.088445366514316760e-04
6.250000000000000000e+00 1.050000000000000000e+02 2.907060647902661474e-04
6.250000000000000000e+00 1.150000000000000000e+02 1.428980400882362512e-04
6.250000000000000000e+00 1.250000000000000000e+02 3.636345061209466615e-05
6.750000000000000000e+00 5.000000000000000000e+00 4.712655692584833550e-02
6.750000000000000000e+00 1.500000000000000000e+01 6.037898499163973920e-02
6.750000000000000000e+00 2.500000000000000000e+01 4.277076802972382824e-02
6.750000000000000000e+00 3.500000000000000000e+01 2.598572794918711792e-02
6.750000000000000000e+00 4.500000000000000000e+01 1.447952951200587486e-02
6.750000000000000000e+00 5.500000000000000000e+01 9.676845822181659451e-03
6.750000000000000000e+00 6.500000000000000000e+01 7.163784597649796269e-03
6.750000000000000000e+00 7.500000000000000000e+01 4.063096030207125411e-03
6.750000000000000000e+00 8.500000000000000000e+01 2.248645881764393777e-03
6.750000000000000000e+00 9.500000000000000000e+01 1.659404817791749424e-03
6.750000000000000000e+00 1.050000000000000000e+02 1.169450832014960447e-03
6.750000000000000000e+00 1.150000000000000000e+02 7.491277477263501685e-04
6.750000000000000000e+00 1.250000000000000000e+02 4.811286407670162073e-04
6.750000000000000000e+00 1.350000000000000000e+02 2.171588854630074783e-04
6.750000000000000000e+00 1.450000000000000000e+02 6.162803083417433886e-05
7.250000000000000000e+00 5.000000000000000000e+00 3.837594635666686377e-02
7.250000000000000000e+00 1.500000000000000000e+01 3.727218645410464160e-02
7.250000000000000000e+00 2.500000000000000000e+01 2.874250879112570656e-02
7.250000000000000000e+00 3.500000000000000000e+01 1.930979379567012225e-02
7.250000000000000000e+00 4.500000000000000000e+01 1.178659982876964843e-02
7.250000000000000000e+00 5.500000000000000000e+01 9.072922537370964324e-03
7.250000000000000000e+00 6.500000000000000000e+01 5.080885645012768286e-03
7.250000000000000000e+00 7.500000000000000000e+01 3.522526264605083720e-03
7.250000000000000000e+00 8.500000000000000000e+01 2.413340068091796888e-03
7.250000000000000000e+00 9.500000000000000000e+01 1.852598127491467909e-03
7.250000000000000000e+00 1.050000000000000000e+02 1.469925057665505581e-03
7.250000000000000000e+00 1.150000000000000000e+02 1.042204297659710382e-03
7.250000000000000000e+00 1.250000000000000000e+02 7.164574925864359298e-04
7.250000000000000000e+00 1.350000000000000000e+02 4.937003172163402379e-04
7.250000000000000000e+00 1.450000000000000000e+02 2.688050736210270252e-04
7.250000000000000000e+00 1.550000000000000000e+02 1.158286003294939912e-04
7.250000000000000000e+00 1.650000000000000000e+02 1.192731342729241508e-05
7.750000000000000000e+00 5.000000000000000000e+00 3.963544765097875948e-03
7.750000000000000000e+00 1.500000000000000000e+01 3.234900898006232064e-03
7.750000000000000000e+00 2.500000000000000000e+01 2.541082158934093813e-03
7.750000000000000000e+00 3.500000000000000000e+01 2.017237454302711619e-03
7.750000000000000000e+00 4.500000000000000000e+01 1.304491472748774659e-03
7.750000000000000000e+00 5.500000000000000000e+01 9.850881664155511103e-04
7.750000000000000000e+00 6.500000000000000000e+01 9.293642864981072624e-04
7.750000000000000000e+00 7.500000000000000000e+01 9.284962630254789016e-04
7.750000000000000000e+00 8.500000000000000000e+01 7.986167932699780652e-04
7.750000000000000000e+00 9.500000000000000000e+01 6.386663787921370615e-04
7.750000000000000000e+00 1.050000000000000000e+02 4.639265286360656705e-04
7.750000000000000000e+00 1.150000000000000000e+02 2.925572861576279595e-04
7.750000000000000000e+00 1.250000000000000000e+02 2.534339568666412715e-04
7.750000000000000000e+00 1.350000000000000000e+02 1.402783231416436798e-04
7.750000000000000000e+00 1.450000000000000000e+02 1.143514394487686646e-04
7.750000000000000000e+00 1.550000000000000000e+02 7.832711697767338118e-05
7.750000000000000000e+00 1.650000000000000000e+02 5.126433080294780139e-05
7.750000000000000000e+00 1.750000000000000000e+02 4.951227367501372338e-06
8.250000000000000000e+00 1.500000000000000000e+01 3.046045596355807013e-04
8.250000000000000000e+00 2.500000000000000000e+01 2.886593431694169576e-04
8.250000000000000000e+00 3.500000000000000000e+01 2.372205034253195067e-04
8.250000000000000000e+00 4.500000000000000000e+01 1.339491362763177461e-04
8.250000000000000000e+00 5.500000000000000000e+01 9.656694387492496595e-05
8.250000000000000000e+00 6.500000000000000000e+01 1.135860179968675932e-04
8.250000000000000000e+00 7.500000000000000000e+01 9.600372832955948656e-05
8.250000000000000000e+00 8.500000000000000000e+01 7.896011686185896495e-05
8.250000000000000000e+00 9.500000000000000000e+01 5.916314381453192077e-05
8.250000000000000000e+00 1.050000000000000000e+02 2.937046154580047493e-05
8.250000000000000000e+00 1.150000000000000000e+02 2.945711223731614046e-05
8.250000000000000000e+00 1.250000000000000000e+02 1.818904716112420988e-05
8.250000000000000000e+00 1.350000000000000000e+02 1.534421056670998046e-05
8.250000000000000000e+00 1.450000000000000000e+02 1.028122543676472196e-05
8.250000000000000000e+00 1.550000000000000000e+02 5.822381987637069920e-06
8.250000000000000000e+00 1.650000000000000000e+02 3.560037541236201412e-06
8.250000000000000000e+00 1.750000000000000000e+02 1.065778728455718916e-06
