5.250000000000000000e+00 5.000000000000000000e+00 5.683049169388559516e-03
5.250000000000000000e+00 1.500000000000000000e+01 2.002485586445417950e-02
5.250000000000000000e+00 2.500000000000000000e+01 2.727754399670147549e-04
5.250000000000000000e+00 3.500000000000000000e+01 5.499143495009235113e-07
5.750000000000000000e+00 5.000000000000000000e+00 3.109394835647247626e-02
5.750000000000000000e+00 1.500000000000000000e+01 5.940178026896694025e-02
5.750000000000000000e+00 2.500000000000000000e+01 9.486373288709082016e-03
5.750000000000000000e+00 3.500000000000000000e+01 2.306657711284534461e-03
5.750000000000000000e+00 4.500000000000000000e+01 7.066621845567319215e-04
5.750000000000000000e+00 5.500000000000000000e+01 2.077634015205842468e-04
5.750000000000000000e+00 6.500000000000000000e+01 3.901378455487636781e-05
6.250000000000000000e+00 5.000000000000000000e+00 9.340168816706607979e-02
6.250000000000000000e+00 1.500000000000000000e+01 1.171341036694511090e-01
6.250000000000000000e+00 2.500000000000000000e+01 5.286684391985402992e-02
6.250000000000000000e+00 3.500000000000000000e+01 2.635309389788871581e-02
6.250000000000000000e+00 4.500000000000000000e+01 1.737333275933794149e-02
6.250000000000000000e+00 5.500000000000000000e+01 9.610296105914999804e-03
6.250000000000000000e+00 6.500000000000000000e+01 6.844589559476951628e-03
6.250000000000000000e+00 7.500000000000000000e+01 3.530755486232895965e-03
6.250000000000000000e+00 8.500000000000000000e+01 2.319574576674893630e-03
6.250000000000000000e+00 9.500000000000000000e+01 1.498271122640123555e-03
6.250000000000000000e+00 1.050000000000000000e+02 1.286072926501403459e-03
6.250000000000000000e+00 1.150000000000000000e+02 8.747385268398833640e-04
6.250000000000000000e+00 1.250000000000000000e+02 2.802583898441103616e-04
6.750000000000000000e+00 5.000000000000000000e+00 4.597539143139450779e-02
6.750000000000000000e+00 1.500000000000000000e+01 6.088960512037829703e-02
6.750000000000000000e+00 2.500000000000000000e+01 4.595941145779867953e-02
6.750000000000000000e+00 3.500000000000000000e+01 3.057014830545564874e-02
6.750000000000000000e+00 4.500000000000000000e+01 1.868468952428234756e-02
6.750000000000000000e+00 5.500000000000000000e+01 1.379786018738107106e-02
6.750000000000000000e+00 6.500000000000000000e+01 1.133065308220880356e-02
6.750000000000000000e+00 7.500000000000000000e+01 7.237528508119876920e-03
6.750000000000000000e+00 8.500000000000000000e+01 4.531841460976633595e-03
6.750000000000000000e+00 9.500000000000000000e+01 4.087565738594712769e-03
6.750000000000000000e+00 1.050000000000000000e+02 3.537815797092292922e-03
6.750000000000000000e+00 1.150000000000000000e+02 2.986068688424518922e-03
6.750000000000000000e+00 1.250000000000000000e+02 2.465099599911422731e-03
6.750000000000000000e+00 1.350000000000000000e+02 1.433747584809737718e-03
6.750000000000000000e+00 1.450000000000000000e+02 4.890547004373555200e-04
7.250000000000000000e+00 5.000000000000000000e+00 3.952598280392419922e-02
7.250000000000000000e+00 1.500000000000000000e+01 4.093002965995497927e-02
7.250000000000000000e+00 2.500000000000000000e+01 3.558674582061309433e-02
7.250000000000000000e+00 3.500000000000000000e+01 2.782255953073872398e-02
7.250000000000000000e+00 4.500000000000000000e+01 1.949363781270932114e-02
7.250000000000000000e+00 5.500000000000000000e+01 1.720173987738886356e-02
7.250000000000000000e+00 6.500000000000000000e+01 1.101357522485030792e-02
7.250000000000000000e+00 7.500000000000000000e+01 8.733622797188917222e-03
7.250000000000000000e+00 8.500000000000000000e+01 7.178922014077672963e-03
7.250000000000000000e+00 9.500000000000000000e+01 6.624706917205682236e-03
7.250000000000000000e+00 1.050000000000000000e+02 6.369598773050333569e-03
7.250000000000000000e+00 1.150000000000000000e+02 5.361848716995453248e-03
7.250000000000000000e+00 1.250000000000000000e+02 4.471072480895403774e-03
7.250000000000000000e+00 1.350000000000000000e+02 3.923033182507815533e-03
7.250000000000000000e+00 1.450000000000000000e+02 2.735351799570830567e-03
7.250000000000000000e+00 1.550000000000000000e+02 1.520716607109334241e-03
7.250000000000000000e+00 1.650000000000000000e+02 2.181253404204551742e-04
7.750000000000000000e+00 5.000000000000000000e+00 4.151156571527902725e-03
7.750000000000000000e+00 1.500000000000000000e+01 3.637184501717649100e-03
7.750000000000000000e+00 2.500000000000000000e+01 3.180471048351284601e-03
7.750000000000000000e+00 3.500000000000000000e+01 3.055696492772614486e-03
7.750000000000000000e+00 4.500000000000000000e+01 2.555609621333706626e-03
7.750000000000000000e+00 5.500000000000000000e+01 2.267340395618428709e-03
7.750000000000000000e+00 6.500000000000000000e+01 2.548739883543220744e-03
7.750000000000000000e+00 7.500000000000000000e+01 3.013014166141114811e-03
7.750000000000000000e+00 8.500000000000000000e+01 3.074567400295562594e-03
7.750000000000000000e+00 9.500000000000000000e+01 2.893681680591723981e-03
7.750000000000000000e+00 1.050000000000000000e+02 2.461939496402331794e-03
7.750000000000000000e+00 1.150000000000000000e+02 1.809459781584150939e-03
7.750000000000000000e+00 1.250000000000000000e+02 1.886645152619411412e-03
7.750000000000000000e+00 1.350000000000000000e+02 1.262780611286086008e-03
7.750000000000000000e+00 1.450000000000000000e+02 1.249106704484926169e-03
7.750000000000000000e+00 1.550000000000000000e+02 1.016204251129246674e-03
7.750000000000000000e+00 1.650000000000000000e+02 8.378987845017788665e-04
7.750000000000000000e+00 1.750000000000000000e+02 8.863009609434752318e-05
8.250000000000000000e+00 1.500000000000000000e+01 3.262792072234512461e-04
8.250000000000000000e+00 2.500000000000000000e+01 3.828947871267377552e-04
8.250000000000000000e+00 3.500000000000000000e+01 3.769329752697429098e-04
8.250000000000000000e+00 4.500000000000000000e+01 2.716587533424509550e-04
8.250000000000000000e+00 5.500000000000000000e+01 2.289349404276090508e-04
8.250000000000000000e+00 6.500000000000000000e+01 3.216270236518709372e-04
8.250000000000000000e+00 7.500000000000000000e+01 3.239377393330881852e-04
8.250000000000000000e+00 8.500000000000000000e+01 3.127755880805452521e-04
8.250000000000000000e+00 9.500000000000000000e+01 2.712502095260932596e-04
8.250000000000000000e+00 1.050000000000000000e+02 1.611595788197042907e-04
8.250000000000000000e+00 1.150000000000000000e+02 1.893678133820607249e-04
8.250000000000000000e+00 1.250000000000000000e+02 1.398877711572384325e-04
8.250000000000000000e+00 1.350000000000000000e+02 1.406881417016980697e-04
8.250000000000000000e+00 1.450000000000000000e+02 1.120831119697493267e-04
8.250000000000000000e+00 1.550000000000000000e+02 8.083031582670575433e-05
8.250000000000000000e+00 1.650000000000000000e+02 5.936473839364686127e-05
8.250000000000000000e+00 1.750000000000000000e+02 2.540162635737728354e-05
