5.250000000000000000e+00 5.000000000000000000e+00 4.896736357935982387e-02
5.250000000000000000e+00 1.500000000000000000e+01 2.312731083680642785e-01
5.250000000000000000e+00 2.500000000000000000e+01 2.877504164747240502e-03
5.750000000000000000e+00 5.000000000000000000e+00 8.227123009282455435e-02
5.750000000000000000e+00 1.500000000000000000e+01 1.270064298069106257e-01
5.750000000000000000e+00 2.500000000000000000e+01 9.086687342499125825e-03
5.750000000000000000e+00 3.500000000000000000e+01 3.117674469322366201e-04
6.250000000000000000e+00 5.000000000000000000e+00 1.398521589589410419e-01
6.250000000000000000e+00 1.500000000000000000e+01 9.708080035309057942e-02
6.250000000000000000e+00 2.500000000000000000e+01 1.918642707551416679e-02
6.250000000000000000e+00 3.500000000000000000e+01 3.697027682250003753e-03
6.250000000000000000e+00 4.500000000000000000e+01 5.012458208591392224e-04
6.250000000000000000e+00 5.500000000000000000e+01 1.167538350487663626e-05
6.750000000000000000e+00 5.000000000000000000e+00 5.838572094269611767e-02
6.750000000000000000e+00 1.500000000000000000e+01 4.341847663950866576e-02
6.750000000000000000e+00 2.500000000000000000e+01 1.389832508848042741e-02
6.750000000000000000e+00 3.500000000000000000e+01 3.869966239384092701e-03
6.750000000000000000e+00 4.500000000000000000e+01 8.676413907875090651e-04
6.750000000000000000e+00 5.500000000000000000e+01 1.264340873738958545e-04
6.750000000000000000e+00 6.500000000000000000e+01 4.344070925326642091e-06
7.250000000000000000e+00 5.000000000000000000e+00 4.811772760901282531e-02
7.250000000000000000e+00 1.500000000000000000e+01 3.515579348334472998e-02
7.250000000000000000e+00 2.500000000000000000e+01 1.389168037963058044e-02
7.250000000000000000e+00 3.500000000000000000e+01 4.799173859588446757e-03
7.250000000000000000e+00 4.500000000000000000e+01 1.459513075335937965e-03
7.250000000000000000e+00 5.500000000000000000e+01 4.542640369222839284e-04
7.250000000000000000e+00 6.500000000000000000e+01 6.667206728416444740e-05
7.250000000000000000e+00 7.500000000000000000e+01 6.028104384249776207e-06
7.250000000000000000e+00 8.500000000000000000e+01 9.962415361415991785e-08
7.750000000000000000e+00 5.000000000000000000e+00 5.321388164267611479e-03
7.750000000000000000e+00 1.500000000000000000e+01 3.733268849001194524e-03
7.750000000000000000e+00 2.500000000000000000e+01 2.064706877456723086e-03
7.750000000000000000e+00 3.500000000000000000e+01 9.199858546224593979e-04
7.750000000000000000e+00 4.500000000000000000e+01 2.917945877908578755e-04
7.750000000000000000e+00 5.500000000000000000e+01 1.241317205430292759e-04
7.750000000000000000e+00 6.500000000000000000e+01 6.345673622421020078e-05
7.750000000000000000e+00 7.500000000000000000e+01 2.537568624621010257e-05
7.750000000000000000e+00 8.500000000000000000e+01 3.933432129276698008e-06
7.750000000000000000e+00 9.500000000000000000e+01 2.252450891847717753e-07
8.250000000000000000e+00 1.500000000000000000e+01 3.836391870417106423e-04
8.250000000000000000e+00 2.500000000000000000e+01 2.135329689897915914e-04
8.250000000000000000e+00 3.500000000000000000e+01 1.215961792908019646e-04
8.250000000000000000e+00 4.500000000000000000e+01 4.320705707447125609e-05
8.250000000000000000e+00 5.500000000000000000e+01 2.080171276170852723e-05
8.250000000000000000e+00 6.500000000000000000e+01 1.399250955807681362e-05
8.250000000000000000e+00 7.500000000000000000e+01 6.596769531222062183e-06
8.250000000000000000e+00 8.500000000000000000e+01 2.494096989690564742e-06
8.250000000000000000e+00 9.500000000000000000e+01 5.541550421677197183e-07
8.250000000000000000e+00 1.050000000000000000e+02 3.143603901951910027e-08
