5.250000000000000000e+00 5.000000000000000000e+00 3.031797543644560930e-04
5.250000000000000000e+00 1.500000000000000000e+01 2.318747794121567025e-03
5.750000000000000000e+00 5.000000000000000000e+00 3.162614164552035589e-02
5.750000000000000000e+00 1.500000000000000000e+01 1.680611557157960997e-02
6.250000000000000000e+00 5.000000000000000000e+00 2.174326169117442864e-01
6.250000000000000000e+00 1.500000000000000000e+01 4.913013250750045136e-02
6.250000000000000000e+00 2.500000000000000000e+01 6.086824652114280121e-04
6.750000000000000000e+00 5.000000000000000000e+00 2.096669209180915538e-01
6.750000000000000000e+00 1.500000000000000000e+01 1.024202745352923161e-01
6.750000000000000000e+00 2.500000000000000000e+01 9.805220459918825154e-03
6.750000000000000000e+00 3.500000000000000000e+01 4.440351962320214225e-04
7.250000000000000000e+00 5.000000000000000000e+00 1.848285174263119002e-01
7.250000000000000000e+00 1.500000000000000000e+01 1.124081632702179923e-01
7.250000000000000000e+00 2.500000000000000000e+01 1.795200126233139140e-02
7.250000000000000000e+00 3.500000000000000000e+01 1.735405605417650885e-03
7.250000000000000000e+00 4.500000000000000000e+01 5.934685735985081590e-05
7.750000000000000000e+00 5.000000000000000000e+00 2.144560100949862574e-02
7.750000000000000000e+00 1.500000000000000000e+01 1.370339272142901375e-02
7.750000000000000000e+00 2.500000000000000000e+01 4.965138666805261197e-03
7.750000000000000000e+00 3.500000000000000000e+01 7.265987848409252801e-04
7.750000000000000000e+00 4.500000000000000000e+01 3.852228120660998765e-05
7.750000000000000000e+00 5.500000000000000000e+01 1.254667600594004116e-06
8.250000000000000000e+00 1.500000000000000000e+01 1.290094355148267225e-03
8.250000000000000000e+00 2.500000000000000000e+01 2.225743759961655588e-04
8.250000000000000000e+00 3.500000000000000000e+01 5.551805547352879860e-05
8.250000000000000000e+00 4.500000000000000000e+01 5.289611476449925111e-06
8.250000000000000000e+00 5.500000000000000000e+01 5.098482754424285674e-07
8.250000000000000000e+00 6.500000000000000000e+01 3.441033066113804032e-09
