5.250000000000000000e+00 5.000000000000000000e+00 3.697622603295914220e-04
5.250000000000000000e+00 1.500000000000000000e+01 1.034542227131023898e-03
5.750000000000000000e+00 5.000000000000000000e+00 2.237662416239280874e-02
5.750000000000000000e+00 1.500000000000000000e+01 1.362264210873274754e-02
6.250000000000000000e+00 5.000000000000000000e+00 1.700237746429049956e-01
6.250000000000000000e+00 1.500000000000000000e+01 6.690565011369241366e-02
6.250000000000000000e+00 2.500000000000000000e+01 5.816116196717126610e-03
6.250000000000000000e+00 3.500000000000000000e+01 8.973449336593291095e-04
6.250000000000000000e+00 4.500000000000000000e+01 8.805406428556970019e-05
6.750000000000000000e+00 5.000000000000000000e+00 1.593298729649633982e-01
6.750000000000000000e+00 1.500000000000000000e+01 1.044587059806160595e-01
6.750000000000000000e+00 2.500000000000000000e+01 2.596641493772777753e-02
6.750000000000000000e+00 3.500000000000000000e+01 7.073580763685735628e-03
6.750000000000000000e+00 4.500000000000000000e+01 1.946896397725916264e-03
6.750000000000000000e+00 5.500000000000000000e+01 6.668057545297819940e-04
6.750000000000000000e+00 6.500000000000000000e+01 2.102537663104346306e-04
6.750000000000000000e+00 7.500000000000000000e+01 2.942078964687382835e-05
6.750000000000000000e+00 8.500000000000000000e+01 8.891555676918802966e-08
7.250000000000000000e+00 5.000000000000000000e+00 1.677066568752873243e-01
7.250000000000000000e+00 1.500000000000000000e+01 1.186322967041360948e-01
7.250000000000000000e+00 2.500000000000000000e+01 4.242388134667758604e-02
7.250000000000000000e+00 3.500000000000000000e+01 1.517683525692330518e-02
7.250000000000000000e+00 4.500000000000000000e+01 5.818634550453954599e-03
7.250000000000000000e+00 5.500000000000000000e+01 2.927481146331343317e-03
7.250000000000000000e+00 6.500000000000000000e+01 1.190082657957131779e-03
7.250000000000000000e+00 7.500000000000000000e+01 6.506257878862316789e-04
7.250000000000000000e+00 8.500000000000000000e+01 4.090136479270861246e-04
7.250000000000000000e+00 9.500000000000000000e+01 2.408932292854212148e-04
7.250000000000000000e+00 1.050000000000000000e+02 1.686888787149068089e-04
7.250000000000000000e+00 1.150000000000000000e+02 6.421247104904739833e-05
7.250000000000000000e+00 1.250000000000000000e+02 3.109816227309333846e-05
7.250000000000000000e+00 1.350000000000000000e+02 7.938841977771223744e-06
7.750000000000000000e+00 5.000000000000000000e+00 2.299486898256881268e-02
7.750000000000000000e+00 1.500000000000000000e+01 1.582985890362238399e-02
7.750000000000000000e+00 2.500000000000000000e+01 8.883714401690626095e-03
7.750000000000000000e+00 3.500000000000000000e+01 3.982156726867509475e-03
7.750000000000000000e+00 4.500000000000000000e+01 1.733238702024474153e-03
7.750000000000000000e+00 5.500000000000000000e+01 1.115837740682723870e-03
7.750000000000000000e+00 6.500000000000000000e+01 9.667458705382390169e-04
7.750000000000000000e+00 7.500000000000000000e+01 8.965895028289332666e-04
7.750000000000000000e+00 8.500000000000000000e+01 6.275334247850898042e-04
7.750000000000000000e+00 9.500000000000000000e+01 4.809882664223534272e-04
7.750000000000000000e+00 1.050000000000000000e+02 2.947414304211460473e-04
7.750000000000000000e+00 1.150000000000000000e+02 1.762939312594832115e-04
7.750000000000000000e+00 1.250000000000000000e+02 1.294322510481893341e-04
7.750000000000000000e+00 1.350000000000000000e+02 7.382109387714018910e-05
7.750000000000000000e+00 1.450000000000000000e+02 4.805743810905989887e-05
7.750000000000000000e+00 1.550000000000000000e+02 2.817731311145844409e-05
7.750000000000000000e+00 1.650000000000000000e+02 1.774015934853689471e-05
7.750000000000000000e+00 1.750000000000000000e+02 2.030452613460324108e-06
8.250000000000000000e+00 1.500000000000000000e+01 2.094988899642610727e-03
8.250000000000000000e+00 2.500000000000000000e+01 1.220571641824981773e-03
8.250000000000000000e+00 3.500000000000000000e+01 7.774636361819505914e-04
8.250000000000000000e+00 4.500000000000000000e+01 3.146554345576661120e-04
8.250000000000000000e+00 5.500000000000000000e+01 2.058076488347395879e-04
8.250000000000000000e+00 6.500000000000000000e+01 2.352023929535778822e-04
8.250000000000000000e+00 7.500000000000000000e+01 1.828828711315285001e-04
8.250000000000000000e+00 8.500000000000000000e+01 1.454471383631047651e-04
8.250000000000000000e+00 9.500000000000000000e+01 1.044965150380827631e-04
8.250000000000000000e+00 1.050000000000000000e+02 5.031919868482705822e-05
8.250000000000000000e+00 1.150000000000000000e+02 4.775991209951585054e-05
8.250000000000000000e+00 1.250000000000000000e+02 2.689897877744349615e-05
8.250000000000000000e+00 1.350000000000000000e+02 2.114798058377156674e-05
8.250000000000000000e+00 1.450000000000000000e+02 1.425299484327629769e-05
8.250000000000000000e+00 1.550000000000000000e+02 6.436154195974096639e-06
8.250000000000000000e+00 1.650000000000000000e+02 4.304129885651650288e-06
8.250000000000000000e+00 1.750000000000000000e+02 6.473430929860732646e-07
