5.250000000000000000e+00 5.000000000000000000e+00 2.386452117655041803e-03
5.250000000000000000e+00 1.500000000000000000e+01 1.121644100699925768e-02
5.750000000000000000e+00 5.000000000000000000e+00 9.589888923243011787e-02
5.750000000000000000e+00 1.500000000000000000e+01 4.639816324133307079e-02
6.250000000000000000e+00 5.000000000000000000e+00 3.344103922258073736e-01
6.250000000000000000e+00 1.500000000000000000e+01 1.781657313325913858e-02
6.750000000000000000e+00 5.000000000000000000e+00 1.661451269197058711e-01
6.750000000000000000e+00 1.500000000000000000e+01 4.381604273676647371e-02
6.750000000000000000e+00 2.500000000000000000e+01 7.789282774306822618e-05
7.250000000000000000e+00 5.000000000000000000e+00 1.559142923151878024e-01
7.250000000000000000e+00 1.500000000000000000e+01 8.477538558172720284e-02
7.250000000000000000e+00 2.500000000000000000e+01 3.867312394620996390e-03
7.250000000000000000e+00 3.500000000000000000e+01 4.040061211549812644e-05
7.750000000000000000e+00 5.000000000000000000e+00 1.972071646075443038e-02
7.750000000000000000e+00 1.500000000000000000e+01 1.262972207297331090e-02
7.750000000000000000e+00 2.500000000000000000e+01 3.217066639308131804e-03
7.750000000000000000e+00 3.500000000000000000e+01 1.993777551189479058e-04
7.750000000000000000e+00 4.500000000000000000e+01 5.462880928432273811e-09
8.250000000000000000e+00 1.500000000000000000e+01 1.242377782571133784e-03
8.250000000000000000e+00 2.500000000000000000e+01 1.947191228505668677e-04
8.250000000000000000e+00 3.500000000000000000e+01 3.217540867505967739e-05
8.250000000000000000e+00 4.500000000000000000e+01 4.749495167337935815e-07
