5.250000000000000000e+00 5.000000000000000000e+00 1.741482890274743608e-02
5.250000000000000000e+00 1.500000000000000000e+01 1.286920135476788962e-01
5.250000000000000000e+00 2.500000000000000000e+01 2.323985784897557652e-02
5.250000000000000000e+00 3.500000000000000000e+01 5.667448930243368724e-03
5.250000000000000000e+00 4.500000000000000000e+01 1.571500158495955490e-03
5.250000000000000000e+00 5.500000000000000000e+01 4.384811655953465767e-04
5.250000000000000000e+00 6.500000000000000000e+01 8.924467061437688380e-05
5.250000000000000000e+00 7.500000000000000000e+01 1.635527665434479126e-06
5.750000000000000000e+00 5.000000000000000000e+00 2.459693386653925493e-02
5.750000000000000000e+00 1.500000000000000000e+01 9.745890125133624404e-02
5.750000000000000000e+00 2.500000000000000000e+01 3.831886756296301599e-02
5.750000000000000000e+00 3.500000000000000000e+01 1.699408121862727022e-02
5.750000000000000000e+00 4.500000000000000000e+01 9.603696131765426802e-03
5.750000000000000000e+00 5.500000000000000000e+01 4.760391892357969737e-03
5.750000000000000000e+00 6.500000000000000000e+01 2.433388326200258082e-03
5.750000000000000000e+00 7.500000000000000000e+01 1.268087986212911456e-03
5.750000000000000000e+00 8.500000000000000000e+01 5.554972386591162979e-04
5.750000000000000000e+00 9.500000000000000000e+01 1.542927107891697023e-04
6.250000000000000000e+00 5.000000000000000000e+00 4.521651250649169618e-02
6.250000000000000000e+00 1.500000000000000000e+01 9.181944176509819477e-02
6.250000000000000000e+00 2.500000000000000000e+01 6.394065031951384759e-02
6.250000000000000000e+00 3.500000000000000000e+01 3.871225546557782726e-02
6.250000000000000000e+00 4.500000000000000000e+01 3.048362373819595711e-02
6.250000000000000000e+00 5.500000000000000000e+01 1.929821635369291521e-02
6.250000000000000000e+00 6.500000000000000000e+01 1.506420803872313662e-02
6.250000000000000000e+00 7.500000000000000000e+01 8.317490270088802318e-03
6.250000000000000000e+00 8.500000000000000000e+01 6.018284272848875918e-03
6.250000000000000000e+00 9.500000000000000000e+01 3.905895019644548515e-03
6.250000000000000000e+00 1.050000000000000000e+02 2.860450194683788246e-03
6.250000000000000000e+00 1.150000000000000000e+02 1.748450231759044599e-03
6.250000000000000000e+00 1.250000000000000000e+02 5.369989083570177613e-04
6.750000000000000000e+00 5.000000000000000000e+00 1.726296574325227734e-02
6.750000000000000000e+00 1.500000000000000000e+01 2.905189364224149140e-02
6.750000000000000000e+00 2.500000000000000000e+01 2.940994473230658032e-02
6.750000000000000000e+00 3.500000000000000000e+01 2.437348269608680118e-02
6.750000000000000000e+00 4.500000000000000000e+01 1.707402231738062298e-02
6.750000000000000000e+00 5.500000000000000000e+01 1.371115414722952341e-02
6.750000000000000000e+00 6.500000000000000000e+01 1.195503394995589552e-02
6.750000000000000000e+00 7.500000000000000000e+01 7.954657655444410946e-03
6.750000000000000000e+00 8.500000000000000000e+01 5.111602102694207117e-03
6.750000000000000000e+00 9.500000000000000000e+01 4.403525469067381438e-03
6.750000000000000000e+00 1.050000000000000000e+02 3.730940813892873967e-03
6.750000000000000000e+00 1.150000000000000000e+02 2.970890881545147546e-03
6.750000000000000000e+00 1.250000000000000000e+02 2.441784572789033880e-03
6.750000000000000000e+00 1.350000000000000000e+02 1.307387599443299167e-03
6.750000000000000000e+00 1.450000000000000000e+02 3.912391848602887376e-04
7.250000000000000000e+00 5.000000000000000000e+00 1.390907630916658408e-02
7.250000000000000000e+00 1.500000000000000000e+01 1.588299199744232920e-02
7.250000000000000000e+00 2.500000000000000000e+01 1.613542944948350571e-02
7.250000000000000000e+00 3.500000000000000000e+01 1.435122645012179912e-02
7.250000000000000000e+00 4.500000000000000000e+01 1.099812555745567286e-02
7.250000000000000000e+00 5.500000000000000000e+01 1.031814787221529105e-02
7.250000000000000000e+00 6.500000000000000000e+01 6.719672577472456457e-03
7.250000000000000000e+00 7.500000000000000000e+01 5.327837150814257981e-03
7.250000000000000000e+00 8.500000000000000000e+01 4.127702739628316513e-03
7.250000000000000000e+00 9.500000000000000000e+01 3.625924508673108396e-03
7.250000000000000000e+00 1.050000000000000000e+02 3.267534527850204842e-03
7.250000000000000000e+00 1.150000000000000000e+02 2.674508430048217009e-03
7.250000000000000000e+00 1.250000000000000000e+02 2.131298771700023548e-03
7.250000000000000000e+00 1.350000000000000000e+02 1.755334676491075068e-03
7.250000000000000000e+00 1.450000000000000000e+02 1.155513224494922591e-03
7.250000000000000000e+00 1.550000000000000000e+02 5.639207668213828484e-04
7.250000000000000000e+00 1.650000000000000000e+02 6.322444153746691086e-05
7.750000000000000000e+00 5.000000000000000000e+00 1.375293545672164660e-03
7.750000000000000000e+00 1.500000000000000000e+01 1.240121907104928993e-03
7.750000000000000000e+00 2.500000000000000000e+01 1.125877347927945306e-03
7.750000000000000000e+00 3.500000000000000000e+01 1.136057324095324141e-03
7.750000000000000000e+00 4.500000000000000000e+01 9.724216235286631694e-04
7.750000000000000000e+00 5.500000000000000000e+01 8.550869040017703782e-04
7.750000000000000000e+00 6.500000000000000000e+01 9.331071082942031091e-04
7.750000000000000000e+00 7.500000000000000000e+01 1.064122285072725219e-03
7.750000000000000000e+00 8.500000000000000000e+01 1.066594653929099591e-03
7.750000000000000000e+00 9.500000000000000000e+01 9.453726085023599242e-04
7.750000000000000000e+00 1.050000000000000000e+02 7.764540836374660832e-04
7.750000000000000000e+00 1.150000000000000000e+02 5.417925905296098370e-04
7.750000000000000000e+00 1.250000000000000000e+02 5.378317259785688267e-04
7.750000000000000000e+00 1.350000000000000000e+02 3.264268347697089185e-04
7.750000000000000000e+00 1.450000000000000000e+02 3.048266906994184615e-04
7.750000000000000000e+00 1.550000000000000000e+02 2.298049404841458134e-04
7.750000000000000000e+00 1.650000000000000000e+02 1.712956130701945648e-04
7.750000000000000000e+00 1.750000000000000000e+02 1.628304931909318513e-05
8.250000000000000000e+00 1.500000000000000000e+01 1.057130152528630958e-04
8.250000000000000000e+00 2.500000000000000000e+01 1.244714159512170138e-04
8.250000000000000000e+00 3.500000000000000000e+01 1.211111392014438691e-04
8.250000000000000000e+00 4.500000000000000000e+01 8.683793534790227599e-05
8.250000000000000000e+00 5.500000000000000000e+01 7.144714442174354837e-05
8.250000000000000000e+00 6.500000000000000000e+01 9.542533889861089073e-05
8.250000000000000000e+00 7.500000000000000000e+01 9.224940149349679158e-05
8.250000000000000000e+00 8.500000000000000000e+01 8.461746284375096250e-05
8.250000000000000000e+00 9.500000000000000000e+01 7.033073961717180105e-05
8.250000000000000000e+00 1.050000000000000000e+02 3.907559714494343854e-05
8.250000000000000000e+00 1.150000000000000000e+02 4.359979814823604117e-05
8.250000000000000000e+00 1.250000000000000000e+02 3.010466558623358399e-05
8.250000000000000000e+00 1.350000000000000000e+02 2.850767664667569853e-05
8.250000000000000000e+00 1.450000000000000000e+02 2.086315228559431137e-05
8.250000000000000000e+00 1.550000000000000000e+02 1.399206573288623875e-05
8.250000000000000000e+00 1.650000000000000000e+02 9.449035793423592923e-06
8.250000000000000000e+00 1.750000000000000000e+02 3.812597266973980491e-06
