5.250000000000000000e+00 5.000000000000000000e+00 4.563600838421310452e-02
5.250000000000000000e+00 1.500000000000000000e+01 1.783666572628358205e-01
5.250000000000000000e+00 2.500000000000000000e+01 1.680174915443705152e-04
5.750000000000000000e+00 5.000000000000000000e+00 9.950477893133852225e-02
5.750000000000000000e+00 1.500000000000000000e+01 1.130735943127534754e-01
5.750000000000000000e+00 2.500000000000000000e+01 2.142211108899608283e-03
6.250000000000000000e+00 5.000000000000000000e+00 1.829898457587091354e-01
6.250000000000000000e+00 1.500000000000000000e+01 8.574717659241175294e-02
6.250000000000000000e+00 2.500000000000000000e+01 9.151476669234883191e-03
6.250000000000000000e+00 3.500000000000000000e+01 6.716769054467338230e-04
6.250000000000000000e+00 4.500000000000000000e+01 7.775787683913258695e-06
6.750000000000000000e+00 5.000000000000000000e+00 7.935856428016375974e-02
6.750000000000000000e+00 1.500000000000000000e+01 4.704218166515818783e-02
6.750000000000000000e+00 2.500000000000000000e+01 9.717366920462943564e-03
6.750000000000000000e+00 3.500000000000000000e+01 1.557387580068151636e-03
6.750000000000000000e+00 4.500000000000000000e+01 9.903697853652400492e-05
6.750000000000000000e+00 5.500000000000000000e+01 8.083638115401383264e-08
7.250000000000000000e+00 5.000000000000000000e+00 6.703901539470563664e-02
7.250000000000000000e+00 1.500000000000000000e+01 4.454225935498490330e-02
7.250000000000000000e+00 2.500000000000000000e+01 1.240338313320867199e-02
7.250000000000000000e+00 3.500000000000000000e+01 3.020207378102837681e-03
7.250000000000000000e+00 4.500000000000000000e+01 5.359979718163913279e-04
7.250000000000000000e+00 5.500000000000000000e+01 5.487168792612324899e-05
7.250000000000000000e+00 6.500000000000000000e+01 1.319118128261527042e-06
7.750000000000000000e+00 5.000000000000000000e+00 7.665590060948703453e-03
7.750000000000000000e+00 1.500000000000000000e+01 5.151737200168314199e-03
7.750000000000000000e+00 2.500000000000000000e+01 2.409237154236599024e-03
7.750000000000000000e+00 3.500000000000000000e+01 7.910112815295628928e-04
7.750000000000000000e+00 4.500000000000000000e+01 1.747294809966249763e-04
7.750000000000000000e+00 5.500000000000000000e+01 5.021344604174936819e-05
7.750000000000000000e+00 6.500000000000000000e+01 1.234419528978929629e-05
7.750000000000000000e+00 7.500000000000000000e+01 8.555054556880574554e-07
8.250000000000000000e+00 1.500000000000000000e+01 5.340682797216889099e-04
8.250000000000000000e+00 2.500000000000000000e+01 2.233148780068264336e-04
8.250000000000000000e+00 3.500000000000000000e+01 1.062686139171776665e-04
8.250000000000000000e+00 4.500000000000000000e+01 3.036947979120219396e-05
8.250000000000000000e+00 5.500000000000000000e+01 1.216017305329140181e-05
8.250000000000000000e+00 6.500000000000000000e+01 5.758627398498288182e-06
8.250000000000000000e+00 7.500000000000000000e+01 1.319094902143407902e-06
8.250000000000000000e+00 8.500000000000000000e+01 1.310238270016700085e-07
