5.250000000000000000e+00 5.000000000000000000e+00 2.516941683395851337e-02
5.250000000000000000e+00 1.500000000000000000e+01 1.623795753154551880e-01
5.250000000000000000e+00 2.500000000000000000e+01 2.071363257243644812e-02
5.250000000000000000e+00 3.500000000000000000e+01 2.814511171439020975e-03
5.250000000000000000e+00 4.500000000000000000e+01 2.451210652095813869e-04
5.750000000000000000e+00 5.000000000000000000e+00 3.986286903286546252e-02
5.750000000000000000e+00 1.500000000000000000e+01 1.230827804491979732e-01
5.750000000000000000e+00 2.500000000000000000e+01 3.517740581364836583e-02
5.750000000000000000e+00 3.500000000000000000e+01 1.141068768791442083e-02
5.750000000000000000e+00 4.500000000000000000e+01 4.155529750353515253e-03
5.750000000000000000e+00 5.500000000000000000e+01 1.029876107631446823e-03
5.750000000000000000e+00 6.500000000000000000e+01 1.586753447106146477e-04
5.750000000000000000e+00 7.500000000000000000e+01 5.506014899530893396e-06
6.250000000000000000e+00 5.000000000000000000e+00 7.638617265177000126e-02
6.250000000000000000e+00 1.500000000000000000e+01 1.194798162465739166e-01
6.250000000000000000e+00 2.500000000000000000e+01 6.156177931567272110e-02
6.250000000000000000e+00 3.500000000000000000e+01 2.847800361909803499e-02
6.250000000000000000e+00 4.500000000000000000e+01 1.669322345034893185e-02
6.250000000000000000e+00 5.500000000000000000e+01 7.354332362676771311e-03
6.250000000000000000e+00 6.500000000000000000e+01 3.612681036958160022e-03
6.250000000000000000e+00 7.500000000000000000e+01 1.150421529773634028e-03
6.250000000000000000e+00 8.500000000000000000e+01 4.228463993318082315e-04
6.250000000000000000e+00 9.500000000000000000e+01 1.020198754549673088e-04
6.250000000000000000e+00 1.050000000000000000e+02 2.303303872167341461e-05
6.250000000000000000e+00 1.150000000000000000e+02 4.020372430417789440e-08
6.750000000000000000e+00 5.000000000000000000e+00 3.126577233256710997e-02
6.750000000000000000e+00 1.500000000000000000e+01 4.331346040606877390e-02
6.750000000000000000e+00 2.500000000000000000e+01 3.304732107450600309e-02
6.750000000000000000e+00 3.500000000000000000e+01 1.985343476399286516e-02
6.750000000000000000e+00 4.500000000000000000e+01 1.033427401930136179e-02
6.750000000000000000e+00 5.500000000000000000e+01 6.096199494399242962e-03
6.750000000000000000e+00 6.500000000000000000e+01 3.836833876780762140e-03
6.750000000000000000e+00 7.500000000000000000e+01 1.741750905602408193e-03
6.750000000000000000e+00 8.500000000000000000e+01 7.435402224932632876e-04
6.750000000000000000e+00 9.500000000000000000e+01 3.888399672525743494e-04
6.750000000000000000e+00 1.050000000000000000e+02 1.605284351310791230e-04
6.750000000000000000e+00 1.150000000000000000e+02 4.527917480379680841e-05
6.750000000000000000e+00 1.250000000000000000e+02 4.692628172853288173e-06
7.250000000000000000e+00 5.000000000000000000e+00 2.497985950746988565e-02
7.250000000000000000e+00 1.500000000000000000e+01 2.479945151489392971e-02
7.250000000000000000e+00 2.500000000000000000e+01 1.947486203327238388e-02
7.250000000000000000e+00 3.500000000000000000e+01 1.248581664128583894e-02
7.250000000000000000e+00 4.500000000000000000e+01 6.880749767995616127e-03
7.250000000000000000e+00 5.500000000000000000e+01 4.576869718210349602e-03
7.250000000000000000e+00 6.500000000000000000e+01 2.128235676537884764e-03
7.250000000000000000e+00 7.500000000000000000e+01 1.193354647478711908e-03
7.250000000000000000e+00 8.500000000000000000e+01 6.237070299877432288e-04
7.250000000000000000e+00 9.500000000000000000e+01 3.540811067499133389e-04
7.250000000000000000e+00 1.050000000000000000e+02 1.837350875436433162e-04
7.250000000000000000e+00 1.150000000000000000e+02 6.812153613011151813e-05
7.250000000000000000e+00 1.250000000000000000e+02 1.990155220206162525e-05
7.250000000000000000e+00 1.350000000000000000e+02 1.837432377838226772e-06
7.250000000000000000e+00 1.450000000000000000e+02 1.501291953204060419e-09
7.750000000000000000e+00 5.000000000000000000e+00 2.520568144798122218e-03
7.750000000000000000e+00 1.500000000000000000e+01 2.051600441696376734e-03
7.750000000000000000e+00 2.500000000000000000e+01 1.582000414513350366e-03
7.750000000000000000e+00 3.500000000000000000e+01 1.174878041891219737e-03
7.750000000000000000e+00 4.500000000000000000e+01 6.365705619734672582e-04
7.750000000000000000e+00 5.500000000000000000e+01 3.967824501517141188e-04
7.750000000000000000e+00 6.500000000000000000e+01 3.103914584326817661e-04
7.750000000000000000e+00 7.500000000000000000e+01 2.505635627194470277e-04
7.750000000000000000e+00 8.500000000000000000e+01 1.692716718622743106e-04
7.750000000000000000e+00 9.500000000000000000e+01 9.894349416334029788e-05
7.750000000000000000e+00 1.050000000000000000e+02 5.050628515280337509e-05
7.750000000000000000e+00 1.150000000000000000e+02 2.020095945964417005e-05
7.750000000000000000e+00 1.250000000000000000e+02 8.464130244314150975e-06
7.750000000000000000e+00 1.350000000000000000e+02 1.732141934674014582e-06
7.750000000000000000e+00 1.450000000000000000e+02 9.388748454594291766e-08
8.250000000000000000e+00 1.500000000000000000e+01 1.889396800034766246e-04
8.250000000000000000e+00 2.500000000000000000e+01 1.663707753663183728e-04
8.250000000000000000e+00 3.500000000000000000e+01 1.216982407959287009e-04
8.250000000000000000e+00 4.500000000000000000e+01 5.990583095010841406e-05
8.250000000000000000e+00 5.500000000000000000e+01 3.607884005212079036e-05
8.250000000000000000e+00 6.500000000000000000e+01 3.262254198739409961e-05
8.250000000000000000e+00 7.500000000000000000e+01 2.186143564119941743e-05
8.250000000000000000e+00 8.500000000000000000e+01 1.385158257718787983e-05
8.250000000000000000e+00 9.500000000000000000e+01 7.885734227387506892e-06
8.250000000000000000e+00 1.050000000000000000e+02 2.840669452674847993e-06
8.250000000000000000e+00 1.150000000000000000e+02 1.928892794288774899e-06
8.250000000000000000e+00 1.250000000000000000e+02 6.693408806749192929e-07
8.250000000000000000e+00 1.350000000000000000e+02 2.496336975905809738e-07
8.250000000000000000e+00 1.450000000000000000e+02 5.984546557447325301e-08
8.250000000000000000e+00 1.550000000000000000e+02 3.653053858298006763e-10
