5.250000000000000000e+00 5.000000000000000000e+00 1.613921821236163207e-02
5.250000000000000000e+00 1.500000000000000000e+01 5.021805384221710716e-02
5.750000000000000000e+00 5.000000000000000000e+00 8.933232168022639530e-02
5.750000000000000000e+00 1.500000000000000000e+01 6.283099509689388240e-02
5.750000000000000000e+00 2.500000000000000000e+01 3.476240274569436918e-05
6.250000000000000000e+00 5.000000000000000000e+00 2.515686273294064357e-01
6.250000000000000000e+00 1.500000000000000000e+01 6.324149150827637622e-02
6.250000000000000000e+00 2.500000000000000000e+01 2.411874982885190387e-03
6.250000000000000000e+00 3.500000000000000000e+01 7.115800615959311150e-05
6.750000000000000000e+00 5.000000000000000000e+00 1.374524600027508536e-01
6.750000000000000000e+00 1.500000000000000000e+01 6.726799919962039853e-02
6.750000000000000000e+00 2.500000000000000000e+01 9.903961771049964516e-03
6.750000000000000000e+00 3.500000000000000000e+01 9.427737331474043796e-04
6.750000000000000000e+00 4.500000000000000000e+01 1.584367602633494869e-05
7.250000000000000000e+00 5.000000000000000000e+00 1.206486271319739678e-01
7.250000000000000000e+00 1.500000000000000000e+01 7.616497032419500268e-02
7.250000000000000000e+00 2.500000000000000000e+01 1.702510637156728901e-02
7.250000000000000000e+00 3.500000000000000000e+01 3.498536058215655827e-03
7.250000000000000000e+00 4.500000000000000000e+01 4.429564397385400069e-04
7.250000000000000000e+00 5.500000000000000000e+01 2.810977358535647974e-05
7.250000000000000000e+00 6.500000000000000000e+01 1.657189420349784683e-07
7.750000000000000000e+00 5.000000000000000000e+00 1.412578282762452439e-02
7.750000000000000000e+00 1.500000000000000000e+01 9.416937298027098016e-03
7.750000000000000000e+00 2.500000000000000000e+01 3.997856697843468060e-03
7.750000000000000000e+00 3.500000000000000000e+01 1.218849581740030210e-03
7.750000000000000000e+00 4.500000000000000000e+01 2.417201055347121370e-04
7.750000000000000000e+00 5.500000000000000000e+01 5.983483666100797483e-05
7.750000000000000000e+00 6.500000000000000000e+01 1.159358976078195749e-05
7.750000000000000000e+00 7.500000000000000000e+01 2.227940778318963008e-07
8.250000000000000000e+00 1.500000000000000000e+01 9.976963591246002395e-04
8.250000000000000000e+00 2.500000000000000000e+01 4.109906276276671438e-04
8.250000000000000000e+00 3.500000000000000000e+01 1.962835486595319824e-04
8.250000000000000000e+00 4.500000000000000000e+01 5.135283405850537240e-05
8.250000000000000000e+00 5.500000000000000000e+01 1.992932888769784948e-05
8.250000000000000000e+00 6.500000000000000000e+01 8.982555935323182150e-06
8.250000000000000000e+00 7.500000000000000000e+01 1.822112134806097818e-06
8.250000000000000000e+00 8.500000000000000000e+01 1.316403169249372816e-07
