5.250000000000000000e+00 5.000000000000000000e+00 2.108772431191266103e-02
5.250000000000000000e+00 1.500000000000000000e+01 2.665689369123281915e-01
5.250000000000000000e+00 2.500000000000000000e+01 9.825187750585887003e-02
5.250000000000000000e+00 3.500000000000000000e+01 2.831398234495422633e-02
5.250000000000000000e+00 4.500000000000000000e+01 8.173562487041655805e-03
5.250000000000000000e+00 5.500000000000000000e+01 1.964741405422180519e-03
5.250000000000000000e+00 6.500000000000000000e+01 2.619250248335418360e-04
5.250000000000000000e+00 7.500000000000000000e+01 2.520895718937740145e-05
5.750000000000000000e+00 5.000000000000000000e+00 1.689627783450288467e-02
5.750000000000000000e+00 1.500000000000000000e+01 1.009677073163963018e-01
5.750000000000000000e+00 2.500000000000000000e+01 5.523465065666924995e-02
5.750000000000000000e+00 3.500000000000000000e+01 2.604921281055342860e-02
5.750000000000000000e+00 4.500000000000000000e+01 1.362339863763795643e-02
5.750000000000000000e+00 5.500000000000000000e+01 5.729208957269271187e-03
5.750000000000000000e+00 6.500000000000000000e+01 2.234894400368934910e-03
5.750000000000000000e+00 7.500000000000000000e+01 7.106783222683846820e-04
5.750000000000000000e+00 8.500000000000000000e+01 1.478117534557035068e-04
5.750000000000000000e+00 9.500000000000000000e+01 1.453681633017074918e-05
6.250000000000000000e+00 5.000000000000000000e+00 2.708008485990378439e-02
6.250000000000000000e+00 1.500000000000000000e+01 6.416669555389488411e-02
6.250000000000000000e+00 2.500000000000000000e+01 5.041322322887641094e-02
6.250000000000000000e+00 3.500000000000000000e+01 2.940776201802425965e-02
6.250000000000000000e+00 4.500000000000000000e+01 2.156121625152128060e-02
6.250000000000000000e+00 5.500000000000000000e+01 1.123066919407039906e-02
6.250000000000000000e+00 6.500000000000000000e+01 6.749942913266397497e-03
6.250000000000000000e+00 7.500000000000000000e+01 2.679803710564043935e-03
6.250000000000000000e+00 8.500000000000000000e+01 1.327442621047712681e-03
6.250000000000000000e+00 9.500000000000000000e+01 5.031949970397760381e-04
6.250000000000000000e+00 1.050000000000000000e+02 1.990936236391280907e-04
6.250000000000000000e+00 1.150000000000000000e+02 5.504687764339953875e-05
6.250000000000000000e+00 1.250000000000000000e+02 6.699692574004025895e-06
6.750000000000000000e+00 5.000000000000000000e+00 9.624153191236672206e-03
6.750000000000000000e+00 1.500000000000000000e+01 1.636195752664479017e-02
6.750000000000000000e+00 2.500000000000000000e+01 1.668213608901758863e-02
6.750000000000000000e+00 3.500000000000000000e+01 1.322883191822657976e-02
6.750000000000000000e+00 4.500000000000000000e+01 8.399416753162939828e-03
6.750000000000000000e+00 5.500000000000000000e+01 5.785757387640280865e-03
6.750000000000000000e+00 6.500000000000000000e+01 4.143158929680850616e-03
6.750000000000000000e+00 7.500000000000000000e+01 2.120880464927330043e-03
6.750000000000000000e+00 8.500000000000000000e+01 1.016424710545244534e-03
6.750000000000000000e+00 9.500000000000000000e+01 6.353794071528263629e-04
6.750000000000000000e+00 1.050000000000000000e+02 3.545087229134281904e-04
6.750000000000000000e+00 1.150000000000000000e+02 1.690456972408120346e-04
6.750000000000000000e+00 1.250000000000000000e+02 6.637370944446211688e-05
6.750000000000000000e+00 1.350000000000000000e+02 1.582476997035296519e-05
6.750000000000000000e+00 1.450000000000000000e+02 2.440427619882284223e-06
7.250000000000000000e+00 5.000000000000000000e+00 7.742278764152796602e-03
7.250000000000000000e+00 1.500000000000000000e+01 8.929317828834260756e-03
7.250000000000000000e+00 2.500000000000000000e+01 9.187587596619684743e-03
7.250000000000000000e+00 3.500000000000000000e+01 8.153424239359337300e-03
7.250000000000000000e+00 4.500000000000000000e+01 5.953291852818072549e-03
7.250000000000000000e+00 5.500000000000000000e+01 5.052403046992769500e-03
7.250000000000000000e+00 6.500000000000000000e+01 2.864396951779178430e-03
7.250000000000000000e+00 7.500000000000000000e+01 1.911933300114079847e-03
7.250000000000000000e+00 8.500000000000000000e+01 1.216905246432016833e-03
7.250000000000000000e+00 9.500000000000000000e+01 8.603229971750383500e-04
7.250000000000000000e+00 1.050000000000000000e+02 5.805877543018892091e-04
7.250000000000000000e+00 1.150000000000000000e+02 3.378778463132448982e-04
7.250000000000000000e+00 1.250000000000000000e+02 1.784939579698658957e-04
7.250000000000000000e+00 1.350000000000000000e+02 8.740660239925497307e-05
7.250000000000000000e+00 1.450000000000000000e+02 3.021794680100156174e-05
7.250000000000000000e+00 1.550000000000000000e+02 8.225881808757395220e-06
7.250000000000000000e+00 1.650000000000000000e+02 5.956765612020499322e-07
7.750000000000000000e+00 5.000000000000000000e+00 7.643364334733548753e-04
7.750000000000000000e+00 1.500000000000000000e+01 6.967585623015536394e-04
7.750000000000000000e+00 2.500000000000000000e+01 6.415029948559194993e-04
7.750000000000000000e+00 3.500000000000000000e+01 6.616243654050608979e-04
7.750000000000000000e+00 4.500000000000000000e+01 5.709501974259895921e-04
7.750000000000000000e+00 5.500000000000000000e+01 4.815326934725987456e-04
7.750000000000000000e+00 6.500000000000000000e+01 4.961415386643779329e-04
7.750000000000000000e+00 7.500000000000000000e+01 5.135608892084280635e-04
7.750000000000000000e+00 8.500000000000000000e+01 4.506069465591085892e-04
7.750000000000000000e+00 9.500000000000000000e+01 3.351470492671326860e-04
7.750000000000000000e+00 1.050000000000000000e+02 2.233619390824385389e-04
7.750000000000000000e+00 1.150000000000000000e+02 1.231242411503518394e-04
7.750000000000000000e+00 1.250000000000000000e+02 9.028938610663204761e-05
7.750000000000000000e+00 1.350000000000000000e+02 4.052751224045888503e-05
7.750000000000000000e+00 1.450000000000000000e+02 2.502106752221426011e-05
7.750000000000000000e+00 1.550000000000000000e+02 1.247793830191868380e-05
7.750000000000000000e+00 1.650000000000000000e+02 5.828370169214936796e-06
7.750000000000000000e+00 1.750000000000000000e+02 4.491398002130000131e-07
8.250000000000000000e+00 1.500000000000000000e+01 5.879213865307974249e-05
8.250000000000000000e+00 2.500000000000000000e+01 7.115275293532450686e-05
8.250000000000000000e+00 3.500000000000000000e+01 7.120939887695500019e-05
8.250000000000000000e+00 4.500000000000000000e+01 5.295212647341066670e-05
8.250000000000000000e+00 5.500000000000000000e+01 4.340114330437066224e-05
8.250000000000000000e+00 6.500000000000000000e+01 5.539044919516322642e-05
8.250000000000000000e+00 7.500000000000000000e+01 5.088400929452891472e-05
8.250000000000000000e+00 8.500000000000000000e+01 4.299652129887870423e-05
8.250000000000000000e+00 9.500000000000000000e+01 3.177929402354641078e-05
8.250000000000000000e+00 1.050000000000000000e+02 1.554368724205284387e-05
8.250000000000000000e+00 1.150000000000000000e+02 1.446812132697764213e-05
8.250000000000000000e+00 1.250000000000000000e+02 8.007509096324046805e-06
8.250000000000000000e+00 1.350000000000000000e+02 5.858274224952912890e-06
8.250000000000000000e+00 1.450000000000000000e+02 3.235048454316563057e-06
8.250000000000000000e+00 1.550000000000000000e+02 1.498352086594937059e-06
8.250000000000000000e+00 1.650000000000000000e+02 6.723229221737847301e-07
8.250000000000000000e+00 1.750000000000000000e+02 1.483926692156484882e-07
