5.250000000000000000e+00 5.000000000000000000e+00 2.068014625714689400e-02
5.250000000000000000e+00 1.500000000000000000e+01 8.604015046420764035e-02
5.250000000000000000e+00 2.500000000000000000e+01 1.063833803504559902e-03
5.750000000000000000e+00 5.000000000000000000e+00 6.212384132604524545e-02
5.750000000000000000e+00 1.500000000000000000e+01 1.018811102573894262e-01
5.750000000000000000e+00 2.500000000000000000e+01 1.007588279499451421e-02
5.750000000000000000e+00 3.500000000000000000e+01 8.488445040079384317e-04
5.750000000000000000e+00 4.500000000000000000e+01 1.056433449567569268e-05
6.250000000000000000e+00 5.000000000000000000e+00 1.538228151523821363e-01
6.250000000000000000e+00 1.500000000000000000e+01 1.330778432928349519e-01
6.250000000000000000e+00 2.500000000000000000e+01 3.669451158531731455e-02
6.250000000000000000e+00 3.500000000000000000e+01 1.115203011620672160e-02
6.250000000000000000e+00 4.500000000000000000e+01 3.635277020310894586e-03
6.250000000000000000e+00 5.500000000000000000e+01 7.017696163976924187e-04
6.250000000000000000e+00 6.500000000000000000e+01 1.016985251673136630e-04
6.250000000000000000e+00 7.500000000000000000e+01 2.666345413068012703e-07
6.750000000000000000e+00 5.000000000000000000e+00 7.820695684181655505e-02
6.750000000000000000e+00 1.500000000000000000e+01 7.355033811505966301e-02
6.750000000000000000e+00 2.500000000000000000e+01 3.304840029290782855e-02
6.750000000000000000e+00 3.500000000000000000e+01 1.279597969695746816e-02
6.750000000000000000e+00 4.500000000000000000e+01 4.666756479583719294e-03
6.750000000000000000e+00 5.500000000000000000e+01 1.888232990278510340e-03
6.750000000000000000e+00 6.500000000000000000e+01 6.734447096272622646e-04
6.750000000000000000e+00 7.500000000000000000e+01 1.276554533287704201e-04
6.750000000000000000e+00 8.500000000000000000e+01 7.999399461772524190e-06
7.250000000000000000e+00 5.000000000000000000e+00 6.356399969727617727e-02
7.250000000000000000e+00 1.500000000000000000e+01 5.054883458491428450e-02
7.250000000000000000e+00 2.500000000000000000e+01 2.493558706437171146e-02
7.250000000000000000e+00 3.500000000000000000e+01 1.008109823004807101e-02
7.250000000000000000e+00 4.500000000000000000e+01 3.829123359478714839e-03
7.250000000000000000e+00 5.500000000000000000e+01 1.773166934093290846e-03
7.250000000000000000e+00 6.500000000000000000e+01 5.479123948046746382e-04
7.250000000000000000e+00 7.500000000000000000e+01 1.631959667581951842e-04
7.250000000000000000e+00 8.500000000000000000e+01 3.388735692226422131e-05
7.250000000000000000e+00 9.500000000000000000e+01 1.557927424793704071e-06
7.750000000000000000e+00 5.000000000000000000e+00 6.793459385468414956e-03
7.750000000000000000e+00 1.500000000000000000e+01 4.832798360408685663e-03
7.750000000000000000e+00 2.500000000000000000e+01 2.898543605451976268e-03
7.750000000000000000e+00 3.500000000000000000e+01 1.343697237096423474e-03
7.750000000000000000e+00 4.500000000000000000e+01 4.297943280409331204e-04
7.750000000000000000e+00 5.500000000000000000e+01 1.952610717093184009e-04
7.750000000000000000e+00 6.500000000000000000e+01 1.114790176281304086e-04
7.750000000000000000e+00 7.500000000000000000e+01 5.989316725692500241e-05
7.750000000000000000e+00 8.500000000000000000e+01 1.879455088626523433e-05
7.750000000000000000e+00 9.500000000000000000e+01 3.778003812373328434e-06
7.750000000000000000e+00 1.050000000000000000e+02 7.243971666138415126e-08
8.250000000000000000e+00 1.500000000000000000e+01 4.835771835234048692e-04
8.250000000000000000e+00 2.500000000000000000e+01 2.556091250537965943e-04
8.250000000000000000e+00 3.500000000000000000e+01 1.309007847986359461e-04
8.250000000000000000e+00 4.500000000000000000e+01 4.403048404208394521e-05
8.250000000000000000e+00 5.500000000000000000e+01 2.045082537235205406e-05
8.250000000000000000e+00 6.500000000000000000e+01 1.361164978422056611e-05
8.250000000000000000e+00 7.500000000000000000e+01 6.391313921998253849e-06
8.250000000000000000e+00 8.500000000000000000e+01 2.466276489496534262e-06
8.250000000000000000e+00 9.500000000000000000e+01 6.480798935027185005e-07
8.250000000000000000e+00 1.050000000000000000e+02 2.992958063999839725e-08
