5.250000000000000000e+00 5.000000000000000000e+00 1.226803654959305809e-02
5.250000000000000000e+00 1.500000000000000000e+01 2.251114707612570653e-01
5.250000000000000000e+00 2.500000000000000000e+01 1.511427072319343201e-01
5.250000000000000000e+00 3.500000000000000000e+01 6.618214039480666000e-02
5.250000000000000000e+00 4.500000000000000000e+01 2.945841159116010383e-02
5.250000000000000000e+00 5.500000000000000000e+01 1.152722676685353186e-02
5.250000000000000000e+00 6.500000000000000000e+01 3.021866765109170253e-03
5.250000000000000000e+00 7.500000000000000000e+01 7.808516593370050732e-04
5.750000000000000000e+00 5.000000000000000000e+00 8.995132462410050656e-03
5.750000000000000000e+00 1.500000000000000000e+01 7.164283210577486460e-02
5.750000000000000000e+00 2.500000000000000000e+01 5.564487782701613150e-02
5.750000000000000000e+00 3.500000000000000000e+01 3.474125273848292783e-02
5.750000000000000000e+00 4.500000000000000000e+01 2.346730016029307045e-02
5.750000000000000000e+00 5.500000000000000000e+01 1.275623717857013277e-02
5.750000000000000000e+00 6.500000000000000000e+01 6.840523801307372281e-03
5.750000000000000000e+00 7.500000000000000000e+01 3.340093141996547475e-03
5.750000000000000000e+00 8.500000000000000000e+01 1.283734756692273861e-03
5.750000000000000000e+00 9.500000000000000000e+01 2.165427099234918610e-04
6.250000000000000000e+00 5.000000000000000000e+00 1.463330153650190500e-02
6.250000000000000000e+00 1.500000000000000000e+01 4.058310383171670477e-02
6.250000000000000000e+00 2.500000000000000000e+01 3.970993224784677422e-02
6.250000000000000000e+00 3.500000000000000000e+01 2.756378657239243191e-02
6.250000000000000000e+00 4.500000000000000000e+01 2.426668864949491772e-02
6.250000000000000000e+00 5.500000000000000000e+01 1.496142752033668803e-02
6.250000000000000000e+00 6.500000000000000000e+01 1.078478021882067588e-02
6.250000000000000000e+00 7.500000000000000000e+01 5.060839907324616617e-03
6.250000000000000000e+00 8.500000000000000000e+01 3.012517211392653962e-03
6.250000000000000000e+00 9.500000000000000000e+01 1.524795376655432117e-03
6.250000000000000000e+00 1.050000000000000000e+02 7.650870648252494589e-04
6.250000000000000000e+00 1.150000000000000000e+02 2.989707515387493835e-04
6.250000000000000000e+00 1.250000000000000000e+02 5.632847343672543809e-05
6.750000000000000000e+00 5.000000000000000000e+00 5.082594584469821673e-03
6.750000000000000000e+00 1.500000000000000000e+01 9.346592483821358766e-03
6.750000000000000000e+00 2.500000000000000000e+01 1.074569288162340042e-02
6.750000000000000000e+00 3.500000000000000000e+01 9.818215147824830430e-03
6.750000000000000000e+00 4.500000000000000000e+01 7.088415789278680428e-03
6.750000000000000000e+00 5.500000000000000000e+01 5.496277940369559932e-03
6.750000000000000000e+00 6.500000000000000000e+01 4.416500655814885323e-03
6.750000000000000000e+00 7.500000000000000000e+01 2.551416105493690099e-03
6.750000000000000000e+00 8.500000000000000000e+01 1.374242363425924249e-03
6.750000000000000000e+00 9.500000000000000000e+01 9.630603617047921606e-04
6.750000000000000000e+00 1.050000000000000000e+02 6.264118624531606495e-04
6.750000000000000000e+00 1.150000000000000000e+02 3.651020308317893940e-04
6.750000000000000000e+00 1.250000000000000000e+02 2.043190759920861927e-04
6.750000000000000000e+00 1.350000000000000000e+02 7.339272930076660582e-05
6.750000000000000000e+00 1.450000000000000000e+02 1.485486100125190691e-05
7.250000000000000000e+00 5.000000000000000000e+00 4.090404260012292688e-03
7.250000000000000000e+00 1.500000000000000000e+01 4.918305129095162931e-03
7.250000000000000000e+00 2.500000000000000000e+01 5.442128092149755778e-03
7.250000000000000000e+00 3.500000000000000000e+01 5.281376797843346030e-03
7.250000000000000000e+00 4.500000000000000000e+01 4.231304871116368244e-03
7.250000000000000000e+00 5.500000000000000000e+01 3.966582748106673578e-03
7.250000000000000000e+00 6.500000000000000000e+01 2.446909439290254930e-03
7.250000000000000000e+00 7.500000000000000000e+01 1.770888590059183131e-03
7.250000000000000000e+00 8.500000000000000000e+01 1.207684530956848251e-03
7.250000000000000000e+00 9.500000000000000000e+01 9.218515111301037439e-04
7.250000000000000000e+00 1.050000000000000000e+02 6.756021888422305633e-04
7.250000000000000000e+00 1.150000000000000000e+02 4.349398100566383759e-04
7.250000000000000000e+00 1.250000000000000000e+02 2.588355699660317396e-04
7.250000000000000000e+00 1.350000000000000000e+02 1.501473882822465490e-04
7.250000000000000000e+00 1.450000000000000000e+02 6.613191733022583964e-05
7.250000000000000000e+00 1.550000000000000000e+02 2.209172184291712408e-05
7.250000000000000000e+00 1.650000000000000000e+02 2.227847499056431573e-06
7.750000000000000000e+00 5.000000000000000000e+00 4.002171233517029503e-04
7.750000000000000000e+00 1.500000000000000000e+01 3.716669711788124887e-04
7.750000000000000000e+00 2.500000000000000000e+01 3.525117214425567500e-04
7.750000000000000000e+00 3.500000000000000000e+01 3.810024759670744242e-04
7.750000000000000000e+00 4.500000000000000000e+01 3.522435248857412301e-04
7.750000000000000000e+00 5.500000000000000000e+01 3.119379554493428310e-04
7.750000000000000000e+00 6.500000000000000000e+01 3.383392464368629960e-04
7.750000000000000000e+00 7.500000000000000000e+01 3.693777955308120129e-04
7.750000000000000000e+00 8.500000000000000000e+01 3.474327790562925164e-04
7.750000000000000000e+00 9.500000000000000000e+01 2.714225835945512696e-04
7.750000000000000000e+00 1.050000000000000000e+02 1.929675143015791049e-04
7.750000000000000000e+00 1.150000000000000000e+02 1.124775783521072680e-04
7.750000000000000000e+00 1.250000000000000000e+02 8.932186348239377601e-05
7.750000000000000000e+00 1.350000000000000000e+02 4.196200782735987680e-05
7.750000000000000000e+00 1.450000000000000000e+02 2.864294067583918866e-05
7.750000000000000000e+00 1.550000000000000000e+02 1.544759281290989200e-05
7.750000000000000000e+00 1.650000000000000000e+02 8.239975152520439443e-06
7.750000000000000000e+00 1.750000000000000000e+02 6.317899495572919820e-07
8.250000000000000000e+00 1.500000000000000000e+01 3.075148250337100212e-05
8.250000000000000000e+00 2.500000000000000000e+01 3.813320083045422488e-05
8.250000000000000000e+00 3.500000000000000000e+01 3.895486159323969958e-05
8.250000000000000000e+00 4.500000000000000000e+01 3.030432284475510359e-05
8.250000000000000000e+00 5.500000000000000000e+01 2.560594875896233020e-05
8.250000000000000000e+00 6.500000000000000000e+01 3.374598600975884294e-05
8.250000000000000000e+00 7.500000000000000000e+01 3.218443110944632093e-05
8.250000000000000000e+00 8.500000000000000000e+01 2.810778987553448993e-05
8.250000000000000000e+00 9.500000000000000000e+01 2.158607370476571969e-05
8.250000000000000000e+00 1.050000000000000000e+02 1.094089184068584234e-05
8.250000000000000000e+00 1.150000000000000000e+02 1.064702091245854926e-05
8.250000000000000000e+00 1.250000000000000000e+02 6.160593150022060836e-06
8.250000000000000000e+00 1.350000000000000000e+02 4.762947534431163929e-06
8.250000000000000000e+00 1.450000000000000000e+02 2.731139217413192679e-06
8.250000000000000000e+00 1.550000000000000000e+02 1.388275010728331754e-06
8.250000000000000000e+00 1.650000000000000000e+02 6.673566805584491816e-07
8.250000000000000000e+00 1.750000000000000000e+02 1.849871888955970596e-07
