5.250000000000000000e+00 5.000000000000000000e+00 1.651622288899944708e-04
5.250000000000000000e+00 1.500000000000000000e+01 2.594178885458257974e-04
5.750000000000000000e+00 5.000000000000000000e+00 1.568942128838664990e-02
5.750000000000000000e+00 1.500000000000000000e+01 8.715982493741036494e-03
6.250000000000000000e+00 5.000000000000000000e+00 1.505838064128303955e-01
6.250000000000000000e+00 1.500000000000000000e+01 5.778496733769414306e-02
6.250000000000000000e+00 2.500000000000000000e+01 4.914269591306036876e-03
6.250000000000000000e+00 3.500000000000000000e+01 7.576865963631223330e-04
6.250000000000000000e+00 4.500000000000000000e+01 7.454896128161593127e-05
6.750000000000000000e+00 5.000000000000000000e+00 1.525197654046451246e-01
6.750000000000000000e+00 1.500000000000000000e+01 9.961021414862684942e-02
6.750000000000000000e+00 2.500000000000000000e+01 2.431906191117284496e-02
6.750000000000000000e+00 3.500000000000000000e+01 6.490055432990130511e-03
6.750000000000000000e+00 4.500000000000000000e+01 1.799795730584879570e-03
6.750000000000000000e+00 5.500000000000000000e+01 6.343942062856843195e-04
6.750000000000000000e+00 6.500000000000000000e+01 2.104995526903493026e-04
6.750000000000000000e+00 7.500000000000000000e+01 3.916477981262556503e-05
6.750000000000000000e+00 8.500000000000000000e+01 8.383794098716706415e-07
7.250000000000000000e+00 5.000000000000000000e+00 1.807100160847319725e-01
7.250000000000000000e+00 1.500000000000000000e+01 1.296548243792986499e-01
7.250000000000000000e+00 2.500000000000000000e+01 4.880942337446879387e-02
7.250000000000000000e+00 3.500000000000000000e+01 1.842327987220547178e-02
7.250000000000000000e+00 4.500000000000000000e+01 7.296956607576144185e-03
7.250000000000000000e+00 5.500000000000000000e+01 3.884252864218316198e-03
7.250000000000000000e+00 6.500000000000000000e+01 1.691587785394038038e-03
7.250000000000000000e+00 7.500000000000000000e+01 9.948813118687573585e-04
7.250000000000000000e+00 8.500000000000000000e+01 6.944842645268836743e-04
7.250000000000000000e+00 9.500000000000000000e+01 4.490442046345960035e-04
7.250000000000000000e+00 1.050000000000000000e+02 3.488305909520591033e-04
7.250000000000000000e+00 1.150000000000000000e+02 1.788606891438446157e-04
7.250000000000000000e+00 1.250000000000000000e+02 1.040532118069654414e-04
7.250000000000000000e+00 1.350000000000000000e+02 5.393018071850952725e-05
7.250000000000000000e+00 1.450000000000000000e+02 1.709935640571784546e-05
7.250000000000000000e+00 1.550000000000000000e+02 3.888067073569925672e-06
7.750000000000000000e+00 5.000000000000000000e+00 2.686454055256898635e-02
7.750000000000000000e+00 1.500000000000000000e+01 1.882835824463857666e-02
7.750000000000000000e+00 2.500000000000000000e+01 1.119805415381463012e-02
7.750000000000000000e+00 3.500000000000000000e+01 5.572796935963974380e-03
7.750000000000000000e+00 4.500000000000000000e+01 2.653705230031202546e-03
7.750000000000000000e+00 5.500000000000000000e+01 1.788379148848814014e-03
7.750000000000000000e+00 6.500000000000000000e+01 1.620376376648512053e-03
7.750000000000000000e+00 7.500000000000000000e+01 1.569325541590512558e-03
7.750000000000000000e+00 8.500000000000000000e+01 1.170845304329271204e-03
7.750000000000000000e+00 9.500000000000000000e+01 9.564627548821625757e-04
7.750000000000000000e+00 1.050000000000000000e+02 6.210710587481959276e-04
7.750000000000000000e+00 1.150000000000000000e+02 3.776839181744261610e-04
7.750000000000000000e+00 1.250000000000000000e+02 2.969096618903169010e-04
7.750000000000000000e+00 1.350000000000000000e+02 1.854955271352023624e-04
7.750000000000000000e+00 1.450000000000000000e+02 1.383867641114990357e-04
7.750000000000000000e+00 1.550000000000000000e+02 9.579215820397472153e-05
7.750000000000000000e+00 1.650000000000000000e+02 7.393887960812606480e-05
7.750000000000000000e+00 1.750000000000000000e+02 8.219295210863613202e-06
8.250000000000000000e+00 1.500000000000000000e+01 2.567913955131875293e-03
8.250000000000000000e+00 2.500000000000000000e+01 1.745059395598104381e-03
8.250000000000000000e+00 3.500000000000000000e+01 1.214006472548519308e-03
8.250000000000000000e+00 4.500000000000000000e+01 5.280413055659410751e-04
8.250000000000000000e+00 5.500000000000000000e+01 3.596999862963754630e-04
8.250000000000000000e+00 6.500000000000000000e+01 4.280997238683723429e-04
8.250000000000000000e+00 7.500000000000000000e+01 3.479779538515678458e-04
8.250000000000000000e+00 8.500000000000000000e+01 2.873162704391828462e-04
8.250000000000000000e+00 9.500000000000000000e+01 2.131117963332784121e-04
8.250000000000000000e+00 1.050000000000000000e+02 1.072310724772269691e-04
8.250000000000000000e+00 1.150000000000000000e+02 1.063320041516465806e-04
8.250000000000000000e+00 1.250000000000000000e+02 6.376261953096437531e-05
8.250000000000000000e+00 1.350000000000000000e+02 5.372369162543110069e-05
8.250000000000000000e+00 1.450000000000000000e+02 3.850366910818780211e-05
8.250000000000000000e+00 1.550000000000000000e+02 1.955410494520865063e-05
8.250000000000000000e+00 1.650000000000000000e+02 1.276876968252559026e-05
8.250000000000000000e+00 1.750000000000000000e+02 2.090512164980546315e-06
