5.750000000000000000e+00 5.000000000000000000e+00 3.237974140159089430e-03
5.750000000000000000e+00 1.500000000000000000e+01 1.211820189336032267e-03
6.250000000000000000e+00 5.000000000000000000e+00 1.132002325720442570e-01
6.250000000000000000e+00 1.500000000000000000e+01 1.948037983118649022e-02
6.250000000000000000e+00 2.500000000000000000e+01 9.120347451620002899e-05
6.750000000000000000e+00 5.000000000000000000e+00 1.753473204381975348e-01
6.750000000000000000e+00 1.500000000000000000e+01 8.303419809489830106e-02
6.750000000000000000e+00 2.500000000000000000e+01 6.227374835918588619e-03
6.750000000000000000e+00 3.500000000000000000e+01 2.906189760138795544e-04
6.750000000000000000e+00 4.500000000000000000e+01 1.475634512683691122e-08
7.250000000000000000e+00 5.000000000000000000e+00 2.673548031670707203e-01
7.250000000000000000e+00 1.500000000000000000e+01 1.694769992843163930e-01
7.250000000000000000e+00 2.500000000000000000e+01 3.507822111037627727e-02
7.250000000000000000e+00 3.500000000000000000e+01 6.287908861833176044e-03
7.250000000000000000e+00 4.500000000000000000e+01 1.024653965317894565e-03
7.250000000000000000e+00 5.500000000000000000e+01 2.289769471080856274e-04
7.250000000000000000e+00 6.500000000000000000e+01 4.017511774299294824e-05
7.250000000000000000e+00 7.500000000000000000e+01 9.004948270377909615e-06
7.750000000000000000e+00 5.000000000000000000e+00 5.102654651154438226e-02
7.750000000000000000e+00 1.500000000000000000e+01 3.321448068169957635e-02
7.750000000000000000e+00 2.500000000000000000e+01 1.544297867399826996e-02
7.750000000000000000e+00 3.500000000000000000e+01 4.463268183550089460e-03
7.750000000000000000e+00 4.500000000000000000e+01 1.321639490705497390e-03
7.750000000000000000e+00 5.500000000000000000e+01 6.707975393239210210e-04
7.750000000000000000e+00 6.500000000000000000e+01 4.841749943581679923e-04
7.750000000000000000e+00 7.500000000000000000e+01 3.718815378540207741e-04
7.750000000000000000e+00 8.500000000000000000e+01 1.721094669994376709e-04
7.750000000000000000e+00 9.500000000000000000e+01 8.954791017833812258e-05
7.750000000000000000e+00 1.050000000000000000e+02 3.284224242062511341e-05
7.750000000000000000e+00 1.150000000000000000e+02 1.044548275188372132e-05
7.750000000000000000e+00 1.250000000000000000e+02 1.493625276731919255e-08
8.250000000000000000e+00 1.500000000000000000e+01 5.848856211360045285e-03
8.250000000000000000e+00 2.500000000000000000e+01 2.504381871605957082e-03
8.250000000000000000e+00 3.500000000000000000e+01 1.332857710802806597e-03
8.250000000000000000e+00 4.500000000000000000e+01 4.186229190149359878e-04
8.250000000000000000e+00 5.500000000000000000e+01 2.484248914078685455e-04
8.250000000000000000e+00 6.500000000000000000e+01 2.580704293230800714e-04
8.250000000000000000e+00 7.500000000000000000e+01 1.760745481838292168e-04
8.250000000000000000e+00 8.500000000000000000e+01 1.252391191727793361e-04
8.250000000000000000e+00 9.500000000000000000e+01 8.100105715312972830e-05
8.250000000000000000e+00 1.050000000000000000e+02 3.284577197661823816e-05
8.250000000000000000e+00 1.150000000000000000e+02 2.744553185372598970e-05
8.250000000000000000e+00 1.250000000000000000e+02 1.141531010051113314e-05
8.250000000000000000e+00 1.350000000000000000e+02 8.180343066288155949e-06
8.250000000000000000e+00 1.450000000000000000e+02 3.916212793895141891e-06
8.250000000000000000e+00 1.550000000000000000e+02 5.970989599573468941e-08
