5.250000000000000000e+00 5.000000000000000000e+00 7.628685133770730237e-03
5.250000000000000000e+00 1.500000000000000000e+01 3.898048277387333727e-02
5.250000000000000000e+00 2.500000000000000000e+01 4.669554289434239835e-03
5.250000000000000000e+00 3.500000000000000000e+01 1.085062320093161314e-03
5.250000000000000000e+00 4.500000000000000000e+01 2.836313227839750133e-04
5.250000000000000000e+00 5.500000000000000000e+01 5.678450964224251475e-05
5.250000000000000000e+00 6.500000000000000000e+01 2.266130033807403443e-06
5.750000000000000000e+00 5.000000000000000000e+00 1.993308351298779188e-02
5.750000000000000000e+00 1.500000000000000000e+01 7.174466467704089523e-02
5.750000000000000000e+00 2.500000000000000000e+01 2.730742344247660131e-02
5.750000000000000000e+00 3.500000000000000000e+01 1.252621213620751239e-02
5.750000000000000000e+00 4.500000000000000000e+01 7.534141570393249401e-03
5.750000000000000000e+00 5.500000000000000000e+01 4.115091829679140903e-03
5.750000000000000000e+00 6.500000000000000000e+01 2.513601789727956497e-03
5.750000000000000000e+00 7.500000000000000000e+01 1.445678267103237035e-03
5.750000000000000000e+00 8.500000000000000000e+01 8.426252410924613741e-04
5.750000000000000000e+00 9.500000000000000000e+01 2.613856129103169466e-04
6.250000000000000000e+00 5.000000000000000000e+00 4.246609951775479064e-02
6.250000000000000000e+00 1.500000000000000000e+01 8.795836185469035895e-02
6.250000000000000000e+00 2.500000000000000000e+01 6.528175924039725242e-02
6.250000000000000000e+00 3.500000000000000000e+01 4.264982605093278756e-02
6.250000000000000000e+00 4.500000000000000000e+01 3.677089235266819273e-02
6.250000000000000000e+00 5.500000000000000000e+01 2.542531293528676323e-02
6.250000000000000000e+00 6.500000000000000000e+01 2.239996967135328421e-02
6.250000000000000000e+00 7.500000000000000000e+01 1.382521588220321507e-02
6.250000000000000000e+00 8.500000000000000000e+01 1.100531126645052336e-02
6.250000000000000000e+00 9.500000000000000000e+01 8.441557178615706133e-03
6.250000000000000000e+00 1.050000000000000000e+02 7.355324215792139256e-03
6.250000000000000000e+00 1.150000000000000000e+02 5.201934404252036431e-03
6.250000000000000000e+00 1.250000000000000000e+02 1.770940729480504358e-03
6.750000000000000000e+00 5.000000000000000000e+00 1.639085914282996381e-02
6.750000000000000000e+00 1.500000000000000000e+01 2.849887150679148232e-02
6.750000000000000000e+00 2.500000000000000000e+01 3.058014345997410108e-02
6.750000000000000000e+00 3.500000000000000000e+01 2.750674608316750619e-02
6.750000000000000000e+00 4.500000000000000000e+01 2.087657039863642650e-02
6.750000000000000000e+00 5.500000000000000000e+01 1.823639618068533322e-02
6.750000000000000000e+00 6.500000000000000000e+01 1.731201946713888107e-02
6.750000000000000000e+00 7.500000000000000000e+01 1.266132163364868356e-02
6.750000000000000000e+00 8.500000000000000000e+01 8.935252825168311583e-03
6.750000000000000000e+00 9.500000000000000000e+01 8.757018132353040080e-03
6.750000000000000000e+00 1.050000000000000000e+02 8.415736645629905491e-03
6.750000000000000000e+00 1.150000000000000000e+02 7.808119058206245897e-03
6.750000000000000000e+00 1.250000000000000000e+02 7.258332045361498563e-03
6.750000000000000000e+00 1.350000000000000000e+02 4.431568790887561483e-03
6.750000000000000000e+00 1.450000000000000000e+02 1.500516547765737198e-03
7.250000000000000000e+00 5.000000000000000000e+00 1.338527403532763053e-02
7.250000000000000000e+00 1.500000000000000000e+01 1.600367714821681123e-02
7.250000000000000000e+00 2.500000000000000000e+01 1.767593120602763135e-02
7.250000000000000000e+00 3.500000000000000000e+01 1.761192015572628916e-02
7.250000000000000000e+00 4.500000000000000000e+01 1.513889471808170691e-02
7.250000000000000000e+00 5.500000000000000000e+01 1.599078205553305237e-02
7.250000000000000000e+00 6.500000000000000000e+01 1.162102227639430323e-02
7.250000000000000000e+00 7.500000000000000000e+01 1.024510834356329343e-02
7.250000000000000000e+00 8.500000000000000000e+01 9.012016748528230148e-03
7.250000000000000000e+00 9.500000000000000000e+01 9.093281921044618979e-03
7.250000000000000000e+00 1.050000000000000000e+02 9.360770666449580446e-03
7.250000000000000000e+00 1.150000000000000000e+02 8.729139459313190255e-03
7.250000000000000000e+00 1.250000000000000000e+02 7.924525843011929332e-03
7.250000000000000000e+00 1.350000000000000000e+02 7.552027314816008551e-03
7.250000000000000000e+00 1.450000000000000000e+02 5.732586189548626379e-03
7.250000000000000000e+00 1.550000000000000000e+02 3.228923146259622765e-03
7.250000000000000000e+00 1.650000000000000000e+02 4.527024575229168812e-04
7.750000000000000000e+00 5.000000000000000000e+00 1.317331349062293754e-03
7.750000000000000000e+00 1.500000000000000000e+01 1.233213186604720539e-03
7.750000000000000000e+00 2.500000000000000000e+01 1.190438529895168369e-03
7.750000000000000000e+00 3.500000000000000000e+01 1.338587610530050801e-03
7.750000000000000000e+00 4.500000000000000000e+01 1.355221487675605180e-03
7.750000000000000000e+00 5.500000000000000000e+01 1.337614208174938649e-03
7.750000000000000000e+00 6.500000000000000000e+01 1.658571833978611824e-03
7.750000000000000000e+00 7.500000000000000000e+01 2.140372645025392234e-03
7.750000000000000000e+00 8.500000000000000000e+01 2.488137000083764233e-03
7.750000000000000000e+00 9.500000000000000000e+01 2.493686804858027614e-03
7.750000000000000000e+00 1.050000000000000000e+02 2.342533377680598976e-03
7.750000000000000000e+00 1.150000000000000000e+02 1.842272398341818131e-03
7.750000000000000000e+00 1.250000000000000000e+02 2.131546357028576196e-03
7.750000000000000000e+00 1.350000000000000000e+02 1.476615160569686152e-03
7.750000000000000000e+00 1.450000000000000000e+02 1.600249010779672496e-03
7.750000000000000000e+00 1.550000000000000000e+02 1.364203786548853639e-03
7.750000000000000000e+00 1.650000000000000000e+02 1.175624387539545923e-03
7.750000000000000000e+00 1.750000000000000000e+02 1.199905683274521379e-04
8.250000000000000000e+00 1.500000000000000000e+01 1.013444954324104938e-04
8.250000000000000000e+00 2.500000000000000000e+01 1.285255541283235694e-04
8.250000000000000000e+00 3.500000000000000000e+01 1.355195692594637197e-04
8.250000000000000000e+00 4.500000000000000000e+01 1.132163552084992735e-04
8.250000000000000000e+00 5.500000000000000000e+01 1.036350490058877196e-04
8.250000000000000000e+00 6.500000000000000000e+01 1.555860315512790700e-04
8.250000000000000000e+00 7.500000000000000000e+01 1.710609814802940701e-04
8.250000000000000000e+00 8.500000000000000000e+01 1.767380363077301116e-04
8.250000000000000000e+00 9.500000000000000000e+01 1.651223678468783328e-04
8.250000000000000000e+00 1.050000000000000000e+02 1.046393471827815460e-04
8.250000000000000000e+00 1.150000000000000000e+02 1.333566642734467704e-04
8.250000000000000000e+00 1.250000000000000000e+02 1.063437181620067323e-04
8.250000000000000000e+00 1.350000000000000000e+02 1.171734862979955359e-04
8.250000000000000000e+00 1.450000000000000000e+02 9.716876570266113624e-05
8.250000000000000000e+00 1.550000000000000000e+02 7.945901397614246763e-05
8.250000000000000000e+00 1.650000000000000000e+02 6.138438149661741192e-05
8.250000000000000000e+00 1.750000000000000000e+02 3.258101724429989258e-05
