5.250000000000000000e+00 5.000000000000000000e+00 3.937899031307394090e-03
5.250000000000000000e+00 1.500000000000000000e+01 1.306060024945948812e-02
5.250000000000000000e+00 2.500000000000000000e+01 1.272941839400691135e-04
5.750000000000000000e+00 5.000000000000000000e+00 2.803861286538969835e-02
5.750000000000000000e+00 1.500000000000000000e+01 5.144780991712902263e-02
5.750000000000000000e+00 2.500000000000000000e+01 7.894487583595802271e-03
5.750000000000000000e+00 3.500000000000000000e+01 1.847305106446146643e-03
5.750000000000000000e+00 4.500000000000000000e+01 5.922368710252807643e-04
5.750000000000000000e+00 5.500000000000000000e+01 1.637484120983144758e-04
5.750000000000000000e+00 6.500000000000000000e+01 3.205776888836012087e-05
6.250000000000000000e+00 5.000000000000000000e+00 9.203794083646790747e-02
6.250000000000000000e+00 1.500000000000000000e+01 1.139373865421463017e-01
6.250000000000000000e+00 2.500000000000000000e+01 5.115249354530043702e-02
6.250000000000000000e+00 3.500000000000000000e+01 2.554250015671061941e-02
6.250000000000000000e+00 4.500000000000000000e+01 1.685198814351901789e-02
6.250000000000000000e+00 5.500000000000000000e+01 9.336696281004511558e-03
6.250000000000000000e+00 6.500000000000000000e+01 6.717071754051010674e-03
6.250000000000000000e+00 7.500000000000000000e+01 3.479565390809518863e-03
6.250000000000000000e+00 8.500000000000000000e+01 2.300015614432876412e-03
6.250000000000000000e+00 9.500000000000000000e+01 1.520374718896838010e-03
6.250000000000000000e+00 1.050000000000000000e+02 1.324063580061879495e-03
6.250000000000000000e+00 1.150000000000000000e+02 9.106860274141810206e-04
6.250000000000000000e+00 1.250000000000000000e+02 2.936214745672585777e-04
6.750000000000000000e+00 5.000000000000000000e+00 4.632907519113948352e-02
6.750000000000000000e+00 1.500000000000000000e+01 6.122590146139442885e-02
6.750000000000000000e+00 2.500000000000000000e+01 4.608617845907863469e-02
6.750000000000000000e+00 3.500000000000000000e+01 3.063688344812338232e-02
6.750000000000000000e+00 4.500000000000000000e+01 1.871674653752236628e-02
6.750000000000000000e+00 5.500000000000000000e+01 1.384954297990014654e-02
6.750000000000000000e+00 6.500000000000000000e+01 1.139844954219054220e-02
6.750000000000000000e+00 7.500000000000000000e+01 7.304205199838359648e-03
6.750000000000000000e+00 8.500000000000000000e+01 4.587700730757838033e-03
6.750000000000000000e+00 9.500000000000000000e+01 4.188976422803034408e-03
6.750000000000000000e+00 1.050000000000000000e+02 3.645300920419820411e-03
6.750000000000000000e+00 1.150000000000000000e+02 3.116422970861814322e-03
6.750000000000000000e+00 1.250000000000000000e+02 2.583846724150980385e-03
6.750000000000000000e+00 1.350000000000000000e+02 1.525846326639591867e-03
6.750000000000000000e+00 1.450000000000000000e+02 5.314045105554683146e-04
7.250000000000000000e+00 5.000000000000000000e+00 4.051285587462755133e-02
7.250000000000000000e+00 1.500000000000000000e+01 4.248828269343381953e-02
7.250000000000000000e+00 2.500000000000000000e+01 3.769885708830421345e-02
7.250000000000000000e+00 3.500000000000000000e+01 3.011156952463473618e-02
7.250000000000000000e+00 4.500000000000000000e+01 2.140774972068763132e-02
7.250000000000000000e+00 5.500000000000000000e+01 1.910518764382132875e-02
7.250000000000000000e+00 6.500000000000000000e+01 1.237298570587371492e-02
7.250000000000000000e+00 7.500000000000000000e+01 9.910905310213742950e-03
7.250000000000000000e+00 8.500000000000000000e+01 8.273481129195082648e-03
7.250000000000000000e+00 9.500000000000000000e+01 7.743103965664979715e-03
7.250000000000000000e+00 1.050000000000000000e+02 7.525273725808997831e-03
7.250000000000000000e+00 1.150000000000000000e+02 6.402865068984480226e-03
7.250000000000000000e+00 1.250000000000000000e+02 5.381012631790544481e-03
7.250000000000000000e+00 1.350000000000000000e+02 4.771581324266563687e-03
7.250000000000000000e+00 1.450000000000000000e+02 3.369663953565015749e-03
7.250000000000000000e+00 1.550000000000000000e+02 1.909066758222634479e-03
7.250000000000000000e+00 1.650000000000000000e+02 2.860348917909416632e-04
7.750000000000000000e+00 5.000000000000000000e+00 4.255582913581195878e-03
7.750000000000000000e+00 1.500000000000000000e+01 3.787383925325384527e-03
7.750000000000000000e+00 2.500000000000000000e+01 3.383591025547352023e-03
7.750000000000000000e+00 3.500000000000000000e+01 3.362020090657454920e-03
7.750000000000000000e+00 4.500000000000000000e+01 2.915479460136167350e-03
7.750000000000000000e+00 5.500000000000000000e+01 2.638598432151049132e-03
7.750000000000000000e+00 6.500000000000000000e+01 3.019184794180420923e-03
7.750000000000000000e+00 7.500000000000000000e+01 3.621211742149492516e-03
7.750000000000000000e+00 8.500000000000000000e+01 3.764859352495212013e-03
7.750000000000000000e+00 9.500000000000000000e+01 3.587335027536476661e-03
7.750000000000000000e+00 1.050000000000000000e+02 3.097023186650847953e-03
7.750000000000000000e+00 1.150000000000000000e+02 2.301998363679522239e-03
7.750000000000000000e+00 1.250000000000000000e+02 2.432105991395664291e-03
7.750000000000000000e+00 1.350000000000000000e+02 1.650792834262248144e-03
7.750000000000000000e+00 1.450000000000000000e+02 1.650477241005205179e-03
7.750000000000000000e+00 1.550000000000000000e+02 1.360300949258723326e-03
7.750000000000000000e+00 1.650000000000000000e+02 1.133472239116277945e-03
7.750000000000000000e+00 1.750000000000000000e+02 1.222517576916307971e-04
8.250000000000000000e+00 1.500000000000000000e+01 3.331542992262430153e-04
8.250000000000000000e+00 2.500000000000000000e+01 4.029758190544043472e-04
8.250000000000000000e+00 3.500000000000000000e+01 4.065552430005469980e-04
8.250000000000000000e+00 4.500000000000000000e+01 3.053059838331772711e-04
8.250000000000000000e+00 5.500000000000000000e+01 2.627148847972928252e-04
8.250000000000000000e+00 6.500000000000000000e+01 3.754256826831341761e-04
8.250000000000000000e+00 7.500000000000000000e+01 3.863483105895938741e-04
8.250000000000000000e+00 8.500000000000000000e+01 3.794623415529374153e-04
8.250000000000000000e+00 9.500000000000000000e+01 3.341074639001305946e-04
8.250000000000000000e+00 1.050000000000000000e+02 2.019785721711769844e-04
8.250000000000000000e+00 1.150000000000000000e+02 2.411568736344954955e-04
8.250000000000000000e+00 1.250000000000000000e+02 1.815912750382007816e-04
8.250000000000000000e+00 1.350000000000000000e+02 1.853313757011963681e-04
8.250000000000000000e+00 1.450000000000000000e+02 1.493044326313151099e-04
8.250000000000000000e+00 1.550000000000000000e+02 1.100105230644560049e-04
8.250000000000000000e+00 1.650000000000000000e+02 8.147043478711205251e-05
8.250000000000000000e+00 1.750000000000000000e+02 3.602266659022635093e-05
