5.750000000000000000e+00 5.000000000000000000e+00 1.620841914492654121e-02
5.750000000000000000e+00 1.500000000000000000e+01 8.292151362638751702e-03
6.250000000000000000e+00 5.000000000000000000e+00 1.895166007016492737e-01
6.250000000000000000e+00 1.500000000000000000e+01 3.368679489646245889e-02
6.250000000000000000e+00 2.500000000000000000e+01 8.402603459394955641e-05
6.750000000000000000e+00 5.000000000000000000e+00 2.166168661983988442e-01
6.750000000000000000e+00 1.500000000000000000e+01 9.630779588944722580e-02
6.750000000000000000e+00 2.500000000000000000e+01 6.097078551981762080e-03
6.750000000000000000e+00 3.500000000000000000e+01 1.168787293677372557e-04
7.250000000000000000e+00 5.000000000000000000e+00 2.187421193504186512e-01
7.250000000000000000e+00 1.500000000000000000e+01 1.323295469069577512e-01
7.250000000000000000e+00 2.500000000000000000e+01 2.009064986218997775e-02
7.250000000000000000e+00 3.500000000000000000e+01 2.071249579839196889e-03
7.250000000000000000e+00 4.500000000000000000e+01 9.335339798604915819e-05
7.250000000000000000e+00 5.500000000000000000e+01 1.714908956523355684e-07
7.750000000000000000e+00 5.000000000000000000e+00 2.938394810087023579e-02
7.750000000000000000e+00 1.500000000000000000e+01 1.874628861979135350e-02
7.750000000000000000e+00 2.500000000000000000e+01 7.157225539167409202e-03
7.750000000000000000e+00 3.500000000000000000e+01 1.240049212899364817e-03
7.750000000000000000e+00 4.500000000000000000e+01 1.433994452370216223e-04
7.750000000000000000e+00 5.500000000000000000e+01 2.144059167325551335e-05
7.750000000000000000e+00 6.500000000000000000e+01 4.910890542345139308e-07
8.250000000000000000e+00 1.500000000000000000e+01 2.269318849947650658e-03
8.250000000000000000e+00 2.500000000000000000e+01 5.442406146387304081e-04
8.250000000000000000e+00 3.500000000000000000e+01 1.880496385326011443e-04
8.250000000000000000e+00 4.500000000000000000e+01 3.231190088799220603e-05
8.250000000000000000e+00 5.500000000000000000e+01 1.340137428307101706e-05
8.250000000000000000e+00 6.500000000000000000e+01 5.602046235789430479e-06
8.250000000000000000e+00 7.500000000000000000e+01 5.185597984484549908e-07
8.250000000000000000e+00 8.500000000000000000e+01 1.231922908467930934e-08
