5.250000000000000000e+00 5.000000000000000000e+00 2.777384639251853984e-02
5.250000000000000000e+00 1.500000000000000000e+01 7.964151003452346611e-02
5.750000000000000000e+00 5.000000000000000000e+00 1.149998858876559032e-01
5.750000000000000000e+00 1.500000000000000000e+01 7.733587287520880815e-02
6.250000000000000000e+00 5.000000000000000000e+00 2.657751872643517310e-01
6.250000000000000000e+00 1.500000000000000000e+01 4.929408146280860742e-02
6.250000000000000000e+00 2.500000000000000000e+01 1.114843406333761524e-04
6.750000000000000000e+00 5.000000000000000000e+00 1.241259624066494982e-01
6.750000000000000000e+00 1.500000000000000000e+01 4.829606069331715545e-02
6.750000000000000000e+00 2.500000000000000000e+01 1.795954447839113663e-03
7.250000000000000000e+00 5.000000000000000000e+00 1.116412495871223209e-01
7.250000000000000000e+00 1.500000000000000000e+01 6.478068766510157450e-02
7.250000000000000000e+00 2.500000000000000000e+01 7.325055637669661453e-03
7.250000000000000000e+00 3.500000000000000000e+01 3.639665798040216528e-04
7.250000000000000000e+00 4.500000000000000000e+01 7.110648007819476344e-07
7.750000000000000000e+00 5.000000000000000000e+00 1.360165796628848463e-02
7.750000000000000000e+00 1.500000000000000000e+01 8.741598330064888345e-03
7.750000000000000000e+00 2.500000000000000000e+01 2.869335531442418052e-03
7.750000000000000000e+00 3.500000000000000000e+01 3.974839582876034199e-04
7.750000000000000000e+00 4.500000000000000000e+01 9.110527167407910984e-06
8.250000000000000000e+00 1.500000000000000000e+01 8.754179257296196672e-04
8.250000000000000000e+00 2.500000000000000000e+01 1.864976003449243130e-04
8.250000000000000000e+00 3.500000000000000000e+01 5.286677117508867697e-05
8.250000000000000000e+00 4.500000000000000000e+01 4.281871044505609241e-06
8.250000000000000000e+00 5.500000000000000000e+01 2.331784502226045100e-07
