5.750000000000000000e+00 5.000000000000000000e+00 5.021871735046368407e-04
6.250000000000000000e+00 5.000000000000000000e+00 6.549093811649085717e-02
6.250000000000000000e+00 1.500000000000000000e+01 6.779043119538760188e-03
6.750000000000000000e+00 5.000000000000000000e+00 1.482316407014204196e-01
6.750000000000000000e+00 1.500000000000000000e+01 6.056337464116565150e-02
6.750000000000000000e+00 2.500000000000000000e+01 1.624522977048794507e-03
7.250000000000000000e+00 5.000000000000000000e+00 3.143842662329372484e-01
7.250000000000000000e+00 1.500000000000000000e+01 1.927902202652109487e-01
7.250000000000000000e+00 2.500000000000000000e+01 3.057050233610920584e-02
7.250000000000000000e+00 3.500000000000000000e+01 3.457888678485329225e-03
7.250000000000000000e+00 4.500000000000000000e+01 2.782846133293315032e-04
7.250000000000000000e+00 5.500000000000000000e+01 3.233981848671962678e-05
7.250000000000000000e+00 6.500000000000000000e+01 3.444920658574825904e-07
7.750000000000000000e+00 5.000000000000000000e+00 7.779676516130065722e-02
7.750000000000000000e+00 1.500000000000000000e+01 4.974910541383742446e-02
7.750000000000000000e+00 2.500000000000000000e+01 2.162224788712326443e-02
7.750000000000000000e+00 3.500000000000000000e+01 5.040393941605147803e-03
7.750000000000000000e+00 4.500000000000000000e+01 1.232499971114702506e-03
7.750000000000000000e+00 5.500000000000000000e+01 5.404297845177674121e-04
7.750000000000000000e+00 6.500000000000000000e+01 3.622353469061726557e-04
7.750000000000000000e+00 7.500000000000000000e+01 2.069975314616709740e-04
7.750000000000000000e+00 8.500000000000000000e+01 6.494953636451701433e-05
7.750000000000000000e+00 9.500000000000000000e+01 2.773155036927484569e-05
7.750000000000000000e+00 1.050000000000000000e+02 1.356350546736087739e-06
8.250000000000000000e+00 1.500000000000000000e+01 1.067288191513252570e-02
8.250000000000000000e+00 2.500000000000000000e+01 4.132142158224975763e-03
8.250000000000000000e+00 3.500000000000000000e+01 2.068935813500033874e-03
8.250000000000000000e+00 4.500000000000000000e+01 5.800662523561181654e-04
8.250000000000000000e+00 5.500000000000000000e+01 3.311752145871787144e-04
8.250000000000000000e+00 6.500000000000000000e+01 3.288720211220752987e-04
8.250000000000000000e+00 7.500000000000000000e+01 2.150115901568416408e-04
8.250000000000000000e+00 8.500000000000000000e+01 1.486752448730750730e-04
8.250000000000000000e+00 9.500000000000000000e+01 9.292589870136320118e-05
8.250000000000000000e+00 1.050000000000000000e+02 3.554732515616153461e-05
8.250000000000000000e+00 1.150000000000000000e+02 2.786013805312116822e-05
8.250000000000000000e+00 1.250000000000000000e+02 8.721502603226652964e-06
8.250000000000000000e+00 1.350000000000000000e+02 4.744982992905057692e-06
8.250000000000000000e+00 1.450000000000000000e+02 2.174301599492549723e-06
