5.250000000000000000e+00 5.000000000000000000e+00 5.797652373448504686e-04
5.250000000000000000e+00 1.500000000000000000e+01 1.500741293793887536e-03
5.750000000000000000e+00 5.000000000000000000e+00 2.082045641621819293e-02
5.750000000000000000e+00 1.500000000000000000e+01 1.755494625649605192e-02
5.750000000000000000e+00 2.500000000000000000e+01 1.941800052137791029e-04
6.250000000000000000e+00 5.000000000000000000e+00 1.399861023460902965e-01
6.250000000000000000e+00 1.500000000000000000e+01 8.502114268518932982e-02
6.250000000000000000e+00 2.500000000000000000e+01 1.684781789629889032e-02
6.250000000000000000e+00 3.500000000000000000e+01 5.031391980986355157e-03
6.250000000000000000e+00 4.500000000000000000e+01 1.816572276511545670e-03
6.250000000000000000e+00 5.500000000000000000e+01 5.666029405221156270e-04
6.250000000000000000e+00 6.500000000000000000e+01 2.202753933714847738e-04
6.250000000000000000e+00 7.500000000000000000e+01 4.084614593377044740e-05
6.250000000000000000e+00 8.500000000000000000e+01 3.377678656223610288e-06
6.750000000000000000e+00 5.000000000000000000e+00 1.113916407151155918e-01
6.750000000000000000e+00 1.500000000000000000e+01 9.411095599512565857e-02
6.750000000000000000e+00 2.500000000000000000e+01 3.789048330056044717e-02
6.750000000000000000e+00 3.500000000000000000e+01 1.599470816094483369e-02
6.750000000000000000e+00 4.500000000000000000e+01 7.000155419448276552e-03
6.750000000000000000e+00 5.500000000000000000e+01 3.836231740391230806e-03
6.750000000000000000e+00 6.500000000000000000e+01 2.334150148596289467e-03
6.750000000000000000e+00 7.500000000000000000e+01 1.106786087713345929e-03
6.750000000000000000e+00 8.500000000000000000e+01 5.011808903607083880e-04
6.750000000000000000e+00 9.500000000000000000e+01 4.007455270062938420e-04
6.750000000000000000e+00 1.050000000000000000e+02 2.443279892652391373e-04
6.750000000000000000e+00 1.150000000000000000e+02 1.502664889869480746e-04
6.750000000000000000e+00 1.250000000000000000e+02 7.743546939769690638e-05
6.750000000000000000e+00 1.350000000000000000e+02 3.040185403762928816e-05
6.750000000000000000e+00 1.450000000000000000e+02 4.617841413483457025e-06
7.250000000000000000e+00 5.000000000000000000e+00 1.200444964838277701e-01
7.250000000000000000e+00 1.500000000000000000e+01 9.925287705019009143e-02
7.250000000000000000e+00 2.500000000000000000e+01 5.581212036364750773e-02
7.250000000000000000e+00 3.500000000000000000e+01 3.014136291207730051e-02
7.250000000000000000e+00 4.500000000000000000e+01 1.582378680720778960e-02
7.250000000000000000e+00 5.500000000000000000e+01 1.112195375012133523e-02
7.250000000000000000e+00 6.500000000000000000e+01 6.110190881642576372e-03
7.250000000000000000e+00 7.500000000000000000e+01 4.307215950503226996e-03
7.250000000000000000e+00 8.500000000000000000e+01 3.360606102059605915e-03
7.250000000000000000e+00 9.500000000000000000e+01 2.755495329013900926e-03
7.250000000000000000e+00 1.050000000000000000e+02 2.454397286338823835e-03
7.250000000000000000e+00 1.150000000000000000e+02 1.760503464360702519e-03
7.250000000000000000e+00 1.250000000000000000e+02 1.299804318953946261e-03
7.250000000000000000e+00 1.350000000000000000e+02 1.004737800384128020e-03
7.250000000000000000e+00 1.450000000000000000e+02 5.961100894880862764e-04
7.250000000000000000e+00 1.550000000000000000e+02 3.460141364400479646e-04
7.250000000000000000e+00 1.650000000000000000e+02 5.039215343609088088e-05
7.750000000000000000e+00 5.000000000000000000e+00 1.554377825005533523e-02
7.750000000000000000e+00 1.500000000000000000e+01 1.207735502773365534e-02
7.750000000000000000e+00 2.500000000000000000e+01 8.844118064909490748e-03
7.750000000000000000e+00 3.500000000000000000e+01 6.380834552766078728e-03
7.750000000000000000e+00 4.500000000000000000e+01 4.090451216696763120e-03
7.750000000000000000e+00 5.500000000000000000e+01 3.187109110124303809e-03
7.750000000000000000e+00 6.500000000000000000e+01 3.235097070884907465e-03
7.750000000000000000e+00 7.500000000000000000e+01 3.485609774343157059e-03
7.750000000000000000e+00 8.500000000000000000e+01 3.064793881543391354e-03
7.750000000000000000e+00 9.500000000000000000e+01 2.734937895481922773e-03
7.750000000000000000e+00 1.050000000000000000e+02 2.085851990629813101e-03
7.750000000000000000e+00 1.150000000000000000e+02 1.437465145558707415e-03
7.750000000000000000e+00 1.250000000000000000e+02 1.331420731162969188e-03
7.750000000000000000e+00 1.350000000000000000e+02 8.801082228951471065e-04
7.750000000000000000e+00 1.450000000000000000e+02 7.794626255739645635e-04
7.750000000000000000e+00 1.550000000000000000e+02 6.098446811104807439e-04
7.750000000000000000e+00 1.650000000000000000e+02 4.888322840807451724e-04
7.750000000000000000e+00 1.750000000000000000e+02 5.556272291843085463e-05
8.250000000000000000e+00 1.500000000000000000e+01 1.339822194984874879e-03
8.250000000000000000e+00 2.500000000000000000e+01 1.302161630022988454e-03
8.250000000000000000e+00 3.500000000000000000e+01 1.124871611100092565e-03
8.250000000000000000e+00 4.500000000000000000e+01 6.445568802574858395e-04
8.250000000000000000e+00 5.500000000000000000e+01 4.917442497980247266e-04
8.250000000000000000e+00 6.500000000000000000e+01 6.435135474008501968e-04
8.250000000000000000e+00 7.500000000000000000e+01 5.874305956156307146e-04
8.250000000000000000e+00 8.500000000000000000e+01 5.290859664475640062e-04
8.250000000000000000e+00 9.500000000000000000e+01 4.255477463475570770e-04
8.250000000000000000e+00 1.050000000000000000e+02 2.357965844075747726e-04
8.250000000000000000e+00 1.150000000000000000e+02 2.558238831773878511e-04
8.250000000000000000e+00 1.250000000000000000e+02 1.732315058605242138e-04
8.250000000000000000e+00 1.350000000000000000e+02 1.603085102287254103e-04
8.250000000000000000e+00 1.450000000000000000e+02 1.232507116294400144e-04
8.250000000000000000e+00 1.550000000000000000e+02 7.727469181335952107e-05
8.250000000000000000e+00 1.650000000000000000e+02 5.457178134119272439e-05
8.250000000000000000e+00 1.750000000000000000e+02 1.800360041459604597e-05
