5.250000000000000000e+00 5.000000000000000000e+00 3.627379007540708356e-02
5.250000000000000000e+00 1.500000000000000000e+01 1.170992588744231705e-01
5.750000000000000000e+00 5.000000000000000000e+00 1.121851597994684563e-01
5.750000000000000000e+00 1.500000000000000000e+01 9.151218389795959252e-02
5.750000000000000000e+00 2.500000000000000000e+01 8.584759654148826490e-05
6.250000000000000000e+00 5.000000000000000000e+00 2.340985679371180572e-01
6.250000000000000000e+00 1.500000000000000000e+01 6.507621373551779331e-02
6.250000000000000000e+00 2.500000000000000000e+01 1.514611623095267999e-03
6.250000000000000000e+00 3.500000000000000000e+01 3.657617612055580897e-06
6.750000000000000000e+00 5.000000000000000000e+00 1.060591882826325688e-01
6.750000000000000000e+00 1.500000000000000000e+01 4.872181187743558628e-02
6.750000000000000000e+00 2.500000000000000000e+01 4.551562361446353198e-03
6.750000000000000000e+00 3.500000000000000000e+01 1.102465807567997347e-04
7.250000000000000000e+00 5.000000000000000000e+00 9.289493023953189488e-02
7.250000000000000000e+00 1.500000000000000000e+01 5.649815188109139769e-02
7.250000000000000000e+00 2.500000000000000000e+01 9.565478838847755669e-03
7.250000000000000000e+00 3.500000000000000000e+01 1.108167606000778384e-03
7.250000000000000000e+00 4.500000000000000000e+01 3.326862429514013396e-05
7.750000000000000000e+00 5.000000000000000000e+00 1.103817894652215845e-02
7.750000000000000000e+00 1.500000000000000000e+01 7.184606895103221209e-03
7.750000000000000000e+00 2.500000000000000000e+01 2.724271403808739382e-03
7.750000000000000000e+00 3.500000000000000000e+01 5.661881742078693968e-04
7.750000000000000000e+00 4.500000000000000000e+01 5.383990965246347271e-05
7.750000000000000000e+00 5.500000000000000000e+01 3.166190913204890316e-06
8.250000000000000000e+00 1.500000000000000000e+01 7.340630444624902983e-04
8.250000000000000000e+00 2.500000000000000000e+01 2.092598600492129150e-04
8.250000000000000000e+00 3.500000000000000000e+01 7.692786480750009748e-05
8.250000000000000000e+00 4.500000000000000000e+01 1.423351318835626391e-05
8.250000000000000000e+00 5.500000000000000000e+01 2.952882364380890078e-06
8.250000000000000000e+00 6.500000000000000000e+01 2.138657393901850624e-07
