5.750000000000000000e+00 5.000000000000000000e+00 1.067704953973568375e-03
5.750000000000000000e+00 1.500000000000000000e+01 1.782290108939452416e-04
6.250000000000000000e+00 5.000000000000000000e+00 8.808086400990725040e-02
6.250000000000000000e+00 1.500000000000000000e+01 9.652951238740704182e-03
6.750000000000000000e+00 5.000000000000000000e+00 1.728254773272948075e-01
6.750000000000000000e+00 1.500000000000000000e+01 7.102593415461876114e-02
6.750000000000000000e+00 2.500000000000000000e+01 2.085019046461747665e-03
6.750000000000000000e+00 3.500000000000000000e+01 6.803277682567522113e-07
7.250000000000000000e+00 5.000000000000000000e+00 3.006011152403019748e-01
7.250000000000000000e+00 1.500000000000000000e+01 1.828684611280195216e-01
7.250000000000000000e+00 2.500000000000000000e+01 2.743368351277276213e-02
7.250000000000000000e+00 3.500000000000000000e+01 2.731755122431480526e-03
7.250000000000000000e+00 4.500000000000000000e+01 1.644013712228876078e-04
7.250000000000000000e+00 5.500000000000000000e+01 1.046976470975220581e-05
7.750000000000000000e+00 5.000000000000000000e+00 6.482095254126851724e-02
7.750000000000000000e+00 1.500000000000000000e+01 4.132568729578487560e-02
7.750000000000000000e+00 2.500000000000000000e+01 1.718347053766132448e-02
7.750000000000000000e+00 3.500000000000000000e+01 3.590155430036429032e-03
7.750000000000000000e+00 4.500000000000000000e+01 7.409040149553881849e-04
7.750000000000000000e+00 5.500000000000000000e+01 2.879143900953756068e-04
7.750000000000000000e+00 6.500000000000000000e+01 1.538062696094813172e-04
7.750000000000000000e+00 7.500000000000000000e+01 6.578965439786609894e-05
7.750000000000000000e+00 8.500000000000000000e+01 7.385126515544714573e-06
8.250000000000000000e+00 1.500000000000000000e+01 8.169359506786627589e-03
8.250000000000000000e+00 2.500000000000000000e+01 2.760877345008345800e-03
8.250000000000000000e+00 3.500000000000000000e+01 1.274439559491438896e-03
8.250000000000000000e+00 4.500000000000000000e+01 3.310995942291941802e-04
8.250000000000000000e+00 5.500000000000000000e+01 1.758746314313491192e-04
8.250000000000000000e+00 6.500000000000000000e+01 1.649252679954856231e-04
8.250000000000000000e+00 7.500000000000000000e+01 9.900659536352679631e-05
8.250000000000000000e+00 8.500000000000000000e+01 6.439272826046772116e-05
8.250000000000000000e+00 9.500000000000000000e+01 3.702414082316526597e-05
8.250000000000000000e+00 1.050000000000000000e+02 1.131233868906060536e-05
8.250000000000000000e+00 1.150000000000000000e+02 6.622951763036907329e-06
8.250000000000000000e+00 1.250000000000000000e+02 1.573902751398459974e-06
8.250000000000000000e+00 1.350000000000000000e+02 6.681140308551804241e-07
8.250000000000000000e+00 1.450000000000000000e+02 1.185393399146096352e-08
