5.250000000000000000e+00 5.000000000000000000e+00 5.819102015028488207e-05
5.250000000000000000e+00 1.500000000000000000e+01 8.544386856956482452e-05
5.750000000000000000e+00 5.000000000000000000e+00 1.139048000941400574e-02
5.750000000000000000e+00 1.500000000000000000e+01 5.810718477296877675e-03
6.250000000000000000e+00 5.000000000000000000e+00 1.344858525935951343e-01
6.250000000000000000e+00 1.500000000000000000e+01 5.052327607519239289e-02
6.250000000000000000e+00 2.500000000000000000e+01 4.208348173220560935e-03
6.250000000000000000e+00 3.500000000000000000e+01 6.485095761260496663e-04
6.250000000000000000e+00 4.500000000000000000e+01 6.698758823024495042e-05
6.750000000000000000e+00 5.000000000000000000e+00 1.454914932375940828e-01
6.750000000000000000e+00 1.500000000000000000e+01 9.470625653107418718e-02
6.750000000000000000e+00 2.500000000000000000e+01 2.276605249483386675e-02
6.750000000000000000e+00 3.500000000000000000e+01 6.004984688596517149e-03
6.750000000000000000e+00 4.500000000000000000e+01 1.663477860868922817e-03
6.750000000000000000e+00 5.500000000000000000e+01 6.049551081659234946e-04
6.750000000000000000e+00 6.500000000000000000e+01 2.071535433673308798e-04
6.750000000000000000e+00 7.500000000000000000e+01 4.621549538154155052e-05
6.750000000000000000e+00 8.500000000000000000e+01 2.179793403303028335e-06
7.250000000000000000e+00 5.000000000000000000e+00 1.895520696592759013e-01
7.250000000000000000e+00 1.500000000000000000e+01 1.375754403938658776e-01
7.250000000000000000e+00 2.500000000000000000e+01 5.392602619779581635e-02
7.250000000000000000e+00 3.500000000000000000e+01 2.123519495524764378e-02
7.250000000000000000e+00 4.500000000000000000e+01 8.617383648454889772e-03
7.250000000000000000e+00 5.500000000000000000e+01 4.763895187196812500e-03
7.250000000000000000e+00 6.500000000000000000e+01 2.179748696223848120e-03
7.250000000000000000e+00 7.500000000000000000e+01 1.346322521838109023e-03
7.250000000000000000e+00 8.500000000000000000e+01 1.002755000060892403e-03
7.250000000000000000e+00 9.500000000000000000e+01 6.895692309854898608e-04
7.250000000000000000e+00 1.050000000000000000e+02 5.646601526296074437e-04
7.250000000000000000e+00 1.150000000000000000e+02 3.101728596153938925e-04
7.250000000000000000e+00 1.250000000000000000e+02 2.120858512817673134e-04
7.250000000000000000e+00 1.350000000000000000e+02 1.248743097022478126e-04
7.250000000000000000e+00 1.450000000000000000e+02 4.795995715735685183e-05
7.250000000000000000e+00 1.550000000000000000e+02 2.847008141759327902e-05
7.250000000000000000e+00 1.650000000000000000e+02 4.270332256060114479e-06
7.750000000000000000e+00 5.000000000000000000e+00 2.965381116499954048e-02
7.750000000000000000e+00 1.500000000000000000e+01 2.112883746308096694e-02
7.750000000000000000e+00 2.500000000000000000e+01 1.313915171322323563e-02
7.750000000000000000e+00 3.500000000000000000e+01 7.084663949004613333e-03
7.750000000000000000e+00 4.500000000000000000e+01 3.607485681519128143e-03
7.750000000000000000e+00 5.500000000000000000e+01 2.513241754166813027e-03
7.750000000000000000e+00 6.500000000000000000e+01 2.347227737131448669e-03
7.750000000000000000e+00 7.500000000000000000e+01 2.336434321140801098e-03
7.750000000000000000e+00 8.500000000000000000e+01 1.804922794564308699e-03
7.750000000000000000e+00 9.500000000000000000e+01 1.524356674930664891e-03
7.750000000000000000e+00 1.050000000000000000e+02 1.038085084094065268e-03
7.750000000000000000e+00 1.150000000000000000e+02 6.611259687458551646e-04
7.750000000000000000e+00 1.250000000000000000e+02 5.208116715735820485e-04
7.750000000000000000e+00 1.350000000000000000e+02 3.425115843030710296e-04
7.750000000000000000e+00 1.450000000000000000e+02 2.678514031175884577e-04
7.750000000000000000e+00 1.550000000000000000e+02 1.963061927879578396e-04
7.750000000000000000e+00 1.650000000000000000e+02 1.538225974990734305e-04
7.750000000000000000e+00 1.750000000000000000e+02 1.690275330153828953e-05
8.250000000000000000e+00 1.500000000000000000e+01 2.873686594725706044e-03
8.250000000000000000e+00 2.500000000000000000e+01 2.190767552550563178e-03
8.250000000000000000e+00 3.500000000000000000e+01 1.629833466417107647e-03
8.250000000000000000e+00 4.500000000000000000e+01 7.544158133709642560e-04
8.250000000000000000e+00 5.500000000000000000e+01 5.299038807771129988e-04
8.250000000000000000e+00 6.500000000000000000e+01 6.497545502385477590e-04
8.250000000000000000e+00 7.500000000000000000e+01 5.454464158869866278e-04
8.250000000000000000e+00 8.500000000000000000e+01 4.623064091162446270e-04
8.250000000000000000e+00 9.500000000000000000e+01 3.501980265655835786e-04
8.250000000000000000e+00 1.050000000000000000e+02 1.813092971126640293e-04
8.250000000000000000e+00 1.150000000000000000e+02 1.842731895539751797e-04
8.250000000000000000e+00 1.250000000000000000e+02 1.142999863916948299e-04
8.250000000000000000e+00 1.350000000000000000e+02 9.905020264676481527e-05
8.250000000000000000e+00 1.450000000000000000e+02 7.299770324349393448e-05
8.250000000000000000e+00 1.550000000000000000e+02 3.964877931065035135e-05
8.250000000000000000e+00 1.650000000000000000e+02 2.685295897997776039e-05
8.250000000000000000e+00 1.750000000000000000e+02 6.229493841769127332e-06
