5.250000000000000000e+00 5.000000000000000000e+00 4.036186531893325852e-02
5.250000000000000000e+00 1.500000000000000000e+01 2.745632815285907191e-01
5.250000000000000000e+00 2.500000000000000000e+01 2.690280126914667766e-02
5.250000000000000000e+00 3.500000000000000000e+01 2.288629785264209050e-03
5.250000000000000000e+00 4.500000000000000000e+01 6.543877481584919539e-05
5.750000000000000000e+00 5.000000000000000000e+00 4.626766364253995928e-02
5.750000000000000000e+00 1.500000000000000000e+01 1.311172342087995601e-01
5.750000000000000000e+00 2.500000000000000000e+01 3.023146394212003485e-02
5.750000000000000000e+00 3.500000000000000000e+01 7.640473395417762825e-03
5.750000000000000000e+00 4.500000000000000000e+01 1.824695099867373578e-03
5.750000000000000000e+00 5.500000000000000000e+01 1.869946718049536323e-04
5.750000000000000000e+00 6.500000000000000000e+01 4.358110565298210692e-07
6.250000000000000000e+00 5.000000000000000000e+00 7.320364012903039785e-02
6.250000000000000000e+00 1.500000000000000000e+01 9.978248022006504236e-02
6.250000000000000000e+00 2.500000000000000000e+01 4.282575326892003320e-02
6.250000000000000000e+00 3.500000000000000000e+01 1.641637514228341463e-02
6.250000000000000000e+00 4.500000000000000000e+01 7.828140836501728053e-03
6.250000000000000000e+00 5.500000000000000000e+01 2.508347099712599036e-03
6.250000000000000000e+00 6.500000000000000000e+01 7.295148762263555875e-04
6.250000000000000000e+00 7.500000000000000000e+01 1.049311325283364653e-04
6.250000000000000000e+00 8.500000000000000000e+01 1.032113679003662740e-05
6.750000000000000000e+00 5.000000000000000000e+00 2.824309691043594070e-02
6.750000000000000000e+00 1.500000000000000000e+01 3.378714694521663120e-02
6.750000000000000000e+00 2.500000000000000000e+01 2.191656566026650363e-02
6.750000000000000000e+00 3.500000000000000000e+01 1.124254519722999411e-02
6.750000000000000000e+00 4.500000000000000000e+01 4.970997638383732598e-03
6.750000000000000000e+00 5.500000000000000000e+01 2.451048505569817289e-03
6.750000000000000000e+00 6.500000000000000000e+01 1.239007386419120312e-03
6.750000000000000000e+00 7.500000000000000000e+01 3.998352926225534360e-04
6.750000000000000000e+00 8.500000000000000000e+01 9.994910161965022311e-05
6.750000000000000000e+00 9.500000000000000000e+01 2.411734719159854998e-05
6.750000000000000000e+00 1.050000000000000000e+02 6.565366264574942122e-07
7.250000000000000000e+00 5.000000000000000000e+00 2.279999616239595031e-02
7.250000000000000000e+00 1.500000000000000000e+01 2.154502510266631879e-02
7.250000000000000000e+00 2.500000000000000000e+01 1.574825950493376897e-02
7.250000000000000000e+00 3.500000000000000000e+01 9.795688516633694470e-03
7.250000000000000000e+00 4.500000000000000000e+01 5.113106877531531022e-03
7.250000000000000000e+00 5.500000000000000000e+01 3.136959126745469083e-03
7.250000000000000000e+00 6.500000000000000000e+01 1.337956606700428132e-03
7.250000000000000000e+00 7.500000000000000000e+01 6.747138767403627804e-04
7.250000000000000000e+00 8.500000000000000000e+01 3.201791656207714091e-04
7.250000000000000000e+00 9.500000000000000000e+01 1.518345777728652196e-04
7.250000000000000000e+00 1.050000000000000000e+02 5.967576665075827191e-05
7.250000000000000000e+00 1.150000000000000000e+02 1.314637778712274950e-05
7.250000000000000000e+00 1.250000000000000000e+02 2.253569399746835269e-06
7.250000000000000000e+00 1.350000000000000000e+02 1.990864853269965920e-08
7.750000000000000000e+00 5.000000000000000000e+00 2.360657431789479552e-03
7.750000000000000000e+00 1.500000000000000000e+01 1.928257797845005185e-03
7.750000000000000000e+00 2.500000000000000000e+01 1.487642247150324469e-03
7.750000000000000000e+00 3.500000000000000000e+01 1.172111016579843821e-03
7.750000000000000000e+00 4.500000000000000000e+01 7.115963656953253622e-04
7.750000000000000000e+00 5.500000000000000000e+01 4.707155007499288493e-04
7.750000000000000000e+00 6.500000000000000000e+01 3.845755378749836579e-04
7.750000000000000000e+00 7.500000000000000000e+01 3.138559202051883438e-04
7.750000000000000000e+00 8.500000000000000000e+01 2.081004464621969818e-04
7.750000000000000000e+00 9.500000000000000000e+01 1.213080978031906879e-04
7.750000000000000000e+00 1.050000000000000000e+02 5.911257043724719458e-05
7.750000000000000000e+00 1.150000000000000000e+02 2.258966691853927407e-05
7.750000000000000000e+00 1.250000000000000000e+02 8.751723518093935500e-06
7.750000000000000000e+00 1.350000000000000000e+02 1.870131739575908858e-06
7.750000000000000000e+00 1.450000000000000000e+02 1.716788419253597156e-07
8.250000000000000000e+00 1.500000000000000000e+01 1.807653775707984331e-04
8.250000000000000000e+00 2.500000000000000000e+01 1.771348825394075904e-04
8.250000000000000000e+00 3.500000000000000000e+01 1.497261386235728623e-04
8.250000000000000000e+00 4.500000000000000000e+01 8.470576514378238143e-05
8.250000000000000000e+00 5.500000000000000000e+01 5.734927291240955223e-05
8.250000000000000000e+00 6.500000000000000000e+01 5.868423563424138994e-05
8.250000000000000000e+00 7.500000000000000000e+01 4.327924232200303637e-05
8.250000000000000000e+00 8.500000000000000000e+01 2.978858103816004661e-05
8.250000000000000000e+00 9.500000000000000000e+01 1.772509200459166959e-05
8.250000000000000000e+00 1.050000000000000000e+02 6.928727564446611545e-06
8.250000000000000000e+00 1.150000000000000000e+02 4.993041229468367549e-06
8.250000000000000000e+00 1.250000000000000000e+02 2.013807905047781845e-06
8.250000000000000000e+00 1.350000000000000000e+02 9.764896379461028582e-07
8.250000000000000000e+00 1.450000000000000000e+02 3.162456929844421585e-07
8.250000000000000000e+00 1.550000000000000000e+02 3.401434579170902025e-08
