5.250000000000000000e+00 5.000000000000000000e+00 1.105656332190766040e-02
5.250000000000000000e+00 1.500000000000000000e+01 1.597670859639558627e-01
5.250000000000000000e+00 2.500000000000000000e+01 8.656782971519740022e-02
5.250000000000000000e+00 3.500000000000000000e+01 3.895821962601103694e-02
5.250000000000000000e+00 4.500000000000000000e+01 1.984375879211344035e-02
5.250000000000000000e+00 5.500000000000000000e+01 9.769997691395627265e-03
5.250000000000000000e+00 6.500000000000000000e+01 3.672534528676424121e-03
5.250000000000000000e+00 7.500000000000000000e+01 1.332549427258321100e-03
5.750000000000000000e+00 5.000000000000000000e+00 8.876959911569646394e-03
5.750000000000000000e+00 1.500000000000000000e+01 6.727763273051555470e-02
5.750000000000000000e+00 2.500000000000000000e+01 5.151602488479506414e-02
5.750000000000000000e+00 3.500000000000000000e+01 3.422400586604035233e-02
5.750000000000000000e+00 4.500000000000000000e+01 2.617913981923743888e-02
5.750000000000000000e+00 5.500000000000000000e+01 1.713355241256912798e-02
5.750000000000000000e+00 6.500000000000000000e+01 1.188005003623995165e-02
5.750000000000000000e+00 7.500000000000000000e+01 7.625477389812057062e-03
5.750000000000000000e+00 8.500000000000000000e+01 4.217442640509594214e-03
5.750000000000000000e+00 9.500000000000000000e+01 1.049899499054403025e-03
6.250000000000000000e+00 5.000000000000000000e+00 1.470726369211967574e-02
6.250000000000000000e+00 1.500000000000000000e+01 4.211536198182191937e-02
6.250000000000000000e+00 2.500000000000000000e+01 4.434007560222116145e-02
6.250000000000000000e+00 3.500000000000000000e+01 3.456095416452083929e-02
6.250000000000000000e+00 4.500000000000000000e+01 3.502644526784134266e-02
6.250000000000000000e+00 5.500000000000000000e+01 2.633472260001793255e-02
6.250000000000000000e+00 6.500000000000000000e+01 2.432208551011978692e-02
6.250000000000000000e+00 7.500000000000000000e+01 1.498570669605490263e-02
6.250000000000000000e+00 8.500000000000000000e+01 1.182778090799152873e-02
6.250000000000000000e+00 9.500000000000000000e+01 8.626172595524551207e-03
6.250000000000000000e+00 1.050000000000000000e+02 6.357422333882045001e-03
6.250000000000000000e+00 1.150000000000000000e+02 3.791639309302654529e-03
6.250000000000000000e+00 1.250000000000000000e+02 1.145034169413857578e-03
6.750000000000000000e+00 5.000000000000000000e+00 5.098458717998593029e-03
6.750000000000000000e+00 1.500000000000000000e+01 9.783937602057762514e-03
6.750000000000000000e+00 2.500000000000000000e+01 1.227261830697367467e-02
6.750000000000000000e+00 3.500000000000000000e+01 1.292209035208769126e-02
6.750000000000000000e+00 4.500000000000000000e+01 1.098715286524561997e-02
6.750000000000000000e+00 5.500000000000000000e+01 1.029528582652208465e-02
6.750000000000000000e+00 6.500000000000000000e+01 1.024714730007373654e-02
6.750000000000000000e+00 7.500000000000000000e+01 7.675341716942711383e-03
6.750000000000000000e+00 8.500000000000000000e+01 5.442297781376946239e-03
6.750000000000000000e+00 9.500000000000000000e+01 5.099531473888797156e-03
6.750000000000000000e+00 1.050000000000000000e+02 4.687883195666250023e-03
6.750000000000000000e+00 1.150000000000000000e+02 4.042426647577186324e-03
6.750000000000000000e+00 1.250000000000000000e+02 3.568036053409677413e-03
6.750000000000000000e+00 1.350000000000000000e+02 1.941915606586703830e-03
6.750000000000000000e+00 1.450000000000000000e+02 5.595025555229260787e-04
7.250000000000000000e+00 5.000000000000000000e+00 4.108231481752087390e-03
7.250000000000000000e+00 1.500000000000000000e+01 5.062811820810858045e-03
7.250000000000000000e+00 2.500000000000000000e+01 5.905308246357167910e-03
7.250000000000000000e+00 3.500000000000000000e+01 6.240726390967853837e-03
7.250000000000000000e+00 4.500000000000000000e+01 5.604452717315017499e-03
7.250000000000000000e+00 5.500000000000000000e+01 6.121085678847636158e-03
7.250000000000000000e+00 6.500000000000000000e+01 4.449217094766332904e-03
7.250000000000000000e+00 7.500000000000000000e+01 3.875696489787448101e-03
7.250000000000000000e+00 8.500000000000000000e+01 3.228061919453193655e-03
7.250000000000000000e+00 9.500000000000000000e+01 3.066915435872886314e-03
7.250000000000000000e+00 1.050000000000000000e+02 2.942255830661630583e-03
7.250000000000000000e+00 1.150000000000000000e+02 2.565262245021880834e-03
7.250000000000000000e+00 1.250000000000000000e+02 2.164042260039410279e-03
7.250000000000000000e+00 1.350000000000000000e+02 1.874470242666669787e-03
7.250000000000000000e+00 1.450000000000000000e+02 1.272137041020714393e-03
7.250000000000000000e+00 1.550000000000000000e+02 6.161610814598096533e-04
7.250000000000000000e+00 1.650000000000000000e+02 6.560875339189858955e-05
7.750000000000000000e+00 5.000000000000000000e+00 4.004857811002140891e-04
7.750000000000000000e+00 1.500000000000000000e+01 3.758419140034083544e-04
7.750000000000000000e+00 2.500000000000000000e+01 3.637511678957974651e-04
7.750000000000000000e+00 3.500000000000000000e+01 4.087806784549072986e-04
7.750000000000000000e+00 4.500000000000000000e+01 4.075093297854890284e-04
7.750000000000000000e+00 5.500000000000000000e+01 3.907729266628107807e-04
7.750000000000000000e+00 6.500000000000000000e+01 4.660709423013251998e-04
7.750000000000000000e+00 7.500000000000000000e+01 5.736409458345772617e-04
7.750000000000000000e+00 8.500000000000000000e+01 6.335499123202493641e-04
7.750000000000000000e+00 9.500000000000000000e+01 5.885469719726001830e-04
7.750000000000000000e+00 1.050000000000000000e+02 5.145200316450704347e-04
7.750000000000000000e+00 1.150000000000000000e+02 3.732443676561275538e-04
7.750000000000000000e+00 1.250000000000000000e+02 3.936879006953319438e-04
7.750000000000000000e+00 1.350000000000000000e+02 2.404485738621811488e-04
7.750000000000000000e+00 1.450000000000000000e+02 2.339126608381166157e-04
7.750000000000000000e+00 1.550000000000000000e+02 1.754471794365801667e-04
7.750000000000000000e+00 1.650000000000000000e+02 1.331894418978002816e-04
7.750000000000000000e+00 1.750000000000000000e+02 1.167190747196175732e-05
8.250000000000000000e+00 1.500000000000000000e+01 3.076523432952912298e-05
8.250000000000000000e+00 2.500000000000000000e+01 3.870500569815549886e-05
8.250000000000000000e+00 3.500000000000000000e+01 4.016412462887988566e-05
8.250000000000000000e+00 4.500000000000000000e+01 3.251658365529729521e-05
8.250000000000000000e+00 5.500000000000000000e+01 2.871104131819074781e-05
8.250000000000000000e+00 6.500000000000000000e+01 4.070916634520933488e-05
8.250000000000000000e+00 7.500000000000000000e+01 4.221947565632348884e-05
8.250000000000000000e+00 8.500000000000000000e+01 4.075896383776315355e-05
8.250000000000000000e+00 9.500000000000000000e+01 3.555328425929292637e-05
8.250000000000000000e+00 1.050000000000000000e+02 2.066111690592521840e-05
8.250000000000000000e+00 1.150000000000000000e+02 2.409776335104158048e-05
8.250000000000000000e+00 1.250000000000000000e+02 1.720657012325505758e-05
8.250000000000000000e+00 1.350000000000000000e+02 1.705254097601987244e-05
8.250000000000000000e+00 1.450000000000000000e+02 1.253107797303182875e-05
8.250000000000000000e+00 1.550000000000000000e+02 8.966051767105806761e-06
8.250000000000000000e+00 1.650000000000000000e+02 6.075017300414194809e-06
8.250000000000000000e+00 1.750000000000000000e+02 2.774528225711897387e-06
