5.250000000000000000e+00 5.000000000000000000e+00 2.873543342216739425e-03
5.250000000000000000e+00 1.500000000000000000e+01 8.804499809854645503e-03
5.750000000000000000e+00 5.000000000000000000e+00 4.363805016392712649e-02
5.750000000000000000e+00 1.500000000000000000e+01 2.957660095436034919e-02
6.250000000000000000e+00 5.000000000000000000e+00 2.190191712288040438e-01
6.250000000000000000e+00 1.500000000000000000e+01 7.463488541012391897e-02
6.250000000000000000e+00 2.500000000000000000e+01 3.997068379322240607e-03
6.250000000000000000e+00 3.500000000000000000e+01 2.650034310539023537e-04
6.750000000000000000e+00 5.000000000000000000e+00 1.776396587490624845e-01
6.750000000000000000e+00 1.500000000000000000e+01 1.040406460997596594e-01
6.750000000000000000e+00 2.500000000000000000e+01 1.891342884287170248e-02
6.750000000000000000e+00 3.500000000000000000e+01 2.999338556991062478e-03
6.750000000000000000e+00 4.500000000000000000e+01 2.964832683909665156e-04
6.750000000000000000e+00 5.500000000000000000e+01 3.497427064312136394e-06
7.250000000000000000e+00 5.000000000000000000e+00 1.510823985392484303e-01
7.250000000000000000e+00 1.500000000000000000e+01 9.784808418184484657e-02
7.250000000000000000e+00 2.500000000000000000e+01 2.335986654669722912e-02
7.250000000000000000e+00 3.500000000000000000e+01 4.570868170604955143e-03
7.250000000000000000e+00 4.500000000000000000e+01 7.378842993624267323e-04
7.250000000000000000e+00 5.500000000000000000e+01 8.985189151488111477e-05
7.250000000000000000e+00 6.500000000000000000e+01 1.255554004378285029e-06
7.750000000000000000e+00 5.000000000000000000e+00 1.703038000751835521e-02
7.750000000000000000e+00 1.500000000000000000e+01 1.108131514947253288e-02
7.750000000000000000e+00 2.500000000000000000e+01 4.724961222904301532e-03
7.750000000000000000e+00 3.500000000000000000e+01 1.085141984318580607e-03
7.750000000000000000e+00 4.500000000000000000e+01 1.627407334545560456e-04
7.750000000000000000e+00 5.500000000000000000e+01 3.611344475400839329e-05
7.750000000000000000e+00 6.500000000000000000e+01 5.348967986764574786e-06
7.750000000000000000e+00 7.500000000000000000e+01 9.967434747153150021e-09
8.250000000000000000e+00 1.500000000000000000e+01 1.080402138895647209e-03
8.250000000000000000e+00 2.500000000000000000e+01 2.766953490880276695e-04
8.250000000000000000e+00 3.500000000000000000e+01 9.560997419612378054e-05
8.250000000000000000e+00 4.500000000000000000e+01 2.098869063475468689e-05
8.250000000000000000e+00 5.500000000000000000e+01 6.296276488500746835e-06
8.250000000000000000e+00 6.500000000000000000e+01 1.841441151256692855e-06
8.250000000000000000e+00 7.500000000000000000e+01 6.980462173158991069e-08
