5.250000000000000000e+00 5.000000000000000000e+00 1.155591212036446470e-02
5.250000000000000000e+00 1.500000000000000000e+01 4.799058981706138399e-02
5.250000000000000000e+00 2.500000000000000000e+01 1.110421712118930555e-03
5.250000000000000000e+00 3.500000000000000000e+01 2.201481775476252567e-05
5.750000000000000000e+00 5.000000000000000000e+00 3.959960838363189850e-02
5.750000000000000000e+00 1.500000000000000000e+01 8.048642547490351962e-02
5.750000000000000000e+00 2.500000000000000000e+01 1.319967297392428233e-02
5.750000000000000000e+00 3.500000000000000000e+01 3.215538541085917815e-03
5.750000000000000000e+00 4.500000000000000000e+01 9.386808431355353520e-04
5.750000000000000000e+00 5.500000000000000000e+01 2.636414207554525660e-04
5.750000000000000000e+00 6.500000000000000000e+01 3.132401285053606523e-05
6.250000000000000000e+00 5.000000000000000000e+00 9.903842619275586567e-02
6.250000000000000000e+00 1.500000000000000000e+01 1.247945409588383653e-01
6.250000000000000000e+00 2.500000000000000000e+01 5.434443042650845962e-02
6.250000000000000000e+00 3.500000000000000000e+01 2.596380383300888120e-02
6.250000000000000000e+00 4.500000000000000000e+01 1.642007801169661704e-02
6.250000000000000000e+00 5.500000000000000000e+01 8.680294848196580537e-03
6.250000000000000000e+00 6.500000000000000000e+01 5.818447474774243386e-03
6.250000000000000000e+00 7.500000000000000000e+01 2.826633164425558509e-03
6.250000000000000000e+00 8.500000000000000000e+01 1.750322043586667164e-03
6.250000000000000000e+00 9.500000000000000000e+01 1.045905484333037620e-03
6.250000000000000000e+00 1.050000000000000000e+02 8.091883182295289559e-04
6.250000000000000000e+00 1.150000000000000000e+02 4.987181204586976953e-04
6.250000000000000000e+00 1.250000000000000000e+02 1.635582433351459597e-04
6.750000000000000000e+00 5.000000000000000000e+00 4.650477643500300351e-02
6.750000000000000000e+00 1.500000000000000000e+01 6.045232906567996056e-02
6.750000000000000000e+00 2.500000000000000000e+01 4.414934908187589935e-02
6.750000000000000000e+00 3.500000000000000000e+01 2.820800160268938789e-02
6.750000000000000000e+00 4.500000000000000000e+01 1.664860569630571482e-02
6.750000000000000000e+00 5.500000000000000000e+01 1.186409592819074113e-02
6.750000000000000000e+00 6.500000000000000000e+01 9.404071490771596931e-03
6.750000000000000000e+00 7.500000000000000000e+01 5.782680506356098656e-03
6.750000000000000000e+00 8.500000000000000000e+01 3.488167833501904999e-03
6.750000000000000000e+00 9.500000000000000000e+01 2.977901915963101186e-03
6.750000000000000000e+00 1.050000000000000000e+02 2.462131646658367260e-03
6.750000000000000000e+00 1.150000000000000000e+02 1.940339560733195896e-03
6.750000000000000000e+00 1.250000000000000000e+02 1.513345356335945701e-03
6.750000000000000000e+00 1.350000000000000000e+02 8.264082051417670103e-04
6.750000000000000000e+00 1.450000000000000000e+02 2.660496857412178516e-04
7.250000000000000000e+00 5.000000000000000000e+00 3.856700184951194349e-02
7.250000000000000000e+00 1.500000000000000000e+01 3.844427073837584918e-02
7.250000000000000000e+00 2.500000000000000000e+01 3.126932974167274948e-02
7.250000000000000000e+00 3.500000000000000000e+01 2.266903134410322429e-02
7.250000000000000000e+00 4.500000000000000000e+01 1.496826014692488604e-02
7.250000000000000000e+00 5.500000000000000000e+01 1.251741672143710446e-02
7.250000000000000000e+00 6.500000000000000000e+01 7.635744448640812733e-03
7.250000000000000000e+00 7.500000000000000000e+01 5.791033511687008854e-03
7.250000000000000000e+00 8.500000000000000000e+01 4.508142837698959383e-03
7.250000000000000000e+00 9.500000000000000000e+01 3.929168762909196998e-03
7.250000000000000000e+00 1.050000000000000000e+02 3.608239452859245393e-03
7.250000000000000000e+00 1.150000000000000000e+02 2.883622532755044689e-03
7.250000000000000000e+00 1.250000000000000000e+02 2.299705995297908305e-03
7.250000000000000000e+00 1.350000000000000000e+02 1.912736464246244696e-03
7.250000000000000000e+00 1.450000000000000000e+02 1.255901791701475451e-03
7.250000000000000000e+00 1.550000000000000000e+02 6.587745596546583284e-04
7.250000000000000000e+00 1.650000000000000000e+02 8.394469707540741434e-05
7.750000000000000000e+00 5.000000000000000000e+00 4.020170462253196651e-03
7.750000000000000000e+00 1.500000000000000000e+01 3.378575008231763342e-03
7.750000000000000000e+00 2.500000000000000000e+01 2.783848327701536271e-03
7.750000000000000000e+00 3.500000000000000000e+01 2.426489395524336363e-03
7.750000000000000000e+00 4.500000000000000000e+01 1.818071311014220984e-03
7.750000000000000000e+00 5.500000000000000000e+01 1.517961722087157392e-03
7.750000000000000000e+00 6.500000000000000000e+01 1.608225953993917953e-03
7.750000000000000000e+00 7.500000000000000000e+01 1.807896869371399548e-03
7.750000000000000000e+00 8.500000000000000000e+01 1.728988030294358264e-03
7.750000000000000000e+00 9.500000000000000000e+01 1.557272046557917414e-03
7.750000000000000000e+00 1.050000000000000000e+02 1.256208051895629048e-03
7.750000000000000000e+00 1.150000000000000000e+02 8.845879513816423505e-04
7.750000000000000000e+00 1.250000000000000000e+02 8.741360451141496875e-04
7.750000000000000000e+00 1.350000000000000000e+02 5.565074770100861918e-04
7.750000000000000000e+00 1.450000000000000000e+02 5.252295932961568818e-04
7.750000000000000000e+00 1.550000000000000000e+02 4.075556314330555110e-04
7.750000000000000000e+00 1.650000000000000000e+02 3.211326141979241430e-04
7.750000000000000000e+00 1.750000000000000000e+02 3.226978517629955340e-05
8.250000000000000000e+00 1.500000000000000000e+01 3.154076463232202286e-04
8.250000000000000000e+00 2.500000000000000000e+01 3.342453523423613375e-04
8.250000000000000000e+00 3.500000000000000000e+01 3.041907068064633735e-04
8.250000000000000000e+00 4.500000000000000000e+01 1.950612211267140073e-04
8.250000000000000000e+00 5.500000000000000000e+01 1.546855491940631652e-04
8.250000000000000000e+00 6.500000000000000000e+01 2.061243471591137327e-04
8.250000000000000000e+00 7.500000000000000000e+01 1.941954664485394952e-04
8.250000000000000000e+00 8.500000000000000000e+01 1.775992792387810965e-04
8.250000000000000000e+00 9.500000000000000000e+01 1.469541833134302205e-04
8.250000000000000000e+00 1.050000000000000000e+02 8.240004492955296800e-05
8.250000000000000000e+00 1.150000000000000000e+02 9.195861485925784418e-05
8.250000000000000000e+00 1.250000000000000000e+02 6.381811256074859543e-05
8.250000000000000000e+00 1.350000000000000000e+02 6.103988162767286707e-05
8.250000000000000000e+00 1.450000000000000000e+02 4.668815672522605626e-05
8.250000000000000000e+00 1.550000000000000000e+02 3.120358375293233092e-05
8.250000000000000000e+00 1.650000000000000000e+02 2.217917606539986146e-05
8.250000000000000000e+00 1.750000000000000000e+02 8.365555758064198135e-06
