5.250000000000000000e+00 5.000000000000000000e+00 1.042503402915447019e-02
5.250000000000000000e+00 1.500000000000000000e+01 1.366114439174337392e-01
5.250000000000000000e+00 2.500000000000000000e+01 6.527623869568323356e-02
5.250000000000000000e+00 3.500000000000000000e+01 2.864698378926194139e-02
5.250000000000000000e+00 4.500000000000000000e+01 1.477172708850981071e-02
5.250000000000000000e+00 5.500000000000000000e+01 7.762621426754537889e-03
5.250000000000000000e+00 6.500000000000000000e+01 3.328427419521291959e-03
5.250000000000000000e+00 7.500000000000000000e+01 1.354211236691054473e-03
5.750000000000000000e+00 5.000000000000000000e+00 8.721023879694733347e-03
5.750000000000000000e+00 1.500000000000000000e+01 6.474408445620308261e-02
5.750000000000000000e+00 2.500000000000000000e+01 4.889600861210209592e-02
5.750000000000000000e+00 3.500000000000000000e+01 3.288980908138257331e-02
5.750000000000000000e+00 4.500000000000000000e+01 2.600157918396969747e-02
5.750000000000000000e+00 5.500000000000000000e+01 1.793129454105324427e-02
5.750000000000000000e+00 6.500000000000000000e+01 1.331266898552968883e-02
5.750000000000000000e+00 7.500000000000000000e+01 9.355442819963082079e-03
5.750000000000000000e+00 8.500000000000000000e+01 5.744671416510616600e-03
5.750000000000000000e+00 9.500000000000000000e+01 1.617291917341279412e-03
6.250000000000000000e+00 5.000000000000000000e+00 1.447663733062066506e-02
6.250000000000000000e+00 1.500000000000000000e+01 4.154439232560456358e-02
6.250000000000000000e+00 2.500000000000000000e+01 4.413366515784011845e-02
6.250000000000000000e+00 3.500000000000000000e+01 3.520669702933132417e-02
6.250000000000000000e+00 4.500000000000000000e+01 3.682087415496562710e-02
6.250000000000000000e+00 5.500000000000000000e+01 2.915351152432099982e-02
6.250000000000000000e+00 6.500000000000000000e+01 2.869046282072185844e-02
6.250000000000000000e+00 7.500000000000000000e+01 1.902676114764614151e-02
6.250000000000000000e+00 8.500000000000000000e+01 1.630162149153610227e-02
6.250000000000000000e+00 9.500000000000000000e+01 1.305454099724909396e-02
6.250000000000000000e+00 1.050000000000000000e+02 1.045513451404671626e-02
6.250000000000000000e+00 1.150000000000000000e+02 6.744278879991030817e-03
6.250000000000000000e+00 1.250000000000000000e+02 2.170826924016695022e-03
6.750000000000000000e+00 5.000000000000000000e+00 5.019965495407711746e-03
6.750000000000000000e+00 1.500000000000000000e+01 9.649254128874835620e-03
6.750000000000000000e+00 2.500000000000000000e+01 1.218316667484993336e-02
6.750000000000000000e+00 3.500000000000000000e+01 1.306013629332871198e-02
6.750000000000000000e+00 4.500000000000000000e+01 1.139651204133687416e-02
6.750000000000000000e+00 5.500000000000000000e+01 1.107197092646352438e-02
6.750000000000000000e+00 6.500000000000000000e+01 1.150479206652984046e-02
6.750000000000000000e+00 7.500000000000000000e+01 9.108876443799348091e-03
6.750000000000000000e+00 8.500000000000000000e+01 6.860084719547332975e-03
6.750000000000000000e+00 9.500000000000000000e+01 6.896122742624886254e-03
6.750000000000000000e+00 1.050000000000000000e+02 6.881429613023261165e-03
6.750000000000000000e+00 1.150000000000000000e+02 6.485693075486109391e-03
6.750000000000000000e+00 1.250000000000000000e+02 6.281022737001999180e-03
6.750000000000000000e+00 1.350000000000000000e+02 3.741651696577547731e-03
6.750000000000000000e+00 1.450000000000000000e+02 1.173699798733330614e-03
7.250000000000000000e+00 5.000000000000000000e+00 4.046442220904685090e-03
7.250000000000000000e+00 1.500000000000000000e+01 5.003106651688913990e-03
7.250000000000000000e+00 2.500000000000000000e+01 5.894264536026918785e-03
7.250000000000000000e+00 3.500000000000000000e+01 6.363106603697423098e-03
7.250000000000000000e+00 4.500000000000000000e+01 5.903832252261756106e-03
7.250000000000000000e+00 5.500000000000000000e+01 6.732120797852039068e-03
7.250000000000000000e+00 6.500000000000000000e+01 5.142995565773585999e-03
7.250000000000000000e+00 7.500000000000000000e+01 4.734232771651066506e-03
7.250000000000000000e+00 8.500000000000000000e+01 4.218228668407214207e-03
7.250000000000000000e+00 9.500000000000000000e+01 4.307920852001877708e-03
7.250000000000000000e+00 1.050000000000000000e+02 4.491747054381651019e-03
7.250000000000000000e+00 1.150000000000000000e+02 4.274101462211150199e-03
7.250000000000000000e+00 1.250000000000000000e+02 3.961439595544645476e-03
7.250000000000000000e+00 1.350000000000000000e+02 3.816477861281018270e-03
7.250000000000000000e+00 1.450000000000000000e+02 2.893143686263647402e-03
7.250000000000000000e+00 1.550000000000000000e+02 1.555545162462290340e-03
7.250000000000000000e+00 1.650000000000000000e+02 1.850634257723937821e-04
7.750000000000000000e+00 5.000000000000000000e+00 3.944610676765515677e-04
7.750000000000000000e+00 1.500000000000000000e+01 3.713442694960625247e-04
7.750000000000000000e+00 2.500000000000000000e+01 3.623501007240353391e-04
7.750000000000000000e+00 3.500000000000000000e+01 4.150574839309067207e-04
7.750000000000000000e+00 4.500000000000000000e+01 4.315398764888148933e-04
7.750000000000000000e+00 5.500000000000000000e+01 4.322587876772194908e-04
7.750000000000000000e+00 6.500000000000000000e+01 5.424280737859772921e-04
7.750000000000000000e+00 7.500000000000000000e+01 7.075558821943318116e-04
7.750000000000000000e+00 8.500000000000000000e+01 8.375803226884709829e-04
7.750000000000000000e+00 9.500000000000000000e+01 8.402015843616666415e-04
7.750000000000000000e+00 1.050000000000000000e+02 7.964022280107455748e-04
7.750000000000000000e+00 1.150000000000000000e+02 6.278143121365848929e-04
7.750000000000000000e+00 1.250000000000000000e+02 7.321329673764431951e-04
7.750000000000000000e+00 1.350000000000000000e+02 4.969580367049634311e-04
7.750000000000000000e+00 1.450000000000000000e+02 5.404434977896296552e-04
7.750000000000000000e+00 1.550000000000000000e+02 4.535013873791075584e-04
7.750000000000000000e+00 1.650000000000000000e+02 3.845668427244930301e-04
7.750000000000000000e+00 1.750000000000000000e+02 3.673321994607701925e-05
8.250000000000000000e+00 1.500000000000000000e+01 3.031353574144235482e-05
8.250000000000000000e+00 2.500000000000000000e+01 3.848993332727537297e-05
8.250000000000000000e+00 3.500000000000000000e+01 4.060933041018687846e-05
8.250000000000000000e+00 4.500000000000000000e+01 3.408237596249104177e-05
8.250000000000000000e+00 5.500000000000000000e+01 3.126327548612586356e-05
8.250000000000000000e+00 6.500000000000000000e+01 4.689552592359417529e-05
8.250000000000000000e+00 7.500000000000000000e+01 5.152988772565938091e-05
8.250000000000000000e+00 8.500000000000000000e+01 5.303737089145405133e-05
8.250000000000000000e+00 9.500000000000000000e+01 4.951884899908582613e-05
8.250000000000000000e+00 1.050000000000000000e+02 3.109708792055359975e-05
8.250000000000000000e+00 1.150000000000000000e+02 3.949534354219421116e-05
8.250000000000000000e+00 1.250000000000000000e+02 3.113115195241318052e-05
8.250000000000000000e+00 1.350000000000000000e+02 3.417052583278593704e-05
8.250000000000000000e+00 1.450000000000000000e+02 2.790306616117323358e-05
8.250000000000000000e+00 1.550000000000000000e+02 2.262919635737627101e-05
8.250000000000000000e+00 1.650000000000000000e+02 1.726688861383515744e-05
8.250000000000000000e+00 1.750000000000000000e+02 9.122297641862157685e-06
