5.250000000000000000e+00 5.000000000000000000e+00 1.228092048405484381e-02
5.250000000000000000e+00 1.500000000000000000e+01 2.199882802959050865e-01
5.250000000000000000e+00 2.500000000000000000e+01 1.402447535545455481e-01
5.250000000000000000e+00 3.500000000000000000e+01 5.878872150995628071e-02
5.250000000000000000e+00 4.500000000000000000e+01 2.513239152670762588e-02
5.250000000000000000e+00 5.500000000000000000e+01 9.570511214196579172e-03
5.250000000000000000e+00 6.500000000000000000e+01 2.511107337835088299e-03
5.250000000000000000e+00 7.500000000000000000e+01 6.479179345232425604e-04
5.750000000000000000e+00 5.000000000000000000e+00 8.990586616820284149e-03
5.750000000000000000e+00 1.500000000000000000e+01 7.210810026794499394e-02
5.750000000000000000e+00 2.500000000000000000e+01 5.641459018780770746e-02
5.750000000000000000e+00 3.500000000000000000e+01 3.534814296160564140e-02
5.750000000000000000e+00 4.500000000000000000e+01 2.387711232621112303e-02
5.750000000000000000e+00 5.500000000000000000e+01 1.296305381784469170e-02
5.750000000000000000e+00 6.500000000000000000e+01 6.925399192895912402e-03
5.750000000000000000e+00 7.500000000000000000e+01 3.370666286717172600e-03
5.750000000000000000e+00 8.500000000000000000e+01 1.309448592148085505e-03
5.750000000000000000e+00 9.500000000000000000e+01 2.318365049261880131e-04
6.250000000000000000e+00 5.000000000000000000e+00 1.464105316515069630e-02
6.250000000000000000e+00 1.500000000000000000e+01 4.127176259070521047e-02
6.250000000000000000e+00 2.500000000000000000e+01 4.150847169371806727e-02
6.250000000000000000e+00 3.500000000000000000e+01 2.966792375637786888e-02
6.250000000000000000e+00 4.500000000000000000e+01 2.677478840162946655e-02
6.250000000000000000e+00 5.500000000000000000e+01 1.700093853217820097e-02
6.250000000000000000e+00 6.500000000000000000e+01 1.260481546555681023e-02
6.250000000000000000e+00 7.500000000000000000e+01 6.090147726695732851e-03
6.250000000000000000e+00 8.500000000000000000e+01 3.725691195100617678e-03
6.250000000000000000e+00 9.500000000000000000e+01 1.946937150448914541e-03
6.250000000000000000e+00 1.050000000000000000e+02 1.033521672095036445e-03
6.250000000000000000e+00 1.150000000000000000e+02 4.329175513743915133e-04
6.250000000000000000e+00 1.250000000000000000e+02 8.893790726139905688e-05
6.750000000000000000e+00 5.000000000000000000e+00 5.077281587995057487e-03
6.750000000000000000e+00 1.500000000000000000e+01 9.484863812318928764e-03
6.750000000000000000e+00 2.500000000000000000e+01 1.125255492403558384e-02
6.750000000000000000e+00 3.500000000000000000e+01 1.077193036716613851e-02
6.750000000000000000e+00 4.500000000000000000e+01 8.135723608476055219e-03
6.750000000000000000e+00 5.500000000000000000e+01 6.604210001950127674e-03
6.750000000000000000e+00 6.500000000000000000e+01 5.549947062632155058e-03
6.750000000000000000e+00 7.500000000000000000e+01 3.364726101423944505e-03
6.750000000000000000e+00 8.500000000000000000e+01 1.896041698086773503e-03
6.750000000000000000e+00 9.500000000000000000e+01 1.393572897159834094e-03
6.750000000000000000e+00 1.050000000000000000e+02 9.513366802918753499e-04
6.750000000000000000e+00 1.150000000000000000e+02 5.879169303813660923e-04
6.750000000000000000e+00 1.250000000000000000e+02 3.508300625785744299e-04
6.750000000000000000e+00 1.350000000000000000e+02 1.374721968060187757e-04
6.750000000000000000e+00 1.450000000000000000e+02 3.125635100577749695e-05
7.250000000000000000e+00 5.000000000000000000e+00 4.090028039162687742e-03
7.250000000000000000e+00 1.500000000000000000e+01 4.978437306973608478e-03
7.250000000000000000e+00 2.500000000000000000e+01 5.657145488150249098e-03
7.250000000000000000e+00 3.500000000000000000e+01 5.726961409965671684e-03
7.250000000000000000e+00 4.500000000000000000e+01 4.828856286019810561e-03
7.250000000000000000e+00 5.500000000000000000e+01 4.791490213825650574e-03
7.250000000000000000e+00 6.500000000000000000e+01 3.124133193545273416e-03
7.250000000000000000e+00 7.500000000000000000e+01 2.387725809430823846e-03
7.250000000000000000e+00 8.500000000000000000e+01 1.726723694982678498e-03
7.250000000000000000e+00 9.500000000000000000e+01 1.396465311127354511e-03
7.250000000000000000e+00 1.050000000000000000e+02 1.089363221618775508e-03
7.250000000000000000e+00 1.150000000000000000e+02 7.477924240985385669e-04
7.250000000000000000e+00 1.250000000000000000e+02 4.757878928816990549e-04
7.250000000000000000e+00 1.350000000000000000e+02 2.986144087651768152e-04
7.250000000000000000e+00 1.450000000000000000e+02 1.450809445157343557e-04
7.250000000000000000e+00 1.550000000000000000e+02 5.453173448509176212e-05
7.250000000000000000e+00 1.650000000000000000e+02 6.068808998180235115e-06
7.750000000000000000e+00 5.000000000000000000e+00 3.996584442739383857e-04
7.750000000000000000e+00 1.500000000000000000e+01 3.739299116650917840e-04
7.750000000000000000e+00 2.500000000000000000e+01 3.601925827110908154e-04
7.750000000000000000e+00 3.500000000000000000e+01 4.013346411912138288e-04
7.750000000000000000e+00 4.500000000000000000e+01 3.929423148082451930e-04
7.750000000000000000e+00 5.500000000000000000e+01 3.670801381319832167e-04
7.750000000000000000e+00 6.500000000000000000e+01 4.211675129380496887e-04
7.750000000000000000e+00 7.500000000000000000e+01 4.886727026171432857e-04
7.750000000000000000e+00 8.500000000000000000e+01 4.920641534190842506e-04
7.750000000000000000e+00 9.500000000000000000e+01 4.122910178096223888e-04
7.750000000000000000e+00 1.050000000000000000e+02 3.146790475810727085e-04
7.750000000000000000e+00 1.150000000000000000e+02 1.968154019396022123e-04
7.750000000000000000e+00 1.250000000000000000e+02 1.687177611743425547e-04
7.750000000000000000e+00 1.350000000000000000e+02 8.619363005159439936e-05
7.750000000000000000e+00 1.450000000000000000e+02 6.398109922258974887e-05
7.750000000000000000e+00 1.550000000000000000e+02 3.791704509249870100e-05
7.750000000000000000e+00 1.650000000000000000e+02 2.233261274774815290e-05
7.750000000000000000e+00 1.750000000000000000e+02 1.879912418714134259e-06
8.250000000000000000e+00 1.500000000000000000e+01 3.072886663886141741e-05
8.250000000000000000e+00 2.500000000000000000e+01 3.869250786321957249e-05
8.250000000000000000e+00 3.500000000000000000e+01 4.037169825805475337e-05
8.250000000000000000e+00 4.500000000000000000e+01 3.282504591267869327e-05
8.250000000000000000e+00 5.500000000000000000e+01 2.898155665178434493e-05
8.250000000000000000e+00 6.500000000000000000e+01 4.066160767906477181e-05
8.250000000000000000e+00 7.500000000000000000e+01 4.124818627664097168e-05
8.250000000000000000e+00 8.500000000000000000e+01 3.846550823817100921e-05
8.250000000000000000e+00 9.500000000000000000e+01 3.164849362831183651e-05
8.250000000000000000e+00 1.050000000000000000e+02 1.724492071979428327e-05
8.250000000000000000e+00 1.150000000000000000e+02 1.814733536254964819e-05
8.250000000000000000e+00 1.250000000000000000e+02 1.146347230731885882e-05
8.250000000000000000e+00 1.350000000000000000e+02 9.620687997109904680e-06
8.250000000000000000e+00 1.450000000000000000e+02 6.026384834920904657e-06
8.250000000000000000e+00 1.550000000000000000e+02 3.364888139908841394e-06
8.250000000000000000e+00 1.650000000000000000e+02 1.784638180104743075e-06
8.250000000000000000e+00 1.750000000000000000e+02 5.563797241685707941e-07
