5.250000000000000000e+00 5.000000000000000000e+00 8.693188578211112367e-04
5.250000000000000000e+00 1.500000000000000000e+01 2.820706730071227079e-03
5.750000000000000000e+00 5.000000000000000000e+00 2.972263458377681633e-02
5.750000000000000000e+00 1.500000000000000000e+01 1.961448955737613714e-02
5.750000000000000000e+00 2.500000000000000000e+01 4.459051620208309597e-06
6.250000000000000000e+00 5.000000000000000000e+00 1.878711964644573240e-01
6.250000000000000000e+00 1.500000000000000000e+01 7.266294791993803404e-02
6.250000000000000000e+00 2.500000000000000000e+01 5.735219224140833232e-03
6.250000000000000000e+00 3.500000000000000000e+01 8.215938964286351176e-04
6.250000000000000000e+00 4.500000000000000000e+01 5.306219453109224497e-05
6.750000000000000000e+00 5.000000000000000000e+00 1.626251235478828328e-01
6.750000000000000000e+00 1.500000000000000000e+01 1.035528773904142580e-01
6.750000000000000000e+00 2.500000000000000000e+01 2.389769507311911498e-02
6.750000000000000000e+00 3.500000000000000000e+01 5.922281708946311105e-03
6.750000000000000000e+00 4.500000000000000000e+01 1.511623023266036800e-03
6.750000000000000000e+00 5.500000000000000000e+01 4.446363763642131677e-04
6.750000000000000000e+00 6.500000000000000000e+01 9.334768391500074887e-05
6.750000000000000000e+00 7.500000000000000000e+01 1.708137749148241812e-06
7.250000000000000000e+00 5.000000000000000000e+00 1.608128918920561368e-01
7.250000000000000000e+00 1.500000000000000000e+01 1.114249247238596058e-01
7.250000000000000000e+00 2.500000000000000000e+01 3.676513849883046581e-02
7.250000000000000000e+00 3.500000000000000000e+01 1.187827241602697897e-02
7.250000000000000000e+00 4.500000000000000000e+01 4.098213567730876056e-03
7.250000000000000000e+00 5.500000000000000000e+01 1.831683476509042259e-03
7.250000000000000000e+00 6.500000000000000000e+01 6.883114115111482268e-04
7.250000000000000000e+00 7.500000000000000000e+01 3.214067306679228050e-04
7.250000000000000000e+00 8.500000000000000000e+01 1.684692745747165088e-04
7.250000000000000000e+00 9.500000000000000000e+01 7.413717966101033760e-05
7.250000000000000000e+00 1.050000000000000000e+02 3.468231769312666581e-05
7.250000000000000000e+00 1.150000000000000000e+02 4.824414041075855540e-06
7.750000000000000000e+00 5.000000000000000000e+00 2.104453493375967738e-02
7.750000000000000000e+00 1.500000000000000000e+01 1.426313914617705070e-02
7.750000000000000000e+00 2.500000000000000000e+01 7.599069901776823316e-03
7.750000000000000000e+00 3.500000000000000000e+01 3.049942225655384934e-03
7.750000000000000000e+00 4.500000000000000000e+01 1.170458610510270465e-03
7.750000000000000000e+00 5.500000000000000000e+01 7.003535688318392920e-04
7.750000000000000000e+00 6.500000000000000000e+01 5.582296710499422146e-04
7.750000000000000000e+00 7.500000000000000000e+01 4.709919068002121532e-04
7.750000000000000000e+00 8.500000000000000000e+01 2.879996240322916525e-04
7.750000000000000000e+00 9.500000000000000000e+01 2.135613184080674876e-04
7.750000000000000000e+00 1.050000000000000000e+02 1.197735429162677628e-04
7.750000000000000000e+00 1.150000000000000000e+02 6.263218350025407397e-05
7.750000000000000000e+00 1.250000000000000000e+02 3.344680494645830204e-05
7.750000000000000000e+00 1.350000000000000000e+02 1.287314301942939904e-05
7.750000000000000000e+00 1.450000000000000000e+02 3.928893447484885104e-06
7.750000000000000000e+00 1.550000000000000000e+02 1.493093089708853041e-06
8.250000000000000000e+00 1.500000000000000000e+01 1.831954702525396368e-03
8.250000000000000000e+00 2.500000000000000000e+01 9.441215896579336145e-04
8.250000000000000000e+00 3.500000000000000000e+01 5.522776469338192299e-04
8.250000000000000000e+00 4.500000000000000000e+01 2.036017338239226658e-04
8.250000000000000000e+00 5.500000000000000000e+01 1.263399437861967344e-04
8.250000000000000000e+00 6.500000000000000000e+01 1.364933094189422461e-04
8.250000000000000000e+00 7.500000000000000000e+01 9.879666933991867626e-05
8.250000000000000000e+00 8.500000000000000000e+01 7.369731605442486914e-05
8.250000000000000000e+00 9.500000000000000000e+01 4.959407871821879893e-05
8.250000000000000000e+00 1.050000000000000000e+02 2.167045429080004408e-05
8.250000000000000000e+00 1.150000000000000000e+02 1.853495017693132638e-05
8.250000000000000000e+00 1.250000000000000000e+02 9.108023872411729233e-06
8.250000000000000000e+00 1.350000000000000000e+02 6.692278442406432463e-06
8.250000000000000000e+00 1.450000000000000000e+02 4.279028321545533005e-06
8.250000000000000000e+00 1.550000000000000000e+02 1.559393059066334295e-06
8.250000000000000000e+00 1.650000000000000000e+02 8.847211998967788801e-07
8.250000000000000000e+00 1.750000000000000000e+02 8.826747713076688072e-08
