5.250000000000000000e+00 5.000000000000000000e+00 1.333412089253668831e-02
5.250000000000000000e+00 1.500000000000000000e+01 6.425568218155236488e-02
5.250000000000000000e+00 2.500000000000000000e+01 3.560305102027557997e-03
5.250000000000000000e+00 3.500000000000000000e+01 4.239059314312421133e-04
5.250000000000000000e+00 4.500000000000000000e+01 7.411011081574614159e-06
5.750000000000000000e+00 5.000000000000000000e+00 3.375123445511141185e-02
5.750000000000000000e+00 1.500000000000000000e+01 8.755779521859083370e-02
5.750000000000000000e+00 2.500000000000000000e+01 2.085508333121454533e-02
5.750000000000000000e+00 3.500000000000000000e+01 6.823124892487745022e-03
5.750000000000000000e+00 4.500000000000000000e+01 2.942556516023809871e-03
5.750000000000000000e+00 5.500000000000000000e+01 1.054057698126246220e-03
5.750000000000000000e+00 6.500000000000000000e+01 4.005449381080415715e-04
5.750000000000000000e+00 7.500000000000000000e+01 1.588294219244088565e-04
5.750000000000000000e+00 8.500000000000000000e+01 2.878056710844809134e-05
5.750000000000000000e+00 9.500000000000000000e+01 5.362474147898087153e-08
6.250000000000000000e+00 5.000000000000000000e+00 7.446411336635275213e-02
6.250000000000000000e+00 1.500000000000000000e+01 1.151903032548579064e-01
6.250000000000000000e+00 2.500000000000000000e+01 6.163188780245596604e-02
6.250000000000000000e+00 3.500000000000000000e+01 3.287735879394959593e-02
6.250000000000000000e+00 4.500000000000000000e+01 2.327500083272761311e-02
6.250000000000000000e+00 5.500000000000000000e+01 1.363785918717692718e-02
6.250000000000000000e+00 6.500000000000000000e+01 1.012058055790571003e-02
6.250000000000000000e+00 7.500000000000000000e+01 5.364789936882610570e-03
6.250000000000000000e+00 8.500000000000000000e+01 3.713040934598839642e-03
6.250000000000000000e+00 9.500000000000000000e+01 2.437841977973405870e-03
6.250000000000000000e+00 1.050000000000000000e+02 1.959584704862292991e-03
6.250000000000000000e+00 1.150000000000000000e+02 1.300492641008856119e-03
6.250000000000000000e+00 1.250000000000000000e+02 4.306708638895879798e-04
6.750000000000000000e+00 5.000000000000000000e+00 3.181786413553389092e-02
6.750000000000000000e+00 1.500000000000000000e+01 4.674147551117824317e-02
6.750000000000000000e+00 2.500000000000000000e+01 3.986608883206019943e-02
6.750000000000000000e+00 3.500000000000000000e+01 2.885601237984602302e-02
6.750000000000000000e+00 4.500000000000000000e+01 1.858954059002015241e-02
6.750000000000000000e+00 5.500000000000000000e+01 1.417970045792853705e-02
6.750000000000000000e+00 6.500000000000000000e+01 1.192848893301233157e-02
6.750000000000000000e+00 7.500000000000000000e+01 7.762670547305520509e-03
6.750000000000000000e+00 8.500000000000000000e+01 4.931500919351054606e-03
6.750000000000000000e+00 9.500000000000000000e+01 4.385172085681882277e-03
6.750000000000000000e+00 1.050000000000000000e+02 3.816904944033292814e-03
6.750000000000000000e+00 1.150000000000000000e+02 3.168630285824055801e-03
6.750000000000000000e+00 1.250000000000000000e+02 2.645649971093536230e-03
6.750000000000000000e+00 1.350000000000000000e+02 1.495257649091028158e-03
6.750000000000000000e+00 1.450000000000000000e+02 4.805158830048723894e-04
7.250000000000000000e+00 5.000000000000000000e+00 2.603095296763654337e-02
7.250000000000000000e+00 1.500000000000000000e+01 2.780818210204091118e-02
7.250000000000000000e+00 2.500000000000000000e+01 2.542945041472306419e-02
7.250000000000000000e+00 3.500000000000000000e+01 2.059561959243071810e-02
7.250000000000000000e+00 4.500000000000000000e+01 1.481990222354051707e-02
7.250000000000000000e+00 5.500000000000000000e+01 1.331720066547772280e-02
7.250000000000000000e+00 6.500000000000000000e+01 8.550365140845211237e-03
7.250000000000000000e+00 7.500000000000000000e+01 6.768024026235272723e-03
7.250000000000000000e+00 8.500000000000000000e+01 5.429784874382188181e-03
7.250000000000000000e+00 9.500000000000000000e+01 4.916004534451323335e-03
7.250000000000000000e+00 1.050000000000000000e+02 4.649805177846869086e-03
7.250000000000000000e+00 1.150000000000000000e+02 3.881107603453123368e-03
7.250000000000000000e+00 1.250000000000000000e+02 3.210301767197635756e-03
7.250000000000000000e+00 1.350000000000000000e+02 2.775755863600337051e-03
7.250000000000000000e+00 1.450000000000000000e+02 1.898491265700538808e-03
7.250000000000000000e+00 1.550000000000000000e+02 1.007023161996065336e-03
7.250000000000000000e+00 1.650000000000000000e+02 1.276820011930205375e-04
7.750000000000000000e+00 5.000000000000000000e+00 2.642362821866914898e-03
7.750000000000000000e+00 1.500000000000000000e+01 2.312847114285010962e-03
7.750000000000000000e+00 2.500000000000000000e+01 2.019209828948180172e-03
7.750000000000000000e+00 3.500000000000000000e+01 1.929125994595038557e-03
7.750000000000000000e+00 4.500000000000000000e+01 1.590625829682416111e-03
7.750000000000000000e+00 5.500000000000000000e+01 1.394538789324939031e-03
7.750000000000000000e+00 6.500000000000000000e+01 1.541623072636102423e-03
7.750000000000000000e+00 7.500000000000000000e+01 1.798410079150411988e-03
7.750000000000000000e+00 8.500000000000000000e+01 1.812066972538308764e-03
7.750000000000000000e+00 9.500000000000000000e+01 1.674457016799699074e-03
7.750000000000000000e+00 1.050000000000000000e+02 1.404852041354122871e-03
7.750000000000000000e+00 1.150000000000000000e+02 1.016492688504829021e-03
7.750000000000000000e+00 1.250000000000000000e+02 1.045469526817430651e-03
7.750000000000000000e+00 1.350000000000000000e+02 6.772355591753316788e-04
7.750000000000000000e+00 1.450000000000000000e+02 6.621880158114672307e-04
7.750000000000000000e+00 1.550000000000000000e+02 5.247437294108835137e-04
7.750000000000000000e+00 1.650000000000000000e+02 4.214355321342570207e-04
7.750000000000000000e+00 1.750000000000000000e+02 4.210069401541308436e-05
8.250000000000000000e+00 1.500000000000000000e+01 2.053744002451981523e-04
8.250000000000000000e+00 2.500000000000000000e+01 2.345185233910293760e-04
8.250000000000000000e+00 3.500000000000000000e+01 2.253411887142637486e-04
8.250000000000000000e+00 4.500000000000000000e+01 1.573543162086503129e-04
8.250000000000000000e+00 5.500000000000000000e+01 1.300226195343649001e-04
8.250000000000000000e+00 6.500000000000000000e+01 1.789617693435981290e-04
8.250000000000000000e+00 7.500000000000000000e+01 1.758260640410533510e-04
8.250000000000000000e+00 8.500000000000000000e+01 1.659137447573907768e-04
8.250000000000000000e+00 9.500000000000000000e+01 1.415357935516891555e-04
8.250000000000000000e+00 1.050000000000000000e+02 8.186619723987710563e-05
8.250000000000000000e+00 1.150000000000000000e+02 9.434931323543771064e-05
8.250000000000000000e+00 1.250000000000000000e+02 6.779030873108377498e-05
8.250000000000000000e+00 1.350000000000000000e+02 6.698018780673214686e-05
8.250000000000000000e+00 1.450000000000000000e+02 5.217650008072821410e-05
8.250000000000000000e+00 1.550000000000000000e+02 3.664697876006230436e-05
8.250000000000000000e+00 1.650000000000000000e+02 2.650711364312361717e-05
8.250000000000000000e+00 1.750000000000000000e+02 1.091252924106282422e-05
