5.750000000000000000e+00 5.000000000000000000e+00 1.532680279382922506e-02
5.750000000000000000e+00 1.500000000000000000e+01 8.099958069205537986e-03
6.250000000000000000e+00 5.000000000000000000e+00 1.837120827976027881e-01
6.250000000000000000e+00 1.500000000000000000e+01 3.240403947769708581e-02
6.250000000000000000e+00 2.500000000000000000e+01 8.245930129981583062e-05
6.750000000000000000e+00 5.000000000000000000e+00 2.174439046399185838e-01
6.750000000000000000e+00 1.500000000000000000e+01 9.576153447660062934e-02
6.750000000000000000e+00 2.500000000000000000e+01 5.759523760319475681e-03
6.750000000000000000e+00 3.500000000000000000e+01 9.694485847828026995e-05
7.250000000000000000e+00 5.000000000000000000e+00 2.244096208085063493e-01
7.250000000000000000e+00 1.500000000000000000e+01 1.347295187777773351e-01
7.250000000000000000e+00 2.500000000000000000e+01 1.914255370227699315e-02
7.250000000000000000e+00 3.500000000000000000e+01 1.680693486920124911e-03
7.250000000000000000e+00 4.500000000000000000e+01 5.069367015647303681e-05
7.750000000000000000e+00 5.000000000000000000e+00 3.067967407362050258e-02
7.750000000000000000e+00 1.500000000000000000e+01 1.951411918860115891e-02
7.750000000000000000e+00 2.500000000000000000e+01 7.134310430567119762e-03
7.750000000000000000e+00 3.500000000000000000e+01 1.067178895239016389e-03
7.750000000000000000e+00 4.500000000000000000e+01 7.585866057364389851e-05
7.750000000000000000e+00 5.500000000000000000e+01 4.994341111557257397e-06
8.250000000000000000e+00 1.500000000000000000e+01 2.236144682729309958e-03
8.250000000000000000e+00 2.500000000000000000e+01 4.407459142084254699e-04
8.250000000000000000e+00 3.500000000000000000e+01 1.261409527172644091e-04
8.250000000000000000e+00 4.500000000000000000e+01 1.594962814411217020e-05
8.250000000000000000e+00 5.500000000000000000e+01 4.324697898983196106e-06
8.250000000000000000e+00 6.500000000000000000e+01 2.279140003856762414e-07
