5.250000000000000000e+00 5.000000000000000000e+00 2.495538483239473013e-02
5.250000000000000000e+00 1.500000000000000000e+01 1.346520508343051759e-01
5.250000000000000000e+00 2.500000000000000000e+01 8.938723094798340166e-03
5.250000000000000000e+00 3.500000000000000000e+01 5.664490885455734448e-04
5.750000000000000000e+00 5.000000000000000000e+00 5.003731648655533604e-02
5.750000000000000000e+00 1.500000000000000000e+01 1.201466358508146287e-01
5.750000000000000000e+00 2.500000000000000000e+01 2.459784881298355749e-02
5.750000000000000000e+00 3.500000000000000000e+01 5.942079194266231858e-03
5.750000000000000000e+00 4.500000000000000000e+01 1.365847471394258375e-03
5.750000000000000000e+00 5.500000000000000000e+01 1.521117607284382719e-04
6.250000000000000000e+00 5.000000000000000000e+00 1.042149030715744384e-01
6.250000000000000000e+00 1.500000000000000000e+01 1.312236884066862730e-01
6.250000000000000000e+00 2.500000000000000000e+01 5.407045743350233358e-02
6.250000000000000000e+00 3.500000000000000000e+01 2.174701695127546908e-02
6.250000000000000000e+00 4.500000000000000000e+01 1.088483919240275377e-02
6.250000000000000000e+00 5.500000000000000000e+01 3.941334298563979426e-03
6.250000000000000000e+00 6.500000000000000000e+01 1.436472292655145396e-03
6.250000000000000000e+00 7.500000000000000000e+01 3.043794511419021772e-04
6.250000000000000000e+00 8.500000000000000000e+01 6.610706747981613706e-05
6.250000000000000000e+00 9.500000000000000000e+01 2.964642715616743752e-06
6.750000000000000000e+00 5.000000000000000000e+00 4.602899680356212220e-02
6.750000000000000000e+00 1.500000000000000000e+01 5.544514845948039089e-02
6.750000000000000000e+00 2.500000000000000000e+01 3.517190571463517379e-02
6.750000000000000000e+00 3.500000000000000000e+01 1.799506770126996225e-02
6.750000000000000000e+00 4.500000000000000000e+01 8.271099216976284668e-03
6.750000000000000000e+00 5.500000000000000000e+01 4.357631286045595027e-03
6.750000000000000000e+00 6.500000000000000000e+01 2.429326203121870333e-03
6.750000000000000000e+00 7.500000000000000000e+01 9.327685152775497387e-04
6.750000000000000000e+00 8.500000000000000000e+01 3.035383341308614947e-04
6.750000000000000000e+00 9.500000000000000000e+01 1.071347200111959366e-04
6.750000000000000000e+00 1.050000000000000000e+02 1.864957865783639009e-05
6.750000000000000000e+00 1.150000000000000000e+02 8.162604674593981705e-08
7.250000000000000000e+00 5.000000000000000000e+00 3.685921332024839903e-02
7.250000000000000000e+00 1.500000000000000000e+01 3.362515362969412808e-02
7.250000000000000000e+00 2.500000000000000000e+01 2.252741215891235910e-02
7.250000000000000000e+00 3.500000000000000000e+01 1.226336208976447524e-02
7.250000000000000000e+00 4.500000000000000000e+01 5.915509933138194537e-03
7.250000000000000000e+00 5.500000000000000000e+01 3.487363845317879765e-03
7.250000000000000000e+00 6.500000000000000000e+01 1.453923469330591078e-03
7.250000000000000000e+00 7.500000000000000000e+01 7.231514416884557775e-04
7.250000000000000000e+00 8.500000000000000000e+01 3.199334547425224475e-04
7.250000000000000000e+00 9.500000000000000000e+01 1.335266898212866490e-04
7.250000000000000000e+00 1.050000000000000000e+02 4.470794219496082898e-05
7.250000000000000000e+00 1.150000000000000000e+02 6.556390584673405767e-06
7.250000000000000000e+00 1.250000000000000000e+02 8.427498375818820053e-08
7.750000000000000000e+00 5.000000000000000000e+00 3.791200350928708180e-03
7.750000000000000000e+00 1.500000000000000000e+01 2.922797159140400058e-03
7.750000000000000000e+00 2.500000000000000000e+01 2.064476602451585565e-03
7.750000000000000000e+00 3.500000000000000000e+01 1.305389908547214791e-03
7.750000000000000000e+00 4.500000000000000000e+01 5.860466167310519761e-04
7.750000000000000000e+00 5.500000000000000000e+01 3.269135076561301514e-04
7.750000000000000000e+00 6.500000000000000000e+01 2.312358666230767312e-04
7.750000000000000000e+00 7.500000000000000000e+01 1.683471148544462995e-04
7.750000000000000000e+00 8.500000000000000000e+01 9.933132499308436618e-05
7.750000000000000000e+00 9.500000000000000000e+01 4.888964919586470133e-05
7.750000000000000000e+00 1.050000000000000000e+02 1.759824978256035790e-05
7.750000000000000000e+00 1.150000000000000000e+02 4.517063595484677012e-06
7.750000000000000000e+00 1.250000000000000000e+02 5.490166807907818094e-07
7.750000000000000000e+00 1.350000000000000000e+02 5.647364991242165055e-10
8.250000000000000000e+00 1.500000000000000000e+01 2.797043728748974394e-04
8.250000000000000000e+00 2.500000000000000000e+01 2.072854477350765854e-04
8.250000000000000000e+00 3.500000000000000000e+01 1.334736203099944518e-04
8.250000000000000000e+00 4.500000000000000000e+01 5.705328728001958104e-05
8.250000000000000000e+00 5.500000000000000000e+01 3.125631328826983165e-05
8.250000000000000000e+00 6.500000000000000000e+01 2.545862816549287076e-05
8.250000000000000000e+00 7.500000000000000000e+01 1.539213226533884963e-05
8.250000000000000000e+00 8.500000000000000000e+01 8.799294590089613374e-06
8.250000000000000000e+00 9.500000000000000000e+01 4.416925663056096911e-06
8.250000000000000000e+00 1.050000000000000000e+02 1.298665906503805185e-06
8.250000000000000000e+00 1.150000000000000000e+02 5.934287402409020691e-07
8.250000000000000000e+00 1.250000000000000000e+02 1.092200293689335057e-07
8.250000000000000000e+00 1.350000000000000000e+02 8.632813412930861572e-09
