5.250000000000000000e+00 5.000000000000000000e+00 9.746702780625383228e-03
5.250000000000000000e+00 1.500000000000000000e+01 7.010718975316045098e-02
5.250000000000000000e+00 2.500000000000000000e+01 1.667628762119713684e-02
5.250000000000000000e+00 3.500000000000000000e+01 5.785468728457520207e-03
5.250000000000000000e+00 4.500000000000000000e+01 2.453242844511921341e-03
5.250000000000000000e+00 5.500000000000000000e+01 1.046992700814505014e-03
5.250000000000000000e+00 6.500000000000000000e+01 3.889125496714108650e-04
5.250000000000000000e+00 7.500000000000000000e+01 1.656409338438604416e-04
5.750000000000000000e+00 5.000000000000000000e+00 1.422581417108931962e-02
5.750000000000000000e+00 1.500000000000000000e+01 7.349114703316363129e-02
5.750000000000000000e+00 2.500000000000000000e+01 3.998868915120255135e-02
5.750000000000000000e+00 3.500000000000000000e+01 2.257096816011659388e-02
5.750000000000000000e+00 4.500000000000000000e+01 1.593581310789404445e-02
5.750000000000000000e+00 5.500000000000000000e+01 1.020673159475707879e-02
5.750000000000000000e+00 6.500000000000000000e+01 7.255364983994862411e-03
5.750000000000000000e+00 7.500000000000000000e+01 4.765252565699268882e-03
5.750000000000000000e+00 8.500000000000000000e+01 3.050070246019377391e-03
5.750000000000000000e+00 9.500000000000000000e+01 9.536464630741177308e-04
6.250000000000000000e+00 5.000000000000000000e+00 2.590353940828456561e-02
6.250000000000000000e+00 1.500000000000000000e+01 6.507224807474758232e-02
6.250000000000000000e+00 2.500000000000000000e+01 5.924623851139840941e-02
6.250000000000000000e+00 3.500000000000000000e+01 4.345079834930672819e-02
6.250000000000000000e+00 4.500000000000000000e+01 4.205210882897259667e-02
6.250000000000000000e+00 5.500000000000000000e+01 3.166491457767738743e-02
6.250000000000000000e+00 6.500000000000000000e+01 3.012937498000045969e-02
6.250000000000000000e+00 7.500000000000000000e+01 1.969525608729985958e-02
6.250000000000000000e+00 8.500000000000000000e+01 1.653319115524591945e-02
6.250000000000000000e+00 9.500000000000000000e+01 1.332641129446079410e-02
6.250000000000000000e+00 1.050000000000000000e+02 1.139586393631065488e-02
6.250000000000000000e+00 1.150000000000000000e+02 7.880643619858799381e-03
6.250000000000000000e+00 1.250000000000000000e+02 2.654396935834369906e-03
6.750000000000000000e+00 5.000000000000000000e+00 9.305265759716841584e-03
6.750000000000000000e+00 1.500000000000000000e+01 1.733520575331745292e-02
6.750000000000000000e+00 2.500000000000000000e+01 2.068923904777333206e-02
6.750000000000000000e+00 3.500000000000000000e+01 2.079648520249322355e-02
6.750000000000000000e+00 4.500000000000000000e+01 1.724344218887436525e-02
6.750000000000000000e+00 5.500000000000000000e+01 1.614689880792943844e-02
6.750000000000000000e+00 6.500000000000000000e+01 1.629351058514595663e-02
6.750000000000000000e+00 7.500000000000000000e+01 1.260877713795522347e-02
6.750000000000000000e+00 8.500000000000000000e+01 9.346726886681653093e-03
6.750000000000000000e+00 9.500000000000000000e+01 9.434196226122477241e-03
6.750000000000000000e+00 1.050000000000000000e+02 9.419592068975846805e-03
6.750000000000000000e+00 1.150000000000000000e+02 9.008976466245375778e-03
6.750000000000000000e+00 1.250000000000000000e+02 8.740171202482065541e-03
6.750000000000000000e+00 1.350000000000000000e+02 5.357585981150037729e-03
6.750000000000000000e+00 1.450000000000000000e+02 1.768020538243635130e-03
7.250000000000000000e+00 5.000000000000000000e+00 7.520383487901088730e-03
7.250000000000000000e+00 1.500000000000000000e+01 9.215995960255882885e-03
7.250000000000000000e+00 2.500000000000000000e+01 1.066469416909981288e-02
7.250000000000000000e+00 3.500000000000000000e+01 1.125642996785601591e-02
7.250000000000000000e+00 4.500000000000000000e+01 1.023271368699637043e-02
7.250000000000000000e+00 5.500000000000000000e+01 1.144609081485217783e-02
7.250000000000000000e+00 6.500000000000000000e+01 8.663517042969363230e-03
7.250000000000000000e+00 7.500000000000000000e+01 7.925046454814902580e-03
7.250000000000000000e+00 8.500000000000000000e+01 7.114536455370441305e-03
7.250000000000000000e+00 9.500000000000000000e+01 7.352414584112803957e-03
7.250000000000000000e+00 1.050000000000000000e+02 7.751301420045436305e-03
7.250000000000000000e+00 1.150000000000000000e+02 7.449371134100713811e-03
7.250000000000000000e+00 1.250000000000000000e+02 6.978591604299953094e-03
7.250000000000000000e+00 1.350000000000000000e+02 6.836050692949034724e-03
7.250000000000000000e+00 1.450000000000000000e+02 5.300008127174028402e-03
7.250000000000000000e+00 1.550000000000000000e+02 2.959841710531941825e-03
7.250000000000000000e+00 1.650000000000000000e+02 3.884333417614207985e-04
7.750000000000000000e+00 5.000000000000000000e+00 7.346001983112983389e-04
7.750000000000000000e+00 1.500000000000000000e+01 6.911857613930722649e-04
7.750000000000000000e+00 2.500000000000000000e+01 6.738168039225055387e-04
7.750000000000000000e+00 3.500000000000000000e+01 7.710729076778018772e-04
7.750000000000000000e+00 4.500000000000000000e+01 8.025110398350787048e-04
7.750000000000000000e+00 5.500000000000000000e+01 8.063184123497768151e-04
7.750000000000000000e+00 6.500000000000000000e+01 1.018424939914314110e-03
7.750000000000000000e+00 7.500000000000000000e+01 1.338404348419162514e-03
7.750000000000000000e+00 8.500000000000000000e+01 1.599744674555669301e-03
7.750000000000000000e+00 9.500000000000000000e+01 1.626005794989960826e-03
7.750000000000000000e+00 1.050000000000000000e+02 1.561743689306332701e-03
7.750000000000000000e+00 1.150000000000000000e+02 1.248509492896821308e-03
7.750000000000000000e+00 1.250000000000000000e+02 1.483157043984872523e-03
7.750000000000000000e+00 1.350000000000000000e+02 1.031414231674263786e-03
7.750000000000000000e+00 1.450000000000000000e+02 1.145454343349822926e-03
7.750000000000000000e+00 1.550000000000000000e+02 9.837679807121098036e-04
7.750000000000000000e+00 1.650000000000000000e+02 8.574916808142511596e-04
7.750000000000000000e+00 1.750000000000000000e+02 8.458321589538292406e-05
8.250000000000000000e+00 1.500000000000000000e+01 5.646598504095359924e-05
8.250000000000000000e+00 2.500000000000000000e+01 7.179554840073264796e-05
8.250000000000000000e+00 3.500000000000000000e+01 7.595281286492387056e-05
8.250000000000000000e+00 4.500000000000000000e+01 6.417201405515574281e-05
8.250000000000000000e+00 5.500000000000000000e+01 5.923272748674563332e-05
8.250000000000000000e+00 6.500000000000000000e+01 8.961249490673394347e-05
8.250000000000000000e+00 7.500000000000000000e+01 9.954037609438089781e-05
8.250000000000000000e+00 8.500000000000000000e+01 1.036954035377679281e-04
8.250000000000000000e+00 9.500000000000000000e+01 9.798747788403306791e-05
8.250000000000000000e+00 1.050000000000000000e+02 6.255215940340584646e-05
8.250000000000000000e+00 1.150000000000000000e+02 8.079072847886379727e-05
8.250000000000000000e+00 1.250000000000000000e+02 6.502435029736084024e-05
8.250000000000000000e+00 1.350000000000000000e+02 7.296548660794072649e-05
8.250000000000000000e+00 1.450000000000000000e+02 6.083650871647434613e-05
8.250000000000000000e+00 1.550000000000000000e+02 5.091922971934606908e-05
8.250000000000000000e+00 1.650000000000000000e+02 3.979430884997146856e-05
8.250000000000000000e+00 1.750000000000000000e+02 2.202017076372814216e-05
