5.250000000000000000e+00 5.000000000000000000e+00 3.685041007822922182e-02
5.250000000000000000e+00 1.500000000000000000e+01 2.032121054800307691e-01
5.250000000000000000e+00 2.500000000000000000e+01 8.941586989832122148e-03
5.250000000000000000e+00 3.500000000000000000e+01 2.947028181729492973e-04
5.750000000000000000e+00 5.000000000000000000e+00 5.795349388613946912e-02
5.750000000000000000e+00 1.500000000000000000e+01 1.223060143832172958e-01
5.750000000000000000e+00 2.500000000000000000e+01 1.947273571142185689e-02
5.750000000000000000e+00 3.500000000000000000e+01 3.373144806445063301e-03
5.750000000000000000e+00 4.500000000000000000e+01 4.070457156441023312e-04
5.750000000000000000e+00 5.500000000000000000e+01 2.044339279538000103e-06
6.250000000000000000e+00 5.000000000000000000e+00 1.015924951820679212e-01
6.250000000000000000e+00 1.500000000000000000e+01 1.127961037272073447e-01
6.250000000000000000e+00 2.500000000000000000e+01 4.119215133380341870e-02
6.250000000000000000e+00 3.500000000000000000e+01 1.451555314171711249e-02
6.250000000000000000e+00 4.500000000000000000e+01 5.958273598371338631e-03
6.250000000000000000e+00 5.500000000000000000e+01 1.579485404701413487e-03
6.250000000000000000e+00 6.500000000000000000e+01 3.394742561065917539e-04
6.250000000000000000e+00 7.500000000000000000e+01 3.385644236025807938e-05
6.250000000000000000e+00 8.500000000000000000e+01 1.025474929029248229e-07
6.750000000000000000e+00 5.000000000000000000e+00 4.255745668979565854e-02
6.750000000000000000e+00 1.500000000000000000e+01 4.755109270587105919e-02
6.750000000000000000e+00 2.500000000000000000e+01 2.863886442418499267e-02
6.750000000000000000e+00 3.500000000000000000e+01 1.388088685939536764e-02
6.750000000000000000e+00 4.500000000000000000e+01 5.832917937472970743e-03
6.750000000000000000e+00 5.500000000000000000e+01 2.722997523231540130e-03
6.750000000000000000e+00 6.500000000000000000e+01 1.269510388854201179e-03
6.750000000000000000e+00 7.500000000000000000e+01 3.504334303910115506e-04
6.750000000000000000e+00 8.500000000000000000e+01 7.443321071129728440e-05
6.750000000000000000e+00 9.500000000000000000e+01 1.084443679407783910e-05
6.750000000000000000e+00 1.050000000000000000e+02 3.281782418660308661e-10
7.250000000000000000e+00 5.000000000000000000e+00 3.456247853348679011e-02
7.250000000000000000e+00 1.500000000000000000e+01 3.143657319818974477e-02
7.250000000000000000e+00 2.500000000000000000e+01 2.145624753097464046e-02
7.250000000000000000e+00 3.500000000000000000e+01 1.256377932996311300e-02
7.250000000000000000e+00 4.500000000000000000e+01 6.211196569425678042e-03
7.250000000000000000e+00 5.500000000000000000e+01 3.602317098321383866e-03
7.250000000000000000e+00 6.500000000000000000e+01 1.452117570870971319e-03
7.250000000000000000e+00 7.500000000000000000e+01 6.823080172063387440e-04
7.250000000000000000e+00 8.500000000000000000e+01 2.898352095734721347e-04
7.250000000000000000e+00 9.500000000000000000e+01 1.177425759222934287e-04
7.250000000000000000e+00 1.050000000000000000e+02 3.705679704727374139e-05
7.250000000000000000e+00 1.150000000000000000e+02 5.532567569039811149e-06
7.250000000000000000e+00 1.250000000000000000e+02 6.238766619960444753e-08
7.750000000000000000e+00 5.000000000000000000e+00 3.614137864786316247e-03
7.750000000000000000e+00 1.500000000000000000e+01 2.880184429484409017e-03
7.750000000000000000e+00 2.500000000000000000e+01 2.127728963968596957e-03
7.750000000000000000e+00 3.500000000000000000e+01 1.574362654243962982e-03
7.750000000000000000e+00 4.500000000000000000e+01 8.853301751512498768e-04
7.750000000000000000e+00 5.500000000000000000e+01 5.577753422910386579e-04
7.750000000000000000e+00 6.500000000000000000e+01 4.324636955976913274e-04
7.750000000000000000e+00 7.500000000000000000e+01 3.344100981581075559e-04
7.750000000000000000e+00 8.500000000000000000e+01 2.046404034830346817e-04
7.750000000000000000e+00 9.500000000000000000e+01 1.106166293789949244e-04
7.750000000000000000e+00 1.050000000000000000e+02 4.655879646020364700e-05
7.750000000000000000e+00 1.150000000000000000e+02 1.432227196453983148e-05
7.750000000000000000e+00 1.250000000000000000e+02 4.248570829608974578e-06
7.750000000000000000e+00 1.350000000000000000e+02 3.916232684455921160e-07
8.250000000000000000e+00 1.500000000000000000e+01 2.759713684362888201e-04
8.250000000000000000e+00 2.500000000000000000e+01 2.539241793912578064e-04
8.250000000000000000e+00 3.500000000000000000e+01 2.047450244316749912e-04
8.250000000000000000e+00 4.500000000000000000e+01 1.074086165025136570e-04
8.250000000000000000e+00 5.500000000000000000e+01 6.942078782818828929e-05
8.250000000000000000e+00 6.500000000000000000e+01 6.762602269735899947e-05
8.250000000000000000e+00 7.500000000000000000e+01 4.682605381522356706e-05
8.250000000000000000e+00 8.500000000000000000e+01 3.041340539267524463e-05
8.250000000000000000e+00 9.500000000000000000e+01 1.703882710581545618e-05
8.250000000000000000e+00 1.050000000000000000e+02 6.122242582931977756e-06
8.250000000000000000e+00 1.150000000000000000e+02 3.967852225927738639e-06
8.250000000000000000e+00 1.250000000000000000e+02 1.306320927439233052e-06
8.250000000000000000e+00 1.350000000000000000e+02 4.888911750145029573e-07
8.250000000000000000e+00 1.450000000000000000e+02 1.037250832974699051e-07
