5.750000000000000000e+00 5.000000000000000000e+00 2.411029289074957845e-03
5.750000000000000000e+00 1.500000000000000000e+01 8.406002240957915605e-04
6.250000000000000000e+00 5.000000000000000000e+00 1.198136780041100663e-01
6.250000000000000000e+00 1.500000000000000000e+01 1.387337029755746423e-02
6.750000000000000000e+00 5.000000000000000000e+00 2.019618452063692837e-01
6.750000000000000000e+00 1.500000000000000000e+01 8.353558592671604666e-02
6.750000000000000000e+00 2.500000000000000000e+01 2.600637243686886903e-03
6.750000000000000000e+00 3.500000000000000000e+01 1.918388483306849084e-06
7.250000000000000000e+00 5.000000000000000000e+00 2.781749402226595946e-01
7.250000000000000000e+00 1.500000000000000000e+01 1.673409922289039731e-01
7.250000000000000000e+00 2.500000000000000000e+01 2.320149329925898576e-02
7.250000000000000000e+00 3.500000000000000000e+01 1.886031406981703148e-03
7.250000000000000000e+00 4.500000000000000000e+01 6.393386686728594706e-05
7.250000000000000000e+00 5.500000000000000000e+01 3.252937336751985085e-07
7.750000000000000000e+00 5.000000000000000000e+00 4.975839647823563500e-02
7.750000000000000000e+00 1.500000000000000000e+01 3.162253730381393152e-02
7.750000000000000000e+00 2.500000000000000000e+01 1.236377578128075583e-02
7.750000000000000000e+00 3.500000000000000000e+01 2.202489580639232624e-03
7.750000000000000000e+00 4.500000000000000000e+01 3.418468622340104608e-04
7.750000000000000000e+00 5.500000000000000000e+01 8.977078017271029214e-05
7.750000000000000000e+00 6.500000000000000000e+01 2.892164119620801958e-05
7.750000000000000000e+00 7.500000000000000000e+01 1.077182661293465926e-06
8.250000000000000000e+00 1.500000000000000000e+01 5.419009463439520072e-03
8.250000000000000000e+00 2.500000000000000000e+01 1.530385901696883601e-03
8.250000000000000000e+00 3.500000000000000000e+01 6.272570487188885036e-04
8.250000000000000000e+00 4.500000000000000000e+01 1.399109660683392378e-04
8.250000000000000000e+00 5.500000000000000000e+01 6.583972565010585845e-05
8.250000000000000000e+00 6.500000000000000000e+01 5.672307718164110234e-05
8.250000000000000000e+00 7.500000000000000000e+01 2.773182731575463632e-05
8.250000000000000000e+00 8.500000000000000000e+01 1.289526538494703770e-05
8.250000000000000000e+00 9.500000000000000000e+01 4.635501324720651458e-06
8.250000000000000000e+00 1.050000000000000000e+02 4.147144863298859345e-07
