5.250000000000000000e+00 5.000000000000000000e+00 2.265617336557173341e-03
5.250000000000000000e+00 1.500000000000000000e+01 6.406742890354105539e-03
5.750000000000000000e+00 5.000000000000000000e+00 3.294530510953670027e-02
5.750000000000000000e+00 1.500000000000000000e+01 3.143892219710411884e-02
5.750000000000000000e+00 2.500000000000000000e+01 4.837374392663111307e-04
6.250000000000000000e+00 5.000000000000000000e+00 1.606420152794446332e-01
6.250000000000000000e+00 1.500000000000000000e+01 1.008321176339498915e-01
6.250000000000000000e+00 2.500000000000000000e+01 2.045906328374517621e-02
6.250000000000000000e+00 3.500000000000000000e+01 6.155757336741620248e-03
6.250000000000000000e+00 4.500000000000000000e+01 2.190772594312146923e-03
6.250000000000000000e+00 5.500000000000000000e+01 6.381750486009591349e-04
6.250000000000000000e+00 6.500000000000000000e+01 2.559044777398817206e-04
6.250000000000000000e+00 7.500000000000000000e+01 3.332704688421212397e-05
6.250000000000000000e+00 8.500000000000000000e+01 1.571659110442787354e-06
6.750000000000000000e+00 5.000000000000000000e+00 1.152274766829167463e-01
6.750000000000000000e+00 1.500000000000000000e+01 9.803666113866084386e-02
6.750000000000000000e+00 2.500000000000000000e+01 4.007727819678193887e-02
6.750000000000000000e+00 3.500000000000000000e+01 1.707852835143380127e-02
6.750000000000000000e+00 4.500000000000000000e+01 7.536382628899353925e-03
6.750000000000000000e+00 5.500000000000000000e+01 4.142303729348545058e-03
6.750000000000000000e+00 6.500000000000000000e+01 2.466442489830633633e-03
6.750000000000000000e+00 7.500000000000000000e+01 1.135811653117170398e-03
6.750000000000000000e+00 8.500000000000000000e+01 5.017449765808061710e-04
6.750000000000000000e+00 9.500000000000000000e+01 3.588144784229804285e-04
6.750000000000000000e+00 1.050000000000000000e+02 1.972802307851271827e-04
6.750000000000000000e+00 1.150000000000000000e+02 1.044098168640455852e-04
6.750000000000000000e+00 1.250000000000000000e+02 4.187153051943677079e-05
6.750000000000000000e+00 1.350000000000000000e+02 6.609596742993735281e-06
7.250000000000000000e+00 5.000000000000000000e+00 1.088366431681310198e-01
7.250000000000000000e+00 1.500000000000000000e+01 8.718773502955509680e-02
7.250000000000000000e+00 2.500000000000000000e+01 4.542216983917098105e-02
7.250000000000000000e+00 3.500000000000000000e+01 2.275060175583858840e-02
7.250000000000000000e+00 4.500000000000000000e+01 1.151914255464916645e-02
7.250000000000000000e+00 5.500000000000000000e+01 7.824277600787913484e-03
7.250000000000000000e+00 6.500000000000000000e+01 4.111918035050311608e-03
7.250000000000000000e+00 7.500000000000000000e+01 2.748827379953845858e-03
7.250000000000000000e+00 8.500000000000000000e+01 1.980899425453722107e-03
7.250000000000000000e+00 9.500000000000000000e+01 1.512934168243963316e-03
7.250000000000000000e+00 1.050000000000000000e+02 1.267682249365804491e-03
7.250000000000000000e+00 1.150000000000000000e+02 8.443438889287593809e-04
7.250000000000000000e+00 1.250000000000000000e+02 5.834269277426839531e-04
7.250000000000000000e+00 1.350000000000000000e+02 4.167333811771382164e-04
7.250000000000000000e+00 1.450000000000000000e+02 2.190042102657133887e-04
7.250000000000000000e+00 1.550000000000000000e+02 1.179140430951944421e-04
7.250000000000000000e+00 1.650000000000000000e+02 1.536103798183076187e-05
7.750000000000000000e+00 5.000000000000000000e+00 1.322808489632573518e-02
7.750000000000000000e+00 1.500000000000000000e+01 9.804334213761433520e-03
7.750000000000000000e+00 2.500000000000000000e+01 6.564144895375077088e-03
7.750000000000000000e+00 3.500000000000000000e+01 4.079346790045232547e-03
7.750000000000000000e+00 4.500000000000000000e+01 2.301453952650092238e-03
7.750000000000000000e+00 5.500000000000000000e+01 1.683336749732182490e-03
7.750000000000000000e+00 6.500000000000000000e+01 1.617693876481647803e-03
7.750000000000000000e+00 7.500000000000000000e+01 1.666637373487629822e-03
7.750000000000000000e+00 8.500000000000000000e+01 1.397383920671430024e-03
7.750000000000000000e+00 9.500000000000000000e+01 1.193108243408930831e-03
7.750000000000000000e+00 1.050000000000000000e+02 8.704293970147445767e-04
7.750000000000000000e+00 1.150000000000000000e+02 5.741427169041840540e-04
7.750000000000000000e+00 1.250000000000000000e+02 5.066703658347715194e-04
7.750000000000000000e+00 1.350000000000000000e+02 3.136780386725457033e-04
7.750000000000000000e+00 1.450000000000000000e+02 2.630072361838345319e-04
7.750000000000000000e+00 1.550000000000000000e+02 1.920667887445756889e-04
7.750000000000000000e+00 1.650000000000000000e+02 1.434841899927145783e-04
7.750000000000000000e+00 1.750000000000000000e+02 1.549547237718111278e-05
8.250000000000000000e+00 1.500000000000000000e+01 1.121854965849839597e-03
8.250000000000000000e+00 2.500000000000000000e+01 8.846044265418089156e-04
8.250000000000000000e+00 3.500000000000000000e+01 6.721444490845178985e-04
8.250000000000000000e+00 4.500000000000000000e+01 3.367209892233329559e-04
8.250000000000000000e+00 5.500000000000000000e+01 2.409138564455961802e-04
8.250000000000000000e+00 6.500000000000000000e+01 2.973356606273448461e-04
8.250000000000000000e+00 7.500000000000000000e+01 2.541582786083128949e-04
8.250000000000000000e+00 8.500000000000000000e+01 2.172502793793952374e-04
8.250000000000000000e+00 9.500000000000000000e+01 1.678660710786644065e-04
8.250000000000000000e+00 1.050000000000000000e+02 8.810474383792680901e-05
8.250000000000000000e+00 1.150000000000000000e+02 9.163578744805835085e-05
8.250000000000000000e+00 1.250000000000000000e+02 5.865555584253016571e-05
8.250000000000000000e+00 1.350000000000000000e+02 5.235847480358894496e-05
8.250000000000000000e+00 1.450000000000000000e+02 3.868180352230466020e-05
8.250000000000000000e+00 1.550000000000000000e+02 2.280182462806158939e-05
8.250000000000000000e+00 1.650000000000000000e+02 1.563365825191924440e-05
8.250000000000000000e+00 1.750000000000000000e+02 4.520527519273881904e-06
