5.250000000000000000e+00 5.000000000000000000e+00 2.085850187525308962e-04
5.250000000000000000e+00 1.500000000000000000e+01 3.935516546267267546e-04
5.750000000000000000e+00 5.000000000000000000e+00 2.005235713740313383e-02
5.750000000000000000e+00 1.500000000000000000e+01 1.021243105996110477e-02
6.250000000000000000e+00 5.000000000000000000e+00 1.815749092482238092e-01
6.250000000000000000e+00 1.500000000000000000e+01 4.828723371547088278e-02
6.250000000000000000e+00 2.500000000000000000e+01 1.362588444593388877e-03
6.250000000000000000e+00 3.500000000000000000e+01 2.916996276134657215e-05
6.750000000000000000e+00 5.000000000000000000e+00 1.879834113596630940e-01
6.750000000000000000e+00 1.500000000000000000e+01 1.009089097709626459e-01
6.750000000000000000e+00 2.500000000000000000e+01 1.390434702710543341e-02
6.750000000000000000e+00 3.500000000000000000e+01 1.865426749056014804e-03
6.750000000000000000e+00 4.500000000000000000e+01 1.560398042539674478e-04
6.750000000000000000e+00 5.500000000000000000e+01 9.403715664205406471e-07
7.250000000000000000e+00 5.000000000000000000e+00 1.997413572939211734e-01
7.250000000000000000e+00 1.500000000000000000e+01 1.294241084715750667e-01
7.250000000000000000e+00 2.500000000000000000e+01 3.111612491170128933e-02
7.250000000000000000e+00 3.500000000000000000e+01 6.796665819244270858e-03
7.250000000000000000e+00 4.500000000000000000e+01 1.529972831106270930e-03
7.250000000000000000e+00 5.500000000000000000e+01 4.212107471436631685e-04
7.250000000000000000e+00 6.500000000000000000e+01 6.829062753116370917e-05
7.250000000000000000e+00 7.500000000000000000e+01 1.550866538882885527e-05
7.250000000000000000e+00 8.500000000000000000e+01 1.232505524789979540e-06
7.750000000000000000e+00 5.000000000000000000e+00 2.816071938473973038e-02
7.750000000000000000e+00 1.500000000000000000e+01 1.846103706255704593e-02
7.750000000000000000e+00 2.500000000000000000e+01 8.600728632238938479e-03
7.750000000000000000e+00 3.500000000000000000e+01 2.562470396006535141e-03
7.750000000000000000e+00 4.500000000000000000e+01 7.341180327973827234e-04
7.750000000000000000e+00 5.500000000000000000e+01 3.598936535126472818e-04
7.750000000000000000e+00 6.500000000000000000e+01 2.443880569887317187e-04
7.750000000000000000e+00 7.500000000000000000e+01 1.778476913154321661e-04
7.750000000000000000e+00 8.500000000000000000e+01 7.625501102128004699e-05
7.750000000000000000e+00 9.500000000000000000e+01 3.087631103622686518e-05
7.750000000000000000e+00 1.050000000000000000e+02 7.906670008798291795e-06
7.750000000000000000e+00 1.150000000000000000e+02 4.914561265319427896e-07
8.250000000000000000e+00 1.500000000000000000e+01 2.549409150379715501e-03
8.250000000000000000e+00 2.500000000000000000e+01 1.013103291800101016e-03
8.250000000000000000e+00 3.500000000000000000e+01 5.077433935022978651e-04
8.250000000000000000e+00 4.500000000000000000e+01 1.563898808091814473e-04
8.250000000000000000e+00 5.500000000000000000e+01 8.839938552408186127e-05
8.250000000000000000e+00 6.500000000000000000e+01 8.619568989031231457e-05
8.250000000000000000e+00 7.500000000000000000e+01 5.360220321436386066e-05
8.250000000000000000e+00 8.500000000000000000e+01 3.549662153794655808e-05
8.250000000000000000e+00 9.500000000000000000e+01 2.166702893366220280e-05
8.250000000000000000e+00 1.050000000000000000e+02 8.087846744720350738e-06
8.250000000000000000e+00 1.150000000000000000e+02 6.004844831357320191e-06
8.250000000000000000e+00 1.250000000000000000e+02 1.789542894825163124e-06
8.250000000000000000e+00 1.350000000000000000e+02 7.628453527246776673e-07
8.250000000000000000e+00 1.450000000000000000e+02 2.427186981879430394e-07
