5.250000000000000000e+00 5.000000000000000000e+00 1.491777494305916371e-02
5.250000000000000000e+00 1.500000000000000000e+01 1.415998897129483736e-01
5.250000000000000000e+00 2.500000000000000000e+01 4.266628354304798088e-02
5.250000000000000000e+00 3.500000000000000000e+01 1.440386196893212942e-02
5.250000000000000000e+00 4.500000000000000000e+01 5.799312974322311243e-03
5.250000000000000000e+00 5.500000000000000000e+01 2.392047771223928046e-03
5.250000000000000000e+00 6.500000000000000000e+01 8.121265317804688723e-04
5.250000000000000000e+00 7.500000000000000000e+01 2.785611560910087486e-04
5.750000000000000000e+00 5.000000000000000000e+00 1.611092022646811589e-02
5.750000000000000000e+00 1.500000000000000000e+01 8.611946138488411895e-02
5.750000000000000000e+00 2.500000000000000000e+01 4.648762009018105740e-02
5.750000000000000000e+00 3.500000000000000000e+01 2.507193476733672946e-02
5.750000000000000000e+00 4.500000000000000000e+01 1.662121636594405746e-02
5.750000000000000000e+00 5.500000000000000000e+01 9.739940562163424201e-03
5.750000000000000000e+00 6.500000000000000000e+01 6.114130924838236114e-03
5.750000000000000000e+00 7.500000000000000000e+01 3.721682820920042475e-03
5.750000000000000000e+00 8.500000000000000000e+01 2.007673616863753837e-03
5.750000000000000000e+00 9.500000000000000000e+01 5.541370663680224165e-04
6.250000000000000000e+00 5.000000000000000000e+00 2.784164717691984051e-02
6.250000000000000000e+00 1.500000000000000000e+01 6.778227638454650816e-02
6.250000000000000000e+00 2.500000000000000000e+01 5.793138022146064603e-02
6.250000000000000000e+00 3.500000000000000000e+01 3.974264894636954371e-02
6.250000000000000000e+00 4.500000000000000000e+01 3.545424991241888368e-02
6.250000000000000000e+00 5.500000000000000000e+01 2.470670630578235272e-02
6.250000000000000000e+00 6.500000000000000000e+01 2.126652867265235725e-02
6.250000000000000000e+00 7.500000000000000000e+01 1.266985323141493931e-02
6.250000000000000000e+00 8.500000000000000000e+01 9.856376960355661340e-03
6.250000000000000000e+00 9.500000000000000000e+01 6.996262574681673396e-03
6.250000000000000000e+00 1.050000000000000000e+02 5.297338438088245761e-03
6.250000000000000000e+00 1.150000000000000000e+02 3.285603531547954745e-03
6.250000000000000000e+00 1.250000000000000000e+02 1.022343744873186128e-03
6.750000000000000000e+00 5.000000000000000000e+00 1.003658777973591085e-02
6.750000000000000000e+00 1.500000000000000000e+01 1.829584003356631017e-02
6.750000000000000000e+00 2.500000000000000000e+01 2.089812065000170790e-02
6.750000000000000000e+00 3.500000000000000000e+01 1.966360191326377294e-02
6.750000000000000000e+00 4.500000000000000000e+01 1.524178290862545151e-02
6.750000000000000000e+00 5.500000000000000000e+01 1.330641899952975972e-02
6.750000000000000000e+00 6.500000000000000000e+01 1.249997352759505721e-02
6.750000000000000000e+00 7.500000000000000000e+01 8.933610431631452617e-03
6.750000000000000000e+00 8.500000000000000000e+01 6.118399049615742998e-03
6.750000000000000000e+00 9.500000000000000000e+01 5.599075094330458607e-03
6.750000000000000000e+00 1.050000000000000000e+02 5.056323022800428800e-03
6.750000000000000000e+00 1.150000000000000000e+02 4.292909427035290944e-03
6.750000000000000000e+00 1.250000000000000000e+02 3.757985329896663083e-03
6.750000000000000000e+00 1.350000000000000000e+02 2.091043592639377571e-03
6.750000000000000000e+00 1.450000000000000000e+02 6.331001818458423594e-04
7.250000000000000000e+00 5.000000000000000000e+00 8.085329969963438168e-03
7.250000000000000000e+00 1.500000000000000000e+01 9.686678341761892005e-03
7.250000000000000000e+00 2.500000000000000000e+01 1.070245582977608252e-02
7.250000000000000000e+00 3.500000000000000000e+01 1.052889408106464503e-02
7.250000000000000000e+00 4.500000000000000000e+01 8.846483343879309180e-03
7.250000000000000000e+00 5.500000000000000000e+01 9.059985915971017351e-03
7.250000000000000000e+00 6.500000000000000000e+01 6.316851006299590253e-03
7.250000000000000000e+00 7.500000000000000000e+01 5.326152171318815701e-03
7.250000000000000000e+00 8.500000000000000000e+01 4.360674567587348796e-03
7.250000000000000000e+00 9.500000000000000000e+01 4.063795121767630955e-03
7.250000000000000000e+00 1.050000000000000000e+02 3.868015442235434725e-03
7.250000000000000000e+00 1.150000000000000000e+02 3.352464415757402776e-03
7.250000000000000000e+00 1.250000000000000000e+02 2.823507959424106407e-03
7.250000000000000000e+00 1.350000000000000000e+02 2.461753856167921833e-03
7.250000000000000000e+00 1.450000000000000000e+02 1.704665746126654774e-03
7.250000000000000000e+00 1.550000000000000000e+02 8.582765651543128272e-04
7.250000000000000000e+00 1.650000000000000000e+02 9.768263551907238943e-05
7.750000000000000000e+00 5.000000000000000000e+00 7.919024316032814703e-04
7.750000000000000000e+00 1.500000000000000000e+01 7.336937035201516371e-04
7.750000000000000000e+00 2.500000000000000000e+01 6.947855717672982850e-04
7.750000000000000000e+00 3.500000000000000000e+01 7.527617020451111843e-04
7.750000000000000000e+00 4.500000000000000000e+01 7.119779646124835618e-04
7.750000000000000000e+00 5.500000000000000000e+01 6.654802984741097719e-04
7.750000000000000000e+00 6.500000000000000000e+01 7.727825326632315178e-04
7.750000000000000000e+00 7.500000000000000000e+01 9.333457930949760071e-04
7.750000000000000000e+00 8.500000000000000000e+01 1.002472945154013126e-03
7.750000000000000000e+00 9.500000000000000000e+01 9.317676166324506248e-04
7.750000000000000000e+00 1.050000000000000000e+02 8.090758508878417680e-04
7.750000000000000000e+00 1.150000000000000000e+02 5.907587226246624034e-04
7.750000000000000000e+00 1.250000000000000000e+02 6.225659813203075115e-04
7.750000000000000000e+00 1.350000000000000000e+02 3.926106244910998336e-04
7.750000000000000000e+00 1.450000000000000000e+02 3.870721120391082122e-04
7.750000000000000000e+00 1.550000000000000000e+02 3.023225612172223222e-04
7.750000000000000000e+00 1.650000000000000000e+02 2.354304468147527460e-04
7.750000000000000000e+00 1.750000000000000000e+02 2.227431109621781446e-05
8.250000000000000000e+00 1.500000000000000000e+01 6.085581172478588387e-05
8.250000000000000000e+00 2.500000000000000000e+01 7.523024405339302388e-05
8.250000000000000000e+00 3.500000000000000000e+01 7.677643178795925385e-05
8.250000000000000000e+00 4.500000000000000000e+01 5.986376453351238480e-05
8.250000000000000000e+00 5.500000000000000000e+01 5.191255553330664660e-05
8.250000000000000000e+00 6.500000000000000000e+01 7.306865834613730239e-05
8.250000000000000000e+00 7.500000000000000000e+01 7.476246726445881507e-05
8.250000000000000000e+00 8.500000000000000000e+01 7.196058213002409841e-05
8.250000000000000000e+00 9.500000000000000000e+01 6.268630408211743946e-05
8.250000000000000000e+00 1.050000000000000000e+02 3.657699685617694035e-05
8.250000000000000000e+00 1.150000000000000000e+02 4.287861146888271446e-05
8.250000000000000000e+00 1.250000000000000000e+02 3.111570193342259004e-05
8.250000000000000000e+00 1.350000000000000000e+02 3.108732641702700942e-05
8.250000000000000000e+00 1.450000000000000000e+02 2.363009738655615481e-05
8.250000000000000000e+00 1.550000000000000000e+02 1.699508477987152753e-05
8.250000000000000000e+00 1.650000000000000000e+02 1.194887381971630873e-05
8.250000000000000000e+00 1.750000000000000000e+02 5.337877451577328984e-06
