5.250000000000000000e+00 5.000000000000000000e+00 1.653946920289792611e-03
5.250000000000000000e+00 1.500000000000000000e+01 7.124143341037918707e-03
5.750000000000000000e+00 5.000000000000000000e+00 3.651286826897331278e-02
5.750000000000000000e+00 1.500000000000000000e+01 2.731848562445989698e-02
5.750000000000000000e+00 2.500000000000000000e+01 1.031347303597387712e-05
6.250000000000000000e+00 5.000000000000000000e+00 2.007378421997171869e-01
6.250000000000000000e+00 1.500000000000000000e+01 7.596542407733100633e-02
6.250000000000000000e+00 2.500000000000000000e+01 5.439588525214799145e-03
6.250000000000000000e+00 3.500000000000000000e+01 7.040739356806526884e-04
6.250000000000000000e+00 4.500000000000000000e+01 2.045666433153585300e-05
6.750000000000000000e+00 5.000000000000000000e+00 1.686490937648747190e-01
6.750000000000000000e+00 1.500000000000000000e+01 1.033905913171165175e-01
6.750000000000000000e+00 2.500000000000000000e+01 2.180796081326023123e-02
6.750000000000000000e+00 3.500000000000000000e+01 4.732281559429062610e-03
6.750000000000000000e+00 4.500000000000000000e+01 1.031249139513395335e-03
6.750000000000000000e+00 5.500000000000000000e+01 1.840957923550310662e-04
6.750000000000000000e+00 6.500000000000000000e+01 5.015286416720119388e-06
7.250000000000000000e+00 5.000000000000000000e+00 1.557080877825209875e-01
7.250000000000000000e+00 1.500000000000000000e+01 1.045439003059655536e-01
7.250000000000000000e+00 2.500000000000000000e+01 3.011299963805525934e-02
7.250000000000000000e+00 3.500000000000000000e+01 8.006262366696690475e-03
7.250000000000000000e+00 4.500000000000000000e+01 2.153556014799531439e-03
7.250000000000000000e+00 5.500000000000000000e+01 7.652098492355677035e-04
7.250000000000000000e+00 6.500000000000000000e+01 1.766656933613838007e-04
7.250000000000000000e+00 7.500000000000000000e+01 2.722721736649060621e-05
7.250000000000000000e+00 8.500000000000000000e+01 9.624868662740544378e-07
7.750000000000000000e+00 5.000000000000000000e+00 1.914206158706210220e-02
7.750000000000000000e+00 1.500000000000000000e+01 1.268784572583212672e-02
7.750000000000000000e+00 2.500000000000000000e+01 6.127085335806230042e-03
7.750000000000000000e+00 3.500000000000000000e+01 1.943247040312552068e-03
7.750000000000000000e+00 4.500000000000000000e+01 5.054730002705084321e-04
7.750000000000000000e+00 5.500000000000000000e+01 2.249522070045435491e-04
7.750000000000000000e+00 6.500000000000000000e+01 1.198526502138531002e-04
7.750000000000000000e+00 7.500000000000000000e+01 6.341901549569097689e-05
7.750000000000000000e+00 8.500000000000000000e+01 1.756737765986612093e-05
7.750000000000000000e+00 9.500000000000000000e+01 2.985634736977191479e-06
7.750000000000000000e+00 1.050000000000000000e+02 1.164537509406183070e-07
8.250000000000000000e+00 1.500000000000000000e+01 1.436097509173451994e-03
8.250000000000000000e+00 2.500000000000000000e+01 5.383084977366062000e-04
8.250000000000000000e+00 3.500000000000000000e+01 2.473839796189761069e-04
8.250000000000000000e+00 4.500000000000000000e+01 7.220029136583214343e-05
8.250000000000000000e+00 5.500000000000000000e+01 3.611135947561096743e-05
8.250000000000000000e+00 6.500000000000000000e+01 2.800291671135891937e-05
8.250000000000000000e+00 7.500000000000000000e+01 1.395363049742826716e-05
8.250000000000000000e+00 8.500000000000000000e+01 7.204840794438365380e-06
8.250000000000000000e+00 9.500000000000000000e+01 3.270255519930928550e-06
8.250000000000000000e+00 1.050000000000000000e+02 4.848078653145194758e-07
8.250000000000000000e+00 1.150000000000000000e+02 6.967343133579743026e-08
8.250000000000000000e+00 1.250000000000000000e+02 4.151758992365509895e-09
