5.250000000000000000e+00 5.000000000000000000e+00 8.429325902768956477e-03
5.250000000000000000e+00 1.500000000000000000e+01 3.205714038954170925e-02
5.250000000000000000e+00 2.500000000000000000e+01 5.848308850200735530e-04
5.250000000000000000e+00 3.500000000000000000e+01 6.371744761337179647e-06
5.750000000000000000e+00 5.000000000000000000e+00 3.487504086046159385e-02
5.750000000000000000e+00 1.500000000000000000e+01 6.882853494962221097e-02
5.750000000000000000e+00 2.500000000000000000e+01 1.123609017174014360e-02
5.750000000000000000e+00 3.500000000000000000e+01 2.762917747309473135e-03
5.750000000000000000e+00 4.500000000000000000e+01 8.201727404463280378e-04
5.750000000000000000e+00 5.500000000000000000e+01 2.358045083285409838e-04
5.750000000000000000e+00 6.500000000000000000e+01 3.711464504937251555e-05
6.250000000000000000e+00 5.000000000000000000e+00 9.576309041471604833e-02
6.250000000000000000e+00 1.500000000000000000e+01 1.201306229335337150e-01
6.250000000000000000e+00 2.500000000000000000e+01 5.375657569405615371e-02
6.250000000000000000e+00 3.500000000000000000e+01 2.652476637630627951e-02
6.250000000000000000e+00 4.500000000000000000e+01 1.732258666312795972e-02
6.250000000000000000e+00 5.500000000000000000e+01 9.486948402116406401e-03
6.250000000000000000e+00 6.500000000000000000e+01 6.641366319527649241e-03
6.250000000000000000e+00 7.500000000000000000e+01 3.375109758596719998e-03
6.250000000000000000e+00 8.500000000000000000e+01 2.178315050476883202e-03
6.250000000000000000e+00 9.500000000000000000e+01 1.369019224995035588e-03
6.250000000000000000e+00 1.050000000000000000e+02 1.147879318402184479e-03
6.250000000000000000e+00 1.150000000000000000e+02 7.602383454991702835e-04
6.250000000000000000e+00 1.250000000000000000e+02 2.399433248664133145e-04
6.750000000000000000e+00 5.000000000000000000e+00 4.630276585964315794e-02
6.750000000000000000e+00 1.500000000000000000e+01 6.088897779719191355e-02
6.750000000000000000e+00 2.500000000000000000e+01 4.555910431518558207e-02
6.750000000000000000e+00 3.500000000000000000e+01 3.004725580334837928e-02
6.750000000000000000e+00 4.500000000000000000e+01 1.826028448837516485e-02
6.750000000000000000e+00 5.500000000000000000e+01 1.338667558698250493e-02
6.750000000000000000e+00 6.500000000000000000e+01 1.091736584680033650e-02
6.750000000000000000e+00 7.500000000000000000e+01 6.918746560427204567e-03
6.750000000000000000e+00 8.500000000000000000e+01 4.300294554181967321e-03
6.750000000000000000e+00 9.500000000000000000e+01 3.812108876447628265e-03
6.750000000000000000e+00 1.050000000000000000e+02 3.265692336753954310e-03
6.750000000000000000e+00 1.150000000000000000e+02 2.704072015782128281e-03
6.750000000000000000e+00 1.250000000000000000e+02 2.209875056574948319e-03
6.750000000000000000e+00 1.350000000000000000e+02 1.258394610072659193e-03
6.750000000000000000e+00 1.450000000000000000e+02 4.179706929059856112e-04
7.250000000000000000e+00 5.000000000000000000e+00 3.897886965969950268e-02
7.250000000000000000e+00 1.500000000000000000e+01 3.950026092806282335e-02
7.250000000000000000e+00 2.500000000000000000e+01 3.315010452771345595e-02
7.250000000000000000e+00 3.500000000000000000e+01 2.500819643175873977e-02
7.250000000000000000e+00 4.500000000000000000e+01 1.710409083356457388e-02
7.250000000000000000e+00 5.500000000000000000e+01 1.480944247036894770e-02
7.250000000000000000e+00 6.500000000000000000e+01 9.313544561464204979e-03
7.250000000000000000e+00 7.500000000000000000e+01 7.270131605806816159e-03
7.250000000000000000e+00 8.500000000000000000e+01 5.844533611966656016e-03
7.250000000000000000e+00 9.500000000000000000e+01 5.283258057906753923e-03
7.250000000000000000e+00 1.050000000000000000e+02 4.999047148235157174e-03
7.250000000000000000e+00 1.150000000000000000e+02 4.140720671730100874e-03
7.250000000000000000e+00 1.250000000000000000e+02 3.409494840302771269e-03
7.250000000000000000e+00 1.350000000000000000e+02 2.943897246451542341e-03
7.250000000000000000e+00 1.450000000000000000e+02 2.013239355845365761e-03
7.250000000000000000e+00 1.550000000000000000e+02 1.090236088757692672e-03
7.250000000000000000e+00 1.650000000000000000e+02 1.472006656884298353e-04
7.750000000000000000e+00 5.000000000000000000e+00 4.083580637822354677e-03
7.750000000000000000e+00 1.500000000000000000e+01 3.489821028320889626e-03
7.750000000000000000e+00 2.500000000000000000e+01 2.947513091512992626e-03
7.750000000000000000e+00 3.500000000000000000e+01 2.682071694663113338e-03
7.750000000000000000e+00 4.500000000000000000e+01 2.121133652072510877e-03
7.750000000000000000e+00 5.500000000000000000e+01 1.826440176905745399e-03
7.750000000000000000e+00 6.500000000000000000e+01 1.999605085845063916e-03
7.750000000000000000e+00 7.500000000000000000e+01 2.313732422063524523e-03
7.750000000000000000e+00 8.500000000000000000e+01 2.299195620099564984e-03
7.750000000000000000e+00 9.500000000000000000e+01 2.124482352109301805e-03
7.750000000000000000e+00 1.050000000000000000e+02 1.770213662087128910e-03
7.750000000000000000e+00 1.150000000000000000e+02 1.279593044310444079e-03
7.750000000000000000e+00 1.250000000000000000e+02 1.309428213638288117e-03
7.750000000000000000e+00 1.350000000000000000e+02 8.580900212911290624e-04
7.750000000000000000e+00 1.450000000000000000e+02 8.360189276731555281e-04
7.750000000000000000e+00 1.550000000000000000e+02 6.672237560356469475e-04
7.750000000000000000e+00 1.650000000000000000e+02 5.413885520013350097e-04
7.750000000000000000e+00 1.750000000000000000e+02 5.563055542039071794e-05
8.250000000000000000e+00 1.500000000000000000e+01 3.216101606466029595e-04
8.250000000000000000e+00 2.500000000000000000e+01 3.559542842698277978e-04
8.250000000000000000e+00 3.500000000000000000e+01 3.354692418044512140e-04
8.250000000000000000e+00 4.500000000000000000e+01 2.270865032368676374e-04
8.250000000000000000e+00 5.500000000000000000e+01 1.854708948204819780e-04
8.250000000000000000e+00 6.500000000000000000e+01 2.538318948878212243e-04
8.250000000000000000e+00 7.500000000000000000e+01 2.476092241482102268e-04
8.250000000000000000e+00 8.500000000000000000e+01 2.330920606690571096e-04
8.250000000000000000e+00 9.500000000000000000e+01 1.978783365830774274e-04
8.250000000000000000e+00 1.050000000000000000e+02 1.145934548826747323e-04
8.250000000000000000e+00 1.150000000000000000e+02 1.316876616104029258e-04
8.250000000000000000e+00 1.250000000000000000e+02 9.466220879900545237e-05
8.250000000000000000e+00 1.350000000000000000e+02 9.335619103163941932e-05
8.250000000000000000e+00 1.450000000000000000e+02 7.315158578377006055e-05
8.250000000000000000e+00 1.550000000000000000e+02 5.126329322072102629e-05
8.250000000000000000e+00 1.650000000000000000e+02 3.721532521133968496e-05
8.250000000000000000e+00 1.750000000000000000e+02 1.524570725359713911e-05
