5.250000000000000000e+00 5.000000000000000000e+00 3.925725020387646480e-02
5.250000000000000000e+00 1.500000000000000000e+01 1.448687293220485839e-01
5.250000000000000000e+00 2.500000000000000000e+01 5.881840731530494325e-05
5.750000000000000000e+00 5.000000000000000000e+00 1.037841227322595927e-01
5.750000000000000000e+00 1.500000000000000000e+01 1.043918580797992407e-01
5.750000000000000000e+00 2.500000000000000000e+01 1.378451173168556473e-03
6.250000000000000000e+00 5.000000000000000000e+00 1.996908706070120443e-01
6.250000000000000000e+00 1.500000000000000000e+01 8.281930268769456538e-02
6.250000000000000000e+00 2.500000000000000000e+01 8.698027277111360436e-03
6.250000000000000000e+00 3.500000000000000000e+01 7.568312323963813457e-04
6.250000000000000000e+00 4.500000000000000000e+01 1.807664180868564596e-05
6.750000000000000000e+00 5.000000000000000000e+00 8.667677453051265968e-02
6.750000000000000000e+00 1.500000000000000000e+01 5.054416982432392846e-02
6.750000000000000000e+00 2.500000000000000000e+01 1.120902192809438216e-02
6.750000000000000000e+00 3.500000000000000000e+01 2.102336312652595008e-03
6.750000000000000000e+00 4.500000000000000000e+01 2.171844714194146400e-04
6.750000000000000000e+00 5.500000000000000000e+01 4.089382356102041342e-06
7.250000000000000000e+00 5.000000000000000000e+00 7.363668759852708134e-02
7.250000000000000000e+00 1.500000000000000000e+01 4.952004905377866556e-02
7.250000000000000000e+00 2.500000000000000000e+01 1.495396149870741737e-02
7.250000000000000000e+00 3.500000000000000000e+01 4.325416204711506757e-03
7.250000000000000000e+00 4.500000000000000000e+01 9.963105639596990699e-04
7.250000000000000000e+00 5.500000000000000000e+01 1.925472884553368444e-04
7.250000000000000000e+00 6.500000000000000000e+01 1.360079393085348065e-05
7.250000000000000000e+00 7.500000000000000000e+01 3.272015150198635131e-07
7.750000000000000000e+00 5.000000000000000000e+00 8.418764659934961300e-03
7.750000000000000000e+00 1.500000000000000000e+01 5.771300517530541033e-03
7.750000000000000000e+00 2.500000000000000000e+01 2.835035029867026893e-03
7.750000000000000000e+00 3.500000000000000000e+01 1.122227891481139290e-03
7.750000000000000000e+00 4.500000000000000000e+01 3.233784761183308297e-04
7.750000000000000000e+00 5.500000000000000000e+01 1.252385026519652262e-04
7.750000000000000000e+00 6.500000000000000000e+01 5.254708053921404123e-05
7.750000000000000000e+00 7.500000000000000000e+01 1.533192074013331279e-05
7.750000000000000000e+00 8.500000000000000000e+01 8.516155164386394911e-07
8.250000000000000000e+00 1.500000000000000000e+01 6.086536205717362662e-04
8.250000000000000000e+00 2.500000000000000000e+01 3.171681365783558804e-04
8.250000000000000000e+00 3.500000000000000000e+01 1.781898921377642281e-04
8.250000000000000000e+00 4.500000000000000000e+01 5.900823537542980099e-05
8.250000000000000000e+00 5.500000000000000000e+01 2.805189345418842339e-05
8.250000000000000000e+00 6.500000000000000000e+01 1.845339915102063054e-05
8.250000000000000000e+00 7.500000000000000000e+01 7.812219438609777249e-06
8.250000000000000000e+00 8.500000000000000000e+01 2.638349369826147283e-06
8.250000000000000000e+00 9.500000000000000000e+01 5.180773342747530381e-07
8.250000000000000000e+00 1.050000000000000000e+02 1.546477385998531214e-08
