5.750000000000000000e+00 5.000000000000000000e+00 1.153073577683595002e-02
5.750000000000000000e+00 1.500000000000000000e+01 4.641184613548645504e-03
6.250000000000000000e+00 5.000000000000000000e+00 1.660440797564753102e-01
6.250000000000000000e+00 1.500000000000000000e+01 2.977527451996370145e-02
6.250000000000000000e+00 2.500000000000000000e+01 1.283607538968899544e-04
6.750000000000000000e+00 5.000000000000000000e+00 2.048378137228411833e-01
6.750000000000000000e+00 1.500000000000000000e+01 9.435181117243697513e-02
6.750000000000000000e+00 2.500000000000000000e+01 6.575156351883776860e-03
6.750000000000000000e+00 3.500000000000000000e+01 1.998173675188047785e-04
7.250000000000000000e+00 5.000000000000000000e+00 2.341426341979422066e-01
7.250000000000000000e+00 1.500000000000000000e+01 1.442522173111914774e-01
7.250000000000000000e+00 2.500000000000000000e+01 2.483759372278617969e-02
7.250000000000000000e+00 3.500000000000000000e+01 3.204685179571473228e-03
7.250000000000000000e+00 4.500000000000000000e+01 2.820523869451143804e-04
7.250000000000000000e+00 5.500000000000000000e+01 1.843388045299426553e-05
7.750000000000000000e+00 5.000000000000000000e+00 3.545777414767012359e-02
7.750000000000000000e+00 1.500000000000000000e+01 2.274869606449554660e-02
7.750000000000000000e+00 2.500000000000000000e+01 9.355562528276299000e-03
7.750000000000000000e+00 3.500000000000000000e+01 1.991229096377007245e-03
7.750000000000000000e+00 4.500000000000000000e+01 3.785471781590102423e-04
7.750000000000000000e+00 5.500000000000000000e+01 1.356233091473951823e-04
7.750000000000000000e+00 6.500000000000000000e+01 5.684698361344017959e-05
7.750000000000000000e+00 7.500000000000000000e+01 1.373843629362380237e-05
7.750000000000000000e+00 8.500000000000000000e+01 3.133927821124846478e-08
8.250000000000000000e+00 1.500000000000000000e+01 3.338159224835933990e-03
8.250000000000000000e+00 2.500000000000000000e+01 1.023229059256411692e-03
8.250000000000000000e+00 3.500000000000000000e+01 4.350661183817341690e-04
8.250000000000000000e+00 4.500000000000000000e+01 1.065302527934953227e-04
8.250000000000000000e+00 5.500000000000000000e+01 5.135768066498133823e-05
8.250000000000000000e+00 6.500000000000000000e+01 4.450536673648365117e-05
8.250000000000000000e+00 7.500000000000000000e+01 2.339015175817210420e-05
8.250000000000000000e+00 8.500000000000000000e+01 1.231682847193602817e-05
8.250000000000000000e+00 9.500000000000000000e+01 4.690303400092002452e-06
8.250000000000000000e+00 1.050000000000000000e+02 8.365969579389302382e-07
8.250000000000000000e+00 1.150000000000000000e+02 1.861914159064945934e-08
