5.250000000000000000e+00 5.000000000000000000e+00 1.801244666886813242e-02
5.250000000000000000e+00 1.500000000000000000e+01 4.681011571572715746e-02
5.750000000000000000e+00 5.000000000000000000e+00 1.136620886552259513e-01
5.750000000000000000e+00 1.500000000000000000e+01 6.577929353544899327e-02
6.250000000000000000e+00 5.000000000000000000e+00 2.925180904034241913e-01
6.250000000000000000e+00 1.500000000000000000e+01 3.573935265044943244e-02
6.750000000000000000e+00 5.000000000000000000e+00 1.408978219924839625e-01
6.750000000000000000e+00 1.500000000000000000e+01 4.701826127084736406e-02
6.750000000000000000e+00 2.500000000000000000e+01 4.828936198558279338e-04
7.250000000000000000e+00 5.000000000000000000e+00 1.299771461929239980e-01
7.250000000000000000e+00 1.500000000000000000e+01 7.269738150600257853e-02
7.250000000000000000e+00 2.500000000000000000e+01 5.375201487877783769e-03
7.250000000000000000e+00 3.500000000000000000e+01 8.010839655060329398e-05
7.750000000000000000e+00 5.000000000000000000e+00 1.620509186202926527e-02
7.750000000000000000e+00 1.500000000000000000e+01 1.032910588494290530e-02
7.750000000000000000e+00 2.500000000000000000e+01 2.971706815483942266e-03
7.750000000000000000e+00 3.500000000000000000e+01 2.480960182453492463e-04
7.750000000000000000e+00 4.500000000000000000e+01 5.382403239408312992e-07
8.250000000000000000e+00 1.500000000000000000e+01 1.011796437127590988e-03
8.250000000000000000e+00 2.500000000000000000e+01 1.562089286787720862e-04
8.250000000000000000e+00 3.500000000000000000e+01 2.668901491370069781e-05
8.250000000000000000e+00 4.500000000000000000e+01 5.647025685830150728e-07
