5.250000000000000000e+00 5.000000000000000000e+00 1.714401974852027694e-02
5.250000000000000000e+00 1.500000000000000000e+01 1.184255201153021214e-01
5.250000000000000000e+00 2.500000000000000000e+01 1.758903440377690072e-02
5.250000000000000000e+00 3.500000000000000000e+01 3.872282496796814084e-03
5.250000000000000000e+00 4.500000000000000000e+01 9.232483758173556368e-04
5.250000000000000000e+00 5.500000000000000000e+01 2.607580744377551536e-04
5.250000000000000000e+00 6.500000000000000000e+01 2.003859625045181715e-05
5.750000000000000000e+00 5.000000000000000000e+00 2.479876436351719296e-02
5.750000000000000000e+00 1.500000000000000000e+01 9.598605705883279937e-02
5.750000000000000000e+00 2.500000000000000000e+01 3.580909654968335298e-02
5.750000000000000000e+00 3.500000000000000000e+01 1.531975639052006281e-02
5.750000000000000000e+00 4.500000000000000000e+01 8.447701125466814190e-03
5.750000000000000000e+00 5.500000000000000000e+01 4.103213494868598009e-03
5.750000000000000000e+00 6.500000000000000000e+01 2.111805737017467040e-03
5.750000000000000000e+00 7.500000000000000000e+01 1.092544286432416611e-03
5.750000000000000000e+00 8.500000000000000000e+01 4.878522928280812181e-04
5.750000000000000000e+00 9.500000000000000000e+01 1.460073803829183600e-04
6.250000000000000000e+00 5.000000000000000000e+00 4.541491199997704092e-02
6.250000000000000000e+00 1.500000000000000000e+01 9.244528618349209803e-02
6.250000000000000000e+00 2.500000000000000000e+01 6.405838668422451920e-02
6.250000000000000000e+00 3.500000000000000000e+01 3.883944981757340986e-02
6.250000000000000000e+00 4.500000000000000000e+01 3.074327732094382301e-02
6.250000000000000000e+00 5.500000000000000000e+01 1.967480904419332405e-02
6.250000000000000000e+00 6.500000000000000000e+01 1.564414706219653325e-02
6.250000000000000000e+00 7.500000000000000000e+01 8.830786581608317254e-03
6.250000000000000000e+00 8.500000000000000000e+01 6.523506679950112803e-03
6.250000000000000000e+00 9.500000000000000000e+01 4.390485857391068260e-03
6.250000000000000000e+00 1.050000000000000000e+02 3.383402980148761830e-03
6.250000000000000000e+00 1.150000000000000000e+02 2.172468126630578734e-03
6.250000000000000000e+00 1.250000000000000000e+02 6.940393580322912334e-04
6.750000000000000000e+00 5.000000000000000000e+00 1.726319359350668090e-02
6.750000000000000000e+00 1.500000000000000000e+01 2.919652800516105151e-02
6.750000000000000000e+00 2.500000000000000000e+01 2.978802274779847672e-02
6.750000000000000000e+00 3.500000000000000000e+01 2.500462780643981572e-02
6.750000000000000000e+00 4.500000000000000000e+01 1.778150089220519037e-02
6.750000000000000000e+00 5.500000000000000000e+01 1.454464555197410025e-02
6.750000000000000000e+00 6.500000000000000000e+01 1.293731484236564089e-02
6.750000000000000000e+00 7.500000000000000000e+01 8.819838623565480484e-03
6.750000000000000000e+00 8.500000000000000000e+01 5.811454867429022460e-03
6.750000000000000000e+00 9.500000000000000000e+01 5.184369159452441138e-03
6.750000000000000000e+00 1.050000000000000000e+02 4.559467481318392468e-03
6.750000000000000000e+00 1.150000000000000000e+02 3.785831739441445926e-03
6.750000000000000000e+00 1.250000000000000000e+02 3.228608242723389997e-03
6.750000000000000000e+00 1.350000000000000000e+02 1.801232214340786056e-03
6.750000000000000000e+00 1.450000000000000000e+02 5.609146929826578330e-04
7.250000000000000000e+00 5.000000000000000000e+00 1.390797243788660480e-02
7.250000000000000000e+00 1.500000000000000000e+01 1.596344745486996328e-02
7.250000000000000000e+00 2.500000000000000000e+01 1.639919471642133086e-02
7.250000000000000000e+00 3.500000000000000000e+01 1.485581449735073369e-02
7.250000000000000000e+00 4.500000000000000000e+01 1.164778886126415815e-02
7.250000000000000000e+00 5.500000000000000000e+01 1.121096778510344456e-02
7.250000000000000000e+00 6.500000000000000000e+01 7.503473847122852855e-03
7.250000000000000000e+00 7.500000000000000000e+01 6.120642530919507933e-03
7.250000000000000000e+00 8.500000000000000000e+01 4.920138036420612301e-03
7.250000000000000000e+00 9.500000000000000000e+01 4.484629262320352465e-03
7.250000000000000000e+00 1.050000000000000000e+02 4.217569124555822259e-03
7.250000000000000000e+00 1.150000000000000000e+02 3.581957966280639900e-03
7.250000000000000000e+00 1.250000000000000000e+02 2.975231766035054889e-03
7.250000000000000000e+00 1.350000000000000000e+02 2.567845879777954071e-03
7.250000000000000000e+00 1.450000000000000000e+02 1.766221672527555457e-03
7.250000000000000000e+00 1.550000000000000000e+02 9.057666031574561783e-04
7.250000000000000000e+00 1.650000000000000000e+02 1.075596106953240270e-04
7.750000000000000000e+00 5.000000000000000000e+00 1.374334435297204591e-03
7.750000000000000000e+00 1.500000000000000000e+01 1.244879895007326232e-03
7.750000000000000000e+00 2.500000000000000000e+01 1.140462749172429244e-03
7.750000000000000000e+00 3.500000000000000000e+01 1.172716417476866958e-03
7.750000000000000000e+00 4.500000000000000000e+01 1.040979162116105732e-03
7.750000000000000000e+00 5.500000000000000000e+01 9.442875405309176942e-04
7.750000000000000000e+00 6.500000000000000000e+01 1.066231983640807427e-03
7.750000000000000000e+00 7.500000000000000000e+01 1.261266934988080268e-03
7.750000000000000000e+00 8.500000000000000000e+01 1.310940330462481620e-03
7.750000000000000000e+00 9.500000000000000000e+01 1.210609984390242358e-03
7.750000000000000000e+00 1.050000000000000000e+02 1.032829477396518016e-03
7.750000000000000000e+00 1.150000000000000000e+02 7.494579602295311192e-04
7.750000000000000000e+00 1.250000000000000000e+02 7.781190035625937642e-04
7.750000000000000000e+00 1.350000000000000000e+02 4.957093676604182710e-04
7.750000000000000000e+00 1.450000000000000000e+02 4.855123488457287347e-04
7.750000000000000000e+00 1.550000000000000000e+02 3.825685670536234178e-04
7.750000000000000000e+00 1.650000000000000000e+02 3.002929827014071910e-04
7.750000000000000000e+00 1.750000000000000000e+02 2.941745389511013644e-05
8.250000000000000000e+00 1.500000000000000000e+01 1.057684512664971868e-04
8.250000000000000000e+00 2.500000000000000000e+01 1.263589768228684409e-04
8.250000000000000000e+00 3.500000000000000000e+01 1.254324584617536693e-04
8.250000000000000000e+00 4.500000000000000000e+01 9.284864952382097488e-05
8.250000000000000000e+00 5.500000000000000000e+01 7.864484837426568284e-05
8.250000000000000000e+00 6.500000000000000000e+01 1.093300603812658766e-04
8.250000000000000000e+00 7.500000000000000000e+01 1.095554807762124787e-04
8.250000000000000000e+00 8.500000000000000000e+01 1.043048546700431486e-04
8.250000000000000000e+00 9.500000000000000000e+01 8.991467516852083000e-05
8.250000000000000000e+00 1.050000000000000000e+02 5.210607429022453787e-05
8.250000000000000000e+00 1.150000000000000000e+02 6.056008655140487392e-05
8.250000000000000000e+00 1.250000000000000000e+02 4.376815101468304995e-05
8.250000000000000000e+00 1.350000000000000000e+02 4.339407550615472582e-05
8.250000000000000000e+00 1.450000000000000000e+02 3.333904224172221911e-05
8.250000000000000000e+00 1.550000000000000000e+02 2.362793545287667553e-05
8.250000000000000000e+00 1.650000000000000000e+02 1.680588651697266752e-05
8.250000000000000000e+00 1.750000000000000000e+02 7.192998325798381235e-06
