5.250000000000000000e+00 5.000000000000000000e+00 2.387711261399440385e-04
5.250000000000000000e+00 1.500000000000000000e+01 1.817050738729434787e-03
5.750000000000000000e+00 5.000000000000000000e+00 2.552829316481559224e-02
5.750000000000000000e+00 1.500000000000000000e+01 1.569226803968571185e-02
6.250000000000000000e+00 5.000000000000000000e+00 1.970687993118466763e-01
6.250000000000000000e+00 1.500000000000000000e+01 5.112932172393791497e-02
6.250000000000000000e+00 2.500000000000000000e+01 1.216088394463078455e-03
6.250000000000000000e+00 3.500000000000000000e+01 2.336709962103408341e-05
6.750000000000000000e+00 5.000000000000000000e+00 1.971006931156814579e-01
6.750000000000000000e+00 1.500000000000000000e+01 1.013298366089225439e-01
6.750000000000000000e+00 2.500000000000000000e+01 1.234022469141051945e-02
6.750000000000000000e+00 3.500000000000000000e+01 1.372249724409971110e-03
6.750000000000000000e+00 4.500000000000000000e+01 4.296107447734951021e-05
7.250000000000000000e+00 5.000000000000000000e+00 1.923446425590141506e-01
7.250000000000000000e+00 1.500000000000000000e+01 1.210859347430558869e-01
7.250000000000000000e+00 2.500000000000000000e+01 2.461511950324014181e-02
7.250000000000000000e+00 3.500000000000000000e+01 4.091449799546591735e-03
7.250000000000000000e+00 4.500000000000000000e+01 6.291283021731656783e-04
7.250000000000000000e+00 5.500000000000000000e+01 6.066580204333206760e-05
7.250000000000000000e+00 6.500000000000000000e+01 1.417449777324767694e-06
7.750000000000000000e+00 5.000000000000000000e+00 2.497608974166962495e-02
7.750000000000000000e+00 1.500000000000000000e+01 1.613040777252865154e-02
7.750000000000000000e+00 2.500000000000000000e+01 6.735340062406629594e-03
7.750000000000000000e+00 3.500000000000000000e+01 1.496122568489858607e-03
7.750000000000000000e+00 4.500000000000000000e+01 2.391719946562694758e-04
7.750000000000000000e+00 5.500000000000000000e+01 7.141065114265038717e-05
7.750000000000000000e+00 6.500000000000000000e+01 1.689074976151297194e-05
7.750000000000000000e+00 7.500000000000000000e+01 6.273139537086238625e-07
8.250000000000000000e+00 1.500000000000000000e+01 1.847767905189078583e-03
8.250000000000000000e+00 2.500000000000000000e+01 5.028175000097004398e-04
8.250000000000000000e+00 3.500000000000000000e+01 1.875186573089131529e-04
8.250000000000000000e+00 4.500000000000000000e+01 4.063176444244291765e-05
8.250000000000000000e+00 5.500000000000000000e+01 1.546234801665124877e-05
8.250000000000000000e+00 6.500000000000000000e+01 8.958773500623835214e-06
8.250000000000000000e+00 7.500000000000000000e+01 2.231161181227353408e-06
8.250000000000000000e+00 8.500000000000000000e+01 2.676760740795702995e-07
8.250000000000000000e+00 9.500000000000000000e+01 3.866765333312476669e-10
