5.250000000000000000e+00 5.000000000000000000e+00 1.167961023726800211e-02
5.250000000000000000e+00 1.500000000000000000e+01 6.719197657458104989e-02
5.250000000000000000e+00 2.500000000000000000e+01 8.610179556732296471e-03
5.250000000000000000e+00 3.500000000000000000e+01 2.009504023666775635e-03
5.250000000000000000e+00 4.500000000000000000e+01 4.711152106067561336e-04
5.250000000000000000e+00 5.500000000000000000e+01 1.169597661361208423e-04
5.250000000000000000e+00 6.500000000000000000e+01 7.932087393877431422e-06
5.750000000000000000e+00 5.000000000000000000e+00 2.236803962623731476e-02
5.750000000000000000e+00 1.500000000000000000e+01 8.152841685713019260e-02
5.750000000000000000e+00 2.500000000000000000e+01 3.032130759166074691e-02
5.750000000000000000e+00 3.500000000000000000e+01 1.355529323147241887e-02
5.750000000000000000e+00 4.500000000000000000e+01 7.921702763410131201e-03
5.750000000000000000e+00 5.500000000000000000e+01 4.182235534222000263e-03
5.750000000000000000e+00 6.500000000000000000e+01 2.403168998034704591e-03
5.750000000000000000e+00 7.500000000000000000e+01 1.326760528568133235e-03
5.750000000000000000e+00 8.500000000000000000e+01 7.154846235133459440e-04
5.750000000000000000e+00 9.500000000000000000e+01 2.077688553509456104e-04
6.250000000000000000e+00 5.000000000000000000e+00 4.481996795100069014e-02
6.250000000000000000e+00 1.500000000000000000e+01 9.024577942799560937e-02
6.250000000000000000e+00 2.500000000000000000e+01 6.440737639494066580e-02
6.250000000000000000e+00 3.500000000000000000e+01 4.081545693503221828e-02
6.250000000000000000e+00 4.500000000000000000e+01 3.420524604437297223e-02
6.250000000000000000e+00 5.500000000000000000e+01 2.304279834732419346e-02
6.250000000000000000e+00 6.500000000000000000e+01 1.974932021632801529e-02
6.250000000000000000e+00 7.500000000000000000e+01 1.187872359221601483e-02
6.250000000000000000e+00 8.500000000000000000e+01 9.235180271167183277e-03
6.250000000000000000e+00 9.500000000000000000e+01 6.867242092732463166e-03
6.250000000000000000e+00 1.050000000000000000e+02 5.841099321122306468e-03
6.250000000000000000e+00 1.150000000000000000e+02 4.061661490588064360e-03
6.250000000000000000e+00 1.250000000000000000e+02 1.376956649535430793e-03
6.750000000000000000e+00 5.000000000000000000e+00 1.735525226563427656e-02
6.750000000000000000e+00 1.500000000000000000e+01 2.955214943038435640e-02
6.750000000000000000e+00 2.500000000000000000e+01 3.080401333051658447e-02
6.750000000000000000e+00 3.500000000000000000e+01 2.688688293912691596e-02
6.750000000000000000e+00 4.500000000000000000e+01 1.995479551781485783e-02
6.750000000000000000e+00 5.500000000000000000e+01 1.707286446928494433e-02
6.750000000000000000e+00 6.500000000000000000e+01 1.590974265048124975e-02
6.750000000000000000e+00 7.500000000000000000e+01 1.141813312743004787e-02
6.750000000000000000e+00 8.500000000000000000e+01 7.921328876726110163e-03
6.750000000000000000e+00 9.500000000000000000e+01 7.590621248287215961e-03
6.750000000000000000e+00 1.050000000000000000e+02 7.163805137788018494e-03
6.750000000000000000e+00 1.150000000000000000e+02 6.481353840859124978e-03
6.750000000000000000e+00 1.250000000000000000e+02 5.924213668966086740e-03
6.750000000000000000e+00 1.350000000000000000e+02 3.527368470189150979e-03
6.750000000000000000e+00 1.450000000000000000e+02 1.156674810692916123e-03
7.250000000000000000e+00 5.000000000000000000e+00 1.410295092162986222e-02
7.250000000000000000e+00 1.500000000000000000e+01 1.645646567944657190e-02
7.250000000000000000e+00 2.500000000000000000e+01 1.744891137770121503e-02
7.250000000000000000e+00 3.500000000000000000e+01 1.657263508599015472e-02
7.250000000000000000e+00 4.500000000000000000e+01 1.365846389439750487e-02
7.250000000000000000e+00 5.500000000000000000e+01 1.389408358448204935e-02
7.250000000000000000e+00 6.500000000000000000e+01 9.790084322445831433e-03
7.250000000000000000e+00 7.500000000000000000e+01 8.405781059434177388e-03
7.250000000000000000e+00 8.500000000000000000e+01 7.193758033023295653e-03
7.250000000000000000e+00 9.500000000000000000e+01 7.036814130160835845e-03
7.250000000000000000e+00 1.050000000000000000e+02 7.082975695291066076e-03
7.250000000000000000e+00 1.150000000000000000e+02 6.417686108968937743e-03
7.250000000000000000e+00 1.250000000000000000e+02 5.700528168517324940e-03
7.250000000000000000e+00 1.350000000000000000e+02 5.303715374656624813e-03
7.250000000000000000e+00 1.450000000000000000e+02 3.908545529983478359e-03
7.250000000000000000e+00 1.550000000000000000e+02 2.142322507963810661e-03
7.250000000000000000e+00 1.650000000000000000e+02 2.804995207847998592e-04
7.750000000000000000e+00 5.000000000000000000e+00 1.395720348107378026e-03
7.750000000000000000e+00 1.500000000000000000e+01 1.285195860978854011e-03
7.750000000000000000e+00 2.500000000000000000e+01 1.208286233139376550e-03
7.750000000000000000e+00 3.500000000000000000e+01 1.300905210903614872e-03
7.750000000000000000e+00 4.500000000000000000e+01 1.241582743496912446e-03
7.750000000000000000e+00 5.500000000000000000e+01 1.181743187706637849e-03
7.750000000000000000e+00 6.500000000000000000e+01 1.414080610666900795e-03
7.750000000000000000e+00 7.500000000000000000e+01 1.769104436184306631e-03
7.750000000000000000e+00 8.500000000000000000e+01 1.968589708262151808e-03
7.750000000000000000e+00 9.500000000000000000e+01 1.921561888670874100e-03
7.750000000000000000e+00 1.050000000000000000e+02 1.743173824108682109e-03
7.750000000000000000e+00 1.150000000000000000e+02 1.335578038814956049e-03
7.750000000000000000e+00 1.250000000000000000e+02 1.491609726269726727e-03
7.750000000000000000e+00 1.350000000000000000e+02 1.008948483518772076e-03
7.750000000000000000e+00 1.450000000000000000e+02 1.060961019441663145e-03
7.750000000000000000e+00 1.550000000000000000e+02 8.820077135438760853e-04
7.750000000000000000e+00 1.650000000000000000e+02 7.432180476522915347e-04
7.750000000000000000e+00 1.750000000000000000e+02 7.437879394484157739e-05
8.250000000000000000e+00 1.500000000000000000e+01 1.076563507538966989e-04
8.250000000000000000e+00 2.500000000000000000e+01 1.334327521077503255e-04
8.250000000000000000e+00 3.500000000000000000e+01 1.374602450525014589e-04
8.250000000000000000e+00 4.500000000000000000e+01 1.090911179536589823e-04
8.250000000000000000e+00 5.500000000000000000e+01 9.670886125839067856e-05
8.250000000000000000e+00 6.500000000000000000e+01 1.411643757961436531e-04
8.250000000000000000e+00 7.500000000000000000e+01 1.497145627867884005e-04
8.250000000000000000e+00 8.500000000000000000e+01 1.501336208050497219e-04
8.250000000000000000e+00 9.500000000000000000e+01 1.360474747514503176e-04
8.250000000000000000e+00 1.050000000000000000e+02 8.368814255477344873e-05
8.250000000000000000e+00 1.150000000000000000e+02 1.030927651712671355e-04
8.250000000000000000e+00 1.250000000000000000e+02 7.941366909291412398e-05
8.250000000000000000e+00 1.350000000000000000e+02 8.432199222335868660e-05
8.250000000000000000e+00 1.450000000000000000e+02 6.845924504298505167e-05
8.250000000000000000e+00 1.550000000000000000e+02 5.328871621512116835e-05
8.250000000000000000e+00 1.650000000000000000e+02 4.024922919754763296e-05
8.250000000000000000e+00 1.750000000000000000e+02 1.974542442436910176e-05
