5.250000000000000000e+00 5.000000000000000000e+00 8.728233388634175360e-03
5.250000000000000000e+00 1.500000000000000000e+01 2.780266770729863945e-02
5.750000000000000000e+00 5.000000000000000000e+00 1.063441908202098357e-01
5.750000000000000000e+00 1.500000000000000000e+01 5.641068922524197088e-02
6.250000000000000000e+00 5.000000000000000000e+00 3.158750990327425234e-01
6.250000000000000000e+00 1.500000000000000000e+01 2.789401281228378118e-02
6.750000000000000000e+00 5.000000000000000000e+00 1.523283356227968788e-01
6.750000000000000000e+00 1.500000000000000000e+01 4.635575721032863389e-02
6.750000000000000000e+00 2.500000000000000000e+01 5.109911914342268966e-04
7.250000000000000000e+00 5.000000000000000000e+00 1.400618668303504899e-01
7.250000000000000000e+00 1.500000000000000000e+01 7.809886651709953276e-02
7.250000000000000000e+00 2.500000000000000000e+01 5.807565680099250130e-03
7.250000000000000000e+00 3.500000000000000000e+01 1.636363293103930449e-04
7.750000000000000000e+00 5.000000000000000000e+00 1.736546860972094583e-02
7.750000000000000000e+00 1.500000000000000000e+01 1.119115912510757448e-02
7.750000000000000000e+00 2.500000000000000000e+01 3.245156515993219849e-03
7.750000000000000000e+00 3.500000000000000000e+01 3.657046349487641469e-04
7.750000000000000000e+00 4.500000000000000000e+01 5.004454463970000736e-06
8.250000000000000000e+00 1.500000000000000000e+01 1.127590780423006964e-03
8.250000000000000000e+00 2.500000000000000000e+01 2.444936590225634952e-04
8.250000000000000000e+00 3.500000000000000000e+01 6.861294088824786055e-05
8.250000000000000000e+00 4.500000000000000000e+01 4.724275523461580507e-06
8.250000000000000000e+00 5.500000000000000000e+01 1.726360778308608644e-07
