5.250000000000000000e+00 5.000000000000000000e+00 8.467433164672523785e-03
5.250000000000000000e+00 1.500000000000000000e+01 5.481861025186889058e-02
5.250000000000000000e+00 2.500000000000000000e+01 1.157101893055668095e-02
5.250000000000000000e+00 3.500000000000000000e+01 3.894785817977369433e-03
5.250000000000000000e+00 4.500000000000000000e+01 1.566816648105257134e-03
5.250000000000000000e+00 5.500000000000000000e+01 5.940221672660728853e-04
5.250000000000000000e+00 6.500000000000000000e+01 2.438155431755163749e-04
5.250000000000000000e+00 7.500000000000000000e+01 9.226332191250439163e-05
5.750000000000000000e+00 5.000000000000000000e+00 1.475574944500363146e-02
5.750000000000000000e+00 1.500000000000000000e+01 7.181277658858549462e-02
5.750000000000000000e+00 2.500000000000000000e+01 3.727449103357085430e-02
5.750000000000000000e+00 3.500000000000000000e+01 2.055855209909622505e-02
5.750000000000000000e+00 4.500000000000000000e+01 1.430741695781624460e-02
5.750000000000000000e+00 5.500000000000000000e+01 9.068698013260118734e-03
5.750000000000000000e+00 6.500000000000000000e+01 6.398848970636204607e-03
5.750000000000000000e+00 7.500000000000000000e+01 4.152797946279294244e-03
5.750000000000000000e+00 8.500000000000000000e+01 2.685853319008352919e-03
5.750000000000000000e+00 9.500000000000000000e+01 8.638085214565076201e-04
6.250000000000000000e+00 5.000000000000000000e+00 2.774246687156710356e-02
6.250000000000000000e+00 1.500000000000000000e+01 6.842578294718171250e-02
6.250000000000000000e+00 2.500000000000000000e+01 6.118965991846044700e-02
6.250000000000000000e+00 3.500000000000000000e+01 4.452193702996333491e-02
6.250000000000000000e+00 4.500000000000000000e+01 4.272326269936994186e-02
6.250000000000000000e+00 5.500000000000000000e+01 3.202430580128744902e-02
6.250000000000000000e+00 6.500000000000000000e+01 3.037417339996633867e-02
6.250000000000000000e+00 7.500000000000000000e+01 1.984434556764241506e-02
6.250000000000000000e+00 8.500000000000000000e+01 1.664591803198687062e-02
6.250000000000000000e+00 9.500000000000000000e+01 1.343700085974496375e-02
6.250000000000000000e+00 1.050000000000000000e+02 1.159989883352076367e-02
6.250000000000000000e+00 1.150000000000000000e+02 8.089375468055689036e-03
6.250000000000000000e+00 1.250000000000000000e+02 2.732008488296521452e-03
6.750000000000000000e+00 5.000000000000000000e+00 1.003500304171338862e-02
6.750000000000000000e+00 1.500000000000000000e+01 1.862453832375509516e-02
6.750000000000000000e+00 2.500000000000000000e+01 2.208401158701640832e-02
6.750000000000000000e+00 3.500000000000000000e+01 2.204721159095631919e-02
6.750000000000000000e+00 4.500000000000000000e+01 1.817454540862389195e-02
6.750000000000000000e+00 5.500000000000000000e+01 1.695429436408944779e-02
6.750000000000000000e+00 6.500000000000000000e+01 1.705263727498284101e-02
6.750000000000000000e+00 7.500000000000000000e+01 1.316259085564171726e-02
6.750000000000000000e+00 8.500000000000000000e+01 9.737831349982864482e-03
6.750000000000000000e+00 9.500000000000000000e+01 9.844278071946573408e-03
6.750000000000000000e+00 1.050000000000000000e+02 9.826073380439177829e-03
6.750000000000000000e+00 1.150000000000000000e+02 9.420941666421477415e-03
6.750000000000000000e+00 1.250000000000000000e+02 9.130276530749175182e-03
6.750000000000000000e+00 1.350000000000000000e+02 5.632315369474909586e-03
6.750000000000000000e+00 1.450000000000000000e+02 1.882582619811516396e-03
7.250000000000000000e+00 5.000000000000000000e+00 8.119108498931689247e-03
7.250000000000000000e+00 1.500000000000000000e+01 9.960781500181845743e-03
7.250000000000000000e+00 2.500000000000000000e+01 1.154974827530588603e-02
7.250000000000000000e+00 3.500000000000000000e+01 1.222610249601058588e-02
7.250000000000000000e+00 4.500000000000000000e+01 1.114742951627877530e-02
7.250000000000000000e+00 5.500000000000000000e+01 1.250101303272498944e-02
7.250000000000000000e+00 6.500000000000000000e+01 9.488585487399555513e-03
7.250000000000000000e+00 7.500000000000000000e+01 8.699977780445729975e-03
7.250000000000000000e+00 8.500000000000000000e+01 7.841387672827073579e-03
7.250000000000000000e+00 9.500000000000000000e+01 8.143710355975806309e-03
7.250000000000000000e+00 1.050000000000000000e+02 8.610147130925147746e-03
7.250000000000000000e+00 1.150000000000000000e+02 8.309099935067463041e-03
7.250000000000000000e+00 1.250000000000000000e+02 7.802626109853281859e-03
7.250000000000000000e+00 1.350000000000000000e+02 7.666812476561350558e-03
7.250000000000000000e+00 1.450000000000000000e+02 5.977739332112277058e-03
7.250000000000000000e+00 1.550000000000000000e+02 3.363508792270781395e-03
7.250000000000000000e+00 1.650000000000000000e+02 4.523395593278365496e-04
7.750000000000000000e+00 5.000000000000000000e+00 7.929876276193530702e-04
7.750000000000000000e+00 1.500000000000000000e+01 7.469295732557669834e-04
7.750000000000000000e+00 2.500000000000000000e+01 7.297047934484216219e-04
7.750000000000000000e+00 3.500000000000000000e+01 8.384509123001425727e-04
7.750000000000000000e+00 4.500000000000000000e+01 8.785503697516180727e-04
7.750000000000000000e+00 5.500000000000000000e+01 8.870193847584815442e-04
7.750000000000000000e+00 6.500000000000000000e+01 1.126287640413764892e-03
7.750000000000000000e+00 7.500000000000000000e+01 1.487383442893807023e-03
7.750000000000000000e+00 8.500000000000000000e+01 1.790549906867031993e-03
7.750000000000000000e+00 9.500000000000000000e+01 1.828619428710536550e-03
7.750000000000000000e+00 1.050000000000000000e+02 1.767256448711968225e-03
7.750000000000000000e+00 1.150000000000000000e+02 1.419680305939414631e-03
7.750000000000000000e+00 1.250000000000000000e+02 1.697784189702514906e-03
7.750000000000000000e+00 1.350000000000000000e+02 1.186438856184917614e-03
7.750000000000000000e+00 1.450000000000000000e+02 1.325422444134532682e-03
7.750000000000000000e+00 1.550000000000000000e+02 1.144353531762968158e-03
7.750000000000000000e+00 1.650000000000000000e+02 1.002268186478263772e-03
7.750000000000000000e+00 1.750000000000000000e+02 9.937067848502054591e-05
8.250000000000000000e+00 1.500000000000000000e+01 6.094564484416451600e-05
8.250000000000000000e+00 2.500000000000000000e+01 7.756390705568711418e-05
8.250000000000000000e+00 3.500000000000000000e+01 8.218069395171396629e-05
8.250000000000000000e+00 4.500000000000000000e+01 6.977119335080565559e-05
8.250000000000000000e+00 5.500000000000000000e+01 6.464104470750194878e-05
8.250000000000000000e+00 6.500000000000000000e+01 9.815680981435026206e-05
8.250000000000000000e+00 7.500000000000000000e+01 1.095624080449942293e-04
8.250000000000000000e+00 8.500000000000000000e+01 1.146373502234614448e-04
8.250000000000000000e+00 9.500000000000000000e+01 1.088727926516556266e-04
8.250000000000000000e+00 1.050000000000000000e+02 6.982224659133972429e-05
8.250000000000000000e+00 1.150000000000000000e+02 9.073087693382267047e-05
8.250000000000000000e+00 1.250000000000000000e+02 7.345251934626799092e-05
8.250000000000000000e+00 1.350000000000000000e+02 8.304530601489636761e-05
8.250000000000000000e+00 1.450000000000000000e+02 6.952415378245516110e-05
8.250000000000000000e+00 1.550000000000000000e+02 5.876627097321353250e-05
8.250000000000000000e+00 1.650000000000000000e+02 4.616711813827990715e-05
8.250000000000000000e+00 1.750000000000000000e+02 2.595789706028993771e-05
