5.250000000000000000e+00 5.000000000000000000e+00 5.497423963266792266e-03
5.250000000000000000e+00 1.500000000000000000e+01 2.138352148694874430e-02
5.250000000000000000e+00 2.500000000000000000e+01 7.714470042574628466e-04
5.250000000000000000e+00 3.500000000000000000e+01 5.870193091000892860e-05
5.750000000000000000e+00 5.000000000000000000e+00 2.604753730017426647e-02
5.750000000000000000e+00 1.500000000000000000e+01 6.196295659923813787e-02
5.750000000000000000e+00 2.500000000000000000e+01 1.435503584683442239e-02
5.750000000000000000e+00 3.500000000000000000e+01 4.698929046264527058e-03
5.750000000000000000e+00 4.500000000000000000e+01 2.129899514349325486e-03
5.750000000000000000e+00 5.500000000000000000e+01 7.850858522346056221e-04
5.750000000000000000e+00 6.500000000000000000e+01 3.568753281048619519e-04
5.750000000000000000e+00 7.500000000000000000e+01 1.452220513031715632e-04
5.750000000000000000e+00 8.500000000000000000e+01 5.065442270995190748e-05
5.750000000000000000e+00 9.500000000000000000e+01 7.347944721311437396e-06
6.250000000000000000e+00 5.000000000000000000e+00 7.056492598178633335e-02
6.250000000000000000e+00 1.500000000000000000e+01 1.085038114104616147e-01
6.250000000000000000e+00 2.500000000000000000e+01 6.010405420588803282e-02
6.250000000000000000e+00 3.500000000000000000e+01 3.353260791019734011e-02
6.250000000000000000e+00 4.500000000000000000e+01 2.477898140170294028e-02
6.250000000000000000e+00 5.500000000000000000e+01 1.518351632075790394e-02
6.250000000000000000e+00 6.500000000000000000e+01 1.195871003842689101e-02
6.250000000000000000e+00 7.500000000000000000e+01 6.702299072864339666e-03
6.250000000000000000e+00 8.500000000000000000e+01 4.864086399844214266e-03
6.250000000000000000e+00 9.500000000000000000e+01 3.451362656259625988e-03
6.250000000000000000e+00 1.050000000000000000e+02 3.031319917384284190e-03
6.250000000000000000e+00 1.150000000000000000e+02 2.152629304056377386e-03
6.250000000000000000e+00 1.250000000000000000e+02 7.418761849467077254e-04
6.750000000000000000e+00 5.000000000000000000e+00 3.142630364716358926e-02
6.750000000000000000e+00 1.500000000000000000e+01 4.713401899274496931e-02
6.750000000000000000e+00 2.500000000000000000e+01 4.159934114327379362e-02
6.750000000000000000e+00 3.500000000000000000e+01 3.141654823923065859e-02
6.750000000000000000e+00 4.500000000000000000e+01 2.098017362133295857e-02
6.750000000000000000e+00 5.500000000000000000e+01 1.661183356607680295e-02
6.750000000000000000e+00 6.500000000000000000e+01 1.449104869031973830e-02
6.750000000000000000e+00 7.500000000000000000e+01 9.804084667404943179e-03
6.750000000000000000e+00 8.500000000000000000e+01 6.464220806720448811e-03
6.750000000000000000e+00 9.500000000000000000e+01 6.076445044404511081e-03
6.750000000000000000e+00 1.050000000000000000e+02 5.522246913090597675e-03
6.750000000000000000e+00 1.150000000000000000e+02 4.892630392110314946e-03
6.750000000000000000e+00 1.250000000000000000e+02 4.274777001038259326e-03
6.750000000000000000e+00 1.350000000000000000e+02 2.565446710896088396e-03
6.750000000000000000e+00 1.450000000000000000e+02 8.822411674540745581e-04
7.250000000000000000e+00 5.000000000000000000e+00 2.647989529105885739e-02
7.250000000000000000e+00 1.500000000000000000e+01 2.959400791637974149e-02
7.250000000000000000e+00 2.500000000000000000e+01 2.916035344644234140e-02
7.250000000000000000e+00 3.500000000000000000e+01 2.573451584041082374e-02
7.250000000000000000e+00 4.500000000000000000e+01 1.987109783578329750e-02
7.250000000000000000e+00 5.500000000000000000e+01 1.902253296014504158e-02
7.250000000000000000e+00 6.500000000000000000e+01 1.291515196091248124e-02
7.250000000000000000e+00 7.500000000000000000e+01 1.074627872972264662e-02
7.250000000000000000e+00 8.500000000000000000e+01 9.150347506194256297e-03
7.250000000000000000e+00 9.500000000000000000e+01 8.834512145098942504e-03
7.250000000000000000e+00 1.050000000000000000e+02 8.777287447522931843e-03
7.250000000000000000e+00 1.150000000000000000e+02 7.760959185558715528e-03
7.250000000000000000e+00 1.250000000000000000e+02 6.723983751815241355e-03
7.250000000000000000e+00 1.350000000000000000e+02 6.139441083711972939e-03
7.250000000000000000e+00 1.450000000000000000e+02 4.471015455850935183e-03
7.250000000000000000e+00 1.550000000000000000e+02 2.526200209690422725e-03
7.250000000000000000e+00 1.650000000000000000e+02 3.700270633436217294e-04
7.750000000000000000e+00 5.000000000000000000e+00 2.683286110346602086e-03
7.750000000000000000e+00 1.500000000000000000e+01 2.454990296085510920e-03
7.750000000000000000e+00 2.500000000000000000e+01 2.283074123704959858e-03
7.750000000000000000e+00 3.500000000000000000e+01 2.416150805023770023e-03
7.750000000000000000e+00 4.500000000000000000e+01 2.254984625773332699e-03
7.750000000000000000e+00 5.500000000000000000e+01 2.122693421422756216e-03
7.750000000000000000e+00 6.500000000000000000e+01 2.515297123909140432e-03
7.750000000000000000e+00 7.500000000000000000e+01 3.112978385213775560e-03
7.750000000000000000e+00 8.500000000000000000e+01 3.396180975086083003e-03
7.750000000000000000e+00 9.500000000000000000e+01 3.303202341883257689e-03
7.750000000000000000e+00 1.050000000000000000e+02 2.955622472020767721e-03
7.750000000000000000e+00 1.150000000000000000e+02 2.247990564576155415e-03
7.750000000000000000e+00 1.250000000000000000e+02 2.466232392673128881e-03
7.750000000000000000e+00 1.350000000000000000e+02 1.687406450234651013e-03
7.750000000000000000e+00 1.450000000000000000e+02 1.744031891168392173e-03
7.750000000000000000e+00 1.550000000000000000e+02 1.457607780255891885e-03
7.750000000000000000e+00 1.650000000000000000e+02 1.229747065457465621e-03
7.750000000000000000e+00 1.750000000000000000e+02 1.300844648871752609e-04
8.250000000000000000e+00 1.500000000000000000e+01 2.077552465887578278e-04
8.250000000000000000e+00 2.500000000000000000e+01 2.585678197612517929e-04
8.250000000000000000e+00 3.500000000000000000e+01 2.674454686530690958e-04
8.250000000000000000e+00 4.500000000000000000e+01 2.123569953480151885e-04
8.250000000000000000e+00 5.500000000000000000e+01 1.883044135571778743e-04
8.250000000000000000e+00 6.500000000000000000e+01 2.753301831250796160e-04
8.250000000000000000e+00 7.500000000000000000e+01 2.922530447628500245e-04
8.250000000000000000e+00 8.500000000000000000e+01 2.937688179148961547e-04
8.250000000000000000e+00 9.500000000000000000e+01 2.655331325305690729e-04
8.250000000000000000e+00 1.050000000000000000e+02 1.640475596904256617e-04
8.250000000000000000e+00 1.150000000000000000e+02 2.014919972253032964e-04
8.250000000000000000e+00 1.250000000000000000e+02 1.557599880159644230e-04
8.250000000000000000e+00 1.350000000000000000e+02 1.641205889799222549e-04
8.250000000000000000e+00 1.450000000000000000e+02 1.338714716979026134e-04
8.250000000000000000e+00 1.550000000000000000e+02 1.031732217491881541e-04
8.250000000000000000e+00 1.650000000000000000e+02 7.768805877769895444e-05
8.250000000000000000e+00 1.750000000000000000e+02 3.718317310044672968e-05
