5.250000000000000000e+00 5.000000000000000000e+00 1.015480866456071850e-02
5.250000000000000000e+00 1.500000000000000000e+01 1.174535075446372367e-01
5.250000000000000000e+00 2.500000000000000000e+01 5.034088731285085022e-02
5.250000000000000000e+00 3.500000000000000000e+01 2.196745299485626524e-02
5.250000000000000000e+00 4.500000000000000000e+01 1.141011066125600416e-02
5.250000000000000000e+00 5.500000000000000000e+01 6.190881135987670418e-03
5.250000000000000000e+00 6.500000000000000000e+01 2.812560606072799993e-03
5.250000000000000000e+00 7.500000000000000000e+01 1.210536221745008110e-03
5.750000000000000000e+00 5.000000000000000000e+00 9.204443322214934942e-03
5.750000000000000000e+00 1.500000000000000000e+01 6.535532650778599906e-02
5.750000000000000000e+00 2.500000000000000000e+01 4.783837207478464082e-02
5.750000000000000000e+00 3.500000000000000000e+01 3.200925301750605356e-02
5.750000000000000000e+00 4.500000000000000000e+01 2.546710628974222651e-02
5.750000000000000000e+00 5.500000000000000000e+01 1.787783650180423123e-02
5.750000000000000000e+00 6.500000000000000000e+01 1.368425068558743775e-02
5.750000000000000000e+00 7.500000000000000000e+01 9.743039513989340886e-03
5.750000000000000000e+00 8.500000000000000000e+01 6.231957495041654145e-03
5.750000000000000000e+00 9.500000000000000000e+01 1.805129979232809141e-03
6.250000000000000000e+00 5.000000000000000000e+00 1.543080256182247784e-02
6.250000000000000000e+00 1.500000000000000000e+01 4.379816141494770332e-02
6.250000000000000000e+00 2.500000000000000000e+01 4.613575658743441360e-02
6.250000000000000000e+00 3.500000000000000000e+01 3.683819752000627029e-02
6.250000000000000000e+00 4.500000000000000000e+01 3.884741522597635194e-02
6.250000000000000000e+00 5.500000000000000000e+01 3.105744256479646762e-02
6.250000000000000000e+00 6.500000000000000000e+01 3.112739470021545427e-02
6.250000000000000000e+00 7.500000000000000000e+01 2.103791605682480900e-02
6.250000000000000000e+00 8.500000000000000000e+01 1.825976610420862456e-02
6.250000000000000000e+00 9.500000000000000000e+01 1.509673735784131804e-02
6.250000000000000000e+00 1.050000000000000000e+02 1.245283586356295442e-02
6.250000000000000000e+00 1.150000000000000000e+02 8.252200692560780759e-03
6.250000000000000000e+00 1.250000000000000000e+02 2.704542259183598512e-03
6.750000000000000000e+00 5.000000000000000000e+00 5.365228308731900819e-03
6.750000000000000000e+00 1.500000000000000000e+01 1.029268009914633721e-02
6.750000000000000000e+00 2.500000000000000000e+01 1.296016554667464050e-02
6.750000000000000000e+00 3.500000000000000000e+01 1.388655993819126223e-02
6.750000000000000000e+00 4.500000000000000000e+01 1.215289078727398685e-02
6.750000000000000000e+00 5.500000000000000000e+01 1.187709648528638071e-02
6.750000000000000000e+00 6.500000000000000000e+01 1.244113601625618758e-02
6.750000000000000000e+00 7.500000000000000000e+01 9.959255715156538347e-03
6.750000000000000000e+00 8.500000000000000000e+01 7.596149864869506697e-03
6.750000000000000000e+00 9.500000000000000000e+01 7.780932600755439271e-03
6.750000000000000000e+00 1.050000000000000000e+02 7.926124980338950313e-03
6.750000000000000000e+00 1.150000000000000000e+02 7.665827009292219829e-03
6.750000000000000000e+00 1.250000000000000000e+02 7.592919494913970974e-03
6.750000000000000000e+00 1.350000000000000000e+02 4.618104373302547340e-03
6.750000000000000000e+00 1.450000000000000000e+02 1.473524446054857041e-03
7.250000000000000000e+00 5.000000000000000000e+00 4.325623260266576314e-03
7.250000000000000000e+00 1.500000000000000000e+01 5.349160500100886423e-03
7.250000000000000000e+00 2.500000000000000000e+01 6.307941723166356728e-03
7.250000000000000000e+00 3.500000000000000000e+01 6.830491050152874208e-03
7.250000000000000000e+00 4.500000000000000000e+01 6.371446315825463232e-03
7.250000000000000000e+00 5.500000000000000000e+01 7.325886977761174312e-03
7.250000000000000000e+00 6.500000000000000000e+01 5.650901509181614248e-03
7.250000000000000000e+00 7.500000000000000000e+01 5.259365561079126956e-03
7.250000000000000000e+00 8.500000000000000000e+01 4.756028421819821078e-03
7.250000000000000000e+00 9.500000000000000000e+01 4.945491556265085853e-03
7.250000000000000000e+00 1.050000000000000000e+02 5.258627479427638307e-03
7.250000000000000000e+00 1.150000000000000000e+02 5.099144803392791428e-03
7.250000000000000000e+00 1.250000000000000000e+02 4.830667251954868721e-03
7.250000000000000000e+00 1.350000000000000000e+02 4.770642905054637423e-03
7.250000000000000000e+00 1.450000000000000000e+02 3.701224858236492644e-03
7.250000000000000000e+00 1.550000000000000000e+02 2.036051272864855370e-03
7.250000000000000000e+00 1.650000000000000000e+02 2.489085190181248609e-04
7.750000000000000000e+00 5.000000000000000000e+00 4.217152296905779421e-04
7.750000000000000000e+00 1.500000000000000000e+01 3.972507647634658588e-04
7.750000000000000000e+00 2.500000000000000000e+01 3.882082508956338795e-04
7.750000000000000000e+00 3.500000000000000000e+01 4.462055615161025237e-04
7.750000000000000000e+00 4.500000000000000000e+01 4.675347463825152818e-04
7.750000000000000000e+00 5.500000000000000000e+01 4.716221025996239383e-04
7.750000000000000000e+00 6.500000000000000000e+01 5.977353244574637806e-04
7.750000000000000000e+00 7.500000000000000000e+01 7.883431934213925608e-04
7.750000000000000000e+00 8.500000000000000000e+01 9.473051310361685264e-04
7.750000000000000000e+00 9.500000000000000000e+01 9.637891467132580223e-04
7.750000000000000000e+00 1.050000000000000000e+02 9.283933511052922059e-04
7.750000000000000000e+00 1.150000000000000000e+02 7.432523928708550075e-04
7.750000000000000000e+00 1.250000000000000000e+02 8.859050616605947982e-04
7.750000000000000000e+00 1.350000000000000000e+02 6.123848801611504484e-04
7.750000000000000000e+00 1.450000000000000000e+02 6.819158923400495684e-04
7.750000000000000000e+00 1.550000000000000000e+02 5.826654007130601786e-04
7.750000000000000000e+00 1.650000000000000000e+02 5.061858633437441848e-04
7.750000000000000000e+00 1.750000000000000000e+02 4.858777781163605667e-05
8.250000000000000000e+00 1.500000000000000000e+01 3.240898268769433201e-05
8.250000000000000000e+00 2.500000000000000000e+01 4.120659300706115160e-05
8.250000000000000000e+00 3.500000000000000000e+01 4.358227683277935343e-05
8.250000000000000000e+00 4.500000000000000000e+01 3.681932444358267803e-05
8.250000000000000000e+00 5.500000000000000000e+01 3.397565310735029817e-05
8.250000000000000000e+00 6.500000000000000000e+01 5.136163114645701555e-05
8.250000000000000000e+00 7.500000000000000000e+01 5.698574140202050306e-05
8.250000000000000000e+00 8.500000000000000000e+01 5.925479395176900632e-05
8.250000000000000000e+00 9.500000000000000000e+01 5.594472641398438260e-05
8.250000000000000000e+00 1.050000000000000000e+02 3.559538540157022304e-05
8.250000000000000000e+00 1.150000000000000000e+02 4.589243480673698203e-05
8.250000000000000000e+00 1.250000000000000000e+02 3.677171531127804193e-05
8.250000000000000000e+00 1.350000000000000000e+02 4.119363975877446361e-05
8.250000000000000000e+00 1.450000000000000000e+02 3.419392458749862716e-05
8.250000000000000000e+00 1.550000000000000000e+02 2.852066070734736507e-05
8.250000000000000000e+00 1.650000000000000000e+02 2.222437054246726346e-05
8.250000000000000000e+00 1.750000000000000000e+02 1.223900355896774577e-05
