5.750000000000000000e+00 5.000000000000000000e+00 5.503476410596779868e-03
5.750000000000000000e+00 1.500000000000000000e+01 1.953985873373351168e-03
6.250000000000000000e+00 5.000000000000000000e+00 1.150405143932780455e-01
6.250000000000000000e+00 1.500000000000000000e+01 2.877880560301535051e-02
6.250000000000000000e+00 2.500000000000000000e+01 8.290364218914677338e-04
6.250000000000000000e+00 3.500000000000000000e+01 2.024545897498663161e-05
6.750000000000000000e+00 5.000000000000000000e+00 1.572436223189040139e-01
6.750000000000000000e+00 1.500000000000000000e+01 8.608335424709229189e-02
6.750000000000000000e+00 2.500000000000000000e+01 1.210684964849320817e-02
6.750000000000000000e+00 3.500000000000000000e+01 1.746160878524775136e-03
6.750000000000000000e+00 4.500000000000000000e+01 2.260614894132177189e-04
6.750000000000000000e+00 5.500000000000000000e+01 1.725672861781864234e-05
7.250000000000000000e+00 5.000000000000000000e+00 2.404356423997768000e-01
7.250000000000000000e+00 1.500000000000000000e+01 1.619773284012977488e-01
7.250000000000000000e+00 2.500000000000000000e+01 4.726890821451385644e-02
7.250000000000000000e+00 3.500000000000000000e+01 1.360071421774216270e-02
7.250000000000000000e+00 4.500000000000000000e+01 3.997707453872732450e-03
7.250000000000000000e+00 5.500000000000000000e+01 1.679357955338722872e-03
7.250000000000000000e+00 6.500000000000000000e+01 5.989335032824725071e-04
7.250000000000000000e+00 7.500000000000000000e+01 3.378947899443865291e-04
7.250000000000000000e+00 8.500000000000000000e+01 2.439239163414468157e-04
7.250000000000000000e+00 9.500000000000000000e+01 1.172838699740496362e-04
7.250000000000000000e+00 1.050000000000000000e+02 8.451042075129264165e-05
7.250000000000000000e+00 1.150000000000000000e+02 2.145647675792628872e-05
7.250000000000000000e+00 1.250000000000000000e+02 3.822770474512022758e-08
7.750000000000000000e+00 5.000000000000000000e+00 4.397985167929158168e-02
7.750000000000000000e+00 1.500000000000000000e+01 2.980572268131312721e-02
7.750000000000000000e+00 2.500000000000000000e+01 1.629827459851510008e-02
7.750000000000000000e+00 3.500000000000000000e+01 6.792063099316355580e-03
7.750000000000000000e+00 4.500000000000000000e+01 2.842813935298121094e-03
7.750000000000000000e+00 5.500000000000000000e+01 1.786442924156442843e-03
7.750000000000000000e+00 6.500000000000000000e+01 1.534975358999811487e-03
7.750000000000000000e+00 7.500000000000000000e+01 1.393458212203376595e-03
7.750000000000000000e+00 8.500000000000000000e+01 9.061862995864115736e-04
7.750000000000000000e+00 9.500000000000000000e+01 7.395284814199155812e-04
7.750000000000000000e+00 1.050000000000000000e+02 4.405089759087149962e-04
7.750000000000000000e+00 1.150000000000000000e+02 2.636581493241912520e-04
7.750000000000000000e+00 1.250000000000000000e+02 1.813434723901043708e-04
7.750000000000000000e+00 1.350000000000000000e+02 1.107920550857951570e-04
7.750000000000000000e+00 1.450000000000000000e+02 6.100635271774717915e-05
7.750000000000000000e+00 1.550000000000000000e+02 3.687571363188526293e-05
7.750000000000000000e+00 1.650000000000000000e+02 2.860738091430371966e-05
7.750000000000000000e+00 1.750000000000000000e+02 3.653882345615647351e-06
8.250000000000000000e+00 1.500000000000000000e+01 4.761083740287054902e-03
8.250000000000000000e+00 2.500000000000000000e+01 2.912086346632771459e-03
8.250000000000000000e+00 3.500000000000000000e+01 1.903700155820244651e-03
8.250000000000000000e+00 4.500000000000000000e+01 7.451845655117145771e-04
8.250000000000000000e+00 5.500000000000000000e+01 4.914324279067080938e-04
8.250000000000000000e+00 6.500000000000000000e+01 5.699214567825311049e-04
8.250000000000000000e+00 7.500000000000000000e+01 4.472496595161929464e-04
8.250000000000000000e+00 8.500000000000000000e+01 3.601383305838627745e-04
8.250000000000000000e+00 9.500000000000000000e+01 2.589241141816418464e-04
8.250000000000000000e+00 1.050000000000000000e+02 1.256445112588795569e-04
8.250000000000000000e+00 1.150000000000000000e+02 1.195512464727542014e-04
8.250000000000000000e+00 1.250000000000000000e+02 6.702961971852502998e-05
8.250000000000000000e+00 1.350000000000000000e+02 5.306141884073131601e-05
8.250000000000000000e+00 1.450000000000000000e+02 3.691725407127300517e-05
8.250000000000000000e+00 1.550000000000000000e+02 1.643266153898428219e-05
8.250000000000000000e+00 1.650000000000000000e+02 1.111707212250719245e-05
8.250000000000000000e+00 1.750000000000000000e+02 1.692846861642918723e-06
