5.750000000000000000e+00 5.000000000000000000e+00 8.647555557727996944e-03
5.750000000000000000e+00 1.500000000000000000e+01 3.231488335415314255e-03
6.250000000000000000e+00 5.000000000000000000e+00 1.348992088776829468e-01
6.250000000000000000e+00 1.500000000000000000e+01 3.506855446012027006e-02
6.250000000000000000e+00 2.500000000000000000e+01 1.057308383622606847e-03
6.250000000000000000e+00 3.500000000000000000e+01 3.109606260219359951e-05
6.750000000000000000e+00 5.000000000000000000e+00 1.694382044689681510e-01
6.750000000000000000e+00 1.500000000000000000e+01 9.331831073930924036e-02
6.750000000000000000e+00 2.500000000000000000e+01 1.362861476412052797e-02
6.750000000000000000e+00 3.500000000000000000e+01 1.993203224081178341e-03
6.750000000000000000e+00 4.500000000000000000e+01 2.550000351696130084e-04
6.750000000000000000e+00 5.500000000000000000e+01 1.760931478416338287e-05
7.250000000000000000e+00 5.000000000000000000e+00 2.278270430153239712e-01
7.250000000000000000e+00 1.500000000000000000e+01 1.521457905139378952e-01
7.250000000000000000e+00 2.500000000000000000e+01 4.260409341600369243e-02
7.250000000000000000e+00 3.500000000000000000e+01 1.162829483267638526e-02
7.250000000000000000e+00 4.500000000000000000e+01 3.252624536753837090e-03
7.250000000000000000e+00 5.500000000000000000e+01 1.274822707998123994e-03
7.250000000000000000e+00 6.500000000000000000e+01 4.076844799084297904e-04
7.250000000000000000e+00 7.500000000000000000e+01 2.113274992278157483e-04
7.250000000000000000e+00 8.500000000000000000e+01 1.296766477980013132e-04
7.250000000000000000e+00 9.500000000000000000e+01 5.384584054806852970e-05
7.250000000000000000e+00 1.050000000000000000e+02 2.064606579173727070e-05
7.250000000000000000e+00 1.150000000000000000e+02 1.806673529063947554e-07
7.750000000000000000e+00 5.000000000000000000e+00 3.847576444166318083e-02
7.750000000000000000e+00 1.500000000000000000e+01 2.579941271124908120e-02
7.750000000000000000e+00 2.500000000000000000e+01 1.349253324284596482e-02
7.750000000000000000e+00 3.500000000000000000e+01 5.157775628851524533e-03
7.750000000000000000e+00 4.500000000000000000e+01 1.993849735063442201e-03
7.750000000000000000e+00 5.500000000000000000e+01 1.197928271556507763e-03
7.750000000000000000e+00 6.500000000000000000e+01 9.797715894372335550e-04
7.750000000000000000e+00 7.500000000000000000e+01 8.457214801266259730e-04
7.750000000000000000e+00 8.500000000000000000e+01 5.291202571493205031e-04
7.750000000000000000e+00 9.500000000000000000e+01 4.086761124932916612e-04
7.750000000000000000e+00 1.050000000000000000e+02 2.304827809689834184e-04
7.750000000000000000e+00 1.150000000000000000e+02 1.270926415905796641e-04
7.750000000000000000e+00 1.250000000000000000e+02 7.261985676505094446e-05
7.750000000000000000e+00 1.350000000000000000e+02 3.634174936414340652e-05
7.750000000000000000e+00 1.450000000000000000e+02 1.443341758995369548e-05
7.750000000000000000e+00 1.550000000000000000e+02 1.022481438360338742e-05
7.750000000000000000e+00 1.650000000000000000e+02 3.842605305204470721e-06
7.750000000000000000e+00 1.750000000000000000e+02 1.133439883439512991e-08
8.250000000000000000e+00 1.500000000000000000e+01 4.024123825719589168e-03
8.250000000000000000e+00 2.500000000000000000e+01 2.170208142103007172e-03
8.250000000000000000e+00 3.500000000000000000e+01 1.320525741648872651e-03
8.250000000000000000e+00 4.500000000000000000e+01 4.876248179152487460e-04
8.250000000000000000e+00 5.500000000000000000e+01 3.110336704375202266e-04
8.250000000000000000e+00 6.500000000000000000e+01 3.485127771938288112e-04
8.250000000000000000e+00 7.500000000000000000e+01 2.632115761089388862e-04
8.250000000000000000e+00 8.500000000000000000e+01 2.049579884163663557e-04
8.250000000000000000e+00 9.500000000000000000e+01 1.427488557842447072e-04
8.250000000000000000e+00 1.050000000000000000e+02 6.627004818009927460e-05
8.250000000000000000e+00 1.150000000000000000e+02 5.988294202299107333e-05
8.250000000000000000e+00 1.250000000000000000e+02 3.129896357944772956e-05
8.250000000000000000e+00 1.350000000000000000e+02 2.420319819202699409e-05
8.250000000000000000e+00 1.450000000000000000e+02 1.620780629463244247e-05
8.250000000000000000e+00 1.550000000000000000e+02 6.392353874846705311e-06
8.250000000000000000e+00 1.650000000000000000e+02 4.381705118752187331e-06
8.250000000000000000e+00 1.750000000000000000e+02 6.284696820881293577e-07
