5.250000000000000000e+00 5.000000000000000000e+00 1.114924985013377237e-02
5.250000000000000000e+00 1.500000000000000000e+01 1.761199978619106821e-01
5.250000000000000000e+00 2.500000000000000000e+01 1.099963004423603896e-01
5.250000000000000000e+00 3.500000000000000000e+01 5.199316392811006993e-02
5.250000000000000000e+00 4.500000000000000000e+01 2.643603462593375683e-02
5.250000000000000000e+00 5.500000000000000000e+01 1.241154156987495788e-02
5.250000000000000000e+00 6.500000000000000000e+01 4.198464006713452552e-03
5.250000000000000000e+00 7.500000000000000000e+01 1.370280331194766252e-03
5.750000000000000000e+00 5.000000000000000000e+00 8.835466891231711847e-03
5.750000000000000000e+00 1.500000000000000000e+01 6.901994741024296276e-02
5.750000000000000000e+00 2.500000000000000000e+01 5.517832841362390467e-02
5.750000000000000000e+00 3.500000000000000000e+01 3.708194229214461374e-02
5.750000000000000000e+00 4.500000000000000000e+01 2.784239287141550973e-02
5.750000000000000000e+00 5.500000000000000000e+01 1.737757962853542226e-02
5.750000000000000000e+00 6.500000000000000000e+01 1.113382945235577050e-02
5.750000000000000000e+00 7.500000000000000000e+01 6.577998533133721029e-03
5.750000000000000000e+00 8.500000000000000000e+01 3.218184168751686905e-03
5.750000000000000000e+00 9.500000000000000000e+01 6.988075063172401614e-04
6.250000000000000000e+00 5.000000000000000000e+00 1.460798354531073727e-02
6.250000000000000000e+00 1.500000000000000000e+01 4.171339397373475394e-02
6.250000000000000000e+00 2.500000000000000000e+01 4.366969643702969112e-02
6.250000000000000000e+00 3.500000000000000000e+01 3.325775401052009222e-02
6.250000000000000000e+00 4.500000000000000000e+01 3.252537724085299148e-02
6.250000000000000000e+00 5.500000000000000000e+01 2.301726465341320110e-02
6.250000000000000000e+00 6.500000000000000000e+01 1.955584344556723919e-02
6.250000000000000000e+00 7.500000000000000000e+01 1.093799974586974130e-02
6.250000000000000000e+00 8.500000000000000000e+01 7.817395309406482626e-03
6.250000000000000000e+00 9.500000000000000000e+01 4.992362987997124406e-03
6.250000000000000000e+00 1.050000000000000000e+02 3.172277218950846859e-03
6.250000000000000000e+00 1.150000000000000000e+02 1.606009206205200306e-03
6.250000000000000000e+00 1.250000000000000000e+02 4.093353839330336232e-04
6.750000000000000000e+00 5.000000000000000000e+00 5.069748624330682428e-03
6.750000000000000000e+00 1.500000000000000000e+01 9.646353960329753091e-03
6.750000000000000000e+00 2.500000000000000000e+01 1.185329430898763615e-02
6.750000000000000000e+00 3.500000000000000000e+01 1.199639671711967386e-02
6.750000000000000000e+00 4.500000000000000000e+01 9.692862779308192636e-03
6.750000000000000000e+00 5.500000000000000000e+01 8.511698088255283123e-03
6.750000000000000000e+00 6.500000000000000000e+01 7.839882973933969337e-03
6.750000000000000000e+00 7.500000000000000000e+01 5.323480031700661419e-03
6.750000000000000000e+00 8.500000000000000000e+01 3.391756383957620583e-03
6.750000000000000000e+00 9.500000000000000000e+01 2.819894939877035447e-03
6.750000000000000000e+00 1.050000000000000000e+02 2.268422471546127639e-03
6.750000000000000000e+00 1.150000000000000000e+02 1.658648154377894346e-03
6.750000000000000000e+00 1.250000000000000000e+02 1.233929123789631686e-03
6.750000000000000000e+00 1.350000000000000000e+02 5.728572294575159972e-04
6.750000000000000000e+00 1.450000000000000000e+02 1.403944755517881995e-04
7.250000000000000000e+00 5.000000000000000000e+00 4.083234090078840910e-03
7.250000000000000000e+00 1.500000000000000000e+01 4.999957211181420627e-03
7.250000000000000000e+00 2.500000000000000000e+01 5.734600613852110923e-03
7.250000000000000000e+00 3.500000000000000000e+01 5.864452027380250010e-03
7.250000000000000000e+00 4.500000000000000000e+01 5.017034470418396154e-03
7.250000000000000000e+00 5.500000000000000000e+01 5.119882693988947985e-03
7.250000000000000000e+00 6.500000000000000000e+01 3.445380120388463578e-03
7.250000000000000000e+00 7.500000000000000000e+01 2.747419787390755104e-03
7.250000000000000000e+00 8.500000000000000000e+01 2.063031546282494393e-03
7.250000000000000000e+00 9.500000000000000000e+01 1.742115046561053867e-03
7.250000000000000000e+00 1.050000000000000000e+02 1.462347393059328267e-03
7.250000000000000000e+00 1.150000000000000000e+02 1.094220771319021589e-03
7.250000000000000000e+00 1.250000000000000000e+02 7.814960840718618990e-04
7.250000000000000000e+00 1.350000000000000000e+02 5.604405712824373116e-04
7.250000000000000000e+00 1.450000000000000000e+02 3.097289924373135359e-04
7.250000000000000000e+00 1.550000000000000000e+02 1.251737690229639773e-04
7.250000000000000000e+00 1.650000000000000000e+02 1.093105030719025174e-05
7.750000000000000000e+00 5.000000000000000000e+00 3.982805531651182999e-04
7.750000000000000000e+00 1.500000000000000000e+01 3.723146363693591180e-04
7.750000000000000000e+00 2.500000000000000000e+01 3.567256575362760351e-04
7.750000000000000000e+00 3.500000000000000000e+01 3.916389515534595420e-04
7.750000000000000000e+00 4.500000000000000000e+01 3.702533600940679202e-04
7.750000000000000000e+00 5.500000000000000000e+01 3.355151869748172907e-04
7.750000000000000000e+00 6.500000000000000000e+01 3.733945886070080063e-04
7.750000000000000000e+00 7.500000000000000000e+01 4.238215364722153450e-04
7.750000000000000000e+00 8.500000000000000000e+01 4.204242051545191579e-04
7.750000000000000000e+00 9.500000000000000000e+01 3.482362228369093840e-04
7.750000000000000000e+00 1.050000000000000000e+02 2.668434201363584896e-04
7.750000000000000000e+00 1.150000000000000000e+02 1.688714590609372566e-04
7.750000000000000000e+00 1.250000000000000000e+02 1.502355509275023497e-04
7.750000000000000000e+00 1.350000000000000000e+02 7.678126718029771127e-05
7.750000000000000000e+00 1.450000000000000000e+02 6.144007185489218869e-05
7.750000000000000000e+00 1.550000000000000000e+02 3.761218438398426187e-05
7.750000000000000000e+00 1.650000000000000000e+02 2.329991231872482674e-05
7.750000000000000000e+00 1.750000000000000000e+02 1.716680687718277104e-06
8.250000000000000000e+00 1.500000000000000000e+01 3.058611079565037264e-05
8.250000000000000000e+00 2.500000000000000000e+01 3.810909553538982438e-05
8.250000000000000000e+00 3.500000000000000000e+01 3.882409068105841925e-05
8.250000000000000000e+00 4.500000000000000000e+01 3.005579553542771424e-05
8.250000000000000000e+00 5.500000000000000000e+01 2.523428924665541812e-05
8.250000000000000000e+00 6.500000000000000000e+01 3.316462555637552870e-05
8.250000000000000000e+00 7.500000000000000000e+01 3.162371081967108017e-05
8.250000000000000000e+00 8.500000000000000000e+01 2.774655194394155195e-05
8.250000000000000000e+00 9.500000000000000000e+01 2.180213900434925249e-05
8.250000000000000000e+00 1.050000000000000000e+02 1.121350945504426803e-05
8.250000000000000000e+00 1.150000000000000000e+02 1.137700011112309735e-05
8.250000000000000000e+00 1.250000000000000000e+02 6.871623990293571859e-06
8.250000000000000000e+00 1.350000000000000000e+02 5.733123465476590815e-06
8.250000000000000000e+00 1.450000000000000000e+02 3.517634449325220761e-06
8.250000000000000000e+00 1.550000000000000000e+02 2.001497327113873376e-06
8.250000000000000000e+00 1.650000000000000000e+02 1.099542838552179279e-06
8.250000000000000000e+00 1.750000000000000000e+02 3.647696083199635830e-07
