5.250000000000000000e+00 5.000000000000000000e+00 1.773778641841116527e-02
5.250000000000000000e+00 1.500000000000000000e+01 1.022568657719498536e-01
5.250000000000000000e+00 2.500000000000000000e+01 8.400165138688806335e-03
5.250000000000000000e+00 3.500000000000000000e+01 1.118820043172183898e-03
5.250000000000000000e+00 4.500000000000000000e+01 1.144918615945320875e-04
5.750000000000000000e+00 5.000000000000000000e+00 3.643612579800385720e-02
5.750000000000000000e+00 1.500000000000000000e+01 1.000039641790026052e-01
5.750000000000000000e+00 2.500000000000000000e+01 2.544509467946718534e-02
5.750000000000000000e+00 3.500000000000000000e+01 8.502169209581928594e-03
5.750000000000000000e+00 4.500000000000000000e+01 3.590210750079439028e-03
5.750000000000000000e+00 5.500000000000000000e+01 1.267584101296370365e-03
5.750000000000000000e+00 6.500000000000000000e+01 4.186460308352338918e-04
5.750000000000000000e+00 7.500000000000000000e+01 1.546257563049464087e-04
5.750000000000000000e+00 8.500000000000000000e+01 1.666239673623793826e-05
6.250000000000000000e+00 5.000000000000000000e+00 7.532908577711736053e-02
6.250000000000000000e+00 1.500000000000000000e+01 1.170298273972077280e-01
6.250000000000000000e+00 2.500000000000000000e+01 6.166091240605747759e-02
6.250000000000000000e+00 3.500000000000000000e+01 3.188644277878113775e-02
6.250000000000000000e+00 4.500000000000000000e+01 2.145585043532960423e-02
6.250000000000000000e+00 5.500000000000000000e+01 1.196511267100282792e-02
6.250000000000000000e+00 6.500000000000000000e+01 8.123556009286995311e-03
6.250000000000000000e+00 7.500000000000000000e+01 3.972213484138923875e-03
6.250000000000000000e+00 8.500000000000000000e+01 2.565432176984425248e-03
6.250000000000000000e+00 9.500000000000000000e+01 1.430259018896377866e-03
6.250000000000000000e+00 1.050000000000000000e+02 9.639594619476833572e-04
6.250000000000000000e+00 1.150000000000000000e+02 5.444852477476942558e-04
6.250000000000000000e+00 1.250000000000000000e+02 1.490877952836067416e-04
6.750000000000000000e+00 5.000000000000000000e+00 3.190538679321104631e-02
6.750000000000000000e+00 1.500000000000000000e+01 4.643814575868451811e-02
6.750000000000000000e+00 2.500000000000000000e+01 3.873670565535420468e-02
6.750000000000000000e+00 3.500000000000000000e+01 2.691423520572427258e-02
6.750000000000000000e+00 4.500000000000000000e+01 1.652593407874669226e-02
6.750000000000000000e+00 5.500000000000000000e+01 1.193889189262625078e-02
6.750000000000000000e+00 6.500000000000000000e+01 9.480761864095826885e-03
6.750000000000000000e+00 7.500000000000000000e+01 5.767656440554634785e-03
6.750000000000000000e+00 8.500000000000000000e+01 3.417351165379364612e-03
6.750000000000000000e+00 9.500000000000000000e+01 2.717418310721293837e-03
6.750000000000000000e+00 1.050000000000000000e+02 2.106804185367791311e-03
6.750000000000000000e+00 1.150000000000000000e+02 1.527500439743949799e-03
6.750000000000000000e+00 1.250000000000000000e+02 1.133255640835027301e-03
6.750000000000000000e+00 1.350000000000000000e+02 5.655498697631936933e-04
6.750000000000000000e+00 1.450000000000000000e+02 1.654635302445088075e-04
7.250000000000000000e+00 5.000000000000000000e+00 2.579863817828604439e-02
7.250000000000000000e+00 1.500000000000000000e+01 2.700593747615757587e-02
7.250000000000000000e+00 2.500000000000000000e+01 2.371963057624499813e-02
7.250000000000000000e+00 3.500000000000000000e+01 1.808064974494009297e-02
7.250000000000000000e+00 4.500000000000000000e+01 1.218404050362546960e-02
7.250000000000000000e+00 5.500000000000000000e+01 1.019811861217898193e-02
7.250000000000000000e+00 6.500000000000000000e+01 6.088379632452672365e-03
7.250000000000000000e+00 7.500000000000000000e+01 4.468976289825015054e-03
7.250000000000000000e+00 8.500000000000000000e+01 3.229137818203023542e-03
7.250000000000000000e+00 9.500000000000000000e+01 2.630818302353484742e-03
7.250000000000000000e+00 1.050000000000000000e+02 2.211611460093790803e-03
7.250000000000000000e+00 1.150000000000000000e+02 1.678884721854004584e-03
7.250000000000000000e+00 1.250000000000000000e+02 1.243183400476960323e-03
7.250000000000000000e+00 1.350000000000000000e+02 9.442592428839340210e-04
7.250000000000000000e+00 1.450000000000000000e+02 5.754251892083597688e-04
7.250000000000000000e+00 1.550000000000000000e+02 2.668608691498220494e-04
7.250000000000000000e+00 1.650000000000000000e+02 2.917056692220251196e-05
7.750000000000000000e+00 5.000000000000000000e+00 2.606321759307798479e-03
7.750000000000000000e+00 1.500000000000000000e+01 2.229155256898610049e-03
7.750000000000000000e+00 2.500000000000000000e+01 1.875570109471822681e-03
7.750000000000000000e+00 3.500000000000000000e+01 1.669195703230448753e-03
7.750000000000000000e+00 4.500000000000000000e+01 1.224790027309492248e-03
7.750000000000000000e+00 5.500000000000000000e+01 9.882766306869290689e-04
7.750000000000000000e+00 6.500000000000000000e+01 9.921831688912501578e-04
7.750000000000000000e+00 7.500000000000000000e+01 1.048916674071210522e-03
7.750000000000000000e+00 8.500000000000000000e+01 9.624941747283935825e-04
7.750000000000000000e+00 9.500000000000000000e+01 8.040155919689926430e-04
7.750000000000000000e+00 1.050000000000000000e+02 6.156537762810255403e-04
7.750000000000000000e+00 1.150000000000000000e+02 4.057713787375408698e-04
7.750000000000000000e+00 1.250000000000000000e+02 3.735221033165259542e-04
7.750000000000000000e+00 1.350000000000000000e+02 2.157567969648335087e-04
7.750000000000000000e+00 1.450000000000000000e+02 1.877248768695776067e-04
7.750000000000000000e+00 1.550000000000000000e+02 1.349692591867771312e-04
7.750000000000000000e+00 1.650000000000000000e+02 9.467071330513613520e-05
7.750000000000000000e+00 1.750000000000000000e+02 9.062069919073002236e-06
8.250000000000000000e+00 1.500000000000000000e+01 2.003701253141763070e-04
8.250000000000000000e+00 2.500000000000000000e+01 2.119665223059028565e-04
8.250000000000000000e+00 3.500000000000000000e+01 1.887779697911050856e-04
8.250000000000000000e+00 4.500000000000000000e+01 1.186157873518911115e-04
8.250000000000000000e+00 5.500000000000000000e+01 9.054067282367140798e-05
8.250000000000000000e+00 6.500000000000000000e+01 1.124835745725306268e-04
8.250000000000000000e+00 7.500000000000000000e+01 1.006927448202981067e-04
8.250000000000000000e+00 8.500000000000000000e+01 8.672792461050023594e-05
8.250000000000000000e+00 9.500000000000000000e+01 6.788677969201268843e-05
8.250000000000000000e+00 1.050000000000000000e+02 3.536912797538203413e-05
8.250000000000000000e+00 1.150000000000000000e+02 3.710676260128528193e-05
8.250000000000000000e+00 1.250000000000000000e+02 2.404411516916390784e-05
8.250000000000000000e+00 1.350000000000000000e+02 2.131814418413426854e-05
8.250000000000000000e+00 1.450000000000000000e+02 1.485941833924026271e-05
8.250000000000000000e+00 1.550000000000000000e+02 9.096816683249585395e-06
8.250000000000000000e+00 1.650000000000000000e+02 5.833334276504108214e-06
8.250000000000000000e+00 1.750000000000000000e+02 2.039897529132187517e-06
