5.250000000000000000e+00 5.000000000000000000e+00 9.248555209399343668e-03
5.250000000000000000e+00 1.500000000000000000e+01 4.900835352963114205e-02
5.250000000000000000e+00 2.500000000000000000e+01 5.817092741062687179e-03
5.250000000000000000e+00 3.500000000000000000e+01 1.319414753412755884e-03
5.250000000000000000e+00 4.500000000000000000e+01 3.255681052546786545e-04
5.250000000000000000e+00 5.500000000000000000e+01 6.216985186508431217e-05
5.250000000000000000e+00 6.500000000000000000e+01 1.845775178489621181e-06
5.750000000000000000e+00 5.000000000000000000e+00 2.137342345203856880e-02
5.750000000000000000e+00 1.500000000000000000e+01 7.608062768663548248e-02
5.750000000000000000e+00 2.500000000000000000e+01 2.813274288233463816e-02
5.750000000000000000e+00 3.500000000000000000e+01 1.261650943453163608e-02
5.750000000000000000e+00 4.500000000000000000e+01 7.419022025795972940e-03
5.750000000000000000e+00 5.500000000000000000e+01 3.945794615964935172e-03
5.750000000000000000e+00 6.500000000000000000e+01 2.332181531814706433e-03
5.750000000000000000e+00 7.500000000000000000e+01 1.300291416343411647e-03
5.750000000000000000e+00 8.500000000000000000e+01 7.188087417015200055e-04
5.750000000000000000e+00 9.500000000000000000e+01 2.167310158650797940e-04
6.250000000000000000e+00 5.000000000000000000e+00 4.459886919781554104e-02
6.250000000000000000e+00 1.500000000000000000e+01 9.025770928704655860e-02
6.250000000000000000e+00 2.500000000000000000e+01 6.512250108896035228e-02
6.250000000000000000e+00 3.500000000000000000e+01 4.171970098770829555e-02
6.250000000000000000e+00 4.500000000000000000e+01 3.530747561460109013e-02
6.250000000000000000e+00 5.500000000000000000e+01 2.402317748301358372e-02
6.250000000000000000e+00 6.500000000000000000e+01 2.082121109178775367e-02
6.250000000000000000e+00 7.500000000000000000e+01 1.266261360738358231e-02
6.250000000000000000e+00 8.500000000000000000e+01 9.944302178388313151e-03
6.250000000000000000e+00 9.500000000000000000e+01 7.500892440046565482e-03
6.250000000000000000e+00 1.050000000000000000e+02 6.469305917859063774e-03
6.250000000000000000e+00 1.150000000000000000e+02 4.544380701383922937e-03
6.250000000000000000e+00 1.250000000000000000e+02 1.544843273120596622e-03
6.750000000000000000e+00 5.000000000000000000e+00 1.731643912883428296e-02
6.750000000000000000e+00 1.500000000000000000e+01 2.969593538149171985e-02
6.750000000000000000e+00 2.500000000000000000e+01 3.125488005870168812e-02
6.750000000000000000e+00 3.500000000000000000e+01 2.756672694179366709e-02
6.750000000000000000e+00 4.500000000000000000e+01 2.061566711390904610e-02
6.750000000000000000e+00 5.500000000000000000e+01 1.777633440555012254e-02
6.750000000000000000e+00 6.500000000000000000e+01 1.668254318001748115e-02
6.750000000000000000e+00 7.500000000000000000e+01 1.206258616699877606e-02
6.750000000000000000e+00 8.500000000000000000e+01 8.426122060861140212e-03
6.750000000000000000e+00 9.500000000000000000e+01 8.162969319911166088e-03
6.750000000000000000e+00 1.050000000000000000e+02 7.765540244238047785e-03
6.750000000000000000e+00 1.150000000000000000e+02 7.112704445740004010e-03
6.750000000000000000e+00 1.250000000000000000e+02 6.547174556148057517e-03
6.750000000000000000e+00 1.350000000000000000e+02 3.951276312901045445e-03
6.750000000000000000e+00 1.450000000000000000e+02 1.320416452316479448e-03
7.250000000000000000e+00 5.000000000000000000e+00 1.412872915508014797e-02
7.250000000000000000e+00 1.500000000000000000e+01 1.668960092183798677e-02
7.250000000000000000e+00 2.500000000000000000e+01 1.805542822709161124e-02
7.250000000000000000e+00 3.500000000000000000e+01 1.755580825837001896e-02
7.250000000000000000e+00 4.500000000000000000e+01 1.476154623021168517e-02
7.250000000000000000e+00 5.500000000000000000e+01 1.528076292000700269e-02
7.250000000000000000e+00 6.500000000000000000e+01 1.092855963596984191e-02
7.250000000000000000e+00 7.500000000000000000e+01 9.502966110858376142e-03
7.250000000000000000e+00 8.500000000000000000e+01 8.251912883334917501e-03
7.250000000000000000e+00 9.500000000000000000e+01 8.202042522271574612e-03
7.250000000000000000e+00 1.050000000000000000e+02 8.350255539131701960e-03
7.250000000000000000e+00 1.150000000000000000e+02 7.673492588077846475e-03
7.250000000000000000e+00 1.250000000000000000e+02 6.886743041662297601e-03
7.250000000000000000e+00 1.350000000000000000e+02 6.483663745024845389e-03
7.250000000000000000e+00 1.450000000000000000e+02 4.851145981243968307e-03
7.250000000000000000e+00 1.550000000000000000e+02 2.702437475767920528e-03
7.250000000000000000e+00 1.650000000000000000e+02 3.694347708348437367e-04
7.750000000000000000e+00 5.000000000000000000e+00 1.395491730221138120e-03
7.750000000000000000e+00 1.500000000000000000e+01 1.297832089201328681e-03
7.750000000000000000e+00 2.500000000000000000e+01 1.239037482065314007e-03
7.750000000000000000e+00 3.500000000000000000e+01 1.367806307757340285e-03
7.750000000000000000e+00 4.500000000000000000e+01 1.349119771296021812e-03
7.750000000000000000e+00 5.500000000000000000e+01 1.309993403619532292e-03
7.750000000000000000e+00 6.500000000000000000e+01 1.598115139919830058e-03
7.750000000000000000e+00 7.500000000000000000e+01 2.032601830276311011e-03
7.750000000000000000e+00 8.500000000000000000e+01 2.313744695413796817e-03
7.750000000000000000e+00 9.500000000000000000e+01 2.290845136732615802e-03
7.750000000000000000e+00 1.050000000000000000e+02 2.116130494175626989e-03
7.750000000000000000e+00 1.150000000000000000e+02 1.643678561638538390e-03
7.750000000000000000e+00 1.250000000000000000e+02 1.868695171357539564e-03
7.750000000000000000e+00 1.350000000000000000e+02 1.281748251439071475e-03
7.750000000000000000e+00 1.450000000000000000e+02 1.368084171024076074e-03
7.750000000000000000e+00 1.550000000000000000e+02 1.153421750616731058e-03
7.750000000000000000e+00 1.650000000000000000e+02 9.838226028004407216e-04
7.750000000000000000e+00 1.750000000000000000e+02 9.998106052886467977e-05
8.250000000000000000e+00 1.500000000000000000e+01 1.074843970580512088e-04
8.250000000000000000e+00 2.500000000000000000e+01 1.353463469138368514e-04
8.250000000000000000e+00 3.500000000000000000e+01 1.415797750804612056e-04
8.250000000000000000e+00 4.500000000000000000e+01 1.159480498147583518e-04
8.250000000000000000e+00 5.500000000000000000e+01 1.047533567972618116e-04
8.250000000000000000e+00 6.500000000000000000e+01 1.554453817021938188e-04
8.250000000000000000e+00 7.500000000000000000e+01 1.683372851743014480e-04
8.250000000000000000e+00 8.500000000000000000e+01 1.717471455390112700e-04
8.250000000000000000e+00 9.500000000000000000e+01 1.582686345104185820e-04
8.250000000000000000e+00 1.050000000000000000e+02 9.905425087178946499e-05
8.250000000000000000e+00 1.150000000000000000e+02 1.242910235058791073e-04
8.250000000000000000e+00 1.250000000000000000e+02 9.764595692246301288e-05
8.250000000000000000e+00 1.350000000000000000e+02 1.056880003879306901e-04
8.250000000000000000e+00 1.450000000000000000e+02 8.685017439999036346e-05
8.250000000000000000e+00 1.550000000000000000e+02 6.936861470916578902e-05
8.250000000000000000e+00 1.650000000000000000e+02 5.300680734894849859e-05
8.250000000000000000e+00 1.750000000000000000e+02 2.707373504512692412e-05
