5.250000000000000000e+00 5.000000000000000000e+00 2.148297309404370928e-02
5.250000000000000000e+00 1.500000000000000000e+01 1.016484605501635080e-01
5.250000000000000000e+00 2.500000000000000000e+01 3.620682927354108502e-03
5.250000000000000000e+00 3.500000000000000000e+01 1.210903680991144975e-04
5.750000000000000000e+00 5.000000000000000000e+00 4.820198275610029087e-02
5.750000000000000000e+00 1.500000000000000000e+01 1.037598434943162451e-01
5.750000000000000000e+00 2.500000000000000000e+01 1.750052852376092830e-02
5.750000000000000000e+00 3.500000000000000000e+01 3.808028212628178713e-03
5.750000000000000000e+00 4.500000000000000000e+01 8.335152776901403639e-04
5.750000000000000000e+00 5.500000000000000000e+01 1.068192900732812265e-04
6.250000000000000000e+00 5.000000000000000000e+00 1.061072989715898390e-01
6.250000000000000000e+00 1.500000000000000000e+01 1.318542016039337961e-01
6.250000000000000000e+00 2.500000000000000000e+01 5.394201918299316306e-02
6.250000000000000000e+00 3.500000000000000000e+01 2.311240818061885069e-02
6.250000000000000000e+00 4.500000000000000000e+01 1.256483382061621308e-02
6.250000000000000000e+00 5.500000000000000000e+01 5.422208041269957479e-03
6.250000000000000000e+00 6.500000000000000000e+01 2.708017021741771641e-03
6.250000000000000000e+00 7.500000000000000000e+01 9.120152648410920519e-04
6.250000000000000000e+00 8.500000000000000000e+01 3.825877694084976223e-04
6.250000000000000000e+00 9.500000000000000000e+01 1.191109687826322574e-04
6.250000000000000000e+00 1.050000000000000000e+02 3.967127677137278141e-05
6.250000000000000000e+00 1.150000000000000000e+02 1.728381720541589281e-06
6.750000000000000000e+00 5.000000000000000000e+00 4.799797377190687109e-02
6.750000000000000000e+00 1.500000000000000000e+01 6.124164581102253813e-02
6.750000000000000000e+00 2.500000000000000000e+01 4.216566882747676409e-02
6.750000000000000000e+00 3.500000000000000000e+01 2.403402349942674113e-02
6.750000000000000000e+00 4.500000000000000000e+01 1.249128095833637771e-02
6.750000000000000000e+00 5.500000000000000000e+01 7.652014770355574855e-03
6.750000000000000000e+00 6.500000000000000000e+01 5.145990849910346554e-03
6.750000000000000000e+00 7.500000000000000000e+01 2.582944015412116240e-03
6.750000000000000000e+00 8.500000000000000000e+01 1.249180713836672840e-03
6.750000000000000000e+00 9.500000000000000000e+01 7.788686768414107694e-04
6.750000000000000000e+00 1.050000000000000000e+02 4.238180924215410829e-04
6.750000000000000000e+00 1.150000000000000000e+02 1.888993085362557299e-04
6.750000000000000000e+00 1.250000000000000000e+02 7.475931746848731030e-05
6.750000000000000000e+00 1.350000000000000000e+02 1.626418701238077261e-05
6.750000000000000000e+00 1.450000000000000000e+02 1.566010831321917123e-06
7.250000000000000000e+00 5.000000000000000000e+00 3.823352457679213279e-02
7.250000000000000000e+00 1.500000000000000000e+01 3.629389922820677739e-02
7.250000000000000000e+00 2.500000000000000000e+01 2.647587640692975267e-02
7.250000000000000000e+00 3.500000000000000000e+01 1.623350929778118873e-02
7.250000000000000000e+00 4.500000000000000000e+01 9.009516760967358970e-03
7.250000000000000000e+00 5.500000000000000000e+01 6.280763178012015689e-03
7.250000000000000000e+00 6.500000000000000000e+01 3.151366564803540372e-03
7.250000000000000000e+00 7.500000000000000000e+01 1.949008565734917150e-03
7.250000000000000000e+00 8.500000000000000000e+01 1.160889648043346651e-03
7.250000000000000000e+00 9.500000000000000000e+01 7.762144687294167227e-04
7.250000000000000000e+00 1.050000000000000000e+02 5.108150339134409244e-04
7.250000000000000000e+00 1.150000000000000000e+02 2.868125610674595867e-04
7.250000000000000000e+00 1.250000000000000000e+02 1.366566311292275208e-04
7.250000000000000000e+00 1.350000000000000000e+02 5.983814330975139364e-05
7.250000000000000000e+00 1.450000000000000000e+02 1.755307159678957913e-05
7.250000000000000000e+00 1.550000000000000000e+02 2.879021051856851868e-06
7.250000000000000000e+00 1.650000000000000000e+02 1.226778469743034648e-07
7.750000000000000000e+00 5.000000000000000000e+00 3.879369195009056779e-03
7.750000000000000000e+00 1.500000000000000000e+01 3.073373626621970361e-03
7.750000000000000000e+00 2.500000000000000000e+01 2.285249216742206262e-03
7.750000000000000000e+00 3.500000000000000000e+01 1.616540204782584847e-03
7.750000000000000000e+00 4.500000000000000000e+01 8.836462543901207065e-04
7.750000000000000000e+00 5.500000000000000000e+01 5.836833957244699994e-04
7.750000000000000000e+00 6.500000000000000000e+01 4.915161492921480899e-04
7.750000000000000000e+00 7.500000000000000000e+01 4.359271439990178038e-04
7.750000000000000000e+00 8.500000000000000000e+01 3.348402145701728132e-04
7.750000000000000000e+00 9.500000000000000000e+01 2.296060211250597739e-04
7.750000000000000000e+00 1.050000000000000000e+02 1.438309230732039568e-04
7.750000000000000000e+00 1.150000000000000000e+02 7.605175430603598882e-05
7.750000000000000000e+00 1.250000000000000000e+02 5.272171576354675224e-05
7.750000000000000000e+00 1.350000000000000000e+02 2.124662905549217447e-05
7.750000000000000000e+00 1.450000000000000000e+02 1.091161230846588424e-05
7.750000000000000000e+00 1.550000000000000000e+02 4.737142264478803088e-06
7.750000000000000000e+00 1.650000000000000000e+02 1.579941888995645531e-06
7.750000000000000000e+00 1.750000000000000000e+02 9.923447543831561121e-08
8.250000000000000000e+00 1.500000000000000000e+01 2.873357363186509615e-04
8.250000000000000000e+00 2.500000000000000000e+01 2.355671926422460167e-04
8.250000000000000000e+00 3.500000000000000000e+01 1.700820108686244977e-04
8.250000000000000000e+00 4.500000000000000000e+01 8.552486229819275954e-05
8.250000000000000000e+00 5.500000000000000000e+01 5.461247722919198048e-05
8.250000000000000000e+00 6.500000000000000000e+01 5.456906802197079273e-05
8.250000000000000000e+00 7.500000000000000000e+01 4.080465620805471616e-05
8.250000000000000000e+00 8.500000000000000000e+01 2.943153818583998235e-05
8.250000000000000000e+00 9.500000000000000000e+01 1.935355461364665384e-05
8.250000000000000000e+00 1.050000000000000000e+02 8.366113022659591597e-06
8.250000000000000000e+00 1.150000000000000000e+02 7.193271167257192590e-06
8.250000000000000000e+00 1.250000000000000000e+02 3.677432521086697906e-06
8.250000000000000000e+00 1.350000000000000000e+02 2.516097437925766200e-06
8.250000000000000000e+00 1.450000000000000000e+02 1.269426541449830086e-06
8.250000000000000000e+00 1.550000000000000000e+02 4.363691087617699518e-07
8.250000000000000000e+00 1.650000000000000000e+02 1.486492148649041300e-07
8.250000000000000000e+00 1.750000000000000000e+02 1.154397836306237753e-08
