5.250000000000000000e+00 5.000000000000000000e+00 1.085024338171356600e-02
5.250000000000000000e+00 1.500000000000000000e+01 1.421700274052000446e-01
5.250000000000000000e+00 2.500000000000000000e+01 7.035287061559386546e-02
5.250000000000000000e+00 3.500000000000000000e+01 3.159387226831859158e-02
5.250000000000000000e+00 4.500000000000000000e+01 1.650752126716145685e-02
5.250000000000000000e+00 5.500000000000000000e+01 8.627491345128210018e-03
5.250000000000000000e+00 6.500000000000000000e+01 3.577712508222174233e-03
5.250000000000000000e+00 7.500000000000000000e+01 1.408919832081896887e-03
5.750000000000000000e+00 5.000000000000000000e+00 9.302321592236104456e-03
5.750000000000000000e+00 1.500000000000000000e+01 6.681930840275930594e-02
5.750000000000000000e+00 2.500000000000000000e+01 4.931038615210477788e-02
5.750000000000000000e+00 3.500000000000000000e+01 3.273947046202459188e-02
5.750000000000000000e+00 4.500000000000000000e+01 2.557915682979441246e-02
5.750000000000000000e+00 5.500000000000000000e+01 1.737151188315716119e-02
5.750000000000000000e+00 6.500000000000000000e+01 1.263410851732973093e-02
5.750000000000000000e+00 7.500000000000000000e+01 8.733157274153623487e-03
5.750000000000000000e+00 8.500000000000000000e+01 5.198068435637468940e-03
5.750000000000000000e+00 9.500000000000000000e+01 1.414926988464253752e-03
6.250000000000000000e+00 5.000000000000000000e+00 1.550678428296780285e-02
6.250000000000000000e+00 1.500000000000000000e+01 4.364932962090551510e-02
6.250000000000000000e+00 2.500000000000000000e+01 4.516528716773936941e-02
6.250000000000000000e+00 3.500000000000000000e+01 3.528555764311550047e-02
6.250000000000000000e+00 4.500000000000000000e+01 3.603560079283617268e-02
6.250000000000000000e+00 5.500000000000000000e+01 2.788904908335084615e-02
6.250000000000000000e+00 6.500000000000000000e+01 2.671627725167069131e-02
6.250000000000000000e+00 7.500000000000000000e+01 1.726150890824339548e-02
6.250000000000000000e+00 8.500000000000000000e+01 1.444273940521884590e-02
6.250000000000000000e+00 9.500000000000000000e+01 1.118698688369317018e-02
6.250000000000000000e+00 1.050000000000000000e+02 8.684175103308666016e-03
6.250000000000000000e+00 1.150000000000000000e+02 5.433326314602364600e-03
6.250000000000000000e+00 1.250000000000000000e+02 1.706445971624440420e-03
6.750000000000000000e+00 5.000000000000000000e+00 5.399229359901716249e-03
6.750000000000000000e+00 1.500000000000000000e+01 1.032134620520980262e-02
6.750000000000000000e+00 2.500000000000000000e+01 1.287127574207466880e-02
6.750000000000000000e+00 3.500000000000000000e+01 1.352934752994746498e-02
6.750000000000000000e+00 4.500000000000000000e+01 1.156239075371578821e-02
6.750000000000000000e+00 5.500000000000000000e+01 1.099117072498460163e-02
6.750000000000000000e+00 6.500000000000000000e+01 1.116616529329894116e-02
6.750000000000000000e+00 7.500000000000000000e+01 8.618947585734205996e-03
6.750000000000000000e+00 8.500000000000000000e+01 6.327627499184961327e-03
6.750000000000000000e+00 9.500000000000000000e+01 6.180375406767535558e-03
6.750000000000000000e+00 1.050000000000000000e+02 5.974516923833798551e-03
6.750000000000000000e+00 1.150000000000000000e+02 5.436692442085910328e-03
6.750000000000000000e+00 1.250000000000000000e+02 5.090468564716220737e-03
6.750000000000000000e+00 1.350000000000000000e+02 2.945005585901539196e-03
6.750000000000000000e+00 1.450000000000000000e+02 9.018353056236041434e-04
7.250000000000000000e+00 5.000000000000000000e+00 4.351450027989935652e-03
7.250000000000000000e+00 1.500000000000000000e+01 5.361769528570242867e-03
7.250000000000000000e+00 2.500000000000000000e+01 6.263937651971810544e-03
7.250000000000000000e+00 3.500000000000000000e+01 6.663359058761138091e-03
7.250000000000000000e+00 4.500000000000000000e+01 6.067014131193433635e-03
7.250000000000000000e+00 5.500000000000000000e+01 6.759248902599713539e-03
7.250000000000000000e+00 6.500000000000000000e+01 5.047313829926168040e-03
7.250000000000000000e+00 7.500000000000000000e+01 4.536991308928850150e-03
7.250000000000000000e+00 8.500000000000000000e+01 3.937201013945425092e-03
7.250000000000000000e+00 9.500000000000000000e+01 3.905256329242844538e-03
7.250000000000000000e+00 1.050000000000000000e+02 3.944951212631306152e-03
7.250000000000000000e+00 1.150000000000000000e+02 3.635482730780363516e-03
7.250000000000000000e+00 1.250000000000000000e+02 3.255101488236505306e-03
7.250000000000000000e+00 1.350000000000000000e+02 3.019310217253919158e-03
7.250000000000000000e+00 1.450000000000000000e+02 2.207196119901646582e-03
7.250000000000000000e+00 1.550000000000000000e+02 1.148951131550407121e-03
7.250000000000000000e+00 1.650000000000000000e+02 1.323090982935284509e-04
7.750000000000000000e+00 5.000000000000000000e+00 4.243430995287933959e-04
7.750000000000000000e+00 1.500000000000000000e+01 3.987942157322411029e-04
7.750000000000000000e+00 2.500000000000000000e+01 3.875539981739661247e-04
7.750000000000000000e+00 3.500000000000000000e+01 4.400040808693012973e-04
7.750000000000000000e+00 4.500000000000000000e+01 4.491134831743418530e-04
7.750000000000000000e+00 5.500000000000000000e+01 4.424240171911328671e-04
7.750000000000000000e+00 6.500000000000000000e+01 5.439439239831827914e-04
7.750000000000000000e+00 7.500000000000000000e+01 6.938644981568673018e-04
7.750000000000000000e+00 8.500000000000000000e+01 7.983369025466429672e-04
7.750000000000000000e+00 9.500000000000000000e+01 7.797316214557785266e-04
7.750000000000000000e+00 1.050000000000000000e+02 7.174906320463860301e-04
7.750000000000000000e+00 1.150000000000000000e+02 5.498266733408220140e-04
7.750000000000000000e+00 1.250000000000000000e+02 6.179401386442376744e-04
7.750000000000000000e+00 1.350000000000000000e+02 4.061514582535597135e-04
7.750000000000000000e+00 1.450000000000000000e+02 4.248361425668372923e-04
7.750000000000000000e+00 1.550000000000000000e+02 3.450042118307651063e-04
7.750000000000000000e+00 1.650000000000000000e+02 2.818098660583521478e-04
7.750000000000000000e+00 1.750000000000000000e+02 2.652203806512253755e-05
8.250000000000000000e+00 1.500000000000000000e+01 3.261075246713965797e-05
8.250000000000000000e+00 2.500000000000000000e+01 4.127702423921532175e-05
8.250000000000000000e+00 3.500000000000000000e+01 4.331536215828246992e-05
8.250000000000000000e+00 4.500000000000000000e+01 3.585041145211141986e-05
8.250000000000000000e+00 5.500000000000000000e+01 3.245118780205191619e-05
8.250000000000000000e+00 6.500000000000000000e+01 4.781318377579653963e-05
8.250000000000000000e+00 7.500000000000000000e+01 5.148512991119727738e-05
8.250000000000000000e+00 8.500000000000000000e+01 5.187326572533210156e-05
8.250000000000000000e+00 9.500000000000000000e+01 4.733222806512990544e-05
8.250000000000000000e+00 1.050000000000000000e+02 2.896581979439536041e-05
8.250000000000000000e+00 1.150000000000000000e+02 3.573967377338114094e-05
8.250000000000000000e+00 1.250000000000000000e+02 2.728911274697348271e-05
8.250000000000000000e+00 1.350000000000000000e+02 2.889199584942293559e-05
8.250000000000000000e+00 1.450000000000000000e+02 2.286057902530999687e-05
8.250000000000000000e+00 1.550000000000000000e+02 1.769736669864852428e-05
8.250000000000000000e+00 1.650000000000000000e+02 1.301211114721821283e-05
8.250000000000000000e+00 1.750000000000000000e+02 6.461498634529078601e-06
