5.250000000000000000e+00 5.000000000000000000e+00 4.115018602616992566e-02
5.250000000000000000e+00 1.500000000000000000e+01 2.977596978532021654e-01
5.250000000000000000e+00 2.500000000000000000e+01 3.507484985886807904e-02
5.250000000000000000e+00 3.500000000000000000e+01 3.329611650190290612e-03
5.250000000000000000e+00 4.500000000000000000e+01 1.088607114549946603e-04
5.750000000000000000e+00 5.000000000000000000e+00 4.533508703718282240e-02
5.750000000000000000e+00 1.500000000000000000e+01 1.332377386692555621e-01
5.750000000000000000e+00 2.500000000000000000e+01 3.155734080577611567e-02
5.750000000000000000e+00 3.500000000000000000e+01 8.126255768887664238e-03
5.750000000000000000e+00 4.500000000000000000e+01 1.965132523226095773e-03
5.750000000000000000e+00 5.500000000000000000e+01 1.727453450753927669e-04
5.750000000000000000e+00 6.500000000000000000e+01 1.183830698317950570e-07
6.250000000000000000e+00 5.000000000000000000e+00 7.174550668589550761e-02
6.250000000000000000e+00 1.500000000000000000e+01 9.593923294058791240e-02
6.250000000000000000e+00 2.500000000000000000e+01 3.939315992079283485e-02
6.250000000000000000e+00 3.500000000000000000e+01 1.443332363526063193e-02
6.250000000000000000e+00 4.500000000000000000e+01 6.648432068049285083e-03
6.250000000000000000e+00 5.500000000000000000e+01 1.971406348637152334e-03
6.250000000000000000e+00 6.500000000000000000e+01 4.682105198531053784e-04
6.250000000000000000e+00 7.500000000000000000e+01 4.402199478913610054e-05
6.250000000000000000e+00 8.500000000000000000e+01 1.046217209696101517e-06
6.750000000000000000e+00 5.000000000000000000e+00 2.769204925547439841e-02
6.750000000000000000e+00 1.500000000000000000e+01 3.153186568486679442e-02
6.750000000000000000e+00 2.500000000000000000e+01 1.877209008671485227e-02
6.750000000000000000e+00 3.500000000000000000e+01 8.832048604317783644e-03
6.750000000000000000e+00 4.500000000000000000e+01 3.645378828020926030e-03
6.750000000000000000e+00 5.500000000000000000e+01 1.670522236089659347e-03
6.750000000000000000e+00 6.500000000000000000e+01 7.665213383451780892e-04
6.750000000000000000e+00 7.500000000000000000e+01 1.991665269446912475e-04
6.750000000000000000e+00 8.500000000000000000e+01 3.363617302353430331e-05
6.750000000000000000e+00 9.500000000000000000e+01 2.989197063616794297e-06
7.250000000000000000e+00 5.000000000000000000e+00 2.224122675532383409e-02
7.250000000000000000e+00 1.500000000000000000e+01 2.014731540423479392e-02
7.250000000000000000e+00 2.500000000000000000e+01 1.343651804033669725e-02
7.250000000000000000e+00 3.500000000000000000e+01 7.472697782436417240e-03
7.250000000000000000e+00 4.500000000000000000e+01 3.534486348852497548e-03
7.250000000000000000e+00 5.500000000000000000e+01 1.978624066071273026e-03
7.250000000000000000e+00 6.500000000000000000e+01 7.676355843741493497e-04
7.250000000000000000e+00 7.500000000000000000e+01 3.453905047064909539e-04
7.250000000000000000e+00 8.500000000000000000e+01 1.350394582869620286e-04
7.250000000000000000e+00 9.500000000000000000e+01 4.747554726188999525e-05
7.250000000000000000e+00 1.050000000000000000e+02 1.024519436609435001e-05
7.250000000000000000e+00 1.150000000000000000e+02 7.358222955908966369e-07
7.750000000000000000e+00 5.000000000000000000e+00 2.313345501893697247e-03
7.750000000000000000e+00 1.500000000000000000e+01 1.823333815841667992e-03
7.750000000000000000e+00 2.500000000000000000e+01 1.322991255197704906e-03
7.750000000000000000e+00 3.500000000000000000e+01 9.240655713877851327e-04
7.750000000000000000e+00 4.500000000000000000e+01 4.780977150845033027e-04
7.750000000000000000e+00 5.500000000000000000e+01 2.826641282906677106e-04
7.750000000000000000e+00 6.500000000000000000e+01 2.093766224800475649e-04
7.750000000000000000e+00 7.500000000000000000e+01 1.546125209390443055e-04
7.750000000000000000e+00 8.500000000000000000e+01 9.167238270309227880e-05
7.750000000000000000e+00 9.500000000000000000e+01 4.568733482067012264e-05
7.750000000000000000e+00 1.050000000000000000e+02 1.701566368956430381e-05
7.750000000000000000e+00 1.150000000000000000e+02 4.080132617481284291e-06
7.750000000000000000e+00 1.250000000000000000e+02 5.708386847712835706e-07
7.750000000000000000e+00 1.350000000000000000e+02 1.178395283909553411e-09
8.250000000000000000e+00 1.500000000000000000e+01 1.743102768706091519e-04
8.250000000000000000e+00 2.500000000000000000e+01 1.504095448376075957e-04
8.250000000000000000e+00 3.500000000000000000e+01 1.140340244239735582e-04
8.250000000000000000e+00 4.500000000000000000e+01 5.712222998203523970e-05
8.250000000000000000e+00 5.500000000000000000e+01 3.488251438261072012e-05
8.250000000000000000e+00 6.500000000000000000e+01 3.141610261285408487e-05
8.250000000000000000e+00 7.500000000000000000e+01 2.083955685698636956e-05
8.250000000000000000e+00 8.500000000000000000e+01 1.286671626430264880e-05
8.250000000000000000e+00 9.500000000000000000e+01 6.826617514868289028e-06
8.250000000000000000e+00 1.050000000000000000e+02 2.330071014032722184e-06
8.250000000000000000e+00 1.150000000000000000e+02 1.370570009585164456e-06
8.250000000000000000e+00 1.250000000000000000e+02 3.565701984588252004e-07
8.250000000000000000e+00 1.350000000000000000e+02 9.076629584250869779e-08
8.250000000000000000e+00 1.450000000000000000e+02 6.373867873225629115e-09
