5.750000000000000000e+00 5.000000000000000000e+00 1.042756236390061323e-03
5.750000000000000000e+00 1.500000000000000000e+01 3.756596948983651168e-05
6.250000000000000000e+00 5.000000000000000000e+00 1.123706627070327202e-01
6.250000000000000000e+00 1.500000000000000000e+01 7.513202374190930052e-03
6.750000000000000000e+00 5.000000000000000000e+00 2.186747421807160585e-01
6.750000000000000000e+00 1.500000000000000000e+01 7.563151273230200866e-02
6.750000000000000000e+00 2.500000000000000000e+01 3.631556539234725425e-04
7.250000000000000000e+00 5.000000000000000000e+00 2.972522721623026554e-01
7.250000000000000000e+00 1.500000000000000000e+01 1.704622516864027770e-01
7.250000000000000000e+00 2.500000000000000000e+01 1.309164661916871995e-02
7.250000000000000000e+00 3.500000000000000000e+01 2.017788063602597378e-04
7.750000000000000000e+00 5.000000000000000000e+00 5.260611143955128827e-02
7.750000000000000000e+00 1.500000000000000000e+01 3.282794889243705744e-02
7.750000000000000000e+00 2.500000000000000000e+01 1.056510369088453118e-02
7.750000000000000000e+00 3.500000000000000000e+01 8.117213094614948981e-04
7.750000000000000000e+00 4.500000000000000000e+01 5.605953835721721751e-06
8.250000000000000000e+00 1.500000000000000000e+01 5.405307778521186574e-03
8.250000000000000000e+00 2.500000000000000000e+01 8.943922840321070090e-04
8.250000000000000000e+00 3.500000000000000000e+01 2.193083588352402031e-04
8.250000000000000000e+00 4.500000000000000000e+01 2.018174757331079325e-05
8.250000000000000000e+00 5.500000000000000000e+01 2.771416588559748046e-06
