5.250000000000000000e+00 5.000000000000000000e+00 9.841836926009693912e-03
5.250000000000000000e+00 1.500000000000000000e+01 2.974015662191733730e-02
5.750000000000000000e+00 5.000000000000000000e+00 5.610580770436777998e-02
5.750000000000000000e+00 1.500000000000000000e+01 5.721765736928491330e-02
5.750000000000000000e+00 2.500000000000000000e+01 7.974011686343814064e-04
6.250000000000000000e+00 5.000000000000000000e+00 1.949898978136825889e-01
6.250000000000000000e+00 1.500000000000000000e+01 1.114156032221539083e-01
6.250000000000000000e+00 2.500000000000000000e+01 1.791784175060812806e-02
6.250000000000000000e+00 3.500000000000000000e+01 3.832269543580197040e-03
6.250000000000000000e+00 4.500000000000000000e+01 7.247748937940447136e-04
6.250000000000000000e+00 5.500000000000000000e+01 7.391612489653959131e-05
6.750000000000000000e+00 5.000000000000000000e+00 1.247777848941745704e-01
6.750000000000000000e+00 1.500000000000000000e+01 9.737604707104004220e-02
6.750000000000000000e+00 2.500000000000000000e+01 3.257429884499440237e-02
6.750000000000000000e+00 3.500000000000000000e+01 1.058599661783217460e-02
6.750000000000000000e+00 4.500000000000000000e+01 3.361768919546286559e-03
6.750000000000000000e+00 5.500000000000000000e+01 1.092715865999932968e-03
6.750000000000000000e+00 6.500000000000000000e+01 3.191276207083878960e-04
6.750000000000000000e+00 7.500000000000000000e+01 3.596533246387322990e-05
6.750000000000000000e+00 8.500000000000000000e+01 5.561594568476621575e-08
7.250000000000000000e+00 5.000000000000000000e+00 1.019613501727371779e-01
7.250000000000000000e+00 1.500000000000000000e+01 7.450834133943204374e-02
7.250000000000000000e+00 2.500000000000000000e+01 2.905778376448139508e-02
7.250000000000000000e+00 3.500000000000000000e+01 9.885482957279822375e-03
7.250000000000000000e+00 4.500000000000000000e+01 3.465206369324941912e-03
7.250000000000000000e+00 5.500000000000000000e+01 1.487711117839216534e-03
7.250000000000000000e+00 6.500000000000000000e+01 4.010910973474887523e-04
7.250000000000000000e+00 7.500000000000000000e+01 1.206576867035909976e-04
7.250000000000000000e+00 8.500000000000000000e+01 1.775982297536043010e-05
7.250000000000000000e+00 9.500000000000000000e+01 5.785208798809583974e-07
7.750000000000000000e+00 5.000000000000000000e+00 1.102035307932116258e-02
7.750000000000000000e+00 1.500000000000000000e+01 7.532323552158170371e-03
7.750000000000000000e+00 2.500000000000000000e+01 4.038117139423555955e-03
7.750000000000000000e+00 3.500000000000000000e+01 1.538849985982587145e-03
7.750000000000000000e+00 4.500000000000000000e+01 4.498539473605897196e-04
7.750000000000000000e+00 5.500000000000000000e+01 2.073151633482107881e-04
7.750000000000000000e+00 6.500000000000000000e+01 1.187196339735442885e-04
7.750000000000000000e+00 7.500000000000000000e+01 6.151920601488560306e-05
7.750000000000000000e+00 8.500000000000000000e+01 1.966332107867820644e-05
7.750000000000000000e+00 9.500000000000000000e+01 3.759043595694041632e-06
7.750000000000000000e+00 1.050000000000000000e+02 1.024383264487370767e-07
8.250000000000000000e+00 1.500000000000000000e+01 7.503267481063473224e-04
8.250000000000000000e+00 2.500000000000000000e+01 3.174266683827634624e-04
8.250000000000000000e+00 3.500000000000000000e+01 1.508655766343626546e-04
8.250000000000000000e+00 4.500000000000000000e+01 4.934226623129691914e-05
8.250000000000000000e+00 5.500000000000000000e+01 2.382776571700009487e-05
8.250000000000000000e+00 6.500000000000000000e+01 1.711438680675614609e-05
8.250000000000000000e+00 7.500000000000000000e+01 8.620922641894112929e-06
8.250000000000000000e+00 8.500000000000000000e+01 3.661216060272497287e-06
8.250000000000000000e+00 9.500000000000000000e+01 1.230592639558270946e-06
8.250000000000000000e+00 1.050000000000000000e+02 1.180100670930625710e-07
8.250000000000000000e+00 1.150000000000000000e+02 2.565493086044710078e-09
