5.250000000000000000e+00 5.000000000000000000e+00 1.024911122976598400e-02
5.250000000000000000e+00 1.500000000000000000e+01 4.573542673097086286e-02
5.250000000000000000e+00 2.500000000000000000e+01 2.280618204235716762e-03
5.250000000000000000e+00 3.500000000000000000e+01 2.556638854240699953e-04
5.250000000000000000e+00 4.500000000000000000e+01 2.071993998944594054e-06
5.750000000000000000e+00 5.000000000000000000e+00 3.044601780544396730e-02
5.750000000000000000e+00 1.500000000000000000e+01 7.720362226636051650e-02
5.750000000000000000e+00 2.500000000000000000e+01 1.854916322939025031e-02
5.750000000000000000e+00 3.500000000000000000e+01 6.202559961948145122e-03
5.750000000000000000e+00 4.500000000000000000e+01 2.760879885598288216e-03
5.750000000000000000e+00 5.500000000000000000e+01 1.034222877820981925e-03
5.750000000000000000e+00 6.500000000000000000e+01 4.074258389123633470e-04
5.750000000000000000e+00 7.500000000000000000e+01 1.727165277937871681e-04
5.750000000000000000e+00 8.500000000000000000e+01 4.628827960459518169e-05
5.750000000000000000e+00 9.500000000000000000e+01 4.300721798493367731e-06
6.250000000000000000e+00 5.000000000000000000e+00 7.205036438881146088e-02
6.250000000000000000e+00 1.500000000000000000e+01 1.114772027985347774e-01
6.250000000000000000e+00 2.500000000000000000e+01 6.125553114497778173e-02
6.250000000000000000e+00 3.500000000000000000e+01 3.369151253681267749e-02
6.250000000000000000e+00 4.500000000000000000e+01 2.458932691544099894e-02
6.250000000000000000e+00 5.500000000000000000e+01 1.486032978996309865e-02
6.250000000000000000e+00 6.500000000000000000e+01 1.148260378877244067e-02
6.250000000000000000e+00 7.500000000000000000e+01 6.312165418100899178e-03
6.250000000000000000e+00 8.500000000000000000e+01 4.486869216062095399e-03
6.250000000000000000e+00 9.500000000000000000e+01 3.080221623463020100e-03
6.250000000000000000e+00 1.050000000000000000e+02 2.618806087377904823e-03
6.250000000000000000e+00 1.150000000000000000e+02 1.814926808074650288e-03
6.250000000000000000e+00 1.250000000000000000e+02 6.217948792145326165e-04
6.750000000000000000e+00 5.000000000000000000e+00 3.133563918418665051e-02
6.750000000000000000e+00 1.500000000000000000e+01 4.660364997688926786e-02
6.750000000000000000e+00 2.500000000000000000e+01 4.070299288215670913e-02
6.750000000000000000e+00 3.500000000000000000e+01 3.038136980053977518e-02
6.750000000000000000e+00 4.500000000000000000e+01 2.012826919314820995e-02
6.750000000000000000e+00 5.500000000000000000e+01 1.576965774287969121e-02
6.750000000000000000e+00 6.500000000000000000e+01 1.362105964519869788e-02
6.750000000000000000e+00 7.500000000000000000e+01 9.111343468283683578e-03
6.750000000000000000e+00 8.500000000000000000e+01 5.944197816045551468e-03
6.750000000000000000e+00 9.500000000000000000e+01 5.454331910787483390e-03
6.750000000000000000e+00 1.050000000000000000e+02 4.886226340693159038e-03
6.750000000000000000e+00 1.150000000000000000e+02 4.217406252331423050e-03
6.750000000000000000e+00 1.250000000000000000e+02 3.641055952138527556e-03
6.750000000000000000e+00 1.350000000000000000e+02 2.121129691999439331e-03
6.750000000000000000e+00 1.450000000000000000e+02 7.000418445882594523e-04
7.250000000000000000e+00 5.000000000000000000e+00 2.586138728498680456e-02
7.250000000000000000e+00 1.500000000000000000e+01 2.805477260468119960e-02
7.250000000000000000e+00 2.500000000000000000e+01 2.637868433552192221e-02
7.250000000000000000e+00 3.500000000000000000e+01 2.214056219298961292e-02
7.250000000000000000e+00 4.500000000000000000e+01 1.646172067122637916e-02
7.250000000000000000e+00 5.500000000000000000e+01 1.528530321891050960e-02
7.250000000000000000e+00 6.500000000000000000e+01 1.009459350685916815e-02
7.250000000000000000e+00 7.500000000000000000e+01 8.204043551882631014e-03
7.250000000000000000e+00 8.500000000000000000e+01 6.769389830013424966e-03
7.250000000000000000e+00 9.500000000000000000e+01 6.331639625807785818e-03
7.250000000000000000e+00 1.050000000000000000e+02 6.148615127170344204e-03
7.250000000000000000e+00 1.150000000000000000e+02 5.297928979741706526e-03
7.250000000000000000e+00 1.250000000000000000e+02 4.506716997305135197e-03
7.250000000000000000e+00 1.350000000000000000e+02 4.021329298613327344e-03
7.250000000000000000e+00 1.450000000000000000e+02 2.844884557383525834e-03
7.250000000000000000e+00 1.550000000000000000e+02 1.548863007191390211e-03
7.250000000000000000e+00 1.650000000000000000e+02 2.066134307504250702e-04
7.750000000000000000e+00 5.000000000000000000e+00 2.628237722238667157e-03
7.750000000000000000e+00 1.500000000000000000e+01 2.333190976757043046e-03
7.750000000000000000e+00 2.500000000000000000e+01 2.079507643659019717e-03
7.750000000000000000e+00 3.500000000000000000e+01 2.058127322224796198e-03
7.750000000000000000e+00 4.500000000000000000e+01 1.777972732392551396e-03
7.750000000000000000e+00 5.500000000000000000e+01 1.602202215398826433e-03
7.750000000000000000e+00 6.500000000000000000e+01 1.824110248527652982e-03
7.750000000000000000e+00 7.500000000000000000e+01 2.184042482954487354e-03
7.750000000000000000e+00 8.500000000000000000e+01 2.280494082926758006e-03
7.750000000000000000e+00 9.500000000000000000e+01 2.156841695391637989e-03
7.750000000000000000e+00 1.050000000000000000e+02 1.864730103365424283e-03
7.750000000000000000e+00 1.150000000000000000e+02 1.381806533009578494e-03
7.750000000000000000e+00 1.250000000000000000e+02 1.468157119737723958e-03
7.750000000000000000e+00 1.350000000000000000e+02 9.751657231157432335e-04
7.750000000000000000e+00 1.450000000000000000e+02 9.818182397794187298e-04
7.750000000000000000e+00 1.550000000000000000e+02 7.975469850982454863e-04
7.750000000000000000e+00 1.650000000000000000e+02 6.572696857507839959e-04
7.750000000000000000e+00 1.750000000000000000e+02 6.688020639050891447e-05
8.250000000000000000e+00 1.500000000000000000e+01 2.045322427157298382e-04
8.250000000000000000e+00 2.500000000000000000e+01 2.409192210263206744e-04
8.250000000000000000e+00 3.500000000000000000e+01 2.378055315164531963e-04
8.250000000000000000e+00 4.500000000000000000e+01 1.739198598845511767e-04
8.250000000000000000e+00 5.500000000000000000e+01 1.475310124479405267e-04
8.250000000000000000e+00 6.500000000000000000e+01 2.078964311764585813e-04
8.250000000000000000e+00 7.500000000000000000e+01 2.106559176817903345e-04
8.250000000000000000e+00 8.500000000000000000e+01 2.039939619185840349e-04
8.250000000000000000e+00 9.500000000000000000e+01 1.782037374162874174e-04
8.250000000000000000e+00 1.050000000000000000e+02 1.060498293523297732e-04
8.250000000000000000e+00 1.150000000000000000e+02 1.256037057207379075e-04
8.250000000000000000e+00 1.250000000000000000e+02 9.314591239226925699e-05
8.250000000000000000e+00 1.350000000000000000e+02 9.477033637619747416e-05
8.250000000000000000e+00 1.450000000000000000e+02 7.542227973792828039e-05
8.250000000000000000e+00 1.550000000000000000e+02 5.533850011801259990e-05
8.250000000000000000e+00 1.650000000000000000e+02 4.083219994153848917e-05
8.250000000000000000e+00 1.750000000000000000e+02 1.811284428336519344e-05
