5.250000000000000000e+00 5.000000000000000000e+00 1.235497317538893254e-02
5.250000000000000000e+00 1.500000000000000000e+01 2.101670498547367483e-01
5.250000000000000000e+00 2.500000000000000000e+01 1.269617265931302641e-01
5.250000000000000000e+00 3.500000000000000000e+01 5.188767826858369653e-02
5.250000000000000000e+00 4.500000000000000000e+01 2.169513571498136312e-02
5.250000000000000000e+00 5.500000000000000000e+01 8.113054061958023533e-03
5.250000000000000000e+00 6.500000000000000000e+01 2.114570938493744168e-03
5.250000000000000000e+00 7.500000000000000000e+01 5.390536630797857984e-04
5.750000000000000000e+00 5.000000000000000000e+00 9.206602860256280635e-03
5.750000000000000000e+00 1.500000000000000000e+01 7.264959532316922486e-02
5.750000000000000000e+00 2.500000000000000000e+01 5.647612691768791326e-02
5.750000000000000000e+00 3.500000000000000000e+01 3.535492980280406650e-02
5.750000000000000000e+00 4.500000000000000000e+01 2.384140650741659734e-02
5.750000000000000000e+00 5.500000000000000000e+01 1.291761530451782450e-02
5.750000000000000000e+00 6.500000000000000000e+01 6.870807826103348531e-03
5.750000000000000000e+00 7.500000000000000000e+01 3.327627915431118164e-03
5.750000000000000000e+00 8.500000000000000000e+01 1.298316616368939492e-03
5.750000000000000000e+00 9.500000000000000000e+01 2.377517325512219879e-04
6.250000000000000000e+00 5.000000000000000000e+00 1.504837662737911440e-02
6.250000000000000000e+00 1.500000000000000000e+01 4.275392786502033721e-02
6.250000000000000000e+00 2.500000000000000000e+01 4.390291483518065502e-02
6.250000000000000000e+00 3.500000000000000000e+01 3.225084780689990716e-02
6.250000000000000000e+00 4.500000000000000000e+01 2.975526696428551846e-02
6.250000000000000000e+00 5.500000000000000000e+01 1.941180859756494112e-02
6.250000000000000000e+00 6.500000000000000000e+01 1.476318487414073413e-02
6.250000000000000000e+00 7.500000000000000000e+01 7.315884711381586379e-03
6.250000000000000000e+00 8.500000000000000000e+01 4.571995189859432568e-03
6.250000000000000000e+00 9.500000000000000000e+01 2.448863697305257280e-03
6.250000000000000000e+00 1.050000000000000000e+02 1.365722017667039476e-03
6.250000000000000000e+00 1.150000000000000000e+02 6.061148714956205059e-04
6.250000000000000000e+00 1.250000000000000000e+02 1.335417406554798329e-04
6.750000000000000000e+00 5.000000000000000000e+00 5.221245750423658336e-03
6.750000000000000000e+00 1.500000000000000000e+01 9.890317483193682147e-03
6.750000000000000000e+00 2.500000000000000000e+01 1.207974406809685791e-02
6.750000000000000000e+00 3.500000000000000000e+01 1.209080138365250037e-02
6.750000000000000000e+00 4.500000000000000000e+01 9.550800706598212148e-03
6.750000000000000000e+00 5.500000000000000000e+01 8.104402771310472223e-03
6.750000000000000000e+00 6.500000000000000000e+01 7.108230891523887804e-03
6.750000000000000000e+00 7.500000000000000000e+01 4.504936940517792303e-03
6.750000000000000000e+00 8.500000000000000000e+01 2.642895589206782029e-03
6.750000000000000000e+00 9.500000000000000000e+01 2.016240362672329974e-03
6.750000000000000000e+00 1.050000000000000000e+02 1.434329444249026267e-03
6.750000000000000000e+00 1.150000000000000000e+02 9.210890057360926345e-04
6.750000000000000000e+00 1.250000000000000000e+02 5.748808068210152153e-04
6.750000000000000000e+00 1.350000000000000000e+02 2.350416635553569437e-04
6.750000000000000000e+00 1.450000000000000000e+02 5.524191583081404657e-05
7.250000000000000000e+00 5.000000000000000000e+00 4.207339992939875331e-03
7.250000000000000000e+00 1.500000000000000000e+01 5.161150267201109962e-03
7.250000000000000000e+00 2.500000000000000000e+01 5.964604502950657770e-03
7.250000000000000000e+00 3.500000000000000000e+01 6.200155699543360467e-03
7.250000000000000000e+00 4.500000000000000000e+01 5.399763353672554049e-03
7.250000000000000000e+00 5.500000000000000000e+01 5.561540658839717391e-03
7.250000000000000000e+00 6.500000000000000000e+01 3.750675242054929675e-03
7.250000000000000000e+00 7.500000000000000000e+01 2.961126374492844410e-03
7.250000000000000000e+00 8.500000000000000000e+01 2.203802147587729729e-03
7.250000000000000000e+00 9.500000000000000000e+01 1.828267320951604226e-03
7.250000000000000000e+00 1.050000000000000000e+02 1.470334080986794101e-03
7.250000000000000000e+00 1.150000000000000000e+02 1.036899090062140668e-03
7.250000000000000000e+00 1.250000000000000000e+02 6.795797942515924804e-04
7.250000000000000000e+00 1.350000000000000000e+02 4.392226287467662573e-04
7.250000000000000000e+00 1.450000000000000000e+02 2.187439803054599388e-04
7.250000000000000000e+00 1.550000000000000000e+02 8.364697966403098752e-05
7.250000000000000000e+00 1.650000000000000000e+02 8.819974715911524463e-06
7.750000000000000000e+00 5.000000000000000000e+00 4.106436060941994924e-04
7.750000000000000000e+00 1.500000000000000000e+01 3.853595114872236096e-04
7.750000000000000000e+00 2.500000000000000000e+01 3.734533006811711952e-04
7.750000000000000000e+00 3.500000000000000000e+01 4.209462892284569443e-04
7.750000000000000000e+00 4.500000000000000000e+01 4.209588413852266586e-04
7.750000000000000000e+00 5.500000000000000000e+01 4.009767035800902301e-04
7.750000000000000000e+00 6.500000000000000000e+01 4.694004219428960130e-04
7.750000000000000000e+00 7.500000000000000000e+01 5.570296323032980544e-04
7.750000000000000000e+00 8.500000000000000000e+01 5.745543306657853498e-04
7.750000000000000000e+00 9.500000000000000000e+01 4.921942178132218291e-04
7.750000000000000000e+00 1.050000000000000000e+02 3.838914551469702172e-04
7.750000000000000000e+00 1.150000000000000000e+02 2.449247175597237588e-04
7.750000000000000000e+00 1.250000000000000000e+02 2.144954790247582130e-04
7.750000000000000000e+00 1.350000000000000000e+02 1.108753626322160288e-04
7.750000000000000000e+00 1.450000000000000000e+02 8.408762326877165924e-05
7.750000000000000000e+00 1.550000000000000000e+02 5.032872874280403338e-05
7.750000000000000000e+00 1.650000000000000000e+02 2.997655099581389158e-05
7.750000000000000000e+00 1.750000000000000000e+02 2.465402654841839609e-06
8.250000000000000000e+00 1.500000000000000000e+01 3.156751545273863590e-05
8.250000000000000000e+00 2.500000000000000000e+01 3.990884975378172859e-05
8.250000000000000000e+00 3.500000000000000000e+01 4.184313474910645746e-05
8.250000000000000000e+00 4.500000000000000000e+01 3.441504761827426814e-05
8.250000000000000000e+00 5.500000000000000000e+01 3.071250715923904339e-05
8.250000000000000000e+00 6.500000000000000000e+01 4.375268144830426949e-05
8.250000000000000000e+00 7.500000000000000000e+01 4.502766823003083983e-05
8.250000000000000000e+00 8.500000000000000000e+01 4.258722152362105865e-05
8.250000000000000000e+00 9.500000000000000000e+01 3.561083298392587429e-05
8.250000000000000000e+00 1.050000000000000000e+02 1.965185717555236546e-05
8.250000000000000000e+00 1.150000000000000000e+02 2.099661908323888673e-05
8.250000000000000000e+00 1.250000000000000000e+02 1.342185086767487514e-05
8.250000000000000000e+00 1.350000000000000000e+02 1.142437107062741226e-05
8.250000000000000000e+00 1.450000000000000000e+02 7.231353992997887709e-06
8.250000000000000000e+00 1.550000000000000000e+02 4.073399912992357899e-06
8.250000000000000000e+00 1.650000000000000000e+02 2.191170144889802174e-06
8.250000000000000000e+00 1.750000000000000000e+02 6.779957750309605724e-07
