5.250000000000000000e+00 5.000000000000000000e+00 6.368576842082474855e-03
5.250000000000000000e+00 1.500000000000000000e+01 2.334546465784202024e-02
5.750000000000000000e+00 5.000000000000000000e+00 4.854727983400819458e-02
5.750000000000000000e+00 1.500000000000000000e+01 5.225724286173218797e-02
5.750000000000000000e+00 2.500000000000000000e+01 1.120966558929721232e-03
6.250000000000000000e+00 5.000000000000000000e+00 1.812463716757270749e-01
6.250000000000000000e+00 1.500000000000000000e+01 1.109490022224505767e-01
6.250000000000000000e+00 2.500000000000000000e+01 1.999073990458401576e-02
6.250000000000000000e+00 3.500000000000000000e+01 5.259496213351389296e-03
6.250000000000000000e+00 4.500000000000000000e+01 1.521844778996927572e-03
6.250000000000000000e+00 5.500000000000000000e+01 3.549103282071454368e-04
6.250000000000000000e+00 6.500000000000000000e+01 4.748299708363103676e-05
6.750000000000000000e+00 5.000000000000000000e+00 1.198587508311856620e-01
6.750000000000000000e+00 1.500000000000000000e+01 9.663811097831939700e-02
6.750000000000000000e+00 2.500000000000000000e+01 3.535987042649203771e-02
6.750000000000000000e+00 3.500000000000000000e+01 1.313664244102863768e-02
6.750000000000000000e+00 4.500000000000000000e+01 4.916473669798046217e-03
6.750000000000000000e+00 5.500000000000000000e+01 2.166956572993651055e-03
6.750000000000000000e+00 6.500000000000000000e+01 1.052508647795023095e-03
6.750000000000000000e+00 7.500000000000000000e+01 3.764972532872740184e-04
6.750000000000000000e+00 8.500000000000000000e+01 9.578257459018645103e-05
6.750000000000000000e+00 9.500000000000000000e+01 1.413360271409100943e-05
6.750000000000000000e+00 1.050000000000000000e+02 3.036805242752262205e-09
7.250000000000000000e+00 5.000000000000000000e+00 1.036547214708112286e-01
7.250000000000000000e+00 1.500000000000000000e+01 7.854161744615001384e-02
7.250000000000000000e+00 2.500000000000000000e+01 3.485037042631129733e-02
7.250000000000000000e+00 3.500000000000000000e+01 1.426436519989328008e-02
7.250000000000000000e+00 4.500000000000000000e+01 5.989006870833534467e-03
7.250000000000000000e+00 5.500000000000000000e+01 3.301957265249549217e-03
7.250000000000000000e+00 6.500000000000000000e+01 1.346495472608554792e-03
7.250000000000000000e+00 7.500000000000000000e+01 6.636827979365660709e-04
7.250000000000000000e+00 8.500000000000000000e+01 3.311175814750690169e-04
7.250000000000000000e+00 9.500000000000000000e+01 1.601820675886640819e-04
7.250000000000000000e+00 1.050000000000000000e+02 6.648612720354653781e-05
7.250000000000000000e+00 1.150000000000000000e+02 1.427169964322555615e-05
7.250000000000000000e+00 1.250000000000000000e+02 2.030259268989881151e-06
7.250000000000000000e+00 1.350000000000000000e+02 1.697397980117510775e-09
7.750000000000000000e+00 5.000000000000000000e+00 1.183030656090399216e-02
7.750000000000000000e+00 1.500000000000000000e+01 8.327593555537299644e-03
7.750000000000000000e+00 2.500000000000000000e+01 4.927310587156375453e-03
7.750000000000000000e+00 3.500000000000000000e+01 2.366164981355642176e-03
7.750000000000000000e+00 4.500000000000000000e+01 9.374500121166125547e-04
7.750000000000000000e+00 5.500000000000000000e+01 5.528667176565081696e-04
7.750000000000000000e+00 6.500000000000000000e+01 4.123501527184740643e-04
7.750000000000000000e+00 7.500000000000000000e+01 3.247903915544002166e-04
7.750000000000000000e+00 8.500000000000000000e+01 2.028925195464738578e-04
7.750000000000000000e+00 9.500000000000000000e+01 1.228597986463596410e-04
7.750000000000000000e+00 1.050000000000000000e+02 6.282178477215828239e-05
7.750000000000000000e+00 1.150000000000000000e+02 2.965508405167997338e-05
7.750000000000000000e+00 1.250000000000000000e+02 1.382741998113382899e-05
7.750000000000000000e+00 1.350000000000000000e+02 3.305380124545584981e-06
7.750000000000000000e+00 1.450000000000000000e+02 4.735374811740962518e-07
7.750000000000000000e+00 1.550000000000000000e+02 5.373266353521772981e-08
8.250000000000000000e+00 1.500000000000000000e+01 9.006451888670975736e-04
8.250000000000000000e+00 2.500000000000000000e+01 5.091585720354298815e-04
8.250000000000000000e+00 3.500000000000000000e+01 3.005650871427962135e-04
8.250000000000000000e+00 4.500000000000000000e+01 1.157487524684356006e-04
8.250000000000000000e+00 5.500000000000000000e+01 6.848246826568563919e-05
8.250000000000000000e+00 6.500000000000000000e+01 6.611745203896503395e-05
8.250000000000000000e+00 7.500000000000000000e+01 4.522496144268885583e-05
8.250000000000000000e+00 8.500000000000000000e+01 3.107580586108277612e-05
8.250000000000000000e+00 9.500000000000000000e+01 1.927099621218136165e-05
8.250000000000000000e+00 1.050000000000000000e+02 7.453001728627634436e-06
8.250000000000000000e+00 1.150000000000000000e+02 5.583656801124049565e-06
8.250000000000000000e+00 1.250000000000000000e+02 2.370776039845029114e-06
8.250000000000000000e+00 1.350000000000000000e+02 1.438619431065272095e-06
8.250000000000000000e+00 1.450000000000000000e+02 6.520228146720299333e-07
8.250000000000000000e+00 1.550000000000000000e+02 7.160750239957696188e-08
8.250000000000000000e+00 1.650000000000000000e+02 3.522705417713607849e-09
