5.250000000000000000e+00 5.000000000000000000e+00 3.488011547986125810e-02
5.250000000000000000e+00 1.500000000000000000e+01 2.290267010478455600e-01
5.250000000000000000e+00 2.500000000000000000e+01 2.106492288444914915e-02
5.250000000000000000e+00 3.500000000000000000e+01 1.736519862334804428e-03
5.250000000000000000e+00 4.500000000000000000e+01 4.112700620666012594e-05
5.750000000000000000e+00 5.000000000000000000e+00 4.468643405263424129e-02
5.750000000000000000e+00 1.500000000000000000e+01 1.244730756618043777e-01
5.750000000000000000e+00 2.500000000000000000e+01 2.936969871012218639e-02
5.750000000000000000e+00 3.500000000000000000e+01 7.555486906997413953e-03
5.750000000000000000e+00 4.500000000000000000e+01 1.866066025524761984e-03
5.750000000000000000e+00 5.500000000000000000e+01 2.235662148925214143e-04
5.750000000000000000e+00 6.500000000000000000e+01 1.855452583849918055e-06
6.250000000000000000e+00 5.000000000000000000e+00 7.509953017392528851e-02
6.250000000000000000e+00 1.500000000000000000e+01 1.070103340957390681e-01
6.250000000000000000e+00 2.500000000000000000e+01 4.975770556557097130e-02
6.250000000000000000e+00 3.500000000000000000e+01 2.056157679001648433e-02
6.250000000000000000e+00 4.500000000000000000e+01 1.035480153952904152e-02
6.250000000000000000e+00 5.500000000000000000e+01 3.647699382482805317e-03
6.250000000000000000e+00 6.500000000000000000e+01 1.275797828390818570e-03
6.250000000000000000e+00 7.500000000000000000e+01 2.505461271401400328e-04
6.250000000000000000e+00 8.500000000000000000e+01 4.872448847826611306e-05
6.250000000000000000e+00 9.500000000000000000e+01 1.178889615298507721e-06
6.750000000000000000e+00 5.000000000000000000e+00 2.989253523214730965e-02
6.750000000000000000e+00 1.500000000000000000e+01 3.897421886280228592e-02
6.750000000000000000e+00 2.500000000000000000e+01 2.839258376431017319e-02
6.750000000000000000e+00 3.500000000000000000e+01 1.621859613716969059e-02
6.750000000000000000e+00 4.500000000000000000e+01 7.809426513046489361e-03
6.750000000000000000e+00 5.500000000000000000e+01 4.171303428483058399e-03
6.750000000000000000e+00 6.500000000000000000e+01 2.305310644544114346e-03
6.750000000000000000e+00 7.500000000000000000e+01 8.648926193676869387e-04
6.750000000000000000e+00 8.500000000000000000e+01 2.771889895981689161e-04
6.750000000000000000e+00 9.500000000000000000e+01 1.016233258350387184e-04
6.750000000000000000e+00 1.050000000000000000e+02 1.976178821959794849e-05
6.750000000000000000e+00 1.150000000000000000e+02 3.589029624719777851e-07
7.250000000000000000e+00 5.000000000000000000e+00 2.413326377704089892e-02
7.250000000000000000e+00 1.500000000000000000e+01 2.389815671115219989e-02
7.250000000000000000e+00 2.500000000000000000e+01 1.904372253443973803e-02
7.250000000000000000e+00 3.500000000000000000e+01 1.288168092751963700e-02
7.250000000000000000e+00 4.500000000000000000e+01 7.251400919614482514e-03
7.250000000000000000e+00 5.500000000000000000e+01 4.756280850307778064e-03
7.250000000000000000e+00 6.500000000000000000e+01 2.149710488677722409e-03
7.250000000000000000e+00 7.500000000000000000e+01 1.149007990146728130e-03
7.250000000000000000e+00 8.500000000000000000e+01 5.823020353489501491e-04
7.250000000000000000e+00 9.500000000000000000e+01 3.077134593501107233e-04
7.250000000000000000e+00 1.050000000000000000e+02 1.407959114427328204e-04
7.250000000000000000e+00 1.150000000000000000e+02 4.449873946063849354e-05
7.250000000000000000e+00 1.250000000000000000e+02 1.039756856779768840e-05
7.250000000000000000e+00 1.350000000000000000e+02 9.910185612962883238e-07
7.750000000000000000e+00 5.000000000000000000e+00 2.468643955505702738e-03
7.750000000000000000e+00 1.500000000000000000e+01 2.064353884671575688e-03
7.750000000000000000e+00 2.500000000000000000e+01 1.658235930046925415e-03
7.750000000000000000e+00 3.500000000000000000e+01 1.387895884325648617e-03
7.750000000000000000e+00 4.500000000000000000e+01 9.033513655410614412e-04
7.750000000000000000e+00 5.500000000000000000e+01 6.259556663103217839e-04
7.750000000000000000e+00 6.500000000000000000e+01 5.305838566936878307e-04
7.750000000000000000e+00 7.500000000000000000e+01 4.502623689678044903e-04
7.750000000000000000e+00 8.500000000000000000e+01 3.097656064316772133e-04
7.750000000000000000e+00 9.500000000000000000e+01 1.879482481653885044e-04
7.750000000000000000e+00 1.050000000000000000e+02 9.656285394188346102e-05
7.750000000000000000e+00 1.150000000000000000e+02 4.025167435378739503e-05
7.750000000000000000e+00 1.250000000000000000e+02 1.826988661252626275e-05
7.750000000000000000e+00 1.350000000000000000e+02 4.993116445420666143e-06
7.750000000000000000e+00 1.450000000000000000e+02 1.036819830979612140e-06
7.750000000000000000e+00 1.550000000000000000e+02 9.815673921773883496e-08
8.250000000000000000e+00 1.500000000000000000e+01 1.894148743128572742e-04
8.250000000000000000e+00 2.500000000000000000e+01 1.947895562301730132e-04
8.250000000000000000e+00 3.500000000000000000e+01 1.702216845354748219e-04
8.250000000000000000e+00 4.500000000000000000e+01 1.004142837179914337e-04
8.250000000000000000e+00 5.500000000000000000e+01 7.000868187900154355e-05
8.250000000000000000e+00 6.500000000000000000e+01 7.425856181983657683e-05
8.250000000000000000e+00 7.500000000000000000e+01 5.608107322111572176e-05
8.250000000000000000e+00 8.500000000000000000e+01 3.945277159121174154e-05
8.250000000000000000e+00 9.500000000000000000e+01 2.410330511321346874e-05
8.250000000000000000e+00 1.050000000000000000e+02 9.580647381349924603e-06
8.250000000000000000e+00 1.150000000000000000e+02 7.096018836924142217e-06
8.250000000000000000e+00 1.250000000000000000e+02 2.959914487495432069e-06
8.250000000000000000e+00 1.350000000000000000e+02 1.559004205697066536e-06
8.250000000000000000e+00 1.450000000000000000e+02 5.534226334180554511e-07
8.250000000000000000e+00 1.550000000000000000e+02 9.994060678341208571e-08
8.250000000000000000e+00 1.650000000000000000e+02 9.658581654962399251e-09
