5.250000000000000000e+00 5.000000000000000000e+00 1.800307954288665139e-03
5.250000000000000000e+00 1.500000000000000000e+01 5.622986744845604422e-03
5.750000000000000000e+00 5.000000000000000000e+00 4.362681686323448271e-02
5.750000000000000000e+00 1.500000000000000000e+01 2.539986152756828694e-02
6.250000000000000000e+00 5.000000000000000000e+00 2.332083151395600296e-01
6.250000000000000000e+00 1.500000000000000000e+01 5.517984751665227366e-02
6.250000000000000000e+00 2.500000000000000000e+01 6.697238176310388270e-04
6.750000000000000000e+00 5.000000000000000000e+00 1.930745317420869134e-01
6.750000000000000000e+00 1.500000000000000000e+01 9.027348068490019528e-02
6.750000000000000000e+00 2.500000000000000000e+01 7.334391290414205705e-03
6.750000000000000000e+00 3.500000000000000000e+01 1.670549938665138307e-04
7.250000000000000000e+00 5.000000000000000000e+00 1.784597322215387416e-01
7.250000000000000000e+00 1.500000000000000000e+01 1.066093470552002820e-01
7.250000000000000000e+00 2.500000000000000000e+01 1.478035785064294762e-02
7.250000000000000000e+00 3.500000000000000000e+01 1.007044779062117893e-03
7.250000000000000000e+00 4.500000000000000000e+01 9.439299188620329243e-06
7.750000000000000000e+00 5.000000000000000000e+00 2.196888606225718896e-02
7.750000000000000000e+00 1.500000000000000000e+01 1.397794293440017890e-02
7.750000000000000000e+00 2.500000000000000000e+01 4.701420107168416060e-03
7.750000000000000000e+00 3.500000000000000000e+01 5.509706244733055501e-04
7.750000000000000000e+00 4.500000000000000000e+01 1.175138949405447783e-05
8.250000000000000000e+00 1.500000000000000000e+01 1.346001828279590629e-03
8.250000000000000000e+00 2.500000000000000000e+01 1.852144978473948525e-04
8.250000000000000000e+00 3.500000000000000000e+01 3.331476380948621325e-05
8.250000000000000000e+00 4.500000000000000000e+01 1.258311589431921254e-06
