5.250000000000000000e+00 5.000000000000000000e+00 1.419837222636470032e-02
5.250000000000000000e+00 1.500000000000000000e+01 8.904150650413453216e-02
5.250000000000000000e+00 2.500000000000000000e+01 1.243095452992563042e-02
5.250000000000000000e+00 3.500000000000000000e+01 2.904539491712397180e-03
5.250000000000000000e+00 4.500000000000000000e+01 6.958906122686962532e-04
5.250000000000000000e+00 5.500000000000000000e+01 2.018147785966121805e-04
5.250000000000000000e+00 6.500000000000000000e+01 1.672132159773630350e-05
5.750000000000000000e+00 5.000000000000000000e+00 2.343030174639458563e-02
5.750000000000000000e+00 1.500000000000000000e+01 8.896872510525624667e-02
5.750000000000000000e+00 2.500000000000000000e+01 3.358348801115589033e-02
5.750000000000000000e+00 3.500000000000000000e+01 1.487045159737268585e-02
5.750000000000000000e+00 4.500000000000000000e+01 8.554298348469491220e-03
5.750000000000000000e+00 5.500000000000000000e+01 4.418441080849054396e-03
5.750000000000000000e+00 6.500000000000000000e+01 2.451794970062329704e-03
5.750000000000000000e+00 7.500000000000000000e+01 1.335166084150140675e-03
5.750000000000000000e+00 8.500000000000000000e+01 6.806076471410185723e-04
5.750000000000000000e+00 9.500000000000000000e+01 1.948205524227037810e-04
6.250000000000000000e+00 5.000000000000000000e+00 4.468150038014702397e-02
6.250000000000000000e+00 1.500000000000000000e+01 9.102902596455328399e-02
6.250000000000000000e+00 2.500000000000000000e+01 6.451608354169240112e-02
6.250000000000000000e+00 3.500000000000000000e+01 4.018398428305929720e-02
6.250000000000000000e+00 4.500000000000000000e+01 3.305379141642745405e-02
6.250000000000000000e+00 5.500000000000000000e+01 2.183267757423362765e-02
6.250000000000000000e+00 6.500000000000000000e+01 1.823411048645698015e-02
6.250000000000000000e+00 7.500000000000000000e+01 1.072231358896458264e-02
6.250000000000000000e+00 8.500000000000000000e+01 8.190160285688084449e-03
6.250000000000000000e+00 9.500000000000000000e+01 5.907337817640790495e-03
6.250000000000000000e+00 1.050000000000000000e+02 4.864301325151911166e-03
6.250000000000000000e+00 1.150000000000000000e+02 3.287360182365631732e-03
6.250000000000000000e+00 1.250000000000000000e+02 1.086847573149584811e-03
6.750000000000000000e+00 5.000000000000000000e+00 1.708581530800551071e-02
6.750000000000000000e+00 1.500000000000000000e+01 2.901394307635825343e-02
6.750000000000000000e+00 2.500000000000000000e+01 2.996193119937289387e-02
6.750000000000000000e+00 3.500000000000000000e+01 2.571661495571620284e-02
6.750000000000000000e+00 4.500000000000000000e+01 1.875725373408893004e-02
6.750000000000000000e+00 5.500000000000000000e+01 1.576459358276013911e-02
6.750000000000000000e+00 6.500000000000000000e+01 1.442600809667619714e-02
6.750000000000000000e+00 7.500000000000000000e+01 1.015365731077241471e-02
6.750000000000000000e+00 8.500000000000000000e+01 6.911228065618559360e-03
6.750000000000000000e+00 9.500000000000000000e+01 6.476199070116977520e-03
6.750000000000000000e+00 1.050000000000000000e+02 5.990497400407373066e-03
6.750000000000000000e+00 1.150000000000000000e+02 5.270273630553549277e-03
6.750000000000000000e+00 1.250000000000000000e+02 4.707696793157402533e-03
6.750000000000000000e+00 1.350000000000000000e+02 2.743716591505171443e-03
6.750000000000000000e+00 1.450000000000000000e+02 8.806733612960886441e-04
7.250000000000000000e+00 5.000000000000000000e+00 1.383173303599971767e-02
7.250000000000000000e+00 1.500000000000000000e+01 1.602944949773568717e-02
7.250000000000000000e+00 2.500000000000000000e+01 1.677068573724504671e-02
7.250000000000000000e+00 3.500000000000000000e+01 1.561448807173512060e-02
7.250000000000000000e+00 4.500000000000000000e+01 1.260728571525142512e-02
7.250000000000000000e+00 5.500000000000000000e+01 1.254212867348440501e-02
7.250000000000000000e+00 6.500000000000000000e+01 8.664119667716074780e-03
7.250000000000000000e+00 7.500000000000000000e+01 7.299055629101471043e-03
7.250000000000000000e+00 8.500000000000000000e+01 6.121563840608747545e-03
7.250000000000000000e+00 9.500000000000000000e+01 5.846598152168407808e-03
7.250000000000000000e+00 1.050000000000000000e+02 5.770193836393816035e-03
7.250000000000000000e+00 1.150000000000000000e+02 5.105963246860768627e-03
7.250000000000000000e+00 1.250000000000000000e+02 4.439000513530036440e-03
7.250000000000000000e+00 1.350000000000000000e+02 4.034015331209018715e-03
7.250000000000000000e+00 1.450000000000000000e+02 2.898609366345090890e-03
7.250000000000000000e+00 1.550000000000000000e+02 1.557832123936009339e-03
7.250000000000000000e+00 1.650000000000000000e+02 1.961687834639351763e-04
7.750000000000000000e+00 5.000000000000000000e+00 1.368332564091950983e-03
7.750000000000000000e+00 1.500000000000000000e+01 1.251935341863331724e-03
7.750000000000000000e+00 2.500000000000000000e+01 1.164953255024744633e-03
7.750000000000000000e+00 3.500000000000000000e+01 1.231691189579366347e-03
7.750000000000000000e+00 4.500000000000000000e+01 1.143649612409283712e-03
7.750000000000000000e+00 5.500000000000000000e+01 1.069363017802508640e-03
7.750000000000000000e+00 6.500000000000000000e+01 1.254214568317130575e-03
7.750000000000000000e+00 7.500000000000000000e+01 1.540889116984759267e-03
7.750000000000000000e+00 8.500000000000000000e+01 1.670964295773913000e-03
7.750000000000000000e+00 9.500000000000000000e+01 1.603019165168250619e-03
7.750000000000000000e+00 1.050000000000000000e+02 1.421956082317956099e-03
7.750000000000000000e+00 1.150000000000000000e+02 1.069974952465612902e-03
7.750000000000000000e+00 1.250000000000000000e+02 1.165279642339873316e-03
7.750000000000000000e+00 1.350000000000000000e+02 7.736876573727008780e-04
7.750000000000000000e+00 1.450000000000000000e+02 7.950925855842209348e-04
7.750000000000000000e+00 1.550000000000000000e+02 6.486119820693636573e-04
7.750000000000000000e+00 1.650000000000000000e+02 5.356084633514461048e-04
7.750000000000000000e+00 1.750000000000000000e+02 5.292625441403943799e-05
8.250000000000000000e+00 1.500000000000000000e+01 1.055180980478575545e-04
8.250000000000000000e+00 2.500000000000000000e+01 1.291643902511092315e-04
8.250000000000000000e+00 3.500000000000000000e+01 1.313889385499248134e-04
8.250000000000000000e+00 4.500000000000000000e+01 1.015805087459317074e-04
8.250000000000000000e+00 5.500000000000000000e+01 8.856236315171807133e-05
8.250000000000000000e+00 6.500000000000000000e+01 1.272765353847483678e-04
8.250000000000000000e+00 7.500000000000000000e+01 1.322454974250097568e-04
8.250000000000000000e+00 8.500000000000000000e+01 1.302619029916191192e-04
8.250000000000000000e+00 9.500000000000000000e+01 1.160111737104059884e-04
8.250000000000000000e+00 1.050000000000000000e+02 6.997054319317427427e-05
8.250000000000000000e+00 1.150000000000000000e+02 8.444136955996964895e-05
8.250000000000000000e+00 1.250000000000000000e+02 6.358284675380707432e-05
8.250000000000000000e+00 1.350000000000000000e+02 6.595123926587719086e-05
8.250000000000000000e+00 1.450000000000000000e+02 5.269697999972835221e-05
8.250000000000000000e+00 1.550000000000000000e+02 3.967408596293685557e-05
8.250000000000000000e+00 1.650000000000000000e+02 2.947382631808077703e-05
8.250000000000000000e+00 1.750000000000000000e+02 1.366752716224471721e-05
