5.250000000000000000e+00 5.000000000000000000e+00 1.491602175147892229e-02
5.250000000000000000e+00 1.500000000000000000e+01 1.330146556395650215e-01
5.250000000000000000e+00 2.500000000000000000e+01 3.452906640333427979e-02
5.250000000000000000e+00 3.500000000000000000e+01 1.078193619508991882e-02
5.250000000000000000e+00 4.500000000000000000e+01 4.003854269100499963e-03
5.250000000000000000e+00 5.500000000000000000e+01 1.604851234351941519e-03
5.250000000000000000e+00 6.500000000000000000e+01 5.119044039736209226e-04
5.250000000000000000e+00 7.500000000000000000e+01 1.939432324204770121e-04
5.750000000000000000e+00 5.000000000000000000e+00 1.628998858023466764e-02
5.750000000000000000e+00 1.500000000000000000e+01 8.590538306849561379e-02
5.750000000000000000e+00 2.500000000000000000e+01 4.476818886821840732e-02
5.750000000000000000e+00 3.500000000000000000e+01 2.351979335572042598e-02
5.750000000000000000e+00 4.500000000000000000e+01 1.532877025153313831e-02
5.750000000000000000e+00 5.500000000000000000e+01 8.901355267663481341e-03
5.750000000000000000e+00 6.500000000000000000e+01 5.578788702014753076e-03
5.750000000000000000e+00 7.500000000000000000e+01 3.386199330045871168e-03
5.750000000000000000e+00 8.500000000000000000e+01 1.870980481323901261e-03
5.750000000000000000e+00 9.500000000000000000e+01 5.403307519382228403e-04
6.250000000000000000e+00 5.000000000000000000e+00 2.806846666168378093e-02
6.250000000000000000e+00 1.500000000000000000e+01 6.863641139319602569e-02
6.250000000000000000e+00 2.500000000000000000e+01 5.864741088568161537e-02
6.250000000000000000e+00 3.500000000000000000e+01 4.034288944389848031e-02
6.250000000000000000e+00 4.500000000000000000e+01 3.617711070966657394e-02
6.250000000000000000e+00 5.500000000000000000e+01 2.545753606343014244e-02
6.250000000000000000e+00 6.500000000000000000e+01 2.225002744022247167e-02
6.250000000000000000e+00 7.500000000000000000e+01 1.350582413135858334e-02
6.250000000000000000e+00 8.500000000000000000e+01 1.068847819140178804e-02
6.250000000000000000e+00 9.500000000000000000e+01 7.801701934658359684e-03
6.250000000000000000e+00 1.050000000000000000e+02 6.148555044149546858e-03
6.250000000000000000e+00 1.150000000000000000e+02 3.972255040494350117e-03
6.250000000000000000e+00 1.250000000000000000e+02 1.276453333068141086e-03
6.750000000000000000e+00 5.000000000000000000e+00 1.008775732972725173e-02
6.750000000000000000e+00 1.500000000000000000e+01 1.845932912269699841e-02
6.750000000000000000e+00 2.500000000000000000e+01 2.122872538625840411e-02
6.750000000000000000e+00 3.500000000000000000e+01 2.019622130417847439e-02
6.750000000000000000e+00 4.500000000000000000e+01 1.585621908801640098e-02
6.750000000000000000e+00 5.500000000000000000e+01 1.405786251792817514e-02
6.750000000000000000e+00 6.500000000000000000e+01 1.342971604687488198e-02
6.750000000000000000e+00 7.500000000000000000e+01 9.795904138679183831e-03
6.750000000000000000e+00 8.500000000000000000e+01 6.852972187184215754e-03
6.750000000000000000e+00 9.500000000000000000e+01 6.449943045892165584e-03
6.750000000000000000e+00 1.050000000000000000e+02 6.006151625417815998e-03
6.750000000000000000e+00 1.150000000000000000e+02 5.276702379008754371e-03
6.750000000000000000e+00 1.250000000000000000e+02 4.763952446107579813e-03
6.750000000000000000e+00 1.350000000000000000e+02 2.739694805846354473e-03
6.750000000000000000e+00 1.450000000000000000e+02 8.565298756412267076e-04
7.250000000000000000e+00 5.000000000000000000e+00 8.126895177041477264e-03
7.250000000000000000e+00 1.500000000000000000e+01 9.769362291726278735e-03
7.250000000000000000e+00 2.500000000000000000e+01 1.087803803689625821e-02
7.250000000000000000e+00 3.500000000000000000e+01 1.084537200800696037e-02
7.250000000000000000e+00 4.500000000000000000e+01 9.272212268215800426e-03
7.250000000000000000e+00 5.500000000000000000e+01 9.693110667106484210e-03
7.250000000000000000e+00 6.500000000000000000e+01 6.907242021971106427e-03
7.250000000000000000e+00 7.500000000000000000e+01 5.958754798567137898e-03
7.250000000000000000e+00 8.500000000000000000e+01 5.020883287992169465e-03
7.250000000000000000e+00 9.500000000000000000e+01 4.822084753125350197e-03
7.250000000000000000e+00 1.050000000000000000e+02 4.749048443787888020e-03
7.250000000000000000e+00 1.150000000000000000e+02 4.247706565231480075e-03
7.250000000000000000e+00 1.250000000000000000e+02 3.703201492080641574e-03
7.250000000000000000e+00 1.350000000000000000e+02 3.356572578286661553e-03
7.250000000000000000e+00 1.450000000000000000e+02 2.412083529467041153e-03
7.250000000000000000e+00 1.550000000000000000e+02 1.263052490103992731e-03
7.250000000000000000e+00 1.650000000000000000e+02 1.506174219688273367e-04
7.750000000000000000e+00 5.000000000000000000e+00 7.956803735570889061e-04
7.750000000000000000e+00 1.500000000000000000e+01 7.390505148607719567e-04
7.750000000000000000e+00 2.500000000000000000e+01 7.037922254573764688e-04
7.750000000000000000e+00 3.500000000000000000e+01 7.716285557369894190e-04
7.750000000000000000e+00 4.500000000000000000e+01 7.477188489444443371e-04
7.750000000000000000e+00 5.500000000000000000e+01 7.143413542203224092e-04
7.750000000000000000e+00 6.500000000000000000e+01 8.506781386165787216e-04
7.750000000000000000e+00 7.500000000000000000e+01 1.056034317793006503e-03
7.750000000000000000e+00 8.500000000000000000e+01 1.168813731386420494e-03
7.750000000000000000e+00 9.500000000000000000e+01 1.121739104185746905e-03
7.750000000000000000e+00 1.050000000000000000e+02 1.005446393606744104e-03
7.750000000000000000e+00 1.150000000000000000e+02 7.578809165151008474e-04
7.750000000000000000e+00 1.250000000000000000e+02 8.297747780089941710e-04
7.750000000000000000e+00 1.350000000000000000e+02 5.440338058903423880e-04
7.750000000000000000e+00 1.450000000000000000e+02 5.585918949661400346e-04
7.750000000000000000e+00 1.550000000000000000e+02 4.527387088881581903e-04
7.750000000000000000e+00 1.650000000000000000e+02 3.677098405416919934e-04
7.750000000000000000e+00 1.750000000000000000e+02 3.565083088498878126e-05
8.250000000000000000e+00 1.500000000000000000e+01 6.116688177657137327e-05
8.250000000000000000e+00 2.500000000000000000e+01 7.613366402751569663e-05
8.250000000000000000e+00 3.500000000000000000e+01 7.853236966333105966e-05
8.250000000000000000e+00 4.500000000000000000e+01 6.253615266187847175e-05
8.250000000000000000e+00 5.500000000000000000e+01 5.530991333790812015e-05
8.250000000000000000e+00 6.500000000000000000e+01 8.000690078019146454e-05
8.250000000000000000e+00 7.500000000000000000e+01 8.408501634135153596e-05
8.250000000000000000e+00 8.500000000000000000e+01 8.324543846174985173e-05
8.250000000000000000e+00 9.500000000000000000e+01 7.461139658898706796e-05
8.250000000000000000e+00 1.050000000000000000e+02 4.499165107051332192e-05
8.250000000000000000e+00 1.150000000000000000e+02 5.453710682245987068e-05
8.250000000000000000e+00 1.250000000000000000e+02 4.109519782431825881e-05
8.250000000000000000e+00 1.350000000000000000e+02 4.268877105635803269e-05
8.250000000000000000e+00 1.450000000000000000e+02 3.373843005137670630e-05
8.250000000000000000e+00 1.550000000000000000e+02 2.546150660668212718e-05
8.250000000000000000e+00 1.650000000000000000e+02 1.868125227461467366e-05
8.250000000000000000e+00 1.750000000000000000e+02 8.822826146913613358e-06
