5.250000000000000000e+00 5.000000000000000000e+00 1.144488058629381140e-02
5.250000000000000000e+00 1.500000000000000000e+01 8.573591952724518572e-02
5.250000000000000000e+00 2.500000000000000000e+01 1.990837876806234030e-02
5.250000000000000000e+00 3.500000000000000000e+01 6.550666955586920484e-03
5.250000000000000000e+00 4.500000000000000000e+01 2.621550198241212777e-03
5.250000000000000000e+00 5.500000000000000000e+01 1.074690348127931103e-03
5.250000000000000000e+00 6.500000000000000000e+01 3.704158115095283277e-04
5.250000000000000000e+00 7.500000000000000000e+01 1.511435925311095587e-04
5.750000000000000000e+00 5.000000000000000000e+00 1.544294287003261310e-02
5.750000000000000000e+00 1.500000000000000000e+01 7.723915896559130356e-02
5.750000000000000000e+00 2.500000000000000000e+01 4.007557418376986313e-02
5.750000000000000000e+00 3.500000000000000000e+01 2.183382607785856397e-02
5.750000000000000000e+00 4.500000000000000000e+01 1.495331669777265164e-02
5.750000000000000000e+00 5.500000000000000000e+01 9.289211192080554930e-03
5.750000000000000000e+00 6.500000000000000000e+01 6.383888095848303142e-03
5.750000000000000000e+00 7.500000000000000000e+01 4.075739296514147535e-03
5.750000000000000000e+00 8.500000000000000000e+01 2.519252569931948894e-03
5.750000000000000000e+00 9.500000000000000000e+01 7.711227021754418764e-04
6.250000000000000000e+00 5.000000000000000000e+00 2.794395837830688373e-02
6.250000000000000000e+00 1.500000000000000000e+01 6.797354191456365935e-02
6.250000000000000000e+00 2.500000000000000000e+01 5.940443917803788637e-02
6.250000000000000000e+00 3.500000000000000000e+01 4.233580945864123812e-02
6.250000000000000000e+00 4.500000000000000000e+01 3.983087091267067253e-02
6.250000000000000000e+00 5.500000000000000000e+01 2.929060664948876860e-02
6.250000000000000000e+00 6.500000000000000000e+01 2.722579530714563587e-02
6.250000000000000000e+00 7.500000000000000000e+01 1.744577322978413045e-02
6.250000000000000000e+00 8.500000000000000000e+01 1.438335629983291709e-02
6.250000000000000000e+00 9.500000000000000000e+01 1.135389000257820344e-02
6.250000000000000000e+00 1.050000000000000000e+02 9.622790703377665997e-03
6.250000000000000000e+00 1.150000000000000000e+02 6.620368829962934923e-03
6.250000000000000000e+00 1.250000000000000000e+02 2.229622011774699385e-03
6.750000000000000000e+00 5.000000000000000000e+00 1.012094070037221870e-02
6.750000000000000000e+00 1.500000000000000000e+01 1.860706443367421067e-02
6.750000000000000000e+00 2.500000000000000000e+01 2.172593292881822014e-02
6.750000000000000000e+00 3.500000000000000000e+01 2.128781089270316215e-02
6.750000000000000000e+00 4.500000000000000000e+01 1.728601483433126612e-02
6.750000000000000000e+00 5.500000000000000000e+01 1.589239245309299192e-02
6.750000000000000000e+00 6.500000000000000000e+01 1.577365053264858513e-02
6.750000000000000000e+00 7.500000000000000000e+01 1.200873629769380613e-02
6.750000000000000000e+00 8.500000000000000000e+01 8.771963086410171362e-03
6.750000000000000000e+00 9.500000000000000000e+01 8.726903802510404748e-03
6.750000000000000000e+00 1.050000000000000000e+02 8.594870558372533220e-03
6.750000000000000000e+00 1.150000000000000000e+02 8.088351316420926487e-03
6.750000000000000000e+00 1.250000000000000000e+02 7.738179216266898031e-03
6.750000000000000000e+00 1.350000000000000000e+02 4.683113428058799377e-03
6.750000000000000000e+00 1.450000000000000000e+02 1.525517509654973061e-03
7.250000000000000000e+00 5.000000000000000000e+00 8.177298730855512773e-03
7.250000000000000000e+00 1.500000000000000000e+01 9.921528668802647583e-03
7.250000000000000000e+00 2.500000000000000000e+01 1.126704107454527294e-02
7.250000000000000000e+00 3.500000000000000000e+01 1.159895138606278214e-02
7.250000000000000000e+00 4.500000000000000000e+01 1.028813129068822246e-02
7.250000000000000000e+00 5.500000000000000000e+01 1.123043673474454808e-02
7.250000000000000000e+00 6.500000000000000000e+01 8.334079218999982525e-03
7.250000000000000000e+00 7.500000000000000000e+01 7.490327947794583018e-03
7.250000000000000000e+00 8.500000000000000000e+01 6.618084774966274085e-03
7.250000000000000000e+00 9.500000000000000000e+01 6.715926938704380386e-03
7.250000000000000000e+00 1.050000000000000000e+02 6.978033868321620141e-03
7.250000000000000000e+00 1.150000000000000000e+02 6.584777736244834187e-03
7.250000000000000000e+00 1.250000000000000000e+02 6.072723984065331315e-03
7.250000000000000000e+00 1.350000000000000000e+02 5.854665396077210308e-03
7.250000000000000000e+00 1.450000000000000000e+02 4.458674184624643842e-03
7.250000000000000000e+00 1.550000000000000000e+02 2.459325352204648311e-03
7.250000000000000000e+00 1.650000000000000000e+02 3.149428616299682960e-04
7.750000000000000000e+00 5.000000000000000000e+00 8.003222027102539771e-04
7.750000000000000000e+00 1.500000000000000000e+01 7.492492541353385415e-04
7.750000000000000000e+00 2.500000000000000000e+01 7.237678149736750770e-04
7.750000000000000000e+00 3.500000000000000000e+01 8.148101767172918550e-04
7.750000000000000000e+00 4.500000000000000000e+01 8.268094488335551388e-04
7.750000000000000000e+00 5.500000000000000000e+01 8.166611644740277062e-04
7.750000000000000000e+00 6.500000000000000000e+01 1.013245474903396847e-03
7.750000000000000000e+00 7.500000000000000000e+01 1.309978098960374454e-03
7.750000000000000000e+00 8.500000000000000000e+01 1.529093714276618136e-03
7.750000000000000000e+00 9.500000000000000000e+01 1.531486024302026192e-03
7.750000000000000000e+00 1.050000000000000000e+02 1.442289453900299752e-03
7.750000000000000000e+00 1.150000000000000000e+02 1.135625715834845525e-03
7.750000000000000000e+00 1.250000000000000000e+02 1.320597806601059993e-03
7.750000000000000000e+00 1.350000000000000000e+02 9.070701880341523228e-04
7.750000000000000000e+00 1.450000000000000000e+02 9.885219525236159897e-04
7.750000000000000000e+00 1.550000000000000000e+02 8.374799677169877292e-04
7.750000000000000000e+00 1.650000000000000000e+02 7.201307040744247710e-04
7.750000000000000000e+00 1.750000000000000000e+02 7.079450143058261624e-05
8.250000000000000000e+00 1.500000000000000000e+01 6.155263515783588213e-05
8.250000000000000000e+00 2.500000000000000000e+01 7.780898113835886911e-05
8.250000000000000000e+00 3.500000000000000000e+01 8.171895383835607000e-05
8.250000000000000000e+00 4.500000000000000000e+01 6.777947713343386680e-05
8.250000000000000000e+00 5.500000000000000000e+01 6.175084753289680642e-05
8.250000000000000000e+00 6.500000000000000000e+01 9.227702524391969091e-05
8.250000000000000000e+00 7.500000000000000000e+01 1.008766485850673953e-04
8.250000000000000000e+00 8.500000000000000000e+01 1.036478478401203681e-04
8.250000000000000000e+00 9.500000000000000000e+01 9.647535148932797299e-05
8.250000000000000000e+00 1.050000000000000000e+02 6.073272757214391099e-05
8.250000000000000000e+00 1.150000000000000000e+02 7.707618426493117255e-05
8.250000000000000000e+00 1.250000000000000000e+02 6.099899369270112253e-05
8.250000000000000000e+00 1.350000000000000000e+02 6.704391819877730731e-05
8.250000000000000000e+00 1.450000000000000000e+02 5.528443816781376032e-05
8.250000000000000000e+00 1.550000000000000000e+02 4.503776896659559506e-05
8.250000000000000000e+00 1.650000000000000000e+02 3.472211735321607698e-05
8.250000000000000000e+00 1.750000000000000000e+02 1.838896372186401049e-05
