5.250000000000000000e+00 5.000000000000000000e+00 8.350987806351600762e-03
5.250000000000000000e+00 1.500000000000000000e+01 2.555607935303669948e-02
5.750000000000000000e+00 5.000000000000000000e+00 8.209987541284005652e-02
5.750000000000000000e+00 1.500000000000000000e+01 4.760302268750694205e-02
6.250000000000000000e+00 5.000000000000000000e+00 2.761434765547440273e-01
6.250000000000000000e+00 1.500000000000000000e+01 4.336969671091005230e-02
6.250000000000000000e+00 2.500000000000000000e+01 3.034368844065516010e-04
6.750000000000000000e+00 5.000000000000000000e+00 1.622725001620134444e-01
6.750000000000000000e+00 1.500000000000000000e+01 6.543310253409120869e-02
6.750000000000000000e+00 2.500000000000000000e+01 4.696036559748717649e-03
6.750000000000000000e+00 3.500000000000000000e+01 8.427496439593668465e-05
7.250000000000000000e+00 5.000000000000000000e+00 1.462595765261525127e-01
7.250000000000000000e+00 1.500000000000000000e+01 8.715390972253261870e-02
7.250000000000000000e+00 2.500000000000000000e+01 1.311449998420281988e-02
7.250000000000000000e+00 3.500000000000000000e+01 1.517783627235513074e-03
7.250000000000000000e+00 4.500000000000000000e+01 5.161062682874398256e-05
7.750000000000000000e+00 5.000000000000000000e+00 1.755031189578168047e-02
7.750000000000000000e+00 1.500000000000000000e+01 1.147980251887984957e-02
7.750000000000000000e+00 2.500000000000000000e+01 4.169784252579580679e-03
7.750000000000000000e+00 3.500000000000000000e+01 9.075621567281770899e-04
7.750000000000000000e+00 4.500000000000000000e+01 9.728371417106722460e-05
7.750000000000000000e+00 5.500000000000000000e+01 7.977149527489557109e-06
7.750000000000000000e+00 6.500000000000000000e+01 4.318261539987599085e-09
8.250000000000000000e+00 1.500000000000000000e+01 1.201925037723343068e-03
8.250000000000000000e+00 2.500000000000000000e+01 3.845640612023125317e-04
8.250000000000000000e+00 3.500000000000000000e+01 1.537027045189677955e-04
8.250000000000000000e+00 4.500000000000000000e+01 2.867653291650069407e-05
8.250000000000000000e+00 5.500000000000000000e+01 7.363544736600482369e-06
8.250000000000000000e+00 6.500000000000000000e+01 1.171995975469830617e-06
