5.250000000000000000e+00 5.000000000000000000e+00 3.030877961133449593e-04
5.250000000000000000e+00 1.500000000000000000e+01 1.690423383828208292e-03
5.750000000000000000e+00 5.000000000000000000e+00 2.625935477973233290e-02
5.750000000000000000e+00 1.500000000000000000e+01 1.575690652142061957e-02
6.250000000000000000e+00 5.000000000000000000e+00 2.012236067690656438e-01
6.250000000000000000e+00 1.500000000000000000e+01 5.214542246927440783e-02
6.250000000000000000e+00 2.500000000000000000e+01 1.233388246206436724e-03
6.250000000000000000e+00 3.500000000000000000e+01 1.818704993415016176e-05
6.750000000000000000e+00 5.000000000000000000e+00 1.957093845093933471e-01
6.750000000000000000e+00 1.500000000000000000e+01 1.014266168212008268e-01
6.750000000000000000e+00 2.500000000000000000e+01 1.265810885193828852e-02
6.750000000000000000e+00 3.500000000000000000e+01 1.539283618262381192e-03
6.750000000000000000e+00 4.500000000000000000e+01 6.351693492467703009e-05
7.250000000000000000e+00 5.000000000000000000e+00 1.878163860686961895e-01
7.250000000000000000e+00 1.500000000000000000e+01 1.192307430985401345e-01
7.250000000000000000e+00 2.500000000000000000e+01 2.558516134531065717e-02
7.250000000000000000e+00 3.500000000000000000e+01 4.717479788561111491e-03
7.250000000000000000e+00 4.500000000000000000e+01 8.804760934340231503e-04
7.250000000000000000e+00 5.500000000000000000e+01 1.392089649879818959e-04
7.250000000000000000e+00 6.500000000000000000e+01 7.146712510571333432e-06
7.750000000000000000e+00 5.000000000000000000e+00 2.406893849123380516e-02
7.750000000000000000e+00 1.500000000000000000e+01 1.562186310808249580e-02
7.750000000000000000e+00 2.500000000000000000e+01 6.781171907313391853e-03
7.750000000000000000e+00 3.500000000000000000e+01 1.697845254385413468e-03
7.750000000000000000e+00 4.500000000000000000e+01 3.487729035392920650e-04
7.750000000000000000e+00 5.500000000000000000e+01 1.383992287332279293e-04
7.750000000000000000e+00 6.500000000000000000e+01 6.383407310458094088e-05
7.750000000000000000e+00 7.500000000000000000e+01 1.479083149473894309e-05
7.750000000000000000e+00 8.500000000000000000e+01 4.086897115702729250e-07
8.250000000000000000e+00 1.500000000000000000e+01 1.868459010029810364e-03
8.250000000000000000e+00 2.500000000000000000e+01 5.972882538969406536e-04
8.250000000000000000e+00 3.500000000000000000e+01 2.552318191188632560e-04
8.250000000000000000e+00 4.500000000000000000e+01 6.510133423794858289e-05
8.250000000000000000e+00 5.500000000000000000e+01 3.075324795222740976e-05
8.250000000000000000e+00 6.500000000000000000e+01 2.399031847437381129e-05
8.250000000000000000e+00 7.500000000000000000e+01 1.180862134611467729e-05
8.250000000000000000e+00 8.500000000000000000e+01 5.655309478845967969e-06
8.250000000000000000e+00 9.500000000000000000e+01 1.688322584351893032e-06
8.250000000000000000e+00 1.050000000000000000e+02 1.087071887467680317e-07
8.250000000000000000e+00 1.150000000000000000e+02 7.447579841676952511e-10
