5.250000000000000000e+00 5.000000000000000000e+00 5.846371096940397930e-03
5.250000000000000000e+00 1.500000000000000000e+01 2.085408907956111044e-02
5.750000000000000000e+00 5.000000000000000000e+00 4.884079241893026641e-02
5.750000000000000000e+00 1.500000000000000000e+01 5.033526551715414299e-02
5.750000000000000000e+00 2.500000000000000000e+01 8.554806040600513705e-04
6.250000000000000000e+00 5.000000000000000000e+00 1.825163347013023796e-01
6.250000000000000000e+00 1.500000000000000000e+01 1.103474726116620425e-01
6.250000000000000000e+00 2.500000000000000000e+01 1.918785152834998065e-02
6.250000000000000000e+00 3.500000000000000000e+01 5.044813500882958796e-03
6.250000000000000000e+00 4.500000000000000000e+01 1.520682860218756450e-03
6.250000000000000000e+00 5.500000000000000000e+01 3.737502104593770896e-04
6.250000000000000000e+00 6.500000000000000000e+01 5.639794362571088363e-05
6.750000000000000000e+00 5.000000000000000000e+00 1.191549771398025398e-01
6.750000000000000000e+00 1.500000000000000000e+01 9.639277309102711744e-02
6.750000000000000000e+00 2.500000000000000000e+01 3.547527881377624676e-02
6.750000000000000000e+00 3.500000000000000000e+01 1.343610180723748583e-02
6.750000000000000000e+00 4.500000000000000000e+01 5.188564027611170838e-03
6.750000000000000000e+00 5.500000000000000000e+01 2.412541640349327634e-03
6.750000000000000000e+00 6.500000000000000000e+01 1.257732647304000669e-03
6.750000000000000000e+00 7.500000000000000000e+01 5.008515278684778438e-04
6.750000000000000000e+00 8.500000000000000000e+01 1.579748575139543101e-04
6.750000000000000000e+00 9.500000000000000000e+01 4.521398181144998672e-05
6.750000000000000000e+00 1.050000000000000000e+02 1.647996547347913285e-06
7.250000000000000000e+00 5.000000000000000000e+00 1.024343211753079297e-01
7.250000000000000000e+00 1.500000000000000000e+01 7.824535314681409226e-02
7.250000000000000000e+00 2.500000000000000000e+01 3.569745504353902255e-02
7.250000000000000000e+00 3.500000000000000000e+01 1.529315915272417940e-02
7.250000000000000000e+00 4.500000000000000000e+01 6.764397243787189339e-03
7.250000000000000000e+00 5.500000000000000000e+01 3.970584086953599795e-03
7.250000000000000000e+00 6.500000000000000000e+01 1.766718994451424657e-03
7.250000000000000000e+00 7.500000000000000000e+01 9.659524176888351901e-04
7.250000000000000000e+00 8.500000000000000000e+01 5.516654169101586425e-04
7.250000000000000000e+00 9.500000000000000000e+01 3.259236308803911035e-04
7.250000000000000000e+00 1.050000000000000000e+02 2.012495213879574095e-04
7.250000000000000000e+00 1.150000000000000000e+02 8.181519521678700562e-05
7.250000000000000000e+00 1.250000000000000000e+02 3.295037786584419299e-05
7.250000000000000000e+00 1.350000000000000000e+02 8.218147801044161125e-06
7.250000000000000000e+00 1.450000000000000000e+02 4.960124802359694583e-07
7.750000000000000000e+00 5.000000000000000000e+00 1.164370781265984187e-02
7.750000000000000000e+00 1.500000000000000000e+01 8.266669178164470083e-03
7.750000000000000000e+00 2.500000000000000000e+01 5.011568543044821016e-03
7.750000000000000000e+00 3.500000000000000000e+01 2.569767660621990416e-03
7.750000000000000000e+00 4.500000000000000000e+01 1.139289379393909661e-03
7.750000000000000000e+00 5.500000000000000000e+01 7.294128482240915803e-04
7.750000000000000000e+00 6.500000000000000000e+01 5.960792439187972795e-04
7.750000000000000000e+00 7.500000000000000000e+01 5.221120725041527785e-04
7.750000000000000000e+00 8.500000000000000000e+01 3.674688641132563445e-04
7.750000000000000000e+00 9.500000000000000000e+01 2.632252911837873292e-04
7.750000000000000000e+00 1.050000000000000000e+02 1.537872745628475924e-04
7.750000000000000000e+00 1.150000000000000000e+02 8.393283047152655775e-05
7.750000000000000000e+00 1.250000000000000000e+02 5.805451010448350483e-05
7.750000000000000000e+00 1.350000000000000000e+02 2.868318678778935055e-05
7.750000000000000000e+00 1.450000000000000000e+02 1.653450903797246360e-05
7.750000000000000000e+00 1.550000000000000000e+02 7.303455955933524366e-06
7.750000000000000000e+00 1.650000000000000000e+02 2.876805975184111823e-06
7.750000000000000000e+00 1.750000000000000000e+02 3.295482845160628221e-07
8.250000000000000000e+00 1.500000000000000000e+01 9.073176745477896281e-04
8.250000000000000000e+00 2.500000000000000000e+01 5.598180043948320587e-04
8.250000000000000000e+00 3.500000000000000000e+01 3.580604780864627226e-04
8.250000000000000000e+00 4.500000000000000000e+01 1.481841665351231376e-04
8.250000000000000000e+00 5.500000000000000000e+01 9.469702559327317895e-05
8.250000000000000000e+00 6.500000000000000000e+01 1.019983558187237773e-04
8.250000000000000000e+00 7.500000000000000000e+01 7.595275803390479162e-05
8.250000000000000000e+00 8.500000000000000000e+01 5.730819846031394552e-05
8.250000000000000000e+00 9.500000000000000000e+01 3.939925880022167055e-05
8.250000000000000000e+00 1.050000000000000000e+02 1.754653510743327941e-05
8.250000000000000000e+00 1.150000000000000000e+02 1.574622026175783257e-05
8.250000000000000000e+00 1.250000000000000000e+02 8.336490369537196595e-06
8.250000000000000000e+00 1.350000000000000000e+02 5.824427095925374403e-06
8.250000000000000000e+00 1.450000000000000000e+02 3.540735259925984823e-06
8.250000000000000000e+00 1.550000000000000000e+02 1.355002410902071882e-06
8.250000000000000000e+00 1.650000000000000000e+02 7.956538791251992484e-07
8.250000000000000000e+00 1.750000000000000000e+02 9.683252999010686032e-08
