5.750000000000000000e+00 5.000000000000000000e+00 6.227348225827002669e-03
5.750000000000000000e+00 1.500000000000000000e+01 4.213533953850613287e-03
6.250000000000000000e+00 5.000000000000000000e+00 1.648590467649218849e-01
6.250000000000000000e+00 1.500000000000000000e+01 1.899981304658455994e-02
6.750000000000000000e+00 5.000000000000000000e+00 2.312410514565040598e-01
6.750000000000000000e+00 1.500000000000000000e+01 8.857915268784798124e-02
6.750000000000000000e+00 2.500000000000000000e+01 1.948364553537897332e-03
7.250000000000000000e+00 5.000000000000000000e+00 2.524023119909002966e-01
7.250000000000000000e+00 1.500000000000000000e+01 1.463988515644744359e-01
7.250000000000000000e+00 2.500000000000000000e+01 1.439579432972668688e-02
7.250000000000000000e+00 3.500000000000000000e+01 4.914558406071670073e-04
7.750000000000000000e+00 5.000000000000000000e+00 3.624851668183235592e-02
7.750000000000000000e+00 1.500000000000000000e+01 2.283340896861814004e-02
7.750000000000000000e+00 2.500000000000000000e+01 7.423843209083970038e-03
7.750000000000000000e+00 3.500000000000000000e+01 6.889074830311494712e-04
7.750000000000000000e+00 4.500000000000000000e+01 1.105920359614372693e-05
8.250000000000000000e+00 1.500000000000000000e+01 2.602230956909148355e-03
8.250000000000000000e+00 2.500000000000000000e+01 3.630918120370680777e-04
8.250000000000000000e+00 3.500000000000000000e+01 6.862541332893661635e-05
8.250000000000000000e+00 4.500000000000000000e+01 3.545193973964075122e-06
8.250000000000000000e+00 5.500000000000000000e+01 4.666280634610556022e-08
