5.750000000000000000e+00 5.000000000000000000e+00 7.099701056234893407e-03
5.750000000000000000e+00 1.500000000000000000e+01 2.479521755825343874e-03
6.250000000000000000e+00 5.000000000000000000e+00 1.422039288243539534e-01
6.250000000000000000e+00 1.500000000000000000e+01 2.575334343331196416e-02
6.250000000000000000e+00 2.500000000000000000e+01 1.461644902666340987e-04
6.750000000000000000e+00 5.000000000000000000e+00 1.958999088633736063e-01
6.750000000000000000e+00 1.500000000000000000e+01 9.336107725552290904e-02
6.750000000000000000e+00 2.500000000000000000e+01 7.344593669221746550e-03
6.750000000000000000e+00 3.500000000000000000e+01 3.385981208887623925e-04
6.750000000000000000e+00 4.500000000000000000e+01 1.711375221278443438e-07
7.250000000000000000e+00 5.000000000000000000e+00 2.463319941211724595e-01
7.250000000000000000e+00 1.500000000000000000e+01 1.544387509771136813e-01
7.250000000000000000e+00 2.500000000000000000e+01 2.988604151650801552e-02
7.250000000000000000e+00 3.500000000000000000e+01 4.745250138235210073e-03
7.250000000000000000e+00 4.500000000000000000e+01 6.343262524841882313e-04
7.250000000000000000e+00 5.500000000000000000e+01 9.020317418257131051e-05
7.250000000000000000e+00 6.500000000000000000e+01 8.455512156253606139e-06
7.750000000000000000e+00 5.000000000000000000e+00 4.043599604580194740e-02
7.750000000000000000e+00 1.500000000000000000e+01 2.614673261292678116e-02
7.750000000000000000e+00 2.500000000000000000e+01 1.144210979010126285e-02
7.750000000000000000e+00 3.500000000000000000e+01 2.889028525248417325e-03
7.750000000000000000e+00 4.500000000000000000e+01 7.101717617078129275e-04
7.750000000000000000e+00 5.500000000000000000e+01 3.145478539990372675e-04
7.750000000000000000e+00 6.500000000000000000e+01 2.050546400296334099e-04
7.750000000000000000e+00 7.500000000000000000e+01 1.188507083532715084e-04
7.750000000000000000e+00 8.500000000000000000e+01 3.015317682618693000e-05
7.750000000000000000e+00 9.500000000000000000e+01 1.032673674385507017e-05
7.750000000000000000e+00 1.050000000000000000e+02 1.931955887370984660e-07
8.250000000000000000e+00 1.500000000000000000e+01 4.148204501886461164e-03
8.250000000000000000e+00 2.500000000000000000e+01 1.491555880765430301e-03
8.250000000000000000e+00 3.500000000000000000e+01 7.158813923096725125e-04
8.250000000000000000e+00 4.500000000000000000e+01 2.060651216519940473e-04
8.250000000000000000e+00 5.500000000000000000e+01 1.132822071494411455e-04
8.250000000000000000e+00 6.500000000000000000e+01 1.075954877132181617e-04
8.250000000000000000e+00 7.500000000000000000e+01 6.589656749909674068e-05
8.250000000000000000e+00 8.500000000000000000e+01 4.307667314469859762e-05
8.250000000000000000e+00 9.500000000000000000e+01 2.624999768471993639e-05
8.250000000000000000e+00 1.050000000000000000e+02 9.081181228347090875e-06
8.250000000000000000e+00 1.150000000000000000e+02 5.832288694164414928e-06
8.250000000000000000e+00 1.250000000000000000e+02 1.251720970699370818e-06
8.250000000000000000e+00 1.350000000000000000e+02 6.973638204177760576e-07
8.250000000000000000e+00 1.450000000000000000e+02 1.342697799742648295e-07
