5.250000000000000000e+00 5.000000000000000000e+00 2.764782652566764171e-02
5.250000000000000000e+00 1.500000000000000000e+01 8.670177462778644317e-02
5.750000000000000000e+00 5.000000000000000000e+00 1.131252361781127369e-01
5.750000000000000000e+00 1.500000000000000000e+01 8.178957243917839293e-02
5.750000000000000000e+00 2.500000000000000000e+01 4.173792413136775395e-05
6.250000000000000000e+00 5.000000000000000000e+00 2.563751898593408796e-01
6.250000000000000000e+00 1.500000000000000000e+01 5.816119141056633884e-02
6.250000000000000000e+00 2.500000000000000000e+01 1.296998706718929849e-03
6.250000000000000000e+00 3.500000000000000000e+01 6.927032474715967070e-06
6.750000000000000000e+00 5.000000000000000000e+00 1.160779322455828683e-01
6.750000000000000000e+00 1.500000000000000000e+01 5.072225133330377639e-02
6.750000000000000000e+00 2.500000000000000000e+01 5.085177793030790094e-03
6.750000000000000000e+00 3.500000000000000000e+01 2.145631876363267223e-04
7.250000000000000000e+00 5.000000000000000000e+00 1.019876940100813562e-01
7.250000000000000000e+00 1.500000000000000000e+01 6.218369521391368948e-02
7.250000000000000000e+00 2.500000000000000000e+01 1.120481444406409496e-02
7.250000000000000000e+00 3.500000000000000000e+01 1.731294927064636622e-03
7.250000000000000000e+00 4.500000000000000000e+01 1.135218004564794193e-04
7.250000000000000000e+00 5.500000000000000000e+01 3.098433449399695739e-06
7.750000000000000000e+00 5.000000000000000000e+00 1.209988214120216211e-02
7.750000000000000000e+00 1.500000000000000000e+01 7.987245558298257039e-03
7.750000000000000000e+00 2.500000000000000000e+01 3.134129759599440894e-03
7.750000000000000000e+00 3.500000000000000000e+01 8.182069865635563594e-04
7.750000000000000000e+00 4.500000000000000000e+01 1.285377588771842027e-04
7.750000000000000000e+00 5.500000000000000000e+01 2.129067770383636228e-05
7.750000000000000000e+00 6.500000000000000000e+01 2.152106148162167391e-06
8.250000000000000000e+00 1.500000000000000000e+01 8.378660301404243808e-04
8.250000000000000000e+00 2.500000000000000000e+01 3.100041839610134776e-04
8.250000000000000000e+00 3.500000000000000000e+01 1.400394206275882669e-04
8.250000000000000000e+00 4.500000000000000000e+01 3.391874372337212918e-05
8.250000000000000000e+00 5.500000000000000000e+01 1.165065119156726959e-05
8.250000000000000000e+00 6.500000000000000000e+01 4.136254720180575320e-06
8.250000000000000000e+00 7.500000000000000000e+01 4.416346826059686492e-07
