5.250000000000000000e+00 5.000000000000000000e+00 5.122754064864959087e-03
5.250000000000000000e+00 1.500000000000000000e+01 1.554607328300401659e-02
5.250000000000000000e+00 2.500000000000000000e+01 7.252878531562292437e-06
5.750000000000000000e+00 5.000000000000000000e+00 3.702718956448103338e-02
5.750000000000000000e+00 1.500000000000000000e+01 5.015093172775300645e-02
5.750000000000000000e+00 2.500000000000000000e+01 3.399014776238133348e-03
5.750000000000000000e+00 3.500000000000000000e+01 3.328998294046518910e-04
5.750000000000000000e+00 4.500000000000000000e+01 1.427770336590189436e-05
6.250000000000000000e+00 5.000000000000000000e+00 1.338415717778096981e-01
6.250000000000000000e+00 1.500000000000000000e+01 1.184167566782865777e-01
6.250000000000000000e+00 2.500000000000000000e+01 3.692774292668372926e-02
6.250000000000000000e+00 3.500000000000000000e+01 1.481952019284631106e-02
6.250000000000000000e+00 4.500000000000000000e+01 7.658449782144739933e-03
6.250000000000000000e+00 5.500000000000000000e+01 3.332414870496934207e-03
6.250000000000000000e+00 6.500000000000000000e+01 1.890746443991251323e-03
6.250000000000000000e+00 7.500000000000000000e+01 7.228992079884738204e-04
6.250000000000000000e+00 8.500000000000000000e+01 3.724366156141405257e-04
6.250000000000000000e+00 9.500000000000000000e+01 2.007513499951469487e-04
6.250000000000000000e+00 1.050000000000000000e+02 1.314390465356374445e-04
6.250000000000000000e+00 1.150000000000000000e+02 5.186208576417638595e-05
6.250000000000000000e+00 1.250000000000000000e+02 5.374622299133165295e-06
6.750000000000000000e+00 5.000000000000000000e+00 7.852480705989041410e-02
6.750000000000000000e+00 1.500000000000000000e+01 8.291203996052906589e-02
6.750000000000000000e+00 2.500000000000000000e+01 4.661488306632650264e-02
6.750000000000000000e+00 3.500000000000000000e+01 2.490309271483985912e-02
6.750000000000000000e+00 4.500000000000000000e+01 1.307928974962606176e-02
6.750000000000000000e+00 5.500000000000000000e+01 8.535616896074831733e-03
6.750000000000000000e+00 6.500000000000000000e+01 6.256090385657706032e-03
6.750000000000000000e+00 7.500000000000000000e+01 3.549231990522913605e-03
6.750000000000000000e+00 8.500000000000000000e+01 1.969480333233531062e-03
6.750000000000000000e+00 9.500000000000000000e+01 1.589433087854038402e-03
6.750000000000000000e+00 1.050000000000000000e+02 1.188162387971418649e-03
6.750000000000000000e+00 1.150000000000000000e+02 8.862355551071960779e-04
6.750000000000000000e+00 1.250000000000000000e+02 6.125761253531357333e-04
6.750000000000000000e+00 1.350000000000000000e+02 3.251334417344507949e-04
6.750000000000000000e+00 1.450000000000000000e+02 1.097451520964946468e-04
7.250000000000000000e+00 5.000000000000000000e+00 6.941317637804027274e-02
7.250000000000000000e+00 1.500000000000000000e+01 6.232112012209601454e-02
7.250000000000000000e+00 2.500000000000000000e+01 4.187729027567012319e-02
7.250000000000000000e+00 3.500000000000000000e+01 2.600257569156178353e-02
7.250000000000000000e+00 4.500000000000000000e+01 1.538495868513161530e-02
7.250000000000000000e+00 5.500000000000000000e+01 1.185756937824112081e-02
7.250000000000000000e+00 6.500000000000000000e+01 6.869409923150765832e-03
7.250000000000000000e+00 7.500000000000000000e+01 5.013392330551871660e-03
7.250000000000000000e+00 8.500000000000000000e+01 3.857412683332970237e-03
7.250000000000000000e+00 9.500000000000000000e+01 3.276942047314984965e-03
7.250000000000000000e+00 1.050000000000000000e+02 2.956436691742678549e-03
7.250000000000000000e+00 1.150000000000000000e+02 2.262294262807387161e-03
7.250000000000000000e+00 1.250000000000000000e+02 1.738970420905374412e-03
7.250000000000000000e+00 1.350000000000000000e+02 1.388842781679625266e-03
7.250000000000000000e+00 1.450000000000000000e+02 8.687714887982407683e-04
7.250000000000000000e+00 1.550000000000000000e+02 4.630358893938881686e-04
7.250000000000000000e+00 1.650000000000000000e+02 6.500522553779969099e-05
7.750000000000000000e+00 5.000000000000000000e+00 7.776594762927128979e-03
7.750000000000000000e+00 1.500000000000000000e+01 6.181606582522224981e-03
7.750000000000000000e+00 2.500000000000000000e+01 4.684974939074424728e-03
7.750000000000000000e+00 3.500000000000000000e+01 3.586623868441861981e-03
7.750000000000000000e+00 4.500000000000000000e+01 2.412200847594273608e-03
7.750000000000000000e+00 5.500000000000000000e+01 1.918233404253608327e-03
7.750000000000000000e+00 6.500000000000000000e+01 1.968046057083429334e-03
7.750000000000000000e+00 7.500000000000000000e+01 2.151050131622297534e-03
7.750000000000000000e+00 8.500000000000000000e+01 1.967876208607057757e-03
7.750000000000000000e+00 9.500000000000000000e+01 1.750802918344407984e-03
7.750000000000000000e+00 1.050000000000000000e+02 1.371000367749572370e-03
7.750000000000000000e+00 1.150000000000000000e+02 9.507840059829919706e-04
7.750000000000000000e+00 1.250000000000000000e+02 9.124826640285999511e-04
7.750000000000000000e+00 1.350000000000000000e+02 5.841796955282324393e-04
7.750000000000000000e+00 1.450000000000000000e+02 5.368433823171455625e-04
7.750000000000000000e+00 1.550000000000000000e+02 4.148491945078584538e-04
7.750000000000000000e+00 1.650000000000000000e+02 3.275043025991159038e-04
7.750000000000000000e+00 1.750000000000000000e+02 3.416786264051096443e-05
8.250000000000000000e+00 1.500000000000000000e+01 6.316643708869164363e-04
8.250000000000000000e+00 2.500000000000000000e+01 6.033763822164464044e-04
8.250000000000000000e+00 3.500000000000000000e+01 5.155193343658138810e-04
8.250000000000000000e+00 4.500000000000000000e+01 3.017211047614348448e-04
8.250000000000000000e+00 5.500000000000000000e+01 2.307013964319634951e-04
8.250000000000000000e+00 6.500000000000000000e+01 3.001323586618537894e-04
8.250000000000000000e+00 7.500000000000000000e+01 2.742048903428772298e-04
8.250000000000000000e+00 8.500000000000000000e+01 2.460472234597481530e-04
8.250000000000000000e+00 9.500000000000000000e+01 1.992607371775452572e-04
8.250000000000000000e+00 1.050000000000000000e+02 1.100291205593375372e-04
8.250000000000000000e+00 1.150000000000000000e+02 1.203435024682653423e-04
8.250000000000000000e+00 1.250000000000000000e+02 8.188194387317702960e-05
8.250000000000000000e+00 1.350000000000000000e+02 7.688090747065672037e-05
8.250000000000000000e+00 1.450000000000000000e+02 5.863757179840549367e-05
8.250000000000000000e+00 1.550000000000000000e+02 3.797687825649515475e-05
8.250000000000000000e+00 1.650000000000000000e+02 2.687182134417447044e-05
8.250000000000000000e+00 1.750000000000000000e+02 9.547649226610191019e-06
