5.250000000000000000e+00 5.000000000000000000e+00 4.620868027412696226e-05
5.250000000000000000e+00 1.500000000000000000e+01 9.358858081906513808e-05
5.750000000000000000e+00 5.000000000000000000e+00 1.402617096620877718e-02
5.750000000000000000e+00 1.500000000000000000e+01 6.277368416039283937e-03
6.250000000000000000e+00 5.000000000000000000e+00 1.603358935192577828e-01
6.250000000000000000e+00 1.500000000000000000e+01 4.356152045125624012e-02
6.250000000000000000e+00 2.500000000000000000e+01 1.419309244044762806e-03
6.250000000000000000e+00 3.500000000000000000e+01 4.764630542245223960e-05
6.750000000000000000e+00 5.000000000000000000e+00 1.821146291365686176e-01
6.750000000000000000e+00 1.500000000000000000e+01 1.010995729531203452e-01
6.750000000000000000e+00 2.500000000000000000e+01 1.546951742784172766e-02
6.750000000000000000e+00 3.500000000000000000e+01 2.333014052179593987e-03
6.750000000000000000e+00 4.500000000000000000e+01 2.987418248015656880e-04
6.750000000000000000e+00 5.500000000000000000e+01 1.708515014842159236e-05
7.250000000000000000e+00 5.000000000000000000e+00 2.092221749647239504e-01
7.250000000000000000e+00 1.500000000000000000e+01 1.382370929141832072e-01
7.250000000000000000e+00 2.500000000000000000e+01 3.678511541368800764e-02
7.250000000000000000e+00 3.500000000000000000e+01 9.381451042929355236e-03
7.250000000000000000e+00 4.500000000000000000e+01 2.448534110850183240e-03
7.250000000000000000e+00 5.500000000000000000e+01 8.652516011619242097e-04
7.250000000000000000e+00 6.500000000000000000e+01 2.300732714068044380e-04
7.250000000000000000e+00 7.500000000000000000e+01 9.735788775817451834e-05
7.250000000000000000e+00 8.500000000000000000e+01 4.436187812005112419e-05
7.250000000000000000e+00 9.500000000000000000e+01 6.168473842138898242e-06
7.750000000000000000e+00 5.000000000000000000e+00 3.141066732697131436e-02
7.750000000000000000e+00 1.500000000000000000e+01 2.083394910165123695e-02
7.750000000000000000e+00 2.500000000000000000e+01 1.029032354355341114e-02
7.750000000000000000e+00 3.500000000000000000e+01 3.520674877736819537e-03
7.750000000000000000e+00 4.500000000000000000e+01 1.216074811054664116e-03
7.750000000000000000e+00 5.500000000000000000e+01 6.790668095738119393e-04
7.750000000000000000e+00 6.500000000000000000e+01 5.101500754439077532e-04
7.750000000000000000e+00 7.500000000000000000e+01 4.180995977459939336e-04
7.750000000000000000e+00 8.500000000000000000e+01 2.377573988152544828e-04
7.750000000000000000e+00 9.500000000000000000e+01 1.694723076203534724e-04
7.750000000000000000e+00 1.050000000000000000e+02 7.677633323331892082e-05
7.750000000000000000e+00 1.150000000000000000e+02 2.957242031657121486e-05
7.750000000000000000e+00 1.250000000000000000e+02 8.912731334682663423e-06
7.750000000000000000e+00 1.350000000000000000e+02 3.881438647820851075e-06
8.250000000000000000e+00 1.500000000000000000e+01 3.033765729543620292e-03
8.250000000000000000e+00 2.500000000000000000e+01 1.391594539224057236e-03
8.250000000000000000e+00 3.500000000000000000e+01 7.720524913323204919e-04
8.250000000000000000e+00 4.500000000000000000e+01 2.660999972743297959e-04
8.250000000000000000e+00 5.500000000000000000e+01 1.618648694727908919e-04
8.250000000000000000e+00 6.500000000000000000e+01 1.723735160958431156e-04
8.250000000000000000e+00 7.500000000000000000e+01 1.222173259226227787e-04
8.250000000000000000e+00 8.500000000000000000e+01 8.951725759908600024e-05
8.250000000000000000e+00 9.500000000000000000e+01 5.824096337836432428e-05
8.250000000000000000e+00 1.050000000000000000e+02 2.502408711675970480e-05
8.250000000000000000e+00 1.150000000000000000e+02 2.123020480539831640e-05
8.250000000000000000e+00 1.250000000000000000e+02 9.529632823203118869e-06
8.250000000000000000e+00 1.350000000000000000e+02 7.367198885645921529e-06
8.250000000000000000e+00 1.450000000000000000e+02 4.362216539061399188e-06
8.250000000000000000e+00 1.550000000000000000e+02 1.170066854268994653e-06
8.250000000000000000e+00 1.650000000000000000e+02 3.628627869060718346e-07
