5.250000000000000000e+00 5.000000000000000000e+00 2.854025210917898216e-03
5.250000000000000000e+00 1.500000000000000000e+01 1.056381858494345738e-02
5.750000000000000000e+00 5.000000000000000000e+00 7.111321023916529482e-02
5.750000000000000000e+00 1.500000000000000000e+01 3.601780273618852141e-02
6.250000000000000000e+00 5.000000000000000000e+00 2.893313871681612581e-01
6.250000000000000000e+00 1.500000000000000000e+01 2.815405499459748204e-02
6.750000000000000000e+00 5.000000000000000000e+00 1.827441154227798514e-01
6.750000000000000000e+00 1.500000000000000000e+01 6.176549998349230991e-02
6.750000000000000000e+00 2.500000000000000000e+01 1.609015490458081581e-03
7.250000000000000000e+00 5.000000000000000000e+00 1.688138223749607314e-01
7.250000000000000000e+00 1.500000000000000000e+01 9.629601534932266671e-02
7.250000000000000000e+00 2.500000000000000000e+01 9.483107708551340165e-03
7.250000000000000000e+00 3.500000000000000000e+01 5.003387136187952607e-04
7.250000000000000000e+00 4.500000000000000000e+01 1.008150631585106534e-06
7.750000000000000000e+00 5.000000000000000000e+00 2.069540704536556447e-02
7.750000000000000000e+00 1.500000000000000000e+01 1.338400003198155289e-02
7.750000000000000000e+00 2.500000000000000000e+01 4.204770785771251053e-03
7.750000000000000000e+00 3.500000000000000000e+01 6.145673648648184795e-04
7.750000000000000000e+00 4.500000000000000000e+01 1.960515639884497841e-05
7.750000000000000000e+00 5.500000000000000000e+01 1.989979242064541845e-08
8.250000000000000000e+00 1.500000000000000000e+01 1.375266836810658949e-03
8.250000000000000000e+00 2.500000000000000000e+01 3.399318381455238730e-04
8.250000000000000000e+00 3.500000000000000000e+01 1.073317605857687434e-04
8.250000000000000000e+00 4.500000000000000000e+01 1.059538330154465119e-05
8.250000000000000000e+00 5.500000000000000000e+01 1.281769192846012064e-06
