5.250000000000000000e+00 5.000000000000000000e+00 5.879593074865160744e-03
5.250000000000000000e+00 1.500000000000000000e+01 1.614062278099402670e-02
5.750000000000000000e+00 5.000000000000000000e+00 5.528881982295936331e-02
5.750000000000000000e+00 1.500000000000000000e+01 4.236757572365328073e-02
5.750000000000000000e+00 2.500000000000000000e+01 4.879095893246643793e-05
6.250000000000000000e+00 5.000000000000000000e+00 2.285488439116287740e-01
6.250000000000000000e+00 1.500000000000000000e+01 8.140822498995133050e-02
6.250000000000000000e+00 2.500000000000000000e+01 4.563039308258194648e-03
6.250000000000000000e+00 3.500000000000000000e+01 2.246906707044518485e-04
6.750000000000000000e+00 5.000000000000000000e+00 1.639175425934061292e-01
6.750000000000000000e+00 1.500000000000000000e+01 9.158292255578977248e-02
6.750000000000000000e+00 2.500000000000000000e+01 1.478533559145929314e-02
6.750000000000000000e+00 3.500000000000000000e+01 1.686894927282521798e-03
6.750000000000000000e+00 4.500000000000000000e+01 6.010389829364332434e-05
7.250000000000000000e+00 5.000000000000000000e+00 1.447209035411376743e-01
7.250000000000000000e+00 1.500000000000000000e+01 9.157995225809194284e-02
7.250000000000000000e+00 2.500000000000000000e+01 1.921305448125093518e-02
7.250000000000000000e+00 3.500000000000000000e+01 2.917308712956507601e-03
7.250000000000000000e+00 4.500000000000000000e+01 2.615684885707736276e-04
7.250000000000000000e+00 5.500000000000000000e+01 4.926224132963692495e-06
7.750000000000000000e+00 5.000000000000000000e+00 1.709338439448201963e-02
7.750000000000000000e+00 1.500000000000000000e+01 1.102538552756027711e-02
7.750000000000000000e+00 2.500000000000000000e+01 4.377198858862371526e-03
7.750000000000000000e+00 3.500000000000000000e+01 8.256487076880003302e-04
7.750000000000000000e+00 4.500000000000000000e+01 7.338126867018423898e-05
7.750000000000000000e+00 5.500000000000000000e+01 5.390200201134470570e-06
7.750000000000000000e+00 6.500000000000000000e+01 8.608190427857338219e-09
8.250000000000000000e+00 1.500000000000000000e+01 1.094215184916993121e-03
8.250000000000000000e+00 2.500000000000000000e+01 2.306756366096006296e-04
8.250000000000000000e+00 3.500000000000000000e+01 6.376592219405097814e-05
8.250000000000000000e+00 4.500000000000000000e+01 8.949143897477928068e-06
8.250000000000000000e+00 5.500000000000000000e+01 1.268394832506107370e-06
8.250000000000000000e+00 6.500000000000000000e+01 1.363757579769138676e-08
