5.250000000000000000e+00 5.000000000000000000e+00 3.063308095148629256e-02
5.250000000000000000e+00 1.500000000000000000e+01 2.837075103377497132e-01
5.250000000000000000e+00 2.500000000000000000e+01 5.980253606079537210e-02
5.250000000000000000e+00 3.500000000000000000e+01 1.127933083816652984e-02
5.250000000000000000e+00 4.500000000000000000e+01 1.774867659320440542e-03
5.250000000000000000e+00 5.500000000000000000e+01 1.534672711625768350e-04
5.750000000000000000e+00 5.000000000000000000e+00 2.825981184004289562e-02
5.750000000000000000e+00 1.500000000000000000e+01 1.206425058605540557e-01
5.750000000000000000e+00 2.500000000000000000e+01 4.533028537241504813e-02
5.750000000000000000e+00 3.500000000000000000e+01 1.636785153489915545e-02
5.750000000000000000e+00 4.500000000000000000e+01 6.625075282866033782e-03
5.750000000000000000e+00 5.500000000000000000e+01 1.953649260179794386e-03
5.750000000000000000e+00 6.500000000000000000e+01 3.933817864841585542e-04
5.750000000000000000e+00 7.500000000000000000e+01 4.989970752271337466e-05
6.250000000000000000e+00 5.000000000000000000e+00 4.465774784590348379e-02
6.250000000000000000e+00 1.500000000000000000e+01 8.420377254546691781e-02
6.250000000000000000e+00 2.500000000000000000e+01 5.067032279214475632e-02
6.250000000000000000e+00 3.500000000000000000e+01 2.437266512656392423e-02
6.250000000000000000e+00 4.500000000000000000e+01 1.476546803747755612e-02
6.250000000000000000e+00 5.500000000000000000e+01 6.377967593090097011e-03
6.250000000000000000e+00 6.500000000000000000e+01 3.057542980032265743e-03
6.250000000000000000e+00 7.500000000000000000e+01 9.141359981223348393e-04
6.250000000000000000e+00 8.500000000000000000e+01 3.078078567799084702e-04
6.250000000000000000e+00 9.500000000000000000e+01 6.040026008127423663e-05
6.250000000000000000e+00 1.050000000000000000e+02 9.705269048141099191e-06
6.750000000000000000e+00 5.000000000000000000e+00 1.644003367949158079e-02
6.750000000000000000e+00 1.500000000000000000e+01 2.427617034295394619e-02
6.750000000000000000e+00 2.500000000000000000e+01 2.048352274115535984e-02
6.750000000000000000e+00 3.500000000000000000e+01 1.334472194357260930e-02
6.750000000000000000e+00 4.500000000000000000e+01 7.175309704659794431e-03
6.750000000000000000e+00 5.500000000000000000e+01 4.248372337877885652e-03
6.750000000000000000e+00 6.500000000000000000e+01 2.625018940388455704e-03
6.750000000000000000e+00 7.500000000000000000e+01 1.142129289626703671e-03
6.750000000000000000e+00 8.500000000000000000e+01 4.588259969608274227e-04
6.750000000000000000e+00 9.500000000000000000e+01 2.280330081331035015e-04
6.750000000000000000e+00 1.050000000000000000e+02 8.437782834841013710e-05
6.750000000000000000e+00 1.150000000000000000e+02 2.026257643970540010e-05
6.750000000000000000e+00 1.250000000000000000e+02 1.696445935262501914e-06
7.250000000000000000e+00 5.000000000000000000e+00 1.322029620793899185e-02
7.250000000000000000e+00 1.500000000000000000e+01 1.405979242633081071e-02
7.250000000000000000e+00 2.500000000000000000e+01 1.261844269373030292e-02
7.250000000000000000e+00 3.500000000000000000e+01 9.604697498753953649e-03
7.250000000000000000e+00 4.500000000000000000e+01 6.032345185748654026e-03
7.250000000000000000e+00 5.500000000000000000e+01 4.408522320908756821e-03
7.250000000000000000e+00 6.500000000000000000e+01 2.195562021679638848e-03
7.250000000000000000e+00 7.500000000000000000e+01 1.295706260025736821e-03
7.250000000000000000e+00 8.500000000000000000e+01 7.332590037508920607e-04
7.250000000000000000e+00 9.500000000000000000e+01 4.540096961450484090e-04
7.250000000000000000e+00 1.050000000000000000e+02 2.610510943223961306e-04
7.250000000000000000e+00 1.150000000000000000e+02 1.194814421561527320e-04
7.250000000000000000e+00 1.250000000000000000e+02 4.445706265998804966e-05
7.250000000000000000e+00 1.350000000000000000e+02 1.294415815173032367e-05
7.250000000000000000e+00 1.450000000000000000e+02 1.887733677721148844e-06
7.250000000000000000e+00 1.550000000000000000e+02 1.228464463157968223e-07
7.750000000000000000e+00 5.000000000000000000e+00 1.329009988135135701e-03
7.750000000000000000e+00 1.500000000000000000e+01 1.159927603004911678e-03
7.750000000000000000e+00 2.500000000000000000e+01 9.970917201094116333e-04
7.750000000000000000e+00 3.500000000000000000e+01 9.234119285244208296e-04
7.750000000000000000e+00 4.500000000000000000e+01 6.851709617571505101e-04
7.750000000000000000e+00 5.500000000000000000e+01 5.182486865768644963e-04
7.750000000000000000e+00 6.500000000000000000e+01 4.800470882350995586e-04
7.750000000000000000e+00 7.500000000000000000e+01 4.455227937133034773e-04
7.750000000000000000e+00 8.500000000000000000e+01 3.440804212252614029e-04
7.750000000000000000e+00 9.500000000000000000e+01 2.298000700463024193e-04
7.750000000000000000e+00 1.050000000000000000e+02 1.349557150226139506e-04
7.750000000000000000e+00 1.150000000000000000e+02 6.575943687866683373e-05
7.750000000000000000e+00 1.250000000000000000e+02 4.065795491456618299e-05
7.750000000000000000e+00 1.350000000000000000e+02 1.529855249451455323e-05
7.750000000000000000e+00 1.450000000000000000e+02 6.562994215894944913e-06
7.750000000000000000e+00 1.550000000000000000e+02 2.236828211633909156e-06
7.750000000000000000e+00 1.650000000000000000e+02 5.479357326595514136e-07
7.750000000000000000e+00 1.750000000000000000e+02 2.219795753746186777e-08
8.250000000000000000e+00 1.500000000000000000e+01 1.021981014555656416e-04
8.250000000000000000e+00 2.500000000000000000e+01 1.147273166960046542e-04
8.250000000000000000e+00 3.500000000000000000e+01 1.074908941855644219e-04
8.250000000000000000e+00 4.500000000000000000e+01 7.117668000916458921e-05
8.250000000000000000e+00 5.500000000000000000e+01 5.359294273923943412e-05
8.250000000000000000e+00 6.500000000000000000e+01 6.188679464591304654e-05
8.250000000000000000e+00 7.500000000000000000e+01 5.142445597276862427e-05
8.250000000000000000e+00 8.500000000000000000e+01 3.952310883218919255e-05
8.250000000000000000e+00 9.500000000000000000e+01 2.643294589208601856e-05
8.250000000000000000e+00 1.050000000000000000e+02 1.168708877953783748e-05
8.250000000000000000e+00 1.150000000000000000e+02 9.727622884407164763e-06
8.250000000000000000e+00 1.250000000000000000e+02 4.749847050805510576e-06
8.250000000000000000e+00 1.350000000000000000e+02 3.044620184017169345e-06
8.250000000000000000e+00 1.450000000000000000e+02 1.461017081035746791e-06
8.250000000000000000e+00 1.550000000000000000e+02 5.164621883265755675e-07
8.250000000000000000e+00 1.650000000000000000e+02 1.547288320537594951e-07
8.250000000000000000e+00 1.750000000000000000e+02 9.939489427052504548e-09
