5.250000000000000000e+00 5.000000000000000000e+00 5.071938222166324194e-04
5.250000000000000000e+00 1.500000000000000000e+01 1.731010288877263097e-03
5.750000000000000000e+00 5.000000000000000000e+00 5.693722857205636007e-02
5.750000000000000000e+00 1.500000000000000000e+01 2.626559185891455886e-02
6.250000000000000000e+00 5.000000000000000000e+00 2.945871688635543495e-01
6.250000000000000000e+00 1.500000000000000000e+01 1.701912536226042952e-02
6.750000000000000000e+00 5.000000000000000000e+00 1.998101524556008535e-01
6.750000000000000000e+00 1.500000000000000000e+01 5.761605910677718850e-02
6.750000000000000000e+00 2.500000000000000000e+01 3.627845020362507346e-04
7.250000000000000000e+00 5.000000000000000000e+00 1.889592711777236811e-01
7.250000000000000000e+00 1.500000000000000000e+01 1.043868720532256794e-01
7.250000000000000000e+00 2.500000000000000000e+01 6.503116188651836965e-03
7.250000000000000000e+00 3.500000000000000000e+01 1.069040215635925643e-04
7.750000000000000000e+00 5.000000000000000000e+00 2.363712200433721808e-02
7.750000000000000000e+00 1.500000000000000000e+01 1.516512295305923186e-02
7.750000000000000000e+00 2.500000000000000000e+01 4.172942663240116271e-03
7.750000000000000000e+00 3.500000000000000000e+01 3.639091574047124619e-04
7.750000000000000000e+00 4.500000000000000000e+01 1.230190645206893664e-06
8.250000000000000000e+00 1.500000000000000000e+01 1.524994824807663794e-03
8.250000000000000000e+00 2.500000000000000000e+01 2.812160737293590835e-04
8.250000000000000000e+00 3.500000000000000000e+01 5.891298267363915078e-05
8.250000000000000000e+00 4.500000000000000000e+01 2.070876644369707357e-06
