5.250000000000000000e+00 5.000000000000000000e+00 1.657391064636213121e-02
5.250000000000000000e+00 1.500000000000000000e+01 1.678522418538408723e-01
5.250000000000000000e+00 2.500000000000000000e+01 5.393497027394682231e-02
5.250000000000000000e+00 3.500000000000000000e+01 1.776590020434849412e-02
5.250000000000000000e+00 4.500000000000000000e+01 6.638088225925571108e-03
5.250000000000000000e+00 5.500000000000000000e+01 2.414140552214770388e-03
5.250000000000000000e+00 6.500000000000000000e+01 6.996615666862795752e-04
5.250000000000000000e+00 7.500000000000000000e+01 1.770356005408113629e-04
5.750000000000000000e+00 5.000000000000000000e+00 1.611663172939603247e-02
5.750000000000000000e+00 1.500000000000000000e+01 9.078541265715610320e-02
5.750000000000000000e+00 2.500000000000000000e+01 4.991403775384588293e-02
5.750000000000000000e+00 3.500000000000000000e+01 2.627062719960247469e-02
5.750000000000000000e+00 4.500000000000000000e+01 1.659795146193313031e-02
5.750000000000000000e+00 5.500000000000000000e+01 9.128866161789426711e-03
5.750000000000000000e+00 6.500000000000000000e+01 5.297796278011377390e-03
5.750000000000000000e+00 7.500000000000000000e+01 2.855712674512171211e-03
5.750000000000000000e+00 8.500000000000000000e+01 1.362540856863886244e-03
5.750000000000000000e+00 9.500000000000000000e+01 3.322230041302003394e-04
6.250000000000000000e+00 5.000000000000000000e+00 2.743884033991991767e-02
6.250000000000000000e+00 1.500000000000000000e+01 6.805613602855818678e-02
6.250000000000000000e+00 2.500000000000000000e+01 5.860975478964344787e-02
6.250000000000000000e+00 3.500000000000000000e+01 3.943298770534379993e-02
6.250000000000000000e+00 4.500000000000000000e+01 3.424428674203904011e-02
6.250000000000000000e+00 5.500000000000000000e+01 2.262838980277409595e-02
6.250000000000000000e+00 6.500000000000000000e+01 1.834822832037600118e-02
6.250000000000000000e+00 7.500000000000000000e+01 1.016430862039946134e-02
6.250000000000000000e+00 8.500000000000000000e+01 7.269130311406909323e-03
6.250000000000000000e+00 9.500000000000000000e+01 4.731485206280110732e-03
6.250000000000000000e+00 1.050000000000000000e+02 3.334256053954477023e-03
6.250000000000000000e+00 1.150000000000000000e+02 1.930071121923251443e-03
6.250000000000000000e+00 1.250000000000000000e+02 5.681565328992643207e-04
6.750000000000000000e+00 5.000000000000000000e+00 9.796264514710873589e-03
6.750000000000000000e+00 1.500000000000000000e+01 1.797013724420704756e-02
6.750000000000000000e+00 2.500000000000000000e+01 2.060435179340651402e-02
6.750000000000000000e+00 3.500000000000000000e+01 1.919433392918642664e-02
6.750000000000000000e+00 4.500000000000000000e+01 1.458292236312890879e-02
6.750000000000000000e+00 5.500000000000000000e+01 1.231989319680496138e-02
6.750000000000000000e+00 6.500000000000000000e+01 1.112293956603592655e-02
6.750000000000000000e+00 7.500000000000000000e+01 7.544532773590167246e-03
6.750000000000000000e+00 8.500000000000000000e+01 4.885263862498693058e-03
6.750000000000000000e+00 9.500000000000000000e+01 4.196820569140430508e-03
6.750000000000000000e+00 1.050000000000000000e+02 3.520627270722466277e-03
6.750000000000000000e+00 1.150000000000000000e+02 2.767885647091191705e-03
6.750000000000000000e+00 1.250000000000000000e+02 2.229925883513598876e-03
6.750000000000000000e+00 1.350000000000000000e+02 1.139433964204350285e-03
6.750000000000000000e+00 1.450000000000000000e+02 3.171333082165785490e-04
7.250000000000000000e+00 5.000000000000000000e+00 7.876989388915815390e-03
7.250000000000000000e+00 1.500000000000000000e+01 9.413811741660213506e-03
7.250000000000000000e+00 2.500000000000000000e+01 1.030532083674371054e-02
7.250000000000000000e+00 3.500000000000000000e+01 9.918156082145922897e-03
7.250000000000000000e+00 4.500000000000000000e+01 8.062331469959814825e-03
7.250000000000000000e+00 5.500000000000000000e+01 7.930468089559418454e-03
7.250000000000000000e+00 6.500000000000000000e+01 5.266069361868214171e-03
7.250000000000000000e+00 7.500000000000000000e+01 4.211676916650693853e-03
7.250000000000000000e+00 8.500000000000000000e+01 3.229363566321664328e-03
7.250000000000000000e+00 9.500000000000000000e+01 2.822116652288268052e-03
7.250000000000000000e+00 1.050000000000000000e+02 2.489560192260229475e-03
7.250000000000000000e+00 1.150000000000000000e+02 1.995531021639827991e-03
7.250000000000000000e+00 1.250000000000000000e+02 1.546410666141616926e-03
7.250000000000000000e+00 1.350000000000000000e+02 1.227678768324921539e-03
7.250000000000000000e+00 1.450000000000000000e+02 7.684496008949714095e-04
7.250000000000000000e+00 1.550000000000000000e+02 3.502563537654956459e-04
7.250000000000000000e+00 1.650000000000000000e+02 3.596371603128470758e-05
7.750000000000000000e+00 5.000000000000000000e+00 7.702305904934301974e-04
7.750000000000000000e+00 1.500000000000000000e+01 7.093080616587409040e-04
7.750000000000000000e+00 2.500000000000000000e+01 6.627763574360098385e-04
7.750000000000000000e+00 3.500000000000000000e+01 6.980028731621066131e-04
7.750000000000000000e+00 4.500000000000000000e+01 6.248961771394894935e-04
7.750000000000000000e+00 5.500000000000000000e+01 5.534775018283972234e-04
7.750000000000000000e+00 6.500000000000000000e+01 6.089846182084482145e-04
7.750000000000000000e+00 7.500000000000000000e+01 6.929338328537349399e-04
7.750000000000000000e+00 8.500000000000000000e+01 6.993377074860745697e-04
7.750000000000000000e+00 9.500000000000000000e+01 6.020394161320871901e-04
7.750000000000000000e+00 1.050000000000000000e+02 4.855472160194283836e-04
7.750000000000000000e+00 1.150000000000000000e+02 3.276288821523710092e-04
7.750000000000000000e+00 1.250000000000000000e+02 3.168001551892205263e-04
7.750000000000000000e+00 1.350000000000000000e+02 1.803035490355237350e-04
7.750000000000000000e+00 1.450000000000000000e+02 1.614457042926206395e-04
7.750000000000000000e+00 1.550000000000000000e+02 1.132424507749798815e-04
7.750000000000000000e+00 1.650000000000000000e+02 8.001284625062786036e-05
7.750000000000000000e+00 1.750000000000000000e+02 6.855787293537411948e-06
8.250000000000000000e+00 1.500000000000000000e+01 5.903213978147807932e-05
8.250000000000000000e+00 2.500000000000000000e+01 7.126833055815702815e-05
8.250000000000000000e+00 3.500000000000000000e+01 7.033894310727699655e-05
8.250000000000000000e+00 4.500000000000000000e+01 5.218768445676840335e-05
8.250000000000000000e+00 5.500000000000000000e+01 4.303257445744871598e-05
8.250000000000000000e+00 6.500000000000000000e+01 5.636472252325496851e-05
8.250000000000000000e+00 7.500000000000000000e+01 5.413853554683176444e-05
8.250000000000000000e+00 8.500000000000000000e+01 4.865210395007787595e-05
8.250000000000000000e+00 9.500000000000000000e+01 3.955348578750418896e-05
8.250000000000000000e+00 1.050000000000000000e+02 2.138325439066273535e-05
8.250000000000000000e+00 1.150000000000000000e+02 2.313948682162122631e-05
8.250000000000000000e+00 1.250000000000000000e+02 1.529154295280299740e-05
8.250000000000000000e+00 1.350000000000000000e+02 1.399164278619163442e-05
8.250000000000000000e+00 1.450000000000000000e+02 9.607536471107445890e-06
8.250000000000000000e+00 1.550000000000000000e+02 6.253214845197708575e-06
8.250000000000000000e+00 1.650000000000000000e+02 3.943764828257687899e-06
8.250000000000000000e+00 1.750000000000000000e+02 1.596721074379333010e-06
