5.250000000000000000e+00 5.000000000000000000e+00 1.536147429391057639e-02
5.250000000000000000e+00 1.500000000000000000e+01 7.206868310970025726e-02
5.250000000000000000e+00 2.500000000000000000e+01 1.977003100940462332e-03
5.250000000000000000e+00 3.500000000000000000e+01 5.692149271600638815e-05
5.750000000000000000e+00 5.000000000000000000e+00 4.423006580797110565e-02
5.750000000000000000e+00 1.500000000000000000e+01 9.119973538986397843e-02
5.750000000000000000e+00 2.500000000000000000e+01 1.454719892842220273e-02
5.750000000000000000e+00 3.500000000000000000e+01 3.382032602896158438e-03
5.750000000000000000e+00 4.500000000000000000e+01 9.424281405130057821e-04
5.750000000000000000e+00 5.500000000000000000e+01 2.345523679064093442e-04
5.750000000000000000e+00 6.500000000000000000e+01 9.753448675526337950e-06
6.250000000000000000e+00 5.000000000000000000e+00 1.018186059235754309e-01
6.250000000000000000e+00 1.500000000000000000e+01 1.276418767003510146e-01
6.250000000000000000e+00 2.500000000000000000e+01 5.334696911806929148e-02
6.250000000000000000e+00 3.500000000000000000e+01 2.450024188280567478e-02
6.250000000000000000e+00 4.500000000000000000e+01 1.462828932398359087e-02
6.250000000000000000e+00 5.500000000000000000e+01 7.368073420581718914e-03
6.250000000000000000e+00 6.500000000000000000e+01 4.577691929653097611e-03
6.250000000000000000e+00 7.500000000000000000e+01 2.061253357803688457e-03
6.250000000000000000e+00 8.500000000000000000e+01 1.202581909339346103e-03
6.250000000000000000e+00 9.500000000000000000e+01 6.306091138905256651e-04
6.250000000000000000e+00 1.050000000000000000e+02 3.993550708007595159e-04
6.250000000000000000e+00 1.150000000000000000e+02 2.222628584518173973e-04
6.250000000000000000e+00 1.250000000000000000e+02 6.900580940196802374e-05
6.750000000000000000e+00 5.000000000000000000e+00 4.696207894899043223e-02
6.750000000000000000e+00 1.500000000000000000e+01 6.043305211875830280e-02
6.750000000000000000e+00 2.500000000000000000e+01 4.310911182139871844e-02
6.750000000000000000e+00 3.500000000000000000e+01 2.658536333678016006e-02
6.750000000000000000e+00 4.500000000000000000e+01 1.510092926758919117e-02
6.750000000000000000e+00 5.500000000000000000e+01 1.034243653977005677e-02
6.750000000000000000e+00 6.500000000000000000e+01 7.866248573083243351e-03
6.750000000000000000e+00 7.500000000000000000e+01 4.616096768610205084e-03
6.750000000000000000e+00 8.500000000000000000e+01 2.650038900155314830e-03
6.750000000000000000e+00 9.500000000000000000e+01 2.072763809520837119e-03
6.750000000000000000e+00 1.050000000000000000e+02 1.562387369878836261e-03
6.750000000000000000e+00 1.150000000000000000e+02 1.098639666445621124e-03
6.750000000000000000e+00 1.250000000000000000e+02 7.680555432294176301e-04
6.750000000000000000e+00 1.350000000000000000e+02 3.832367120349987398e-04
6.750000000000000000e+00 1.450000000000000000e+02 1.143364205912394868e-04
7.250000000000000000e+00 5.000000000000000000e+00 3.819539368245473965e-02
7.250000000000000000e+00 1.500000000000000000e+01 3.736548538776950784e-02
7.250000000000000000e+00 2.500000000000000000e+01 2.931126778287088813e-02
7.250000000000000000e+00 3.500000000000000000e+01 2.025839469212830160e-02
7.250000000000000000e+00 4.500000000000000000e+01 1.278349117149385310e-02
7.250000000000000000e+00 5.500000000000000000e+01 1.019455442871300931e-02
7.250000000000000000e+00 6.500000000000000000e+01 5.935517597084713666e-03
7.250000000000000000e+00 7.500000000000000000e+01 4.287403055491866705e-03
7.250000000000000000e+00 8.500000000000000000e+01 3.108911007156727260e-03
7.250000000000000000e+00 9.500000000000000000e+01 2.519699595897466164e-03
7.250000000000000000e+00 1.050000000000000000e+02 2.139329090746519817e-03
7.250000000000000000e+00 1.150000000000000000e+02 1.606500789999035879e-03
7.250000000000000000e+00 1.250000000000000000e+02 1.190054220658130508e-03
7.250000000000000000e+00 1.350000000000000000e+02 9.035430515158316724e-04
7.250000000000000000e+00 1.450000000000000000e+02 5.476055806702475074e-04
7.250000000000000000e+00 1.550000000000000000e+02 2.631854408768214684e-04
7.250000000000000000e+00 1.650000000000000000e+02 3.078723942139209021e-05
7.750000000000000000e+00 5.000000000000000000e+00 3.940620927377815746e-03
7.750000000000000000e+00 1.500000000000000000e+01 3.242149280223512956e-03
7.750000000000000000e+00 2.500000000000000000e+01 2.586467507360249579e-03
7.750000000000000000e+00 3.500000000000000000e+01 2.127769485562960340e-03
7.750000000000000000e+00 4.500000000000000000e+01 1.467390061090281328e-03
7.750000000000000000e+00 5.500000000000000000e+01 1.165470848771837150e-03
7.750000000000000000e+00 6.500000000000000000e+01 1.159189244741470285e-03
7.750000000000000000e+00 7.500000000000000000e+01 1.224578906444062209e-03
7.750000000000000000e+00 8.500000000000000000e+01 1.104565039150480227e-03
7.750000000000000000e+00 9.500000000000000000e+01 9.385462938110606139e-04
7.750000000000000000e+00 1.050000000000000000e+02 7.178029947328230451e-04
7.750000000000000000e+00 1.150000000000000000e+02 4.792969750705252307e-04
7.750000000000000000e+00 1.250000000000000000e+02 4.428200037129142183e-04
7.750000000000000000e+00 1.350000000000000000e+02 2.643653962733584950e-04
7.750000000000000000e+00 1.450000000000000000e+02 2.326575976030757678e-04
7.750000000000000000e+00 1.550000000000000000e+02 1.716038744949793771e-04
7.750000000000000000e+00 1.650000000000000000e+02 1.243588172046838100e-04
7.750000000000000000e+00 1.750000000000000000e+02 1.245797901269563902e-05
8.250000000000000000e+00 1.500000000000000000e+01 3.048397026441434978e-04
8.250000000000000000e+00 2.500000000000000000e+01 3.005124198709644518e-04
8.250000000000000000e+00 3.500000000000000000e+01 2.581086540810911042e-04
8.250000000000000000e+00 4.500000000000000000e+01 1.532902798391644187e-04
8.250000000000000000e+00 5.500000000000000000e+01 1.159778880353824434e-04
8.250000000000000000e+00 6.500000000000000000e+01 1.459365555790892108e-04
8.250000000000000000e+00 7.500000000000000000e+01 1.300096108564599735e-04
8.250000000000000000e+00 8.500000000000000000e+01 1.129139346513566164e-04
8.250000000000000000e+00 9.500000000000000000e+01 8.913676670846735301e-05
8.250000000000000000e+00 1.050000000000000000e+02 4.697891666177083839e-05
8.250000000000000000e+00 1.150000000000000000e+02 4.981227485170040337e-05
8.250000000000000000e+00 1.250000000000000000e+02 3.268232435307736564e-05
8.250000000000000000e+00 1.350000000000000000e+02 2.938863619273919986e-05
8.250000000000000000e+00 1.450000000000000000e+02 2.117220716005140479e-05
8.250000000000000000e+00 1.550000000000000000e+02 1.299789721516978887e-05
8.250000000000000000e+00 1.650000000000000000e+02 8.654519504214205656e-06
8.250000000000000000e+00 1.750000000000000000e+02 2.911465147392065170e-06
