5.250000000000000000e+00 5.000000000000000000e+00 1.304549152898330268e-02
5.250000000000000000e+00 1.500000000000000000e+01 1.061891483436027406e-01
5.250000000000000000e+00 2.500000000000000000e+01 2.616139330614303607e-02
5.250000000000000000e+00 3.500000000000000000e+01 8.513146651988011404e-03
5.250000000000000000e+00 4.500000000000000000e+01 3.311965157737178835e-03
5.250000000000000000e+00 5.500000000000000000e+01 1.390506975657766070e-03
5.250000000000000000e+00 6.500000000000000000e+01 4.652308279736353078e-04
5.250000000000000000e+00 7.500000000000000000e+01 1.863047366451334121e-04
5.750000000000000000e+00 5.000000000000000000e+00 1.574913813238403709e-02
5.750000000000000000e+00 1.500000000000000000e+01 8.149036419008415244e-02
5.750000000000000000e+00 2.500000000000000000e+01 4.275493881876041291e-02
5.750000000000000000e+00 3.500000000000000000e+01 2.307828121929317994e-02
5.750000000000000000e+00 4.500000000000000000e+01 1.556099880772846347e-02
5.750000000000000000e+00 5.500000000000000000e+01 9.459261684058344749e-03
5.750000000000000000e+00 6.500000000000000000e+01 6.309704534618367985e-03
5.750000000000000000e+00 7.500000000000000000e+01 3.969230186003240395e-03
5.750000000000000000e+00 8.500000000000000000e+01 2.363458271438239212e-03
5.750000000000000000e+00 9.500000000000000000e+01 7.038655331936457269e-04
6.250000000000000000e+00 5.000000000000000000e+00 2.774228874143232909e-02
6.250000000000000000e+00 1.500000000000000000e+01 6.790503154259448781e-02
6.250000000000000000e+00 2.500000000000000000e+01 5.898511272055032700e-02
6.250000000000000000e+00 3.500000000000000000e+01 4.145254829840305105e-02
6.250000000000000000e+00 4.500000000000000000e+01 3.836407936436275756e-02
6.250000000000000000e+00 5.500000000000000000e+01 2.773329334286762232e-02
6.250000000000000000e+00 6.500000000000000000e+01 2.522193367891005858e-02
6.250000000000000000e+00 7.500000000000000000e+01 1.584835359718012038e-02
6.250000000000000000e+00 8.500000000000000000e+01 1.287417277148640224e-02
6.250000000000000000e+00 9.500000000000000000e+01 9.913062392253575369e-03
6.250000000000000000e+00 1.050000000000000000e+02 8.194418050580756785e-03
6.250000000000000000e+00 1.150000000000000000e+02 5.508320852353564175e-03
6.250000000000000000e+00 1.250000000000000000e+02 1.817970586934171970e-03
6.750000000000000000e+00 5.000000000000000000e+00 9.995510233356935323e-03
6.750000000000000000e+00 1.500000000000000000e+01 1.833305358116399039e-02
6.750000000000000000e+00 2.500000000000000000e+01 2.125050981800000183e-02
6.750000000000000000e+00 3.500000000000000000e+01 2.054539265901329792e-02
6.750000000000000000e+00 4.500000000000000000e+01 1.644513536529665712e-02
6.750000000000000000e+00 5.500000000000000000e+01 1.489511097150916438e-02
6.750000000000000000e+00 6.500000000000000000e+01 1.455819474466020502e-02
6.750000000000000000e+00 7.500000000000000000e+01 1.089997651626964034e-02
6.750000000000000000e+00 8.500000000000000000e+01 7.832399578595408002e-03
6.750000000000000000e+00 9.500000000000000000e+01 7.651609812605411967e-03
6.750000000000000000e+00 1.050000000000000000e+02 7.409802413383911358e-03
6.750000000000000000e+00 1.150000000000000000e+02 6.814122633314243643e-03
6.750000000000000000e+00 1.250000000000000000e+02 6.391175656406032635e-03
6.750000000000000000e+00 1.350000000000000000e+02 3.802751389373328766e-03
6.750000000000000000e+00 1.450000000000000000e+02 1.218274689550489717e-03
7.250000000000000000e+00 5.000000000000000000e+00 8.066189796972577861e-03
7.250000000000000000e+00 1.500000000000000000e+01 9.747377555510696248e-03
7.250000000000000000e+00 2.500000000000000000e+01 1.097444972146721653e-02
7.250000000000000000e+00 3.500000000000000000e+01 1.114275355551690334e-02
7.250000000000000000e+00 4.500000000000000000e+01 9.731658003218287417e-03
7.250000000000000000e+00 5.500000000000000000e+01 1.043559216346817177e-02
7.250000000000000000e+00 6.500000000000000000e+01 7.621365697640752196e-03
7.250000000000000000e+00 7.500000000000000000e+01 6.743392880107242256e-03
7.250000000000000000e+00 8.500000000000000000e+01 5.863572372930644754e-03
7.250000000000000000e+00 9.500000000000000000e+01 5.837634523290244869e-03
7.250000000000000000e+00 1.050000000000000000e+02 5.966667379434400717e-03
7.250000000000000000e+00 1.150000000000000000e+02 5.520579469844375496e-03
7.250000000000000000e+00 1.250000000000000000e+02 4.996833877394675147e-03
7.250000000000000000e+00 1.350000000000000000e+02 4.722085392506435338e-03
7.250000000000000000e+00 1.450000000000000000e+02 3.520667505246035875e-03
7.250000000000000000e+00 1.550000000000000000e+02 1.912159858551071030e-03
7.250000000000000000e+00 1.650000000000000000e+02 2.383671646785420328e-04
7.750000000000000000e+00 5.000000000000000000e+00 7.896683096681327051e-04
7.750000000000000000e+00 1.500000000000000000e+01 7.370394277972563751e-04
7.750000000000000000e+00 2.500000000000000000e+01 7.079786706950478431e-04
7.750000000000000000e+00 3.500000000000000000e+01 7.887790647292299831e-04
7.750000000000000000e+00 4.500000000000000000e+01 7.864520506943855228e-04
7.750000000000000000e+00 5.500000000000000000e+01 7.672175921718501265e-04
7.750000000000000000e+00 6.500000000000000000e+01 9.382150038279498403e-04
7.750000000000000000e+00 7.500000000000000000e+01 1.196563899724521979e-03
7.750000000000000000e+00 8.500000000000000000e+01 1.368993052475676138e-03
7.750000000000000000e+00 9.500000000000000000e+01 1.352364288279618706e-03
7.750000000000000000e+00 1.050000000000000000e+02 1.250866150773100602e-03
7.750000000000000000e+00 1.150000000000000000e+02 9.704728609527588480e-04
7.750000000000000000e+00 1.250000000000000000e+02 1.104988528912869772e-03
7.750000000000000000e+00 1.350000000000000000e+02 7.480826618145632869e-04
7.750000000000000000e+00 1.450000000000000000e+02 7.993268295479676955e-04
7.750000000000000000e+00 1.550000000000000000e+02 6.668957575692174584e-04
7.750000000000000000e+00 1.650000000000000000e+02 5.638075065933601882e-04
7.750000000000000000e+00 1.750000000000000000e+02 5.505020246655649690e-05
8.250000000000000000e+00 1.500000000000000000e+01 6.073563674358576904e-05
8.250000000000000000e+00 2.500000000000000000e+01 7.638875445212451373e-05
8.250000000000000000e+00 3.500000000000000000e+01 7.975113871596727717e-05
8.250000000000000000e+00 4.500000000000000000e+01 6.517937934819674267e-05
8.250000000000000000e+00 5.500000000000000000e+01 5.875475538828158915e-05
8.250000000000000000e+00 6.500000000000000000e+01 8.688260096842301489e-05
8.250000000000000000e+00 7.500000000000000000e+01 9.366686397287767724e-05
8.250000000000000000e+00 8.500000000000000000e+01 9.503257602751193826e-05
8.250000000000000000e+00 9.500000000000000000e+01 8.730430200761913836e-05
8.250000000000000000e+00 1.050000000000000000e+02 5.419580947537864591e-05
8.250000000000000000e+00 1.150000000000000000e+02 6.768312473910150341e-05
8.250000000000000000e+00 1.250000000000000000e+02 5.266616099483173089e-05
8.250000000000000000e+00 1.350000000000000000e+02 5.676671669971814621e-05
8.250000000000000000e+00 1.450000000000000000e+02 4.623342867191222624e-05
8.250000000000000000e+00 1.550000000000000000e+02 3.666071429930369756e-05
8.250000000000000000e+00 1.650000000000000000e+02 2.785758071031308583e-05
8.250000000000000000e+00 1.750000000000000000e+02 1.409677161128965383e-05
